# nnet3-chain-train --use-gpu=yes --apply-deriv-weights=False --l2-regularize=0.0 --leaky-hmm-coefficient=0.1 --read-cache=telugu_exp/chain_cleaned_1d/tdnn1d_sp/cache.8 --write-cache=telugu_exp/chain_cleaned_1d/tdnn1d_sp/cache.9 --xent-regularize=0.1 --print-interval=10 --momentum=0.0 --max-param-change=0.5 --backstitch-training-scale=0.0 --backstitch-training-interval=1 --l2-regularize-factor=1.0 --optimization.memory-compression-level=2 --srand=8 "nnet3-am-copy --raw=true --learning-rate=1.777427358078109e-05 --scale=1.0 telugu_exp/chain_cleaned_1d/tdnn1d_sp/8.mdl - |nnet3-copy --edits='set-dropout-proportion name=* proportion=0.0' - - |" telugu_exp/chain_cleaned_1d/tdnn1d_sp/den.fst "ark,bg:nnet3-chain-copy-egs                          --frame-shift=0                         ark:telugu_exp/chain_cleaned_1d/tdnn1d_sp/egs/cegs.9.ark ark:- |                         nnet3-chain-shuffle-egs --buffer-size=5000                         --srand=8 ark:- ark:- | nnet3-chain-merge-egs                         --minibatch-size=64 ark:- ark:- |" telugu_exp/chain_cleaned_1d/tdnn1d_sp/9.1.raw 
# Started at Mon Jul 18 17:39:43 EDT 2022
#
nnet3-chain-train --use-gpu=yes --apply-deriv-weights=False --l2-regularize=0.0 --leaky-hmm-coefficient=0.1 --read-cache=telugu_exp/chain_cleaned_1d/tdnn1d_sp/cache.8 --write-cache=telugu_exp/chain_cleaned_1d/tdnn1d_sp/cache.9 --xent-regularize=0.1 --print-interval=10 --momentum=0.0 --max-param-change=0.5 --backstitch-training-scale=0.0 --backstitch-training-interval=1 --l2-regularize-factor=1.0 --optimization.memory-compression-level=2 --srand=8 "nnet3-am-copy --raw=true --learning-rate=1.777427358078109e-05 --scale=1.0 telugu_exp/chain_cleaned_1d/tdnn1d_sp/8.mdl - |nnet3-copy --edits='set-dropout-proportion name=* proportion=0.0' - - |" telugu_exp/chain_cleaned_1d/tdnn1d_sp/den.fst 'ark,bg:nnet3-chain-copy-egs                          --frame-shift=0                         ark:telugu_exp/chain_cleaned_1d/tdnn1d_sp/egs/cegs.9.ark ark:- |                         nnet3-chain-shuffle-egs --buffer-size=5000                         --srand=8 ark:- ark:- | nnet3-chain-merge-egs                         --minibatch-size=64 ark:- ark:- |' telugu_exp/chain_cleaned_1d/tdnn1d_sp/9.1.raw 
WARNING (nnet3-chain-train[5.5.1035~1-3dd90]:SelectGpuId():cu-device.cc:243) Not in compute-exclusive mode.  Suggestion: use 'nvidia-smi -c 3' to set compute exclusive mode
LOG (nnet3-chain-train[5.5.1035~1-3dd90]:SelectGpuIdAuto():cu-device.cc:438) Selecting from 1 GPUs
LOG (nnet3-chain-train[5.5.1035~1-3dd90]:SelectGpuIdAuto():cu-device.cc:453) cudaSetDevice(0): NVIDIA GeForce GTX 980 Ti	free:5985M, used:95M, total:6080M, free/total:0.984347
LOG (nnet3-chain-train[5.5.1035~1-3dd90]:SelectGpuIdAuto():cu-device.cc:501) Device: 0, mem_ratio: 0.984347
LOG (nnet3-chain-train[5.5.1035~1-3dd90]:SelectGpuId():cu-device.cc:382) Trying to select device: 0
LOG (nnet3-chain-train[5.5.1035~1-3dd90]:SelectGpuIdAuto():cu-device.cc:511) Success selecting device 0 free mem ratio: 0.984347
LOG (nnet3-chain-train[5.5.1035~1-3dd90]:FinalizeActiveGpu():cu-device.cc:338) The active GPU is [0]: NVIDIA GeForce GTX 980 Ti	free:5806M, used:274M, total:6080M, free/total:0.95491 version 5.2
nnet3-copy '--edits=set-dropout-proportion name=* proportion=0.0' - - 
nnet3-am-copy --raw=true --learning-rate=1.777427358078109e-05 --scale=1.0 telugu_exp/chain_cleaned_1d/tdnn1d_sp/8.mdl - 
LOG (nnet3-am-copy[5.5.1035~1-3dd90]:main():nnet3-am-copy.cc:153) Copied neural net from telugu_exp/chain_cleaned_1d/tdnn1d_sp/8.mdl to raw format as -
LOG (nnet3-copy[5.5.1035~1-3dd90]:ReadEditConfig():nnet-utils.cc:1413) Set dropout proportions for 13 components.
LOG (nnet3-copy[5.5.1035~1-3dd90]:main():nnet3-copy.cc:123) Copied raw neural net from - to -
LOG (nnet3-chain-train[5.5.1035~1-3dd90]:NnetChainTrainer():nnet-chain-training.cc:51) Read computation cache from telugu_exp/chain_cleaned_1d/tdnn1d_sp/cache.8
nnet3-chain-shuffle-egs --buffer-size=5000 --srand=8 ark:- ark:- 
nnet3-chain-merge-egs --minibatch-size=64 ark:- ark:- 
nnet3-chain-copy-egs --frame-shift=0 ark:telugu_exp/chain_cleaned_1d/tdnn1d_sp/egs/cegs.9.ark ark:- 
LOG (nnet3-chain-train[5.5.1035~1-3dd90]:ComputeChainObjfAndDerivE2e():chain-training.cc:162) Numerator objf: 0.47328
LOG (nnet3-chain-train[5.5.1035~1-3dd90]:ComputeChainObjfAndDerivE2e():chain-training.cc:162) Numerator objf: 0.508123
LOG (nnet3-chain-train[5.5.1035~1-3dd90]:ComputeChainObjfAndDerivE2e():chain-training.cc:162) Numerator objf: 0.514252
LOG (nnet3-chain-train[5.5.1035~1-3dd90]:ComputeChainObjfAndDerivE2e():chain-training.cc:162) Numerator objf: 0.514322
LOG (nnet3-chain-train[5.5.1035~1-3dd90]:ComputeChainObjfAndDerivE2e():chain-training.cc:162) Numerator objf: 0.521419
LOG (nnet3-chain-train[5.5.1035~1-3dd90]:ComputeChainObjfAndDerivE2e():chain-training.cc:162) Numerator objf: 0.538221
ASSERTION_FAILED (nnet3-chain-train[5.5.1035~1-3dd90]:HouseBackward():qr.cc:124) Assertion failed: (KALDI_ISFINITE(sigma) && "Tridiagonalizing matrix that is too large or has NaNs.")

[ Stack-Trace: ]
nnet3-chain-train(kaldi::MessageLogger::LogMessage() const+0xa4f) [0x8e05c3]
nnet3-chain-train(kaldi::KaldiAssertFailure_(char const*, char const*, int, char const*)+0x5b) [0x8e1249]
nnet3-chain-train(void kaldi::HouseBackward<float>(int, float const*, float*, float*)+0x142) [0x8c8acb]
nnet3-chain-train(kaldi::SpMatrix<float>::Tridiagonalize(kaldi::MatrixBase<float>*)+0x2f1) [0x8c8fa7]
nnet3-chain-train(kaldi::SpMatrix<float>::Eig(kaldi::VectorBase<float>*, kaldi::MatrixBase<float>*) const+0x5a) [0x8ca52c]
nnet3-chain-train(kaldi::nnet3::OnlineNaturalGradient::PreconditionDirectionsInternal(float, float, bool, kaldi::Vector<float> const&, kaldi::CuMatrixBase<float>*, kaldi::CuMatrixBase<float>*)+0x74f) [0x641d31]
nnet3-chain-train(kaldi::nnet3::OnlineNaturalGradient::PreconditionDirections(kaldi::CuMatrixBase<float>*, float*)+0x162) [0x642d6c]
nnet3-chain-train(kaldi::nnet3::TdnnComponent::UpdateNaturalGradient(kaldi::nnet3::TdnnComponent::PrecomputedIndexes const&, kaldi::CuMatrixBase<float> const&, kaldi::CuMatrixBase<float> const&)+0x21b) [0x5f195f]
nnet3-chain-train(kaldi::nnet3::TdnnComponent::Backprop(std::__cxx11::basic_string<char, std::char_traits<char>, std::allocator<char> > const&, kaldi::nnet3::ComponentPrecomputedIndexes const*, kaldi::CuMatrixBase<float> const&, kaldi::CuMatrixBase<float> const&, kaldi::CuMatrixBase<float> const&, void*, kaldi::nnet3::Component*, kaldi::CuMatrixBase<float>*) const+0x1ca) [0x5f1cc4]
nnet3-chain-train(kaldi::nnet3::NnetComputer::ExecuteCommand()+0x816) [0x65e562]
nnet3-chain-train(kaldi::nnet3::NnetComputer::Run()+0x174) [0x65f36c]
nnet3-chain-train(kaldi::nnet3::NnetChainTrainer::TrainInternal(kaldi::nnet3::NnetChainExample const&, kaldi::nnet3::NnetComputation const&)+0x66) [0x5e9f4c]
nnet3-chain-train(kaldi::nnet3::NnetChainTrainer::Train(kaldi::nnet3::NnetChainExample const&)+0xd5) [0x5ea28b]
nnet3-chain-train(main+0x743) [0x59ce0a]
/lib64/libc.so.6(+0x40440) [0x7fa31a840440]
/lib64/libc.so.6(__libc_start_main+0x80) [0x7fa31a8404f0]
nnet3-chain-train(_start+0x25) [0x59c605]

# Accounting: time=8 threads=1
# Ended (code 134) at Mon Jul 18 17:39:51 EDT 2022, elapsed time 8 seconds
