nohup: ignoring input
----------------------- Stage 14 begin---------------------------
Sat May 21 10:53:37 UTC 2022
utils/prepare_lang.sh data/local/dict <unk> data/local/lang data/lang
Checking data/local/dict/silence_phones.txt ...
--> reading data/local/dict/silence_phones.txt
--> text seems to be UTF-8 or ASCII, checking whitespaces
--> text contains only allowed whitespaces
--> data/local/dict/silence_phones.txt is OK

Checking data/local/dict/optional_silence.txt ...
--> reading data/local/dict/optional_silence.txt
--> text seems to be UTF-8 or ASCII, checking whitespaces
--> text contains only allowed whitespaces
--> data/local/dict/optional_silence.txt is OK

Checking data/local/dict/nonsilence_phones.txt ...
--> reading data/local/dict/nonsilence_phones.txt
--> text seems to be UTF-8 or ASCII, checking whitespaces
--> text contains only allowed whitespaces
--> data/local/dict/nonsilence_phones.txt is OK

Checking disjoint: silence_phones.txt, nonsilence_phones.txt
--> disjoint property is OK.

Checking data/local/dict/lexicon.txt
--> reading data/local/dict/lexicon.txt
--> text seems to be UTF-8 or ASCII, checking whitespaces
--> text contains only allowed whitespaces
--> data/local/dict/lexicon.txt is OK

Checking data/local/dict/lexiconp.txt
--> reading data/local/dict/lexiconp.txt
--> text seems to be UTF-8 or ASCII, checking whitespaces
--> text contains only allowed whitespaces
--> data/local/dict/lexiconp.txt is OK

Checking data/local/dict/lexiconp_silprob.txt
--> reading data/local/dict/lexiconp_silprob.txt
--> text seems to be UTF-8 or ASCII, checking whitespaces
--> text contains only allowed whitespaces
--> data/local/dict/lexiconp_silprob.txt is OK

Checking lexicon pair data/local/dict/lexicon.txt and data/local/dict/lexiconp.txt
--> lexicon pair data/local/dict/lexicon.txt and data/local/dict/lexiconp.txt match

Checking lexicon pair data/local/dict/lexiconp.txt and data/local/dict/lexiconp_silprob.txt
--> lexicon pair data/local/dict/lexiconp.txt and data/local/dict/lexiconp_silprob.txt match

Checking data/local/dict/extra_questions.txt ...
--> data/local/dict/extra_questions.txt is empty (this is OK)
--> SUCCESS [validating dictionary directory data/local/dict]

fstaddselfloops data/lang/phones/wdisambig_phones.int data/lang/phones/wdisambig_words.int 
prepare_lang.sh: validating output directory
utils/validate_lang.pl data/lang
Checking existence of separator file
separator file data/lang/subword_separator.txt is empty or does not exist, deal in word case.
Checking data/lang/phones.txt ...
--> text seems to be UTF-8 or ASCII, checking whitespaces
--> text contains only allowed whitespaces
--> data/lang/phones.txt is OK

Checking words.txt: #0 ...
--> text seems to be UTF-8 or ASCII, checking whitespaces
--> text contains only allowed whitespaces
--> data/lang/words.txt is OK

Checking disjoint: silence.txt, nonsilence.txt, disambig.txt ...
--> silence.txt and nonsilence.txt are disjoint
--> silence.txt and disambig.txt are disjoint
--> disambig.txt and nonsilence.txt are disjoint
--> disjoint property is OK

Checking sumation: silence.txt, nonsilence.txt, disambig.txt ...
--> found no unexplainable phones in phones.txt

Checking data/lang/phones/context_indep.{txt, int, csl} ...
--> text seems to be UTF-8 or ASCII, checking whitespaces
--> text contains only allowed whitespaces
--> 10 entry/entries in data/lang/phones/context_indep.txt
--> data/lang/phones/context_indep.int corresponds to data/lang/phones/context_indep.txt
--> data/lang/phones/context_indep.csl corresponds to data/lang/phones/context_indep.txt
--> data/lang/phones/context_indep.{txt, int, csl} are OK

Checking data/lang/phones/nonsilence.{txt, int, csl} ...
--> text seems to be UTF-8 or ASCII, checking whitespaces
--> text contains only allowed whitespaces
--> 1848 entry/entries in data/lang/phones/nonsilence.txt
--> data/lang/phones/nonsilence.int corresponds to data/lang/phones/nonsilence.txt
--> data/lang/phones/nonsilence.csl corresponds to data/lang/phones/nonsilence.txt
--> data/lang/phones/nonsilence.{txt, int, csl} are OK

Checking data/lang/phones/silence.{txt, int, csl} ...
--> text seems to be UTF-8 or ASCII, checking whitespaces
--> text contains only allowed whitespaces
--> 10 entry/entries in data/lang/phones/silence.txt
--> data/lang/phones/silence.int corresponds to data/lang/phones/silence.txt
--> data/lang/phones/silence.csl corresponds to data/lang/phones/silence.txt
--> data/lang/phones/silence.{txt, int, csl} are OK

Checking data/lang/phones/optional_silence.{txt, int, csl} ...
--> text seems to be UTF-8 or ASCII, checking whitespaces
--> text contains only allowed whitespaces
--> 1 entry/entries in data/lang/phones/optional_silence.txt
--> data/lang/phones/optional_silence.int corresponds to data/lang/phones/optional_silence.txt
--> data/lang/phones/optional_silence.csl corresponds to data/lang/phones/optional_silence.txt
--> data/lang/phones/optional_silence.{txt, int, csl} are OK

Checking data/lang/phones/disambig.{txt, int, csl} ...
--> text seems to be UTF-8 or ASCII, checking whitespaces
--> text contains only allowed whitespaces
--> 2 entry/entries in data/lang/phones/disambig.txt
--> data/lang/phones/disambig.int corresponds to data/lang/phones/disambig.txt
--> data/lang/phones/disambig.csl corresponds to data/lang/phones/disambig.txt
--> data/lang/phones/disambig.{txt, int, csl} are OK

Checking data/lang/phones/roots.{txt, int} ...
--> text seems to be UTF-8 or ASCII, checking whitespaces
--> text contains only allowed whitespaces
--> 464 entry/entries in data/lang/phones/roots.txt
--> data/lang/phones/roots.int corresponds to data/lang/phones/roots.txt
--> data/lang/phones/roots.{txt, int} are OK

Checking data/lang/phones/sets.{txt, int} ...
--> text seems to be UTF-8 or ASCII, checking whitespaces
--> text contains only allowed whitespaces
--> 464 entry/entries in data/lang/phones/sets.txt
--> data/lang/phones/sets.int corresponds to data/lang/phones/sets.txt
--> data/lang/phones/sets.{txt, int} are OK

Checking data/lang/phones/extra_questions.{txt, int} ...
--> text seems to be UTF-8 or ASCII, checking whitespaces
--> text contains only allowed whitespaces
--> 9 entry/entries in data/lang/phones/extra_questions.txt
--> data/lang/phones/extra_questions.int corresponds to data/lang/phones/extra_questions.txt
--> data/lang/phones/extra_questions.{txt, int} are OK

Checking data/lang/phones/word_boundary.{txt, int} ...
--> text seems to be UTF-8 or ASCII, checking whitespaces
--> text contains only allowed whitespaces
--> 1858 entry/entries in data/lang/phones/word_boundary.txt
--> data/lang/phones/word_boundary.int corresponds to data/lang/phones/word_boundary.txt
--> data/lang/phones/word_boundary.{txt, int} are OK

Checking optional_silence.txt ...
--> reading data/lang/phones/optional_silence.txt
--> data/lang/phones/optional_silence.txt is OK

Checking disambiguation symbols: #0 and #1
--> data/lang/phones/disambig.txt has "#0" and "#1"
--> data/lang/phones/disambig.txt is OK

Checking topo ...

Checking word_boundary.txt: silence.txt, nonsilence.txt, disambig.txt ...
--> data/lang/phones/word_boundary.txt doesn't include disambiguation symbols
--> data/lang/phones/word_boundary.txt is the union of nonsilence.txt and silence.txt
--> data/lang/phones/word_boundary.txt is OK

Checking word-level disambiguation symbols...
--> data/lang/phones/wdisambig.txt exists (newer prepare_lang.sh)
Checking word_boundary.int and disambig.int
--> generating a 7 word/subword sequence
--> resulting phone sequence from L.fst corresponds to the word sequence
--> L.fst is OK
--> generating a 66 word/subword sequence
--> resulting phone sequence from L_disambig.fst corresponds to the word sequence
--> L_disambig.fst is OK

Checking data/lang/oov.{txt, int} ...
--> text seems to be UTF-8 or ASCII, checking whitespaces
--> text contains only allowed whitespaces
--> 1 entry/entries in data/lang/oov.txt
--> data/lang/oov.int corresponds to data/lang/oov.txt
--> data/lang/oov.{txt, int} are OK

--> data/lang/L.fst is olabel sorted
--> data/lang/L_disambig.fst is olabel sorted
--> SUCCESS [validating lang directory data/lang]
tree-info exp/tri2/tree 
tree-info exp/tri2/tree 
fstpushspecial 
fstdeterminizestar --use-log=true 
fsttablecompose data/lang/L_disambig.fst data/lang/G.fst 
fstminimizeencoded 
WARNING (fstpushspecial[5.5.1009~1-e4940]:Iterate():push-special.cc:182) push-special: finished 200 iterations without converging.  Output will be inaccurate.
fstisstochastic data/lang/tmp/LG.fst 
-0.0390629 -0.0593466
[info]: LG not stochastic.
fstcomposecontext --context-size=3 --central-position=1 --read-disambig-syms=data/lang/phones/disambig.int --write-disambig-syms=data/lang/tmp/disambig_ilabels_3_1.int data/lang/tmp/ilabels_3_1.16278 data/lang/tmp/LG.fst 
fstisstochastic data/lang/tmp/CLG_3_1.fst 
0 -0.0593466
[info]: CLG not stochastic.
make-h-transducer --disambig-syms-out=exp/tri2/graph/disambig_tid.int --transition-scale=1.0 data/lang/tmp/ilabels_3_1 exp/tri2/tree exp/tri2/final.mdl 
fsttablecompose exp/tri2/graph/Ha.fst data/lang/tmp/CLG_3_1.fst 
fstdeterminizestar --use-log=true 
fstminimizeencoded 
fstrmepslocal 
fstrmsymbols exp/tri2/graph/disambig_tid.int 
fstisstochastic exp/tri2/graph/HCLGa.fst 
0.00048811 -0.115509
HCLGa is not stochastic
add-self-loops --self-loop-scale=0.1 --reorder=true exp/tri2/final.mdl exp/tri2/graph/HCLGa.fst 
Sat May 21 11:06:24 UTC 2022
----------------------- Stage 14 end---------------------------
