nohup: ignoring input
----------------------- Stage 17 begin---------------------------
Tue Jul 19 01:58:51 EDT 2022
local/chain/run_tdnn.sh: data_dir: telugu_data  exp_dir : telugu_exp
local/chain/run_tdnn.sh 
Tue Jul 19 01:58:51 EDT 2022
2022-07-19 01:58:51,516 [/rmespch_train/sourya/kaldi/egs/tamil_telugu_proj/s5_r3/steps/nnet3/chain/train.py:35 - <module> - INFO ] Starting chain model trainer (train.py)
2022-07-19 01:58:51,536 [/rmespch_train/sourya/kaldi/egs/tamil_telugu_proj/s5_r3/steps/nnet3/chain/train.py:284 - train - INFO ] Arguments for the experiment
{'alignment_subsampling_factor': 3,
 'apply_deriv_weights': False,
 'backstitch_training_interval': 1,
 'backstitch_training_scale': 0.0,
 'chain_opts': '',
 'chunk_left_context': 0,
 'chunk_left_context_initial': -1,
 'chunk_right_context': 0,
 'chunk_right_context_final': -1,
 'chunk_width': '150,110,100',
 'cleanup': True,
 'cmvn_opts': '--config=conf/online_cmvn.conf',
 'combine_sum_to_one_penalty': 0.0,
 'command': 'run.pl',
 'compute_per_dim_accuracy': False,
 'deriv_truncate_margin': None,
 'dir': 'telugu_exp/chain_cleaned_1d/tdnn1d_sp',
 'do_final_combination': True,
 'dropout_schedule': '0,0@0.20,0.5@0.50,0',
 'egs_command': None,
 'egs_dir': None,
 'egs_nj': 0,
 'egs_opts': '--frames-overlap-per-eg 0 --constrained false --online-cmvn true',
 'egs_stage': 0,
 'email': None,
 'exit_stage': None,
 'feat_dir': 'telugu_data/train_cleaned_sp_hires',
 'final_effective_lrate': 2.5e-05,
 'frame_subsampling_factor': 3,
 'frames_per_iter': 5000000,
 'initial_effective_lrate': 0.00025,
 'input_model': None,
 'l2_regularize': 0.0,
 'lat_dir': 'telugu_exp/chain_cleaned_1d/tri3_cleaned_train_cleaned_sp_lats',
 'leaky_hmm_coefficient': 0.1,
 'left_deriv_truncate': None,
 'left_tolerance': 5,
 'lm_opts': '--num-extra-lm-states=2000',
 'max_lda_jobs': 10,
 'max_models_combine': 20,
 'max_objective_evaluations': 30,
 'max_param_change': 2.0,
 'momentum': 0.0,
 'num_chunk_per_minibatch': '64',
 'num_epochs': 3.0,
 'num_jobs_final': 1,
 'num_jobs_initial': 1,
 'num_jobs_step': 1,
 'online_ivector_dir': 'telugu_exp/nnet3_cleaned_1d/ivectors_train_cleaned_sp_hires',
 'preserve_model_interval': 100,
 'presoftmax_prior_scale_power': -0.25,
 'proportional_shrink': 0.0,
 'rand_prune': 4.0,
 'remove_egs': True,
 'reporting_interval': 0.1,
 'right_tolerance': 5,
 'samples_per_iter': 400000,
 'shrink_saturation_threshold': 0.4,
 'shrink_value': 1.0,
 'shuffle_buffer_size': 5000,
 'srand': 0,
 'stage': 30,
 'train_opts': ['--optimization.memory-compression-level=2'],
 'tree_dir': 'telugu_exp/chain_cleaned_1d/tree_bi',
 'use_gpu': 'yes',
 'xent_regularize': 0.1}
2022-07-19 01:58:51,602 [/rmespch_train/sourya/kaldi/egs/tamil_telugu_proj/s5_r3/steps/nnet3/chain/train.py:431 - train - INFO ] Copying the properties from telugu_exp/chain_cleaned_1d/tdnn1d_sp/egs to telugu_exp/chain_cleaned_1d/tdnn1d_sp
2022-07-19 01:58:51,603 [/rmespch_train/sourya/kaldi/egs/tamil_telugu_proj/s5_r3/steps/nnet3/chain/train.py:487 - train - INFO ] Training will run for 3.0 epochs = 81 iterations
2022-07-19 01:58:51,603 [/rmespch_train/sourya/kaldi/egs/tamil_telugu_proj/s5_r3/steps/nnet3/chain/train.py:529 - train - INFO ] Iter: 30/80   Jobs: 1   Epoch: 1.11/3.0 (37.0% complete)   lr: 0.000107   
2022-07-19 02:00:51,855 [/rmespch_train/sourya/kaldi/egs/tamil_telugu_proj/s5_r3/steps/nnet3/chain/train.py:529 - train - INFO ] Iter: 31/80   Jobs: 1   Epoch: 1.15/3.0 (38.3% complete)   lr: 0.000104   
2022-07-19 02:02:51,655 [/rmespch_train/sourya/kaldi/egs/tamil_telugu_proj/s5_r3/steps/nnet3/chain/train.py:529 - train - INFO ] Iter: 32/80   Jobs: 1   Epoch: 1.19/3.0 (39.5% complete)   lr: 0.000101   
2022-07-19 02:04:51,846 [/rmespch_train/sourya/kaldi/egs/tamil_telugu_proj/s5_r3/steps/nnet3/chain/train.py:529 - train - INFO ] Iter: 33/80   Jobs: 1   Epoch: 1.22/3.0 (40.7% complete)   lr: 0.000098   
2022-07-19 02:06:51,828 [/rmespch_train/sourya/kaldi/egs/tamil_telugu_proj/s5_r3/steps/nnet3/chain/train.py:529 - train - INFO ] Iter: 34/80   Jobs: 1   Epoch: 1.26/3.0 (42.0% complete)   lr: 0.000095   
2022-07-19 02:08:52,364 [/rmespch_train/sourya/kaldi/egs/tamil_telugu_proj/s5_r3/steps/nnet3/chain/train.py:529 - train - INFO ] Iter: 35/80   Jobs: 1   Epoch: 1.30/3.0 (43.2% complete)   lr: 0.000092   
2022-07-19 02:10:53,325 [/rmespch_train/sourya/kaldi/egs/tamil_telugu_proj/s5_r3/steps/nnet3/chain/train.py:529 - train - INFO ] Iter: 36/80   Jobs: 1   Epoch: 1.33/3.0 (44.4% complete)   lr: 0.000090   
2022-07-19 02:12:54,861 [/rmespch_train/sourya/kaldi/egs/tamil_telugu_proj/s5_r3/steps/nnet3/chain/train.py:529 - train - INFO ] Iter: 37/80   Jobs: 1   Epoch: 1.37/3.0 (45.7% complete)   lr: 0.000087   
2022-07-19 02:14:55,911 [/rmespch_train/sourya/kaldi/egs/tamil_telugu_proj/s5_r3/steps/nnet3/chain/train.py:529 - train - INFO ] Iter: 38/80   Jobs: 1   Epoch: 1.41/3.0 (46.9% complete)   lr: 0.000085   
2022-07-19 02:16:56,196 [/rmespch_train/sourya/kaldi/egs/tamil_telugu_proj/s5_r3/steps/nnet3/chain/train.py:529 - train - INFO ] Iter: 39/80   Jobs: 1   Epoch: 1.44/3.0 (48.1% complete)   lr: 0.000083   
2022-07-19 02:18:55,697 [/rmespch_train/sourya/kaldi/egs/tamil_telugu_proj/s5_r3/steps/nnet3/chain/train.py:529 - train - INFO ] Iter: 40/80   Jobs: 1   Epoch: 1.48/3.0 (49.4% complete)   lr: 0.000080   
2022-07-19 02:21:08,932 [/rmespch_train/sourya/kaldi/egs/tamil_telugu_proj/s5_r3/steps/nnet3/chain/train.py:529 - train - INFO ] Iter: 41/80   Jobs: 1   Epoch: 1.52/3.0 (50.6% complete)   lr: 0.000078   
2022-07-19 02:23:08,891 [/rmespch_train/sourya/kaldi/egs/tamil_telugu_proj/s5_r3/steps/nnet3/chain/train.py:529 - train - INFO ] Iter: 42/80   Jobs: 1   Epoch: 1.56/3.0 (51.9% complete)   lr: 0.000076   
2022-07-19 02:25:08,687 [/rmespch_train/sourya/kaldi/egs/tamil_telugu_proj/s5_r3/steps/nnet3/chain/train.py:529 - train - INFO ] Iter: 43/80   Jobs: 1   Epoch: 1.59/3.0 (53.1% complete)   lr: 0.000074   
2022-07-19 02:27:09,310 [/rmespch_train/sourya/kaldi/egs/tamil_telugu_proj/s5_r3/steps/nnet3/chain/train.py:529 - train - INFO ] Iter: 44/80   Jobs: 1   Epoch: 1.63/3.0 (54.3% complete)   lr: 0.000072   
2022-07-19 02:29:10,142 [/rmespch_train/sourya/kaldi/egs/tamil_telugu_proj/s5_r3/steps/nnet3/chain/train.py:529 - train - INFO ] Iter: 45/80   Jobs: 1   Epoch: 1.67/3.0 (55.6% complete)   lr: 0.000070   
2022-07-19 02:31:11,704 [/rmespch_train/sourya/kaldi/egs/tamil_telugu_proj/s5_r3/steps/nnet3/chain/train.py:529 - train - INFO ] Iter: 46/80   Jobs: 1   Epoch: 1.70/3.0 (56.8% complete)   lr: 0.000068   
2022-07-19 02:33:12,705 [/rmespch_train/sourya/kaldi/egs/tamil_telugu_proj/s5_r3/steps/nnet3/chain/train.py:529 - train - INFO ] Iter: 47/80   Jobs: 1   Epoch: 1.74/3.0 (58.0% complete)   lr: 0.000066   
2022-07-19 02:35:13,038 [/rmespch_train/sourya/kaldi/egs/tamil_telugu_proj/s5_r3/steps/nnet3/chain/train.py:529 - train - INFO ] Iter: 48/80   Jobs: 1   Epoch: 1.78/3.0 (59.3% complete)   lr: 0.000064   
2022-07-19 02:37:12,782 [/rmespch_train/sourya/kaldi/egs/tamil_telugu_proj/s5_r3/steps/nnet3/chain/train.py:529 - train - INFO ] Iter: 49/80   Jobs: 1   Epoch: 1.81/3.0 (60.5% complete)   lr: 0.000062   
2022-07-19 02:39:12,427 [/rmespch_train/sourya/kaldi/egs/tamil_telugu_proj/s5_r3/steps/nnet3/chain/train.py:529 - train - INFO ] Iter: 50/80   Jobs: 1   Epoch: 1.85/3.0 (61.7% complete)   lr: 0.000060   
2022-07-19 02:41:14,628 [/rmespch_train/sourya/kaldi/egs/tamil_telugu_proj/s5_r3/steps/nnet3/chain/train.py:529 - train - INFO ] Iter: 51/80   Jobs: 1   Epoch: 1.89/3.0 (63.0% complete)   lr: 0.000059   
2022-07-19 02:43:14,621 [/rmespch_train/sourya/kaldi/egs/tamil_telugu_proj/s5_r3/steps/nnet3/chain/train.py:529 - train - INFO ] Iter: 52/80   Jobs: 1   Epoch: 1.93/3.0 (64.2% complete)   lr: 0.000057   
2022-07-19 02:45:15,564 [/rmespch_train/sourya/kaldi/egs/tamil_telugu_proj/s5_r3/steps/nnet3/chain/train.py:529 - train - INFO ] Iter: 53/80   Jobs: 1   Epoch: 1.96/3.0 (65.4% complete)   lr: 0.000055   
2022-07-19 02:47:16,586 [/rmespch_train/sourya/kaldi/egs/tamil_telugu_proj/s5_r3/steps/nnet3/chain/train.py:529 - train - INFO ] Iter: 54/80   Jobs: 1   Epoch: 2.00/3.0 (66.7% complete)   lr: 0.000054   
2022-07-19 02:49:18,050 [/rmespch_train/sourya/kaldi/egs/tamil_telugu_proj/s5_r3/steps/nnet3/chain/train.py:529 - train - INFO ] Iter: 55/80   Jobs: 1   Epoch: 2.04/3.0 (67.9% complete)   lr: 0.000052   
2022-07-19 02:51:18,930 [/rmespch_train/sourya/kaldi/egs/tamil_telugu_proj/s5_r3/steps/nnet3/chain/train.py:529 - train - INFO ] Iter: 56/80   Jobs: 1   Epoch: 2.07/3.0 (69.1% complete)   lr: 0.000051   
bash: line 1: 995984 Aborted                 (core dumped) ( nnet3-chain-train --use-gpu=yes --apply-deriv-weights=False --l2-regularize=0.0 --leaky-hmm-coefficient=0.1 --read-cache=telugu_exp/chain_cleaned_1d/tdnn1d_sp/cache.56 --write-cache=telugu_exp/chain_cleaned_1d/tdnn1d_sp/cache.57 --xent-regularize=0.1 --print-interval=10 --momentum=0.0 --max-param-change=2.0 --backstitch-training-scale=0.0 --backstitch-training-interval=1 --l2-regularize-factor=1.0 --optimization.memory-compression-level=2 --srand=56 "nnet3-am-copy --raw=true --learning-rate=5.0884086706010525e-05 --scale=1.0 telugu_exp/chain_cleaned_1d/tdnn1d_sp/56.mdl - |nnet3-copy --edits='set-dropout-proportion name=* proportion=0.308641975308642' - - |" telugu_exp/chain_cleaned_1d/tdnn1d_sp/den.fst "ark,bg:nnet3-chain-copy-egs                          --frame-shift=0                         ark:telugu_exp/chain_cleaned_1d/tdnn1d_sp/egs/cegs.3.ark ark:- |                         nnet3-chain-shuffle-egs --buffer-size=5000                         --srand=56 ark:- ark:- | nnet3-chain-merge-egs                         --minibatch-size=64 ark:- ark:- |" telugu_exp/chain_cleaned_1d/tdnn1d_sp/57.1.raw ) 2>> telugu_exp/chain_cleaned_1d/tdnn1d_sp/log/train.56.1.log >> telugu_exp/chain_cleaned_1d/tdnn1d_sp/log/train.56.1.log
run.pl: job failed, log is in telugu_exp/chain_cleaned_1d/tdnn1d_sp/log/train.56.1.log
2022-07-19 02:51:45,758 [/rmespch_train/sourya/kaldi/egs/tamil_telugu_proj/s5_r3/steps/libs/common.py:207 - background_command_waiter - ERROR ] Command exited with status 1: run.pl --gpu 1 telugu_exp/chain_cleaned_1d/tdnn1d_sp/log/train.56.1.log                     nnet3-chain-train --use-gpu=yes                      --apply-deriv-weights=False                     --l2-regularize=0.0 --leaky-hmm-coefficient=0.1                     --read-cache=telugu_exp/chain_cleaned_1d/tdnn1d_sp/cache.56 --write-cache=telugu_exp/chain_cleaned_1d/tdnn1d_sp/cache.57  --xent-regularize=0.1                                          --print-interval=10 --momentum=0.0                     --max-param-change=2.0                     --backstitch-training-scale=0.0                     --backstitch-training-interval=1                     --l2-regularize-factor=1.0 --optimization.memory-compression-level=2                      --srand=56                     "nnet3-am-copy --raw=true --learning-rate=5.0884086706010525e-05 --scale=1.0 telugu_exp/chain_cleaned_1d/tdnn1d_sp/56.mdl - |nnet3-copy --edits='set-dropout-proportion name=* proportion=0.308641975308642' - - |" telugu_exp/chain_cleaned_1d/tdnn1d_sp/den.fst                     "ark,bg:nnet3-chain-copy-egs                          --frame-shift=0                         ark:telugu_exp/chain_cleaned_1d/tdnn1d_sp/egs/cegs.3.ark ark:- |                         nnet3-chain-shuffle-egs --buffer-size=5000                         --srand=56 ark:- ark:- | nnet3-chain-merge-egs                         --minibatch-size=64 ark:- ark:- |"                     telugu_exp/chain_cleaned_1d/tdnn1d_sp/57.1.raw
steps/nnet3/chain/train.py --stage 30 --cmd run.pl --feat.online-ivector-dir telugu_exp/nnet3_cleaned_1d/ivectors_train_cleaned_sp_hires --feat.cmvn-opts=--config=conf/online_cmvn.conf --chain.xent-regularize 0.1 --chain.leaky-hmm-coefficient 0.1 --chain.l2-regularize 0.0 --chain.apply-deriv-weights false --chain.lm-opts=--num-extra-lm-states=2000 --trainer.dropout-schedule 0,0@0.20,0.5@0.50,0 --trainer.add-option=--optimization.memory-compression-level=2 --egs.dir  --egs.opts --frames-overlap-per-eg 0 --constrained false --online-cmvn true --egs.chunk-width 150,110,100 --trainer.num-chunk-per-minibatch 64 --trainer.frames-per-iter 5000000 --trainer.num-epochs 3 --trainer.optimization.num-jobs-initial 1 --trainer.optimization.num-jobs-final 1 --trainer.optimization.initial-effective-lrate 0.00025 --trainer.optimization.final-effective-lrate 0.000025 --trainer.max-param-change 2.0 --cleanup.remove-egs true --feat-dir telugu_data/train_cleaned_sp_hires --tree-dir telugu_exp/chain_cleaned_1d/tree_bi --lat-dir telugu_exp/chain_cleaned_1d/tri3_cleaned_train_cleaned_sp_lats --dir telugu_exp/chain_cleaned_1d/tdnn1d_sp
['steps/nnet3/chain/train.py', '--stage', '30', '--cmd', 'run.pl', '--feat.online-ivector-dir', 'telugu_exp/nnet3_cleaned_1d/ivectors_train_cleaned_sp_hires', '--feat.cmvn-opts=--config=conf/online_cmvn.conf', '--chain.xent-regularize', '0.1', '--chain.leaky-hmm-coefficient', '0.1', '--chain.l2-regularize', '0.0', '--chain.apply-deriv-weights', 'false', '--chain.lm-opts=--num-extra-lm-states=2000', '--trainer.dropout-schedule', '0,0@0.20,0.5@0.50,0', '--trainer.add-option=--optimization.memory-compression-level=2', '--egs.dir', '', '--egs.opts', '--frames-overlap-per-eg 0 --constrained false --online-cmvn true', '--egs.chunk-width', '150,110,100', '--trainer.num-chunk-per-minibatch', '64', '--trainer.frames-per-iter', '5000000', '--trainer.num-epochs', '3', '--trainer.optimization.num-jobs-initial', '1', '--trainer.optimization.num-jobs-final', '1', '--trainer.optimization.initial-effective-lrate', '0.00025', '--trainer.optimization.final-effective-lrate', '0.000025', '--trainer.max-param-change', '2.0', '--cleanup.remove-egs', 'true', '--feat-dir', 'telugu_data/train_cleaned_sp_hires', '--tree-dir', 'telugu_exp/chain_cleaned_1d/tree_bi', '--lat-dir', 'telugu_exp/chain_cleaned_1d/tri3_cleaned_train_cleaned_sp_lats', '--dir', 'telugu_exp/chain_cleaned_1d/tdnn1d_sp']
