# nnet3-chain-train --use-gpu=wait --apply-deriv-weights=False --l2-regularize=0.0 --leaky-hmm-coefficient=0.1 --read-cache=telugu_exp/chain_cleaned_1d/tdnn1d_sp/cache.5 --write-cache=telugu_exp/chain_cleaned_1d/tdnn1d_sp/cache.6 --xent-regularize=0.1 --print-interval=10 --momentum=0.0 --max-param-change=2.0 --backstitch-training-scale=0.0 --backstitch-training-interval=1 --l2-regularize-factor=1.0 --optimization.memory-compression-level=2 --srand=5 "nnet3-am-copy --raw=true --learning-rate=0.00045912714178281426 --scale=1.0 telugu_exp/chain_cleaned_1d/tdnn1d_sp/5.mdl - |nnet3-copy --edits='set-dropout-proportion name=* proportion=0.0' - - |" telugu_exp/chain_cleaned_1d/tdnn1d_sp/den.fst "ark,bg:nnet3-chain-copy-egs                          --frame-shift=0                         ark:telugu_exp/chain_cleaned_1d/tdnn1d_sp/egs/cegs.6.ark ark:- |                         nnet3-chain-shuffle-egs --buffer-size=5000                         --srand=5 ark:- ark:- | nnet3-chain-merge-egs                         --minibatch-size=64 ark:- ark:- |" telugu_exp/chain_cleaned_1d/tdnn1d_sp/6.1.raw 
# Started at Thu Jul 21 11:34:08 EDT 2022
#
nnet3-chain-train --use-gpu=wait --apply-deriv-weights=False --l2-regularize=0.0 --leaky-hmm-coefficient=0.1 --read-cache=telugu_exp/chain_cleaned_1d/tdnn1d_sp/cache.5 --write-cache=telugu_exp/chain_cleaned_1d/tdnn1d_sp/cache.6 --xent-regularize=0.1 --print-interval=10 --momentum=0.0 --max-param-change=2.0 --backstitch-training-scale=0.0 --backstitch-training-interval=1 --l2-regularize-factor=1.0 --optimization.memory-compression-level=2 --srand=5 "nnet3-am-copy --raw=true --learning-rate=0.00045912714178281426 --scale=1.0 telugu_exp/chain_cleaned_1d/tdnn1d_sp/5.mdl - |nnet3-copy --edits='set-dropout-proportion name=* proportion=0.0' - - |" telugu_exp/chain_cleaned_1d/tdnn1d_sp/den.fst 'ark,bg:nnet3-chain-copy-egs                          --frame-shift=0                         ark:telugu_exp/chain_cleaned_1d/tdnn1d_sp/egs/cegs.6.ark ark:- |                         nnet3-chain-shuffle-egs --buffer-size=5000                         --srand=5 ark:- ark:- | nnet3-chain-merge-egs                         --minibatch-size=64 ark:- ark:- |' telugu_exp/chain_cleaned_1d/tdnn1d_sp/6.1.raw 
WARNING (nnet3-chain-train[5.5.1035~1-3dd90]:SelectGpuId():cu-device.cc:229) Waited 0 seconds before creating CUDA context
LOG (nnet3-chain-train[5.5.1035~1-3dd90]:SelectGpuId():cu-device.cc:238) CUDA setup operating under Compute Exclusive Mode.
LOG (nnet3-chain-train[5.5.1035~1-3dd90]:FinalizeActiveGpu():cu-device.cc:338) The active GPU is [0]: NVIDIA GeForce GTX 980 Ti	free:5806M, used:274M, total:6080M, free/total:0.95491 version 5.2
nnet3-copy '--edits=set-dropout-proportion name=* proportion=0.0' - - 
nnet3-am-copy --raw=true --learning-rate=0.00045912714178281426 --scale=1.0 telugu_exp/chain_cleaned_1d/tdnn1d_sp/5.mdl - 
LOG (nnet3-am-copy[5.5.1035~1-3dd90]:main():nnet3-am-copy.cc:153) Copied neural net from telugu_exp/chain_cleaned_1d/tdnn1d_sp/5.mdl to raw format as -
LOG (nnet3-copy[5.5.1035~1-3dd90]:ReadEditConfig():nnet-utils.cc:1413) Set dropout proportions for 13 components.
LOG (nnet3-copy[5.5.1035~1-3dd90]:main():nnet3-copy.cc:123) Copied raw neural net from - to -
LOG (nnet3-chain-train[5.5.1035~1-3dd90]:NnetChainTrainer():nnet-chain-training.cc:51) Read computation cache from telugu_exp/chain_cleaned_1d/tdnn1d_sp/cache.5
nnet3-chain-copy-egs --frame-shift=0 ark:telugu_exp/chain_cleaned_1d/tdnn1d_sp/egs/cegs.6.ark ark:- 
nnet3-chain-shuffle-egs --buffer-size=5000 --srand=5 ark:- ark:- 
nnet3-chain-merge-egs --minibatch-size=64 ark:- ark:- 
LOG (nnet3-chain-train[5.5.1035~1-3dd90]:ComputeChainObjfAndDerivE2e():chain-training.cc:162) Numerator objf: 1.18196
LOG (nnet3-chain-train[5.5.1035~1-3dd90]:ComputeChainObjfAndDerivE2e():chain-training.cc:162) Numerator objf: 1.09208
LOG (nnet3-chain-train[5.5.1035~1-3dd90]:ComputeChainObjfAndDerivE2e():chain-training.cc:162) Numerator objf: 1.13781
LOG (nnet3-chain-train[5.5.1035~1-3dd90]:ComputeChainObjfAndDerivE2e():chain-training.cc:162) Numerator objf: 1.04382
LOG (nnet3-chain-train[5.5.1035~1-3dd90]:ComputeChainObjfAndDerivE2e():chain-training.cc:162) Numerator objf: 1.10261
LOG (nnet3-chain-train[5.5.1035~1-3dd90]:ComputeChainObjfAndDerivE2e():chain-training.cc:162) Numerator objf: 1.13132
LOG (nnet3-chain-train[5.5.1035~1-3dd90]:ComputeChainObjfAndDerivE2e():chain-training.cc:162) Numerator objf: 1.1831
LOG (nnet3-chain-train[5.5.1035~1-3dd90]:ComputeChainObjfAndDerivE2e():chain-training.cc:162) Numerator objf: 1.1306
LOG (nnet3-chain-train[5.5.1035~1-3dd90]:ComputeChainObjfAndDerivE2e():chain-training.cc:162) Numerator objf: 1.16819
LOG (nnet3-chain-train[5.5.1035~1-3dd90]:ComputeChainObjfAndDerivE2e():chain-training.cc:162) Numerator objf: 1.19849
LOG (nnet3-chain-train[5.5.1035~1-3dd90]:ComputeChainObjfAndDerivE2e():chain-training.cc:162) Numerator objf: 1.08498
LOG (nnet3-chain-train[5.5.1035~1-3dd90]:PrintStatsForThisPhase():nnet-training.cc:278) Average objective function for 'output-xent' for minibatches 0-9 is -2.101 over 28096 frames.
LOG (nnet3-chain-train[5.5.1035~1-3dd90]:PrintStatsForThisPhase():nnet-training.cc:278) Average objective function for 'output' for minibatches 0-9 is -0.186052 over 28096 frames.
LOG (nnet3-chain-train[5.5.1035~1-3dd90]:ComputeChainObjfAndDerivE2e():chain-training.cc:162) Numerator objf: 1.07864
LOG (nnet3-chain-train[5.5.1035~1-3dd90]:ComputeChainObjfAndDerivE2e():chain-training.cc:162) Numerator objf: 1.09627
LOG (nnet3-chain-train[5.5.1035~1-3dd90]:ComputeChainObjfAndDerivE2e():chain-training.cc:162) Numerator objf: 1.12819
LOG (nnet3-chain-train[5.5.1035~1-3dd90]:ComputeChainObjfAndDerivE2e():chain-training.cc:162) Numerator objf: 1.13093
LOG (nnet3-chain-train[5.5.1035~1-3dd90]:ComputeChainObjfAndDerivE2e():chain-training.cc:162) Numerator objf: 1.06472
LOG (nnet3-chain-train[5.5.1035~1-3dd90]:ComputeChainObjfAndDerivE2e():chain-training.cc:162) Numerator objf: 1.08458
LOG (nnet3-chain-train[5.5.1035~1-3dd90]:ComputeChainObjfAndDerivE2e():chain-training.cc:162) Numerator objf: 1.14541
LOG (nnet3-chain-train[5.5.1035~1-3dd90]:ComputeChainObjfAndDerivE2e():chain-training.cc:162) Numerator objf: 1.08139
LOG (nnet3-chain-train[5.5.1035~1-3dd90]:ComputeChainObjfAndDerivE2e():chain-training.cc:162) Numerator objf: 1.14479
LOG (nnet3-chain-train[5.5.1035~1-3dd90]:ComputeChainObjfAndDerivE2e():chain-training.cc:162) Numerator objf: 1.16727
LOG (nnet3-chain-train[5.5.1035~1-3dd90]:PrintStatsForThisPhase():nnet-training.cc:278) Average objective function for 'output-xent' for minibatches 10-19 is -2.22127 over 28288 frames.
LOG (nnet3-chain-train[5.5.1035~1-3dd90]:PrintStatsForThisPhase():nnet-training.cc:278) Average objective function for 'output' for minibatches 10-19 is -0.199132 over 28288 frames.
LOG (nnet3-chain-train[5.5.1035~1-3dd90]:ComputeChainObjfAndDerivE2e():chain-training.cc:162) Numerator objf: 1.14028
LOG (nnet3-chain-train[5.5.1035~1-3dd90]:ComputeChainObjfAndDerivE2e():chain-training.cc:162) Numerator objf: 1.1304
LOG (nnet3-chain-train[5.5.1035~1-3dd90]:ComputeChainObjfAndDerivE2e():chain-training.cc:162) Numerator objf: 1.15901
LOG (nnet3-chain-train[5.5.1035~1-3dd90]:ComputeChainObjfAndDerivE2e():chain-training.cc:162) Numerator objf: 1.20511
LOG (nnet3-chain-train[5.5.1035~1-3dd90]:ComputeChainObjfAndDerivE2e():chain-training.cc:162) Numerator objf: 1.073
LOG (nnet3-chain-train[5.5.1035~1-3dd90]:ComputeChainObjfAndDerivE2e():chain-training.cc:162) Numerator objf: 1.07901
LOG (nnet3-chain-train[5.5.1035~1-3dd90]:ComputeChainObjfAndDerivE2e():chain-training.cc:162) Numerator objf: 1.12924
LOG (nnet3-chain-train[5.5.1035~1-3dd90]:ComputeChainObjfAndDerivE2e():chain-training.cc:162) Numerator objf: 1.17037
LOG (nnet3-chain-train[5.5.1035~1-3dd90]:ComputeChainObjfAndDerivE2e():chain-training.cc:162) Numerator objf: 1.0744
LOG (nnet3-chain-train[5.5.1035~1-3dd90]:ComputeChainObjfAndDerivE2e():chain-training.cc:162) Numerator objf: 1.10822
LOG (nnet3-chain-train[5.5.1035~1-3dd90]:PrintStatsForThisPhase():nnet-training.cc:278) Average objective function for 'output-xent' for minibatches 20-29 is -2.10219 over 27264 frames.
LOG (nnet3-chain-train[5.5.1035~1-3dd90]:PrintStatsForThisPhase():nnet-training.cc:278) Average objective function for 'output' for minibatches 20-29 is -0.187614 over 27264 frames.
LOG (nnet3-chain-train[5.5.1035~1-3dd90]:ComputeChainObjfAndDerivE2e():chain-training.cc:162) Numerator objf: 1.16477
LOG (nnet3-chain-train[5.5.1035~1-3dd90]:ComputeChainObjfAndDerivE2e():chain-training.cc:162) Numerator objf: 1.17125
LOG (nnet3-chain-train[5.5.1035~1-3dd90]:ComputeChainObjfAndDerivE2e():chain-training.cc:162) Numerator objf: 1.20159
LOG (nnet3-chain-train[5.5.1035~1-3dd90]:ComputeChainObjfAndDerivE2e():chain-training.cc:162) Numerator objf: 1.16838
LOG (nnet3-chain-train[5.5.1035~1-3dd90]:ComputeChainObjfAndDerivE2e():chain-training.cc:162) Numerator objf: 1.13568
LOG (nnet3-chain-train[5.5.1035~1-3dd90]:ComputeChainObjfAndDerivE2e():chain-training.cc:162) Numerator objf: 1.13805
LOG (nnet3-chain-train[5.5.1035~1-3dd90]:ComputeChainObjfAndDerivE2e():chain-training.cc:162) Numerator objf: 1.13963
LOG (nnet3-chain-train[5.5.1035~1-3dd90]:ComputeChainObjfAndDerivE2e():chain-training.cc:162) Numerator objf: 1.16573
LOG (nnet3-chain-train[5.5.1035~1-3dd90]:ComputeChainObjfAndDerivE2e():chain-training.cc:162) Numerator objf: 1.18661
LOG (nnet3-chain-train[5.5.1035~1-3dd90]:ComputeChainObjfAndDerivE2e():chain-training.cc:162) Numerator objf: 1.10907
LOG (nnet3-chain-train[5.5.1035~1-3dd90]:PrintStatsForThisPhase():nnet-training.cc:278) Average objective function for 'output-xent' for minibatches 30-39 is -2.10938 over 28096 frames.
LOG (nnet3-chain-train[5.5.1035~1-3dd90]:PrintStatsForThisPhase():nnet-training.cc:278) Average objective function for 'output' for minibatches 30-39 is -0.187064 over 28096 frames.
LOG (nnet3-chain-train[5.5.1035~1-3dd90]:ComputeChainObjfAndDerivE2e():chain-training.cc:162) Numerator objf: 1.185
LOG (nnet3-chain-train[5.5.1035~1-3dd90]:ComputeChainObjfAndDerivE2e():chain-training.cc:162) Numerator objf: 1.12681
LOG (nnet3-chain-train[5.5.1035~1-3dd90]:ComputeChainObjfAndDerivE2e():chain-training.cc:162) Numerator objf: 1.15903
LOG (nnet3-chain-train[5.5.1035~1-3dd90]:ComputeChainObjfAndDerivE2e():chain-training.cc:162) Numerator objf: 1.16082
LOG (nnet3-chain-train[5.5.1035~1-3dd90]:ComputeChainObjfAndDerivE2e():chain-training.cc:162) Numerator objf: 1.13639
LOG (nnet3-chain-train[5.5.1035~1-3dd90]:ComputeChainObjfAndDerivE2e():chain-training.cc:162) Numerator objf: 1.17498
LOG (nnet3-chain-train[5.5.1035~1-3dd90]:ComputeChainObjfAndDerivE2e():chain-training.cc:162) Numerator objf: 1.11694
LOG (nnet3-chain-train[5.5.1035~1-3dd90]:ComputeChainObjfAndDerivE2e():chain-training.cc:162) Numerator objf: 1.18068
LOG (nnet3-chain-train[5.5.1035~1-3dd90]:ComputeChainObjfAndDerivE2e():chain-training.cc:162) Numerator objf: 1.11467
LOG (nnet3-chain-train[5.5.1035~1-3dd90]:ComputeChainObjfAndDerivE2e():chain-training.cc:162) Numerator objf: 1.08171
LOG (nnet3-chain-train[5.5.1035~1-3dd90]:PrintStatsForThisPhase():nnet-training.cc:278) Average objective function for 'output-xent' for minibatches 40-49 is -2.14486 over 28096 frames.
LOG (nnet3-chain-train[5.5.1035~1-3dd90]:PrintStatsForThisPhase():nnet-training.cc:278) Average objective function for 'output' for minibatches 40-49 is -0.178385 over 28096 frames.
LOG (nnet3-chain-train[5.5.1035~1-3dd90]:ComputeChainObjfAndDerivE2e():chain-training.cc:162) Numerator objf: 1.11822
LOG (nnet3-chain-train[5.5.1035~1-3dd90]:ComputeChainObjfAndDerivE2e():chain-training.cc:162) Numerator objf: 1.14485
LOG (nnet3-chain-train[5.5.1035~1-3dd90]:ComputeChainObjfAndDerivE2e():chain-training.cc:162) Numerator objf: 1.21985
LOG (nnet3-chain-train[5.5.1035~1-3dd90]:ComputeChainObjfAndDerivE2e():chain-training.cc:162) Numerator objf: 1.05704
LOG (nnet3-chain-train[5.5.1035~1-3dd90]:ComputeChainObjfAndDerivE2e():chain-training.cc:162) Numerator objf: 1.1036
LOG (nnet3-chain-train[5.5.1035~1-3dd90]:ComputeChainObjfAndDerivE2e():chain-training.cc:162) Numerator objf: 1.10309
LOG (nnet3-chain-train[5.5.1035~1-3dd90]:ComputeChainObjfAndDerivE2e():chain-training.cc:162) Numerator objf: 1.11603
LOG (nnet3-chain-train[5.5.1035~1-3dd90]:ComputeChainObjfAndDerivE2e():chain-training.cc:162) Numerator objf: 1.1245
LOG (nnet3-chain-train[5.5.1035~1-3dd90]:ComputeChainObjfAndDerivE2e():chain-training.cc:162) Numerator objf: 1.12225
LOG (nnet3-chain-train[5.5.1035~1-3dd90]:ComputeChainObjfAndDerivE2e():chain-training.cc:162) Numerator objf: 1.1012
LOG (nnet3-chain-train[5.5.1035~1-3dd90]:PrintStatsForThisPhase():nnet-training.cc:278) Average objective function for 'output-xent' for minibatches 50-59 is -2.2041 over 28288 frames.
LOG (nnet3-chain-train[5.5.1035~1-3dd90]:PrintStatsForThisPhase():nnet-training.cc:278) Average objective function for 'output' for minibatches 50-59 is -0.192409 over 28288 frames.
LOG (nnet3-chain-train[5.5.1035~1-3dd90]:ComputeChainObjfAndDerivE2e():chain-training.cc:162) Numerator objf: 1.15118
LOG (nnet3-chain-train[5.5.1035~1-3dd90]:ComputeChainObjfAndDerivE2e():chain-training.cc:162) Numerator objf: 1.13458
LOG (nnet3-chain-train[5.5.1035~1-3dd90]:ComputeChainObjfAndDerivE2e():chain-training.cc:162) Numerator objf: 1.11726
LOG (nnet3-chain-train[5.5.1035~1-3dd90]:ComputeChainObjfAndDerivE2e():chain-training.cc:162) Numerator objf: 1.03305
LOG (nnet3-chain-train[5.5.1035~1-3dd90]:ComputeChainObjfAndDerivE2e():chain-training.cc:162) Numerator objf: 1.08198
LOG (nnet3-chain-train[5.5.1035~1-3dd90]:ComputeChainObjfAndDerivE2e():chain-training.cc:162) Numerator objf: 1.14553
LOG (nnet3-chain-train[5.5.1035~1-3dd90]:ComputeChainObjfAndDerivE2e():chain-training.cc:162) Numerator objf: 1.10704
LOG (nnet3-chain-train[5.5.1035~1-3dd90]:ComputeChainObjfAndDerivE2e():chain-training.cc:162) Numerator objf: 1.04222
LOG (nnet3-chain-train[5.5.1035~1-3dd90]:ComputeChainObjfAndDerivE2e():chain-training.cc:162) Numerator objf: 1.10688
LOG (nnet3-chain-train[5.5.1035~1-3dd90]:ComputeChainObjfAndDerivE2e():chain-training.cc:162) Numerator objf: 1.1368
LOG (nnet3-chain-train[5.5.1035~1-3dd90]:PrintStatsForThisPhase():nnet-training.cc:278) Average objective function for 'output-xent' for minibatches 60-69 is -2.1948 over 28096 frames.
LOG (nnet3-chain-train[5.5.1035~1-3dd90]:PrintStatsForThisPhase():nnet-training.cc:278) Average objective function for 'output' for minibatches 60-69 is -0.197731 over 28096 frames.
LOG (nnet3-chain-train[5.5.1035~1-3dd90]:ComputeChainObjfAndDerivE2e():chain-training.cc:162) Numerator objf: 1.10327
LOG (nnet3-chain-train[5.5.1035~1-3dd90]:ComputeChainObjfAndDerivE2e():chain-training.cc:162) Numerator objf: 1.15323
LOG (nnet3-chain-train[5.5.1035~1-3dd90]:ComputeChainObjfAndDerivE2e():chain-training.cc:162) Numerator objf: 1.03799
LOG (nnet3-chain-train[5.5.1035~1-3dd90]:ComputeChainObjfAndDerivE2e():chain-training.cc:162) Numerator objf: 1.15886
LOG (nnet3-chain-train[5.5.1035~1-3dd90]:ComputeChainObjfAndDerivE2e():chain-training.cc:162) Numerator objf: 1.15283
LOG (nnet3-chain-train[5.5.1035~1-3dd90]:ComputeChainObjfAndDerivE2e():chain-training.cc:162) Numerator objf: 1.16587
LOG (nnet3-chain-train[5.5.1035~1-3dd90]:ComputeChainObjfAndDerivE2e():chain-training.cc:162) Numerator objf: 1.08899
LOG (nnet3-chain-train[5.5.1035~1-3dd90]:ComputeChainObjfAndDerivE2e():chain-training.cc:162) Numerator objf: 1.18805
LOG (nnet3-chain-train[5.5.1035~1-3dd90]:ComputeChainObjfAndDerivE2e():chain-training.cc:162) Numerator objf: 1.13662
LOG (nnet3-chain-train[5.5.1035~1-3dd90]:ComputeChainObjfAndDerivE2e():chain-training.cc:162) Numerator objf: 1.10076
LOG (nnet3-chain-train[5.5.1035~1-3dd90]:PrintStatsForThisPhase():nnet-training.cc:278) Average objective function for 'output-xent' for minibatches 70-79 is -2.15087 over 28288 frames.
LOG (nnet3-chain-train[5.5.1035~1-3dd90]:PrintStatsForThisPhase():nnet-training.cc:278) Average objective function for 'output' for minibatches 70-79 is -0.181179 over 28288 frames.
LOG (nnet3-chain-train[5.5.1035~1-3dd90]:ComputeChainObjfAndDerivE2e():chain-training.cc:162) Numerator objf: 1.0799
LOG (nnet3-chain-train[5.5.1035~1-3dd90]:ComputeChainObjfAndDerivE2e():chain-training.cc:162) Numerator objf: 1.04223
LOG (nnet3-chain-train[5.5.1035~1-3dd90]:ComputeChainObjfAndDerivE2e():chain-training.cc:162) Numerator objf: 1.07658
LOG (nnet3-chain-train[5.5.1035~1-3dd90]:ComputeChainObjfAndDerivE2e():chain-training.cc:162) Numerator objf: 1.03784
LOG (nnet3-chain-train[5.5.1035~1-3dd90]:ComputeChainObjfAndDerivE2e():chain-training.cc:162) Numerator objf: 1.07107
LOG (nnet3-chain-train[5.5.1035~1-3dd90]:ComputeChainObjfAndDerivE2e():chain-training.cc:162) Numerator objf: 1.11121
LOG (nnet3-chain-train[5.5.1035~1-3dd90]:ComputeChainObjfAndDerivE2e():chain-training.cc:162) Numerator objf: 1.05871
LOG (nnet3-chain-train[5.5.1035~1-3dd90]:ComputeChainObjfAndDerivE2e():chain-training.cc:162) Numerator objf: 1.08992
LOG (nnet3-chain-train[5.5.1035~1-3dd90]:ComputeChainObjfAndDerivE2e():chain-training.cc:162) Numerator objf: 0.971102
LOG (nnet3-chain-train[5.5.1035~1-3dd90]:ComputeChainObjfAndDerivE2e():chain-training.cc:162) Numerator objf: 1.08555
LOG (nnet3-chain-train[5.5.1035~1-3dd90]:PrintStatsForThisPhase():nnet-training.cc:278) Average objective function for 'output-xent' for minibatches 80-89 is -2.24971 over 28288 frames.
LOG (nnet3-chain-train[5.5.1035~1-3dd90]:PrintStatsForThisPhase():nnet-training.cc:278) Average objective function for 'output' for minibatches 80-89 is -0.203989 over 28288 frames.
LOG (nnet3-chain-train[5.5.1035~1-3dd90]:ComputeChainObjfAndDerivE2e():chain-training.cc:162) Numerator objf: 1.10475
LOG (nnet3-chain-train[5.5.1035~1-3dd90]:ComputeChainObjfAndDerivE2e():chain-training.cc:162) Numerator objf: 1.09648
LOG (nnet3-chain-train[5.5.1035~1-3dd90]:ComputeChainObjfAndDerivE2e():chain-training.cc:162) Numerator objf: 1.10916
LOG (nnet3-chain-train[5.5.1035~1-3dd90]:ComputeChainObjfAndDerivE2e():chain-training.cc:162) Numerator objf: 1.08843
LOG (nnet3-chain-train[5.5.1035~1-3dd90]:ComputeChainObjfAndDerivE2e():chain-training.cc:162) Numerator objf: 1.06596
LOG (nnet3-chain-train[5.5.1035~1-3dd90]:ComputeChainObjfAndDerivE2e():chain-training.cc:162) Numerator objf: 1.07584
LOG (nnet3-chain-train[5.5.1035~1-3dd90]:ComputeChainObjfAndDerivE2e():chain-training.cc:162) Numerator objf: 1.16261
LOG (nnet3-chain-train[5.5.1035~1-3dd90]:ComputeChainObjfAndDerivE2e():chain-training.cc:162) Numerator objf: 1.12205
LOG (nnet3-chain-train[5.5.1035~1-3dd90]:ComputeChainObjfAndDerivE2e():chain-training.cc:162) Numerator objf: 1.07397
LOG (nnet3-chain-train[5.5.1035~1-3dd90]:ComputeChainObjfAndDerivE2e():chain-training.cc:162) Numerator objf: 1.05492
LOG (nnet3-chain-train[5.5.1035~1-3dd90]:PrintStatsForThisPhase():nnet-training.cc:278) Average objective function for 'output-xent' for minibatches 90-99 is -2.11508 over 28096 frames.
LOG (nnet3-chain-train[5.5.1035~1-3dd90]:PrintStatsForThisPhase():nnet-training.cc:278) Average objective function for 'output' for minibatches 90-99 is -0.190964 over 28096 frames.
LOG (nnet3-chain-train[5.5.1035~1-3dd90]:ComputeChainObjfAndDerivE2e():chain-training.cc:162) Numerator objf: 1.0974
LOG (nnet3-chain-train[5.5.1035~1-3dd90]:ComputeChainObjfAndDerivE2e():chain-training.cc:162) Numerator objf: 1.1361
LOG (nnet3-chain-train[5.5.1035~1-3dd90]:ComputeChainObjfAndDerivE2e():chain-training.cc:162) Numerator objf: 1.08623
LOG (nnet3-chain-train[5.5.1035~1-3dd90]:ComputeChainObjfAndDerivE2e():chain-training.cc:162) Numerator objf: 1.13211
LOG (nnet3-chain-train[5.5.1035~1-3dd90]:ComputeChainObjfAndDerivE2e():chain-training.cc:162) Numerator objf: 1.1429
LOG (nnet3-chain-train[5.5.1035~1-3dd90]:ComputeChainObjfAndDerivE2e():chain-training.cc:162) Numerator objf: 1.08114
LOG (nnet3-chain-train[5.5.1035~1-3dd90]:ComputeChainObjfAndDerivE2e():chain-training.cc:162) Numerator objf: 1.10967
LOG (nnet3-chain-train[5.5.1035~1-3dd90]:ComputeChainObjfAndDerivE2e():chain-training.cc:162) Numerator objf: 1.088
LOG (nnet3-chain-train[5.5.1035~1-3dd90]:ComputeChainObjfAndDerivE2e():chain-training.cc:162) Numerator objf: 1.13368
LOG (nnet3-chain-train[5.5.1035~1-3dd90]:ComputeChainObjfAndDerivE2e():chain-training.cc:162) Numerator objf: 1.09346
LOG (nnet3-chain-train[5.5.1035~1-3dd90]:PrintStatsForThisPhase():nnet-training.cc:278) Average objective function for 'output-xent' for minibatches 100-109 is -2.15841 over 28096 frames.
LOG (nnet3-chain-train[5.5.1035~1-3dd90]:PrintStatsForThisPhase():nnet-training.cc:278) Average objective function for 'output' for minibatches 100-109 is -0.186856 over 28096 frames.
LOG (nnet3-chain-train[5.5.1035~1-3dd90]:ComputeChainObjfAndDerivE2e():chain-training.cc:162) Numerator objf: 1.11923
LOG (nnet3-chain-train[5.5.1035~1-3dd90]:ComputeChainObjfAndDerivE2e():chain-training.cc:162) Numerator objf: 1.11501
LOG (nnet3-chain-train[5.5.1035~1-3dd90]:ComputeChainObjfAndDerivE2e():chain-training.cc:162) Numerator objf: 1.12021
LOG (nnet3-chain-train[5.5.1035~1-3dd90]:ComputeChainObjfAndDerivE2e():chain-training.cc:162) Numerator objf: 1.15952
LOG (nnet3-chain-train[5.5.1035~1-3dd90]:ComputeChainObjfAndDerivE2e():chain-training.cc:162) Numerator objf: 1.13184
LOG (nnet3-chain-train[5.5.1035~1-3dd90]:ComputeChainObjfAndDerivE2e():chain-training.cc:162) Numerator objf: 1.10467
LOG (nnet3-chain-train[5.5.1035~1-3dd90]:ComputeChainObjfAndDerivE2e():chain-training.cc:162) Numerator objf: 1.11129
LOG (nnet3-chain-train[5.5.1035~1-3dd90]:ComputeChainObjfAndDerivE2e():chain-training.cc:162) Numerator objf: 1.0774
LOG (nnet3-chain-train[5.5.1035~1-3dd90]:ComputeChainObjfAndDerivE2e():chain-training.cc:162) Numerator objf: 1.10115
LOG (nnet3-chain-train[5.5.1035~1-3dd90]:ComputeChainObjfAndDerivE2e():chain-training.cc:162) Numerator objf: 1.01642
LOG (nnet3-chain-train[5.5.1035~1-3dd90]:PrintStatsForThisPhase():nnet-training.cc:278) Average objective function for 'output-xent' for minibatches 110-119 is -2.17989 over 28288 frames.
LOG (nnet3-chain-train[5.5.1035~1-3dd90]:PrintStatsForThisPhase():nnet-training.cc:278) Average objective function for 'output' for minibatches 110-119 is -0.18787 over 28288 frames.
LOG (nnet3-chain-train[5.5.1035~1-3dd90]:ComputeChainObjfAndDerivE2e():chain-training.cc:162) Numerator objf: 1.13971
LOG (nnet3-chain-train[5.5.1035~1-3dd90]:ComputeChainObjfAndDerivE2e():chain-training.cc:162) Numerator objf: 1.15334
LOG (nnet3-chain-train[5.5.1035~1-3dd90]:ComputeChainObjfAndDerivE2e():chain-training.cc:162) Numerator objf: 1.10634
LOG (nnet3-chain-train[5.5.1035~1-3dd90]:ComputeChainObjfAndDerivE2e():chain-training.cc:162) Numerator objf: 1.1299
LOG (nnet3-chain-train[5.5.1035~1-3dd90]:ComputeChainObjfAndDerivE2e():chain-training.cc:162) Numerator objf: 1.14332
LOG (nnet3-chain-train[5.5.1035~1-3dd90]:ComputeChainObjfAndDerivE2e():chain-training.cc:162) Numerator objf: 1.10331
LOG (nnet3-chain-train[5.5.1035~1-3dd90]:ComputeChainObjfAndDerivE2e():chain-training.cc:162) Numerator objf: 1.12442
LOG (nnet3-chain-train[5.5.1035~1-3dd90]:ComputeChainObjfAndDerivE2e():chain-training.cc:162) Numerator objf: 1.1632
LOG (nnet3-chain-train[5.5.1035~1-3dd90]:ComputeChainObjfAndDerivE2e():chain-training.cc:162) Numerator objf: 1.19838
LOG (nnet3-chain-train[5.5.1035~1-3dd90]:ComputeChainObjfAndDerivE2e():chain-training.cc:162) Numerator objf: 1.16899
LOG (nnet3-chain-train[5.5.1035~1-3dd90]:PrintStatsForThisPhase():nnet-training.cc:278) Average objective function for 'output-xent' for minibatches 120-129 is -2.15323 over 27264 frames.
LOG (nnet3-chain-train[5.5.1035~1-3dd90]:PrintStatsForThisPhase():nnet-training.cc:278) Average objective function for 'output' for minibatches 120-129 is -0.196205 over 27264 frames.
LOG (nnet3-chain-train[5.5.1035~1-3dd90]:ComputeChainObjfAndDerivE2e():chain-training.cc:162) Numerator objf: 1.14054
LOG (nnet3-chain-train[5.5.1035~1-3dd90]:ComputeChainObjfAndDerivE2e():chain-training.cc:162) Numerator objf: 1.1701
LOG (nnet3-chain-train[5.5.1035~1-3dd90]:ComputeChainObjfAndDerivE2e():chain-training.cc:162) Numerator objf: 1.19228
LOG (nnet3-chain-train[5.5.1035~1-3dd90]:ComputeChainObjfAndDerivE2e():chain-training.cc:162) Numerator objf: 1.15701
LOG (nnet3-chain-train[5.5.1035~1-3dd90]:ComputeChainObjfAndDerivE2e():chain-training.cc:162) Numerator objf: 1.14693
LOG (nnet3-chain-train[5.5.1035~1-3dd90]:ComputeChainObjfAndDerivE2e():chain-training.cc:162) Numerator objf: 1.18137
LOG (nnet3-chain-train[5.5.1035~1-3dd90]:ComputeChainObjfAndDerivE2e():chain-training.cc:162) Numerator objf: 1.22199
LOG (nnet3-chain-train[5.5.1035~1-3dd90]:ComputeChainObjfAndDerivE2e():chain-training.cc:162) Numerator objf: 1.08797
LOG (nnet3-chain-train[5.5.1035~1-3dd90]:ComputeChainObjfAndDerivE2e():chain-training.cc:162) Numerator objf: 1.1645
LOG (nnet3-chain-train[5.5.1035~1-3dd90]:ComputeChainObjfAndDerivE2e():chain-training.cc:162) Numerator objf: 1.14279
LOG (nnet3-chain-train[5.5.1035~1-3dd90]:PrintStatsForThisPhase():nnet-training.cc:278) Average objective function for 'output-xent' for minibatches 130-139 is -2.11365 over 29120 frames.
LOG (nnet3-chain-train[5.5.1035~1-3dd90]:PrintStatsForThisPhase():nnet-training.cc:278) Average objective function for 'output' for minibatches 130-139 is -0.187944 over 29120 frames.
LOG (nnet3-chain-train[5.5.1035~1-3dd90]:ComputeChainObjfAndDerivE2e():chain-training.cc:162) Numerator objf: 1.11511
LOG (nnet3-chain-train[5.5.1035~1-3dd90]:ComputeChainObjfAndDerivE2e():chain-training.cc:162) Numerator objf: 1.11838
LOG (nnet3-chain-train[5.5.1035~1-3dd90]:ComputeChainObjfAndDerivE2e():chain-training.cc:162) Numerator objf: 1.15449
LOG (nnet3-chain-train[5.5.1035~1-3dd90]:ComputeChainObjfAndDerivE2e():chain-training.cc:162) Numerator objf: 1.19379
LOG (nnet3-chain-train[5.5.1035~1-3dd90]:ComputeChainObjfAndDerivE2e():chain-training.cc:162) Numerator objf: 1.20361
LOG (nnet3-chain-train[5.5.1035~1-3dd90]:ComputeChainObjfAndDerivE2e():chain-training.cc:162) Numerator objf: 1.17147
LOG (nnet3-chain-train[5.5.1035~1-3dd90]:ComputeChainObjfAndDerivE2e():chain-training.cc:162) Numerator objf: 1.17321
LOG (nnet3-chain-train[5.5.1035~1-3dd90]:ComputeChainObjfAndDerivE2e():chain-training.cc:162) Numerator objf: 1.1894
LOG (nnet3-chain-train[5.5.1035~1-3dd90]:ComputeChainObjfAndDerivE2e():chain-training.cc:162) Numerator objf: 1.22798
LOG (nnet3-chain-train[5.5.1035~1-3dd90]:ComputeChainObjfAndDerivE2e():chain-training.cc:162) Numerator objf: 1.18328
LOG (nnet3-chain-train[5.5.1035~1-3dd90]:PrintStatsForThisPhase():nnet-training.cc:278) Average objective function for 'output-xent' for minibatches 140-149 is -2.08004 over 27264 frames.
LOG (nnet3-chain-train[5.5.1035~1-3dd90]:PrintStatsForThisPhase():nnet-training.cc:278) Average objective function for 'output' for minibatches 140-149 is -0.18542 over 27264 frames.
LOG (nnet3-chain-train[5.5.1035~1-3dd90]:ComputeChainObjfAndDerivE2e():chain-training.cc:162) Numerator objf: 1.16056
LOG (nnet3-chain-train[5.5.1035~1-3dd90]:ComputeChainObjfAndDerivE2e():chain-training.cc:162) Numerator objf: 1.12509
LOG (nnet3-chain-train[5.5.1035~1-3dd90]:ComputeChainObjfAndDerivE2e():chain-training.cc:162) Numerator objf: 1.10802
LOG (nnet3-chain-train[5.5.1035~1-3dd90]:ComputeChainObjfAndDerivE2e():chain-training.cc:162) Numerator objf: 1.04106
LOG (nnet3-chain-train[5.5.1035~1-3dd90]:ComputeChainObjfAndDerivE2e():chain-training.cc:162) Numerator objf: 1.04682
LOG (nnet3-chain-train[5.5.1035~1-3dd90]:ComputeChainObjfAndDerivE2e():chain-training.cc:162) Numerator objf: 1.09797
LOG (nnet3-chain-train[5.5.1035~1-3dd90]:ComputeChainObjfAndDerivE2e():chain-training.cc:162) Numerator objf: 1.07909
LOG (nnet3-chain-train[5.5.1035~1-3dd90]:ComputeChainObjfAndDerivE2e():chain-training.cc:162) Numerator objf: 1.12628
LOG (nnet3-chain-train[5.5.1035~1-3dd90]:ComputeChainObjfAndDerivE2e():chain-training.cc:162) Numerator objf: 1.17195
LOG (nnet3-chain-train[5.5.1035~1-3dd90]:ComputeChainObjfAndDerivE2e():chain-training.cc:162) Numerator objf: 1.1338
LOG (nnet3-chain-train[5.5.1035~1-3dd90]:PrintStatsForThisPhase():nnet-training.cc:278) Average objective function for 'output-xent' for minibatches 150-159 is -2.18986 over 28096 frames.
LOG (nnet3-chain-train[5.5.1035~1-3dd90]:PrintStatsForThisPhase():nnet-training.cc:278) Average objective function for 'output' for minibatches 150-159 is -0.193518 over 28096 frames.
LOG (nnet3-chain-train[5.5.1035~1-3dd90]:ComputeChainObjfAndDerivE2e():chain-training.cc:162) Numerator objf: 1.13507
LOG (nnet3-chain-train[5.5.1035~1-3dd90]:ComputeChainObjfAndDerivE2e():chain-training.cc:162) Numerator objf: 1.12036
LOG (nnet3-chain-train[5.5.1035~1-3dd90]:ComputeChainObjfAndDerivE2e():chain-training.cc:162) Numerator objf: 1.19221
LOG (nnet3-chain-train[5.5.1035~1-3dd90]:ComputeChainObjfAndDerivE2e():chain-training.cc:162) Numerator objf: 1.15088
LOG (nnet3-chain-train[5.5.1035~1-3dd90]:ComputeChainObjfAndDerivE2e():chain-training.cc:162) Numerator objf: 1.15667
LOG (nnet3-chain-train[5.5.1035~1-3dd90]:ComputeChainObjfAndDerivE2e():chain-training.cc:162) Numerator objf: 1.11981
LOG (nnet3-chain-train[5.5.1035~1-3dd90]:ComputeChainObjfAndDerivE2e():chain-training.cc:162) Numerator objf: 1.13535
LOG (nnet3-chain-train[5.5.1035~1-3dd90]:ComputeChainObjfAndDerivE2e():chain-training.cc:162) Numerator objf: 1.13261
LOG (nnet3-chain-train[5.5.1035~1-3dd90]:ComputeChainObjfAndDerivE2e():chain-training.cc:162) Numerator objf: 1.06178
LOG (nnet3-chain-train[5.5.1035~1-3dd90]:ComputeChainObjfAndDerivE2e():chain-training.cc:162) Numerator objf: 1.12286
LOG (nnet3-chain-train[5.5.1035~1-3dd90]:PrintStatsForThisPhase():nnet-training.cc:278) Average objective function for 'output-xent' for minibatches 160-169 is -2.1628 over 28288 frames.
LOG (nnet3-chain-train[5.5.1035~1-3dd90]:PrintStatsForThisPhase():nnet-training.cc:278) Average objective function for 'output' for minibatches 160-169 is -0.195378 over 28288 frames.
LOG (nnet3-chain-train[5.5.1035~1-3dd90]:ComputeChainObjfAndDerivE2e():chain-training.cc:162) Numerator objf: 1.13499
LOG (nnet3-chain-train[5.5.1035~1-3dd90]:ComputeChainObjfAndDerivE2e():chain-training.cc:162) Numerator objf: 1.11427
LOG (nnet3-chain-train[5.5.1035~1-3dd90]:ComputeChainObjfAndDerivE2e():chain-training.cc:162) Numerator objf: 1.10874
LOG (nnet3-chain-train[5.5.1035~1-3dd90]:ComputeChainObjfAndDerivE2e():chain-training.cc:162) Numerator objf: 1.12267
LOG (nnet3-chain-train[5.5.1035~1-3dd90]:ComputeChainObjfAndDerivE2e():chain-training.cc:162) Numerator objf: 1.0759
LOG (nnet3-chain-train[5.5.1035~1-3dd90]:ComputeChainObjfAndDerivE2e():chain-training.cc:162) Numerator objf: 1.08533
LOG (nnet3-chain-train[5.5.1035~1-3dd90]:ComputeChainObjfAndDerivE2e():chain-training.cc:162) Numerator objf: 1.05077
LOG (nnet3-chain-train[5.5.1035~1-3dd90]:ComputeChainObjfAndDerivE2e():chain-training.cc:162) Numerator objf: 1.14269
LOG (nnet3-chain-train[5.5.1035~1-3dd90]:ComputeChainObjfAndDerivE2e():chain-training.cc:162) Numerator objf: 1.06544
LOG (nnet3-chain-train[5.5.1035~1-3dd90]:ComputeChainObjfAndDerivE2e():chain-training.cc:162) Numerator objf: 1.05126
LOG (nnet3-chain-train[5.5.1035~1-3dd90]:PrintStatsForThisPhase():nnet-training.cc:278) Average objective function for 'output-xent' for minibatches 170-179 is -2.17838 over 28096 frames.
LOG (nnet3-chain-train[5.5.1035~1-3dd90]:PrintStatsForThisPhase():nnet-training.cc:278) Average objective function for 'output' for minibatches 170-179 is -0.204005 over 28096 frames.
LOG (nnet3-chain-train[5.5.1035~1-3dd90]:ComputeChainObjfAndDerivE2e():chain-training.cc:162) Numerator objf: 1.09018
LOG (nnet3-chain-train[5.5.1035~1-3dd90]:ComputeChainObjfAndDerivE2e():chain-training.cc:162) Numerator objf: 1.1285
LOG (nnet3-chain-train[5.5.1035~1-3dd90]:ComputeChainObjfAndDerivE2e():chain-training.cc:162) Numerator objf: 1.10991
LOG (nnet3-chain-train[5.5.1035~1-3dd90]:ComputeChainObjfAndDerivE2e():chain-training.cc:162) Numerator objf: 1.08296
LOG (nnet3-chain-train[5.5.1035~1-3dd90]:ComputeChainObjfAndDerivE2e():chain-training.cc:162) Numerator objf: 1.13165
LOG (nnet3-chain-train[5.5.1035~1-3dd90]:ComputeChainObjfAndDerivE2e():chain-training.cc:162) Numerator objf: 1.09852
LOG (nnet3-chain-train[5.5.1035~1-3dd90]:ComputeChainObjfAndDerivE2e():chain-training.cc:162) Numerator objf: 1.11908
LOG (nnet3-chain-train[5.5.1035~1-3dd90]:ComputeChainObjfAndDerivE2e():chain-training.cc:162) Numerator objf: 1.10728
LOG (nnet3-chain-train[5.5.1035~1-3dd90]:ComputeChainObjfAndDerivE2e():chain-training.cc:162) Numerator objf: 1.03795
LOG (nnet3-chain-train[5.5.1035~1-3dd90]:ComputeChainObjfAndDerivE2e():chain-training.cc:162) Numerator objf: 1.1625
LOG (nnet3-chain-train[5.5.1035~1-3dd90]:PrintStatsForThisPhase():nnet-training.cc:278) Average objective function for 'output-xent' for minibatches 180-189 is -2.19902 over 28288 frames.
LOG (nnet3-chain-train[5.5.1035~1-3dd90]:PrintStatsForThisPhase():nnet-training.cc:278) Average objective function for 'output' for minibatches 180-189 is -0.193419 over 28288 frames.
LOG (nnet3-chain-train[5.5.1035~1-3dd90]:ComputeChainObjfAndDerivE2e():chain-training.cc:162) Numerator objf: 1.2082
LOG (nnet3-chain-train[5.5.1035~1-3dd90]:ComputeChainObjfAndDerivE2e():chain-training.cc:162) Numerator objf: 1.13775
LOG (nnet3-chain-train[5.5.1035~1-3dd90]:ComputeChainObjfAndDerivE2e():chain-training.cc:162) Numerator objf: 1.15757
LOG (nnet3-chain-train[5.5.1035~1-3dd90]:ComputeChainObjfAndDerivE2e():chain-training.cc:162) Numerator objf: 1.23907
LOG (nnet3-chain-train[5.5.1035~1-3dd90]:ComputeChainObjfAndDerivE2e():chain-training.cc:162) Numerator objf: 1.07628
LOG (nnet3-chain-train[5.5.1035~1-3dd90]:ComputeChainObjfAndDerivE2e():chain-training.cc:162) Numerator objf: 1.05823
LOG (nnet3-chain-train[5.5.1035~1-3dd90]:ComputeChainObjfAndDerivE2e():chain-training.cc:162) Numerator objf: 1.14046
LOG (nnet3-chain-train[5.5.1035~1-3dd90]:ComputeChainObjfAndDerivE2e():chain-training.cc:162) Numerator objf: 1.10298
LOG (nnet3-chain-train[5.5.1035~1-3dd90]:ComputeChainObjfAndDerivE2e():chain-training.cc:162) Numerator objf: 1.10926
LOG (nnet3-chain-train[5.5.1035~1-3dd90]:ComputeChainObjfAndDerivE2e():chain-training.cc:162) Numerator objf: 1.1026
LOG (nnet3-chain-train[5.5.1035~1-3dd90]:PrintStatsForThisPhase():nnet-training.cc:278) Average objective function for 'output-xent' for minibatches 190-199 is -2.10508 over 28096 frames.
LOG (nnet3-chain-train[5.5.1035~1-3dd90]:PrintStatsForThisPhase():nnet-training.cc:278) Average objective function for 'output' for minibatches 190-199 is -0.185787 over 28096 frames.
LOG (nnet3-chain-train[5.5.1035~1-3dd90]:ComputeChainObjfAndDerivE2e():chain-training.cc:162) Numerator objf: 1.13772
LOG (nnet3-chain-train[5.5.1035~1-3dd90]:ComputeChainObjfAndDerivE2e():chain-training.cc:162) Numerator objf: 1.14246
LOG (nnet3-chain-train[5.5.1035~1-3dd90]:ComputeChainObjfAndDerivE2e():chain-training.cc:162) Numerator objf: 1.12443
LOG (nnet3-chain-train[5.5.1035~1-3dd90]:ComputeChainObjfAndDerivE2e():chain-training.cc:162) Numerator objf: 1.16162
LOG (nnet3-chain-train[5.5.1035~1-3dd90]:ComputeChainObjfAndDerivE2e():chain-training.cc:162) Numerator objf: 1.1036
LOG (nnet3-chain-train[5.5.1035~1-3dd90]:ComputeChainObjfAndDerivE2e():chain-training.cc:162) Numerator objf: 1.11743
LOG (nnet3-chain-train[5.5.1035~1-3dd90]:ComputeChainObjfAndDerivE2e():chain-training.cc:162) Numerator objf: 1.14526
LOG (nnet3-chain-train[5.5.1035~1-3dd90]:ComputeChainObjfAndDerivE2e():chain-training.cc:162) Numerator objf: 1.09853
LOG (nnet3-chain-train[5.5.1035~1-3dd90]:ComputeChainObjfAndDerivE2e():chain-training.cc:162) Numerator objf: 1.11919
LOG (nnet3-chain-train[5.5.1035~1-3dd90]:ComputeChainObjfAndDerivE2e():chain-training.cc:162) Numerator objf: 1.09854
LOG (nnet3-chain-train[5.5.1035~1-3dd90]:PrintStatsForThisPhase():nnet-training.cc:278) Average objective function for 'output-xent' for minibatches 200-209 is -2.11634 over 29120 frames.
LOG (nnet3-chain-train[5.5.1035~1-3dd90]:PrintStatsForThisPhase():nnet-training.cc:278) Average objective function for 'output' for minibatches 200-209 is -0.190051 over 29120 frames.
LOG (nnet3-chain-train[5.5.1035~1-3dd90]:ComputeChainObjfAndDerivE2e():chain-training.cc:162) Numerator objf: 1.13463
LOG (nnet3-chain-train[5.5.1035~1-3dd90]:ComputeChainObjfAndDerivE2e():chain-training.cc:162) Numerator objf: 1.13231
LOG (nnet3-chain-train[5.5.1035~1-3dd90]:ComputeChainObjfAndDerivE2e():chain-training.cc:162) Numerator objf: 1.08057
LOG (nnet3-chain-train[5.5.1035~1-3dd90]:ComputeChainObjfAndDerivE2e():chain-training.cc:162) Numerator objf: 1.1142
LOG (nnet3-chain-train[5.5.1035~1-3dd90]:ComputeChainObjfAndDerivE2e():chain-training.cc:162) Numerator objf: 1.10181
LOG (nnet3-chain-train[5.5.1035~1-3dd90]:ComputeChainObjfAndDerivE2e():chain-training.cc:162) Numerator objf: 1.11996
LOG (nnet3-chain-train[5.5.1035~1-3dd90]:ComputeChainObjfAndDerivE2e():chain-training.cc:162) Numerator objf: 1.10726
LOG (nnet3-chain-train[5.5.1035~1-3dd90]:ComputeChainObjfAndDerivE2e():chain-training.cc:162) Numerator objf: 1.10898
LOG (nnet3-chain-train[5.5.1035~1-3dd90]:ComputeChainObjfAndDerivE2e():chain-training.cc:162) Numerator objf: 1.13749
LOG (nnet3-chain-train[5.5.1035~1-3dd90]:ComputeChainObjfAndDerivE2e():chain-training.cc:162) Numerator objf: 1.15058
LOG (nnet3-chain-train[5.5.1035~1-3dd90]:PrintStatsForThisPhase():nnet-training.cc:278) Average objective function for 'output-xent' for minibatches 210-219 is -2.10049 over 28288 frames.
LOG (nnet3-chain-train[5.5.1035~1-3dd90]:PrintStatsForThisPhase():nnet-training.cc:278) Average objective function for 'output' for minibatches 210-219 is -0.184766 over 28288 frames.
LOG (nnet3-chain-train[5.5.1035~1-3dd90]:ComputeChainObjfAndDerivE2e():chain-training.cc:162) Numerator objf: 1.06926
LOG (nnet3-chain-train[5.5.1035~1-3dd90]:ComputeChainObjfAndDerivE2e():chain-training.cc:162) Numerator objf: 1.07346
LOG (nnet3-chain-train[5.5.1035~1-3dd90]:ComputeChainObjfAndDerivE2e():chain-training.cc:162) Numerator objf: 1.10171
LOG (nnet3-chain-train[5.5.1035~1-3dd90]:ComputeChainObjfAndDerivE2e():chain-training.cc:162) Numerator objf: 1.12855
LOG (nnet3-chain-train[5.5.1035~1-3dd90]:ComputeChainObjfAndDerivE2e():chain-training.cc:162) Numerator objf: 1.12784
LOG (nnet3-chain-train[5.5.1035~1-3dd90]:ComputeChainObjfAndDerivE2e():chain-training.cc:162) Numerator objf: 1.13232
LOG (nnet3-chain-train[5.5.1035~1-3dd90]:ComputeChainObjfAndDerivE2e():chain-training.cc:162) Numerator objf: 1.10032
LOG (nnet3-chain-train[5.5.1035~1-3dd90]:ComputeChainObjfAndDerivE2e():chain-training.cc:162) Numerator objf: 1.09784
LOG (nnet3-chain-train[5.5.1035~1-3dd90]:ComputeChainObjfAndDerivE2e():chain-training.cc:162) Numerator objf: 1.19111
LOG (nnet3-chain-train[5.5.1035~1-3dd90]:ComputeChainObjfAndDerivE2e():chain-training.cc:162) Numerator objf: 1.0955
LOG (nnet3-chain-train[5.5.1035~1-3dd90]:PrintStatsForThisPhase():nnet-training.cc:278) Average objective function for 'output-xent' for minibatches 220-229 is -2.15296 over 28096 frames.
LOG (nnet3-chain-train[5.5.1035~1-3dd90]:PrintStatsForThisPhase():nnet-training.cc:278) Average objective function for 'output' for minibatches 220-229 is -0.200944 over 28096 frames.
LOG (nnet3-chain-train[5.5.1035~1-3dd90]:ComputeChainObjfAndDerivE2e():chain-training.cc:162) Numerator objf: 1.16655
LOG (nnet3-chain-train[5.5.1035~1-3dd90]:ComputeChainObjfAndDerivE2e():chain-training.cc:162) Numerator objf: 1.08374
LOG (nnet3-chain-train[5.5.1035~1-3dd90]:ComputeChainObjfAndDerivE2e():chain-training.cc:162) Numerator objf: 1.06677
LOG (nnet3-chain-train[5.5.1035~1-3dd90]:ComputeChainObjfAndDerivE2e():chain-training.cc:162) Numerator objf: 1.17002
LOG (nnet3-chain-train[5.5.1035~1-3dd90]:ComputeChainObjfAndDerivE2e():chain-training.cc:162) Numerator objf: 1.08967
LOG (nnet3-chain-train[5.5.1035~1-3dd90]:ComputeChainObjfAndDerivE2e():chain-training.cc:162) Numerator objf: 1.1119
LOG (nnet3-chain-train[5.5.1035~1-3dd90]:ComputeChainObjfAndDerivE2e():chain-training.cc:162) Numerator objf: 1.105
LOG (nnet3-chain-train[5.5.1035~1-3dd90]:ComputeChainObjfAndDerivE2e():chain-training.cc:162) Numerator objf: 1.08244
LOG (nnet3-chain-train[5.5.1035~1-3dd90]:ComputeChainObjfAndDerivE2e():chain-training.cc:162) Numerator objf: 1.1779
LOG (nnet3-chain-train[5.5.1035~1-3dd90]:ComputeChainObjfAndDerivE2e():chain-training.cc:162) Numerator objf: 1.05949
LOG (nnet3-chain-train[5.5.1035~1-3dd90]:PrintStatsForThisPhase():nnet-training.cc:278) Average objective function for 'output-xent' for minibatches 230-239 is -2.11812 over 28288 frames.
LOG (nnet3-chain-train[5.5.1035~1-3dd90]:PrintStatsForThisPhase():nnet-training.cc:278) Average objective function for 'output' for minibatches 230-239 is -0.183314 over 28288 frames.
LOG (nnet3-chain-train[5.5.1035~1-3dd90]:ComputeChainObjfAndDerivE2e():chain-training.cc:162) Numerator objf: 1.14823
LOG (nnet3-chain-train[5.5.1035~1-3dd90]:ComputeChainObjfAndDerivE2e():chain-training.cc:162) Numerator objf: 1.1294
LOG (nnet3-chain-train[5.5.1035~1-3dd90]:ComputeChainObjfAndDerivE2e():chain-training.cc:162) Numerator objf: 1.13881
LOG (nnet3-chain-train[5.5.1035~1-3dd90]:ComputeChainObjfAndDerivE2e():chain-training.cc:162) Numerator objf: 1.02883
LOG (nnet3-chain-train[5.5.1035~1-3dd90]:ComputeChainObjfAndDerivE2e():chain-training.cc:162) Numerator objf: 1.13074
LOG (nnet3-chain-train[5.5.1035~1-3dd90]:ComputeChainObjfAndDerivE2e():chain-training.cc:162) Numerator objf: 1.15993
LOG (nnet3-chain-train[5.5.1035~1-3dd90]:ComputeChainObjfAndDerivE2e():chain-training.cc:162) Numerator objf: 1.11614
LOG (nnet3-chain-train[5.5.1035~1-3dd90]:ComputeChainObjfAndDerivE2e():chain-training.cc:162) Numerator objf: 1.03327
LOG (nnet3-chain-train[5.5.1035~1-3dd90]:ComputeChainObjfAndDerivE2e():chain-training.cc:162) Numerator objf: 1.14237
LOG (nnet3-chain-train[5.5.1035~1-3dd90]:ComputeChainObjfAndDerivE2e():chain-training.cc:162) Numerator objf: 1.14738
LOG (nnet3-chain-train[5.5.1035~1-3dd90]:PrintStatsForThisPhase():nnet-training.cc:278) Average objective function for 'output-xent' for minibatches 240-249 is -2.14088 over 28096 frames.
LOG (nnet3-chain-train[5.5.1035~1-3dd90]:PrintStatsForThisPhase():nnet-training.cc:278) Average objective function for 'output' for minibatches 240-249 is -0.189155 over 28096 frames.
LOG (nnet3-chain-train[5.5.1035~1-3dd90]:ComputeChainObjfAndDerivE2e():chain-training.cc:162) Numerator objf: 1.04354
LOG (nnet3-chain-train[5.5.1035~1-3dd90]:ComputeChainObjfAndDerivE2e():chain-training.cc:162) Numerator objf: 1.08654
LOG (nnet3-chain-train[5.5.1035~1-3dd90]:ComputeChainObjfAndDerivE2e():chain-training.cc:162) Numerator objf: 1.06774
LOG (nnet3-chain-train[5.5.1035~1-3dd90]:ComputeChainObjfAndDerivE2e():chain-training.cc:162) Numerator objf: 1.09895
LOG (nnet3-chain-train[5.5.1035~1-3dd90]:ComputeChainObjfAndDerivE2e():chain-training.cc:162) Numerator objf: 1.09319
LOG (nnet3-chain-train[5.5.1035~1-3dd90]:ComputeChainObjfAndDerivE2e():chain-training.cc:162) Numerator objf: 1.07877
LOG (nnet3-chain-train[5.5.1035~1-3dd90]:ComputeChainObjfAndDerivE2e():chain-training.cc:162) Numerator objf: 1.13113
LOG (nnet3-chain-train[5.5.1035~1-3dd90]:ComputeChainObjfAndDerivE2e():chain-training.cc:162) Numerator objf: 1.10694
LOG (nnet3-chain-train[5.5.1035~1-3dd90]:ComputeChainObjfAndDerivE2e():chain-training.cc:162) Numerator objf: 1.06616
LOG (nnet3-chain-train[5.5.1035~1-3dd90]:ComputeChainObjfAndDerivE2e():chain-training.cc:162) Numerator objf: 1.0534
LOG (nnet3-chain-train[5.5.1035~1-3dd90]:PrintStatsForThisPhase():nnet-training.cc:278) Average objective function for 'output-xent' for minibatches 250-259 is -2.18737 over 28288 frames.
LOG (nnet3-chain-train[5.5.1035~1-3dd90]:PrintStatsForThisPhase():nnet-training.cc:278) Average objective function for 'output' for minibatches 250-259 is -0.189235 over 28288 frames.
LOG (nnet3-chain-train[5.5.1035~1-3dd90]:ComputeChainObjfAndDerivE2e():chain-training.cc:162) Numerator objf: 1.03817
LOG (nnet3-chain-train[5.5.1035~1-3dd90]:ComputeChainObjfAndDerivE2e():chain-training.cc:162) Numerator objf: 1.04525
LOG (nnet3-chain-train[5.5.1035~1-3dd90]:ComputeChainObjfAndDerivE2e():chain-training.cc:162) Numerator objf: 1.11894
LOG (nnet3-chain-train[5.5.1035~1-3dd90]:ComputeChainObjfAndDerivE2e():chain-training.cc:162) Numerator objf: 1.17229
LOG (nnet3-chain-train[5.5.1035~1-3dd90]:ComputeChainObjfAndDerivE2e():chain-training.cc:162) Numerator objf: 1.14475
LOG (nnet3-chain-train[5.5.1035~1-3dd90]:ComputeChainObjfAndDerivE2e():chain-training.cc:162) Numerator objf: 1.09985
LOG (nnet3-chain-train[5.5.1035~1-3dd90]:ComputeChainObjfAndDerivE2e():chain-training.cc:162) Numerator objf: 1.07836
LOG (nnet3-chain-train[5.5.1035~1-3dd90]:ComputeChainObjfAndDerivE2e():chain-training.cc:162) Numerator objf: 1.12891
LOG (nnet3-chain-train[5.5.1035~1-3dd90]:ComputeChainObjfAndDerivE2e():chain-training.cc:162) Numerator objf: 1.09785
LOG (nnet3-chain-train[5.5.1035~1-3dd90]:ComputeChainObjfAndDerivE2e():chain-training.cc:162) Numerator objf: 1.12983
LOG (nnet3-chain-train[5.5.1035~1-3dd90]:PrintStatsForThisPhase():nnet-training.cc:278) Average objective function for 'output-xent' for minibatches 260-269 is -2.15037 over 28096 frames.
LOG (nnet3-chain-train[5.5.1035~1-3dd90]:PrintStatsForThisPhase():nnet-training.cc:278) Average objective function for 'output' for minibatches 260-269 is -0.195586 over 28096 frames.
LOG (nnet3-chain-train[5.5.1035~1-3dd90]:ComputeChainObjfAndDerivE2e():chain-training.cc:162) Numerator objf: 1.11103
LOG (nnet3-chain-train[5.5.1035~1-3dd90]:ComputeChainObjfAndDerivE2e():chain-training.cc:162) Numerator objf: 1.07749
LOG (nnet3-chain-train[5.5.1035~1-3dd90]:ComputeChainObjfAndDerivE2e():chain-training.cc:162) Numerator objf: 1.10006
LOG (nnet3-chain-train[5.5.1035~1-3dd90]:ComputeChainObjfAndDerivE2e():chain-training.cc:162) Numerator objf: 1.15185
LOG (nnet3-chain-train[5.5.1035~1-3dd90]:ComputeChainObjfAndDerivE2e():chain-training.cc:162) Numerator objf: 1.11297
LOG (nnet3-chain-train[5.5.1035~1-3dd90]:ComputeChainObjfAndDerivE2e():chain-training.cc:162) Numerator objf: 1.07443
LOG (nnet3-chain-train[5.5.1035~1-3dd90]:ComputeChainObjfAndDerivE2e():chain-training.cc:162) Numerator objf: 1.00421
LOG (nnet3-chain-train[5.5.1035~1-3dd90]:ComputeChainObjfAndDerivE2e():chain-training.cc:162) Numerator objf: 1.13377
LOG (nnet3-chain-train[5.5.1035~1-3dd90]:ComputeChainObjfAndDerivE2e():chain-training.cc:162) Numerator objf: 1.04278
LOG (nnet3-chain-train[5.5.1035~1-3dd90]:ComputeChainObjfAndDerivE2e():chain-training.cc:162) Numerator objf: 1.07094
LOG (nnet3-chain-train[5.5.1035~1-3dd90]:PrintStatsForThisPhase():nnet-training.cc:278) Average objective function for 'output-xent' for minibatches 270-279 is -2.11379 over 28288 frames.
LOG (nnet3-chain-train[5.5.1035~1-3dd90]:PrintStatsForThisPhase():nnet-training.cc:278) Average objective function for 'output' for minibatches 270-279 is -0.188 over 28288 frames.
LOG (nnet3-chain-train[5.5.1035~1-3dd90]:ComputeChainObjfAndDerivE2e():chain-training.cc:162) Numerator objf: 1.09
LOG (nnet3-chain-train[5.5.1035~1-3dd90]:ComputeChainObjfAndDerivE2e():chain-training.cc:162) Numerator objf: 1.07259
LOG (nnet3-chain-train[5.5.1035~1-3dd90]:ComputeChainObjfAndDerivE2e():chain-training.cc:162) Numerator objf: 1.13719
LOG (nnet3-chain-train[5.5.1035~1-3dd90]:ComputeChainObjfAndDerivE2e():chain-training.cc:162) Numerator objf: 1.10593
LOG (nnet3-chain-train[5.5.1035~1-3dd90]:ComputeChainObjfAndDerivE2e():chain-training.cc:162) Numerator objf: 1.08612
LOG (nnet3-chain-train[5.5.1035~1-3dd90]:ComputeChainObjfAndDerivE2e():chain-training.cc:162) Numerator objf: 1.0744
LOG (nnet3-chain-train[5.5.1035~1-3dd90]:ComputeChainObjfAndDerivE2e():chain-training.cc:162) Numerator objf: 1.06366
LOG (nnet3-chain-train[5.5.1035~1-3dd90]:ComputeChainObjfAndDerivE2e():chain-training.cc:162) Numerator objf: 1.08508
LOG (nnet3-chain-train[5.5.1035~1-3dd90]:ComputeChainObjfAndDerivE2e():chain-training.cc:162) Numerator objf: 1.05992
LOG (nnet3-chain-train[5.5.1035~1-3dd90]:ComputeChainObjfAndDerivE2e():chain-training.cc:162) Numerator objf: 1.1104
LOG (nnet3-chain-train[5.5.1035~1-3dd90]:PrintStatsForThisPhase():nnet-training.cc:278) Average objective function for 'output-xent' for minibatches 280-289 is -2.16236 over 28096 frames.
LOG (nnet3-chain-train[5.5.1035~1-3dd90]:PrintStatsForThisPhase():nnet-training.cc:278) Average objective function for 'output' for minibatches 280-289 is -0.199265 over 28096 frames.
LOG (nnet3-chain-train[5.5.1035~1-3dd90]:ComputeChainObjfAndDerivE2e():chain-training.cc:162) Numerator objf: 1.18682
LOG (nnet3-chain-train[5.5.1035~1-3dd90]:ComputeChainObjfAndDerivE2e():chain-training.cc:162) Numerator objf: 1.06087
LOG (nnet3-chain-train[5.5.1035~1-3dd90]:ComputeChainObjfAndDerivE2e():chain-training.cc:162) Numerator objf: 1.14126
LOG (nnet3-chain-train[5.5.1035~1-3dd90]:ComputeChainObjfAndDerivE2e():chain-training.cc:162) Numerator objf: 1.13366
LOG (nnet3-chain-train[5.5.1035~1-3dd90]:ComputeChainObjfAndDerivE2e():chain-training.cc:162) Numerator objf: 1.09758
LOG (nnet3-chain-train[5.5.1035~1-3dd90]:ComputeChainObjfAndDerivE2e():chain-training.cc:162) Numerator objf: 1.10526
LOG (nnet3-chain-train[5.5.1035~1-3dd90]:ComputeChainObjfAndDerivE2e():chain-training.cc:162) Numerator objf: 1.15168
LOG (nnet3-chain-train[5.5.1035~1-3dd90]:ComputeChainObjfAndDerivE2e():chain-training.cc:162) Numerator objf: 1.14976
LOG (nnet3-chain-train[5.5.1035~1-3dd90]:ComputeChainObjfAndDerivE2e():chain-training.cc:162) Numerator objf: 1.19167
LOG (nnet3-chain-train[5.5.1035~1-3dd90]:ComputeChainObjfAndDerivE2e():chain-training.cc:162) Numerator objf: 1.10835
LOG (nnet3-chain-train[5.5.1035~1-3dd90]:PrintStatsForThisPhase():nnet-training.cc:278) Average objective function for 'output-xent' for minibatches 290-299 is -2.07401 over 28288 frames.
LOG (nnet3-chain-train[5.5.1035~1-3dd90]:PrintStatsForThisPhase():nnet-training.cc:278) Average objective function for 'output' for minibatches 290-299 is -0.175345 over 28288 frames.
LOG (nnet3-chain-train[5.5.1035~1-3dd90]:ComputeChainObjfAndDerivE2e():chain-training.cc:162) Numerator objf: 1.08651
LOG (nnet3-chain-train[5.5.1035~1-3dd90]:ComputeChainObjfAndDerivE2e():chain-training.cc:162) Numerator objf: 1.14852
LOG (nnet3-chain-train[5.5.1035~1-3dd90]:ComputeChainObjfAndDerivE2e():chain-training.cc:162) Numerator objf: 1.1758
LOG (nnet3-chain-train[5.5.1035~1-3dd90]:ComputeChainObjfAndDerivE2e():chain-training.cc:162) Numerator objf: 1.10513
LOG (nnet3-chain-train[5.5.1035~1-3dd90]:ComputeChainObjfAndDerivE2e():chain-training.cc:162) Numerator objf: 1.08553
LOG (nnet3-chain-train[5.5.1035~1-3dd90]:ComputeChainObjfAndDerivE2e():chain-training.cc:162) Numerator objf: 1.15468
LOG (nnet3-chain-train[5.5.1035~1-3dd90]:ComputeChainObjfAndDerivE2e():chain-training.cc:162) Numerator objf: 1.1525
LOG (nnet3-chain-train[5.5.1035~1-3dd90]:ComputeChainObjfAndDerivE2e():chain-training.cc:162) Numerator objf: 1.17986
LOG (nnet3-chain-train[5.5.1035~1-3dd90]:ComputeChainObjfAndDerivE2e():chain-training.cc:162) Numerator objf: 1.14237
LOG (nnet3-chain-train[5.5.1035~1-3dd90]:ComputeChainObjfAndDerivE2e():chain-training.cc:162) Numerator objf: 1.16219
LOG (nnet3-chain-train[5.5.1035~1-3dd90]:PrintStatsForThisPhase():nnet-training.cc:278) Average objective function for 'output-xent' for minibatches 300-309 is -2.11033 over 28096 frames.
LOG (nnet3-chain-train[5.5.1035~1-3dd90]:PrintStatsForThisPhase():nnet-training.cc:278) Average objective function for 'output' for minibatches 300-309 is -0.183591 over 28096 frames.
LOG (nnet3-chain-train[5.5.1035~1-3dd90]:ComputeChainObjfAndDerivE2e():chain-training.cc:162) Numerator objf: 1.15279
LOG (nnet3-chain-train[5.5.1035~1-3dd90]:ComputeChainObjfAndDerivE2e():chain-training.cc:162) Numerator objf: 1.09906
LOG (nnet3-chain-train[5.5.1035~1-3dd90]:ComputeChainObjfAndDerivE2e():chain-training.cc:162) Numerator objf: 1.14933
LOG (nnet3-chain-train[5.5.1035~1-3dd90]:ComputeChainObjfAndDerivE2e():chain-training.cc:162) Numerator objf: 1.13127
LOG (nnet3-chain-train[5.5.1035~1-3dd90]:ComputeChainObjfAndDerivE2e():chain-training.cc:162) Numerator objf: 1.12604
LOG (nnet3-chain-train[5.5.1035~1-3dd90]:ComputeChainObjfAndDerivE2e():chain-training.cc:162) Numerator objf: 1.18511
LOG (nnet3-chain-train[5.5.1035~1-3dd90]:ComputeChainObjfAndDerivE2e():chain-training.cc:162) Numerator objf: 1.19208
LOG (nnet3-chain-train[5.5.1035~1-3dd90]:ComputeChainObjfAndDerivE2e():chain-training.cc:162) Numerator objf: 1.05401
LOG (nnet3-chain-train[5.5.1035~1-3dd90]:ComputeChainObjfAndDerivE2e():chain-training.cc:162) Numerator objf: 1.13501
LOG (nnet3-chain-train[5.5.1035~1-3dd90]:ComputeChainObjfAndDerivE2e():chain-training.cc:162) Numerator objf: 1.14198
LOG (nnet3-chain-train[5.5.1035~1-3dd90]:PrintStatsForThisPhase():nnet-training.cc:278) Average objective function for 'output-xent' for minibatches 310-319 is -2.11756 over 28288 frames.
LOG (nnet3-chain-train[5.5.1035~1-3dd90]:PrintStatsForThisPhase():nnet-training.cc:278) Average objective function for 'output' for minibatches 310-319 is -0.181753 over 28288 frames.
LOG (nnet3-chain-train[5.5.1035~1-3dd90]:ComputeChainObjfAndDerivE2e():chain-training.cc:162) Numerator objf: 1.13678
LOG (nnet3-chain-train[5.5.1035~1-3dd90]:ComputeChainObjfAndDerivE2e():chain-training.cc:162) Numerator objf: 1.09766
LOG (nnet3-chain-train[5.5.1035~1-3dd90]:ComputeChainObjfAndDerivE2e():chain-training.cc:162) Numerator objf: 1.05006
LOG (nnet3-chain-train[5.5.1035~1-3dd90]:ComputeChainObjfAndDerivE2e():chain-training.cc:162) Numerator objf: 1.17669
LOG (nnet3-chain-train[5.5.1035~1-3dd90]:ComputeChainObjfAndDerivE2e():chain-training.cc:162) Numerator objf: 1.07244
LOG (nnet3-chain-train[5.5.1035~1-3dd90]:ComputeChainObjfAndDerivE2e():chain-training.cc:162) Numerator objf: 1.12071
LOG (nnet3-chain-train[5.5.1035~1-3dd90]:ComputeChainObjfAndDerivE2e():chain-training.cc:162) Numerator objf: 1.09133
LOG (nnet3-chain-train[5.5.1035~1-3dd90]:ComputeChainObjfAndDerivE2e():chain-training.cc:162) Numerator objf: 1.17513
LOG (nnet3-chain-train[5.5.1035~1-3dd90]:ComputeChainObjfAndDerivE2e():chain-training.cc:162) Numerator objf: 1.09665
LOG (nnet3-chain-train[5.5.1035~1-3dd90]:ComputeChainObjfAndDerivE2e():chain-training.cc:162) Numerator objf: 1.06114
LOG (nnet3-chain-train[5.5.1035~1-3dd90]:PrintStatsForThisPhase():nnet-training.cc:278) Average objective function for 'output-xent' for minibatches 320-329 is -2.13412 over 28096 frames.
LOG (nnet3-chain-train[5.5.1035~1-3dd90]:PrintStatsForThisPhase():nnet-training.cc:278) Average objective function for 'output' for minibatches 320-329 is -0.195758 over 28096 frames.
LOG (nnet3-chain-train[5.5.1035~1-3dd90]:ComputeChainObjfAndDerivE2e():chain-training.cc:162) Numerator objf: 1.21317
LOG (nnet3-chain-train[5.5.1035~1-3dd90]:ComputeChainObjfAndDerivE2e():chain-training.cc:162) Numerator objf: 1.16903
LOG (nnet3-chain-train[5.5.1035~1-3dd90]:ComputeChainObjfAndDerivE2e():chain-training.cc:162) Numerator objf: 1.20319
LOG (nnet3-chain-train[5.5.1035~1-3dd90]:ComputeChainObjfAndDerivE2e():chain-training.cc:162) Numerator objf: 1.1366
LOG (nnet3-chain-train[5.5.1035~1-3dd90]:ComputeChainObjfAndDerivE2e():chain-training.cc:162) Numerator objf: 1.113
LOG (nnet3-chain-train[5.5.1035~1-3dd90]:ComputeChainObjfAndDerivE2e():chain-training.cc:162) Numerator objf: 1.17135
LOG (nnet3-chain-train[5.5.1035~1-3dd90]:ComputeChainObjfAndDerivE2e():chain-training.cc:162) Numerator objf: 1.15473
LOG (nnet3-chain-train[5.5.1035~1-3dd90]:ComputeChainObjfAndDerivE2e():chain-training.cc:162) Numerator objf: 1.16928
LOG (nnet3-chain-train[5.5.1035~1-3dd90]:ComputeChainObjfAndDerivE2e():chain-training.cc:162) Numerator objf: 1.28844
LOG (nnet3-chain-train[5.5.1035~1-3dd90]:ComputeChainObjfAndDerivE2e():chain-training.cc:162) Numerator objf: 1.12131
LOG (nnet3-chain-train[5.5.1035~1-3dd90]:PrintStatsForThisPhase():nnet-training.cc:278) Average objective function for 'output-xent' for minibatches 330-339 is -2.05539 over 27264 frames.
LOG (nnet3-chain-train[5.5.1035~1-3dd90]:PrintStatsForThisPhase():nnet-training.cc:278) Average objective function for 'output' for minibatches 330-339 is -0.176546 over 27264 frames.
LOG (nnet3-chain-train[5.5.1035~1-3dd90]:ComputeChainObjfAndDerivE2e():chain-training.cc:162) Numerator objf: 1.08924
LOG (nnet3-chain-train[5.5.1035~1-3dd90]:ComputeChainObjfAndDerivE2e():chain-training.cc:162) Numerator objf: 1.12902
LOG (nnet3-chain-train[5.5.1035~1-3dd90]:ComputeChainObjfAndDerivE2e():chain-training.cc:162) Numerator objf: 1.1244
LOG (nnet3-chain-train[5.5.1035~1-3dd90]:ComputeChainObjfAndDerivE2e():chain-training.cc:162) Numerator objf: 1.114
LOG (nnet3-chain-train[5.5.1035~1-3dd90]:ComputeChainObjfAndDerivE2e():chain-training.cc:162) Numerator objf: 1.11891
LOG (nnet3-chain-train[5.5.1035~1-3dd90]:ComputeChainObjfAndDerivE2e():chain-training.cc:162) Numerator objf: 1.19405
LOG (nnet3-chain-train[5.5.1035~1-3dd90]:ComputeChainObjfAndDerivE2e():chain-training.cc:162) Numerator objf: 1.15288
LOG (nnet3-chain-train[5.5.1035~1-3dd90]:ComputeChainObjfAndDerivE2e():chain-training.cc:162) Numerator objf: 1.11942
LOG (nnet3-chain-train[5.5.1035~1-3dd90]:ComputeChainObjfAndDerivE2e():chain-training.cc:162) Numerator objf: 1.1039
LOG (nnet3-chain-train[5.5.1035~1-3dd90]:ComputeChainObjfAndDerivE2e():chain-training.cc:162) Numerator objf: 1.14656
LOG (nnet3-chain-train[5.5.1035~1-3dd90]:PrintStatsForThisPhase():nnet-training.cc:278) Average objective function for 'output-xent' for minibatches 340-349 is -2.17927 over 29120 frames.
LOG (nnet3-chain-train[5.5.1035~1-3dd90]:PrintStatsForThisPhase():nnet-training.cc:278) Average objective function for 'output' for minibatches 340-349 is -0.204518 over 29120 frames.
LOG (nnet3-chain-train[5.5.1035~1-3dd90]:ComputeChainObjfAndDerivE2e():chain-training.cc:162) Numerator objf: 1.12973
LOG (nnet3-chain-train[5.5.1035~1-3dd90]:ComputeChainObjfAndDerivE2e():chain-training.cc:162) Numerator objf: 1.14112
LOG (nnet3-chain-train[5.5.1035~1-3dd90]:ComputeChainObjfAndDerivE2e():chain-training.cc:162) Numerator objf: 1.23558
LOG (nnet3-chain-train[5.5.1035~1-3dd90]:ComputeChainObjfAndDerivE2e():chain-training.cc:162) Numerator objf: 1.14515
LOG (nnet3-chain-train[5.5.1035~1-3dd90]:ComputeChainObjfAndDerivE2e():chain-training.cc:162) Numerator objf: 1.20261
LOG (nnet3-chain-train[5.5.1035~1-3dd90]:ComputeChainObjfAndDerivE2e():chain-training.cc:162) Numerator objf: 1.1498
LOG (nnet3-chain-train[5.5.1035~1-3dd90]:ComputeChainObjfAndDerivE2e():chain-training.cc:162) Numerator objf: 1.1373
LOG (nnet3-chain-train[5.5.1035~1-3dd90]:ComputeChainObjfAndDerivE2e():chain-training.cc:162) Numerator objf: 1.12483
LOG (nnet3-chain-train[5.5.1035~1-3dd90]:ComputeChainObjfAndDerivE2e():chain-training.cc:162) Numerator objf: 1.22251
LOG (nnet3-chain-train[5.5.1035~1-3dd90]:ComputeChainObjfAndDerivE2e():chain-training.cc:162) Numerator objf: 1.20219
LOG (nnet3-chain-train[5.5.1035~1-3dd90]:PrintStatsForThisPhase():nnet-training.cc:278) Average objective function for 'output-xent' for minibatches 350-359 is -2.09213 over 27264 frames.
LOG (nnet3-chain-train[5.5.1035~1-3dd90]:PrintStatsForThisPhase():nnet-training.cc:278) Average objective function for 'output' for minibatches 350-359 is -0.188687 over 27264 frames.
LOG (nnet3-chain-train[5.5.1035~1-3dd90]:ComputeChainObjfAndDerivE2e():chain-training.cc:162) Numerator objf: 1.18527
LOG (nnet3-chain-train[5.5.1035~1-3dd90]:ComputeChainObjfAndDerivE2e():chain-training.cc:162) Numerator objf: 1.16611
LOG (nnet3-chain-train[5.5.1035~1-3dd90]:ComputeChainObjfAndDerivE2e():chain-training.cc:162) Numerator objf: 1.24556
LOG (nnet3-chain-train[5.5.1035~1-3dd90]:ComputeChainObjfAndDerivE2e():chain-training.cc:162) Numerator objf: 1.08507
LOG (nnet3-chain-train[5.5.1035~1-3dd90]:ComputeChainObjfAndDerivE2e():chain-training.cc:162) Numerator objf: 1.14758
LOG (nnet3-chain-train[5.5.1035~1-3dd90]:ComputeChainObjfAndDerivE2e():chain-training.cc:162) Numerator objf: 1.20252
LOG (nnet3-chain-train[5.5.1035~1-3dd90]:ComputeChainObjfAndDerivE2e():chain-training.cc:162) Numerator objf: 1.17229
LOG (nnet3-chain-train[5.5.1035~1-3dd90]:ComputeChainObjfAndDerivE2e():chain-training.cc:162) Numerator objf: 1.17894
LOG (nnet3-chain-train[5.5.1035~1-3dd90]:ComputeChainObjfAndDerivE2e():chain-training.cc:162) Numerator objf: 1.13817
LOG (nnet3-chain-train[5.5.1035~1-3dd90]:ComputeChainObjfAndDerivE2e():chain-training.cc:162) Numerator objf: 1.13141
LOG (nnet3-chain-train[5.5.1035~1-3dd90]:PrintStatsForThisPhase():nnet-training.cc:278) Average objective function for 'output-xent' for minibatches 360-369 is -2.08832 over 29120 frames.
LOG (nnet3-chain-train[5.5.1035~1-3dd90]:PrintStatsForThisPhase():nnet-training.cc:278) Average objective function for 'output' for minibatches 360-369 is -0.182611 over 29120 frames.
LOG (nnet3-chain-train[5.5.1035~1-3dd90]:ComputeChainObjfAndDerivE2e():chain-training.cc:162) Numerator objf: 1.12293
LOG (nnet3-chain-train[5.5.1035~1-3dd90]:ComputeChainObjfAndDerivE2e():chain-training.cc:162) Numerator objf: 1.10228
LOG (nnet3-chain-train[5.5.1035~1-3dd90]:ComputeChainObjfAndDerivE2e():chain-training.cc:162) Numerator objf: 1.19051
LOG (nnet3-chain-train[5.5.1035~1-3dd90]:ComputeChainObjfAndDerivE2e():chain-training.cc:162) Numerator objf: 1.12023
LOG (nnet3-chain-train[5.5.1035~1-3dd90]:ComputeChainObjfAndDerivE2e():chain-training.cc:162) Numerator objf: 1.14618
LOG (nnet3-chain-train[5.5.1035~1-3dd90]:ComputeChainObjfAndDerivE2e():chain-training.cc:162) Numerator objf: 1.13594
LOG (nnet3-chain-train[5.5.1035~1-3dd90]:ComputeChainObjfAndDerivE2e():chain-training.cc:162) Numerator objf: 1.11631
LOG (nnet3-chain-train[5.5.1035~1-3dd90]:ComputeChainObjfAndDerivE2e():chain-training.cc:162) Numerator objf: 1.10413
LOG (nnet3-chain-train[5.5.1035~1-3dd90]:ComputeChainObjfAndDerivE2e():chain-training.cc:162) Numerator objf: 1.15926
LOG (nnet3-chain-train[5.5.1035~1-3dd90]:ComputeChainObjfAndDerivE2e():chain-training.cc:162) Numerator objf: 1.11353
LOG (nnet3-chain-train[5.5.1035~1-3dd90]:PrintStatsForThisPhase():nnet-training.cc:278) Average objective function for 'output-xent' for minibatches 370-379 is -2.11826 over 28288 frames.
LOG (nnet3-chain-train[5.5.1035~1-3dd90]:PrintStatsForThisPhase():nnet-training.cc:278) Average objective function for 'output' for minibatches 370-379 is -0.19619 over 28288 frames.
LOG (nnet3-chain-train[5.5.1035~1-3dd90]:ComputeChainObjfAndDerivE2e():chain-training.cc:162) Numerator objf: 1.06372
LOG (nnet3-chain-train[5.5.1035~1-3dd90]:ComputeChainObjfAndDerivE2e():chain-training.cc:162) Numerator objf: 1.15161
LOG (nnet3-chain-train[5.5.1035~1-3dd90]:ComputeChainObjfAndDerivE2e():chain-training.cc:162) Numerator objf: 1.05786
LOG (nnet3-chain-train[5.5.1035~1-3dd90]:ComputeChainObjfAndDerivE2e():chain-training.cc:162) Numerator objf: 1.1017
LOG (nnet3-chain-train[5.5.1035~1-3dd90]:ComputeChainObjfAndDerivE2e():chain-training.cc:162) Numerator objf: 1.05695
LOG (nnet3-chain-train[5.5.1035~1-3dd90]:ComputeChainObjfAndDerivE2e():chain-training.cc:162) Numerator objf: 1.09779
LOG (nnet3-chain-train[5.5.1035~1-3dd90]:ComputeChainObjfAndDerivE2e():chain-training.cc:162) Numerator objf: 1.22961
LOG (nnet3-chain-train[5.5.1035~1-3dd90]:ComputeChainObjfAndDerivE2e():chain-training.cc:162) Numerator objf: 1.13111
LOG (nnet3-chain-train[5.5.1035~1-3dd90]:ComputeChainObjfAndDerivE2e():chain-training.cc:162) Numerator objf: 1.11003
LOG (nnet3-chain-train[5.5.1035~1-3dd90]:ComputeChainObjfAndDerivE2e():chain-training.cc:162) Numerator objf: 1.14162
LOG (nnet3-chain-train[5.5.1035~1-3dd90]:PrintStatsForThisPhase():nnet-training.cc:278) Average objective function for 'output-xent' for minibatches 380-389 is -2.14547 over 27264 frames.
LOG (nnet3-chain-train[5.5.1035~1-3dd90]:PrintStatsForThisPhase():nnet-training.cc:278) Average objective function for 'output' for minibatches 380-389 is -0.190712 over 27264 frames.
LOG (nnet3-chain-train[5.5.1035~1-3dd90]:ComputeChainObjfAndDerivE2e():chain-training.cc:162) Numerator objf: 1.1316
LOG (nnet3-chain-train[5.5.1035~1-3dd90]:ComputeChainObjfAndDerivE2e():chain-training.cc:162) Numerator objf: 1.0923
LOG (nnet3-chain-train[5.5.1035~1-3dd90]:ComputeChainObjfAndDerivE2e():chain-training.cc:162) Numerator objf: 1.13752
LOG (nnet3-chain-train[5.5.1035~1-3dd90]:ComputeChainObjfAndDerivE2e():chain-training.cc:162) Numerator objf: 1.0873
LOG (nnet3-chain-train[5.5.1035~1-3dd90]:ComputeChainObjfAndDerivE2e():chain-training.cc:162) Numerator objf: 1.10032
LOG (nnet3-chain-train[5.5.1035~1-3dd90]:ComputeChainObjfAndDerivE2e():chain-training.cc:162) Numerator objf: 1.12477
LOG (nnet3-chain-train[5.5.1035~1-3dd90]:ComputeChainObjfAndDerivE2e():chain-training.cc:162) Numerator objf: 1.10292
LOG (nnet3-chain-train[5.5.1035~1-3dd90]:ComputeChainObjfAndDerivE2e():chain-training.cc:162) Numerator objf: 1.18243
LOG (nnet3-chain-train[5.5.1035~1-3dd90]:ComputeChainObjfAndDerivE2e():chain-training.cc:162) Numerator objf: 1.1605
LOG (nnet3-chain-train[5.5.1035~1-3dd90]:ComputeChainObjfAndDerivE2e():chain-training.cc:162) Numerator objf: 1.18161
LOG (nnet3-chain-train[5.5.1035~1-3dd90]:PrintStatsForThisPhase():nnet-training.cc:278) Average objective function for 'output-xent' for minibatches 390-399 is -2.13374 over 29120 frames.
LOG (nnet3-chain-train[5.5.1035~1-3dd90]:PrintStatsForThisPhase():nnet-training.cc:278) Average objective function for 'output' for minibatches 390-399 is -0.187722 over 29120 frames.
LOG (nnet3-chain-train[5.5.1035~1-3dd90]:ComputeChainObjfAndDerivE2e():chain-training.cc:162) Numerator objf: 1.11328
LOG (nnet3-chain-train[5.5.1035~1-3dd90]:ComputeChainObjfAndDerivE2e():chain-training.cc:162) Numerator objf: 1.06763
LOG (nnet3-chain-train[5.5.1035~1-3dd90]:ComputeChainObjfAndDerivE2e():chain-training.cc:162) Numerator objf: 1.10399
LOG (nnet3-chain-train[5.5.1035~1-3dd90]:ComputeChainObjfAndDerivE2e():chain-training.cc:162) Numerator objf: 1.20824
LOG (nnet3-chain-train[5.5.1035~1-3dd90]:ComputeChainObjfAndDerivE2e():chain-training.cc:162) Numerator objf: 1.14592
LOG (nnet3-chain-train[5.5.1035~1-3dd90]:ComputeChainObjfAndDerivE2e():chain-training.cc:162) Numerator objf: 1.13871
LOG (nnet3-chain-train[5.5.1035~1-3dd90]:ComputeChainObjfAndDerivE2e():chain-training.cc:162) Numerator objf: 1.18171
LOG (nnet3-chain-train[5.5.1035~1-3dd90]:ComputeChainObjfAndDerivE2e():chain-training.cc:162) Numerator objf: 1.09066
LOG (nnet3-chain-train[5.5.1035~1-3dd90]:ComputeChainObjfAndDerivE2e():chain-training.cc:162) Numerator objf: 1.07131
LOG (nnet3-chain-train[5.5.1035~1-3dd90]:ComputeChainObjfAndDerivE2e():chain-training.cc:162) Numerator objf: 1.13969
LOG (nnet3-chain-train[5.5.1035~1-3dd90]:PrintStatsForThisPhase():nnet-training.cc:278) Average objective function for 'output-xent' for minibatches 400-409 is -2.1422 over 28096 frames.
LOG (nnet3-chain-train[5.5.1035~1-3dd90]:PrintStatsForThisPhase():nnet-training.cc:278) Average objective function for 'output' for minibatches 400-409 is -0.193106 over 28096 frames.
LOG (nnet3-chain-train[5.5.1035~1-3dd90]:ComputeChainObjfAndDerivE2e():chain-training.cc:162) Numerator objf: 1.22405
LOG (nnet3-chain-train[5.5.1035~1-3dd90]:ComputeChainObjfAndDerivE2e():chain-training.cc:162) Numerator objf: 1.14377
LOG (nnet3-chain-train[5.5.1035~1-3dd90]:ComputeChainObjfAndDerivE2e():chain-training.cc:162) Numerator objf: 1.20028
LOG (nnet3-chain-train[5.5.1035~1-3dd90]:ComputeChainObjfAndDerivE2e():chain-training.cc:162) Numerator objf: 1.1324
LOG (nnet3-chain-train[5.5.1035~1-3dd90]:ComputeChainObjfAndDerivE2e():chain-training.cc:162) Numerator objf: 1.14841
LOG (nnet3-chain-train[5.5.1035~1-3dd90]:ComputeChainObjfAndDerivE2e():chain-training.cc:162) Numerator objf: 1.07496
LOG (nnet3-chain-train[5.5.1035~1-3dd90]:ComputeChainObjfAndDerivE2e():chain-training.cc:162) Numerator objf: 1.12625
LOG (nnet3-chain-train[5.5.1035~1-3dd90]:ComputeChainObjfAndDerivE2e():chain-training.cc:162) Numerator objf: 1.13011
LOG (nnet3-chain-train[5.5.1035~1-3dd90]:ComputeChainObjfAndDerivE2e():chain-training.cc:162) Numerator objf: 1.13348
LOG (nnet3-chain-train[5.5.1035~1-3dd90]:ComputeChainObjfAndDerivE2e():chain-training.cc:162) Numerator objf: 1.11174
LOG (nnet3-chain-train[5.5.1035~1-3dd90]:PrintStatsForThisPhase():nnet-training.cc:278) Average objective function for 'output-xent' for minibatches 410-419 is -2.09027 over 27264 frames.
LOG (nnet3-chain-train[5.5.1035~1-3dd90]:PrintStatsForThisPhase():nnet-training.cc:278) Average objective function for 'output' for minibatches 410-419 is -0.187543 over 27264 frames.
LOG (nnet3-chain-train[5.5.1035~1-3dd90]:ComputeChainObjfAndDerivE2e():chain-training.cc:162) Numerator objf: 1.11898
LOG (nnet3-chain-train[5.5.1035~1-3dd90]:ComputeChainObjfAndDerivE2e():chain-training.cc:162) Numerator objf: 1.17397
LOG (nnet3-chain-train[5.5.1035~1-3dd90]:ComputeChainObjfAndDerivE2e():chain-training.cc:162) Numerator objf: 1.1918
LOG (nnet3-chain-train[5.5.1035~1-3dd90]:ComputeChainObjfAndDerivE2e():chain-training.cc:162) Numerator objf: 1.16198
LOG (nnet3-chain-train[5.5.1035~1-3dd90]:ComputeChainObjfAndDerivE2e():chain-training.cc:162) Numerator objf: 1.13272
LOG (nnet3-chain-train[5.5.1035~1-3dd90]:ComputeChainObjfAndDerivE2e():chain-training.cc:162) Numerator objf: 1.12135
LOG (nnet3-chain-train[5.5.1035~1-3dd90]:ComputeChainObjfAndDerivE2e():chain-training.cc:162) Numerator objf: 1.09517
LOG (nnet3-chain-train[5.5.1035~1-3dd90]:ComputeChainObjfAndDerivE2e():chain-training.cc:162) Numerator objf: 1.10303
LOG (nnet3-chain-train[5.5.1035~1-3dd90]:ComputeChainObjfAndDerivE2e():chain-training.cc:162) Numerator objf: 1.06724
LOG (nnet3-chain-train[5.5.1035~1-3dd90]:ComputeChainObjfAndDerivE2e():chain-training.cc:162) Numerator objf: 1.14115
LOG (nnet3-chain-train[5.5.1035~1-3dd90]:PrintStatsForThisPhase():nnet-training.cc:278) Average objective function for 'output-xent' for minibatches 420-429 is -2.1474 over 28288 frames.
LOG (nnet3-chain-train[5.5.1035~1-3dd90]:PrintStatsForThisPhase():nnet-training.cc:278) Average objective function for 'output' for minibatches 420-429 is -0.191721 over 28288 frames.
LOG (nnet3-chain-train[5.5.1035~1-3dd90]:ComputeChainObjfAndDerivE2e():chain-training.cc:162) Numerator objf: 1.0732
LOG (nnet3-chain-train[5.5.1035~1-3dd90]:ComputeChainObjfAndDerivE2e():chain-training.cc:162) Numerator objf: 1.11739
LOG (nnet3-chain-train[5.5.1035~1-3dd90]:ComputeChainObjfAndDerivE2e():chain-training.cc:162) Numerator objf: 1.121
LOG (nnet3-chain-train[5.5.1035~1-3dd90]:ComputeChainObjfAndDerivE2e():chain-training.cc:162) Numerator objf: 1.08639
LOG (nnet3-chain-train[5.5.1035~1-3dd90]:ComputeChainObjfAndDerivE2e():chain-training.cc:162) Numerator objf: 1.17595
LOG (nnet3-chain-train[5.5.1035~1-3dd90]:ComputeChainObjfAndDerivE2e():chain-training.cc:162) Numerator objf: 1.0826
LOG (nnet3-chain-train[5.5.1035~1-3dd90]:ComputeChainObjfAndDerivE2e():chain-training.cc:162) Numerator objf: 1.01241
LOG (nnet3-chain-train[5.5.1035~1-3dd90]:ComputeChainObjfAndDerivE2e():chain-training.cc:162) Numerator objf: 1.15114
LOG (nnet3-chain-train[5.5.1035~1-3dd90]:ComputeChainObjfAndDerivE2e():chain-training.cc:162) Numerator objf: 1.12474
LOG (nnet3-chain-train[5.5.1035~1-3dd90]:ComputeChainObjfAndDerivE2e():chain-training.cc:162) Numerator objf: 1.11047
LOG (nnet3-chain-train[5.5.1035~1-3dd90]:PrintStatsForThisPhase():nnet-training.cc:278) Average objective function for 'output-xent' for minibatches 430-439 is -2.10908 over 28096 frames.
LOG (nnet3-chain-train[5.5.1035~1-3dd90]:PrintStatsForThisPhase():nnet-training.cc:278) Average objective function for 'output' for minibatches 430-439 is -0.194001 over 28096 frames.
LOG (nnet3-chain-train[5.5.1035~1-3dd90]:ComputeChainObjfAndDerivE2e():chain-training.cc:162) Numerator objf: 1.18608
LOG (nnet3-chain-train[5.5.1035~1-3dd90]:ComputeChainObjfAndDerivE2e():chain-training.cc:162) Numerator objf: 1.13662
LOG (nnet3-chain-train[5.5.1035~1-3dd90]:ComputeChainObjfAndDerivE2e():chain-training.cc:162) Numerator objf: 1.16245
LOG (nnet3-chain-copy-egs[5.5.1035~1-3dd90]:main():nnet3-chain-copy-egs.cc:395) Read 33660 neural-network training examples, wrote 33660
LOG (nnet3-chain-train[5.5.1035~1-3dd90]:ComputeChainObjfAndDerivE2e():chain-training.cc:162) Numerator objf: 1.14277
LOG (nnet3-chain-train[5.5.1035~1-3dd90]:ComputeChainObjfAndDerivE2e():chain-training.cc:162) Numerator objf: 1.10706
LOG (nnet3-chain-train[5.5.1035~1-3dd90]:ComputeChainObjfAndDerivE2e():chain-training.cc:162) Numerator objf: 1.15639
LOG (nnet3-chain-train[5.5.1035~1-3dd90]:ComputeChainObjfAndDerivE2e():chain-training.cc:162) Numerator objf: 1.08511
LOG (nnet3-chain-train[5.5.1035~1-3dd90]:ComputeChainObjfAndDerivE2e():chain-training.cc:162) Numerator objf: 1.11349
LOG (nnet3-chain-train[5.5.1035~1-3dd90]:ComputeChainObjfAndDerivE2e():chain-training.cc:162) Numerator objf: 1.15545
LOG (nnet3-chain-train[5.5.1035~1-3dd90]:ComputeChainObjfAndDerivE2e():chain-training.cc:162) Numerator objf: 1.13378
LOG (nnet3-chain-train[5.5.1035~1-3dd90]:PrintStatsForThisPhase():nnet-training.cc:278) Average objective function for 'output-xent' for minibatches 440-449 is -2.12725 over 28096 frames.
LOG (nnet3-chain-train[5.5.1035~1-3dd90]:PrintStatsForThisPhase():nnet-training.cc:278) Average objective function for 'output' for minibatches 440-449 is -0.190389 over 28096 frames.
LOG (nnet3-chain-train[5.5.1035~1-3dd90]:ComputeChainObjfAndDerivE2e():chain-training.cc:162) Numerator objf: 1.11957
LOG (nnet3-chain-train[5.5.1035~1-3dd90]:ComputeChainObjfAndDerivE2e():chain-training.cc:162) Numerator objf: 1.20622
LOG (nnet3-chain-train[5.5.1035~1-3dd90]:ComputeChainObjfAndDerivE2e():chain-training.cc:162) Numerator objf: 1.17288
LOG (nnet3-chain-train[5.5.1035~1-3dd90]:ComputeChainObjfAndDerivE2e():chain-training.cc:162) Numerator objf: 1.12948
LOG (nnet3-chain-train[5.5.1035~1-3dd90]:ComputeChainObjfAndDerivE2e():chain-training.cc:162) Numerator objf: 1.0997
LOG (nnet3-chain-train[5.5.1035~1-3dd90]:ComputeChainObjfAndDerivE2e():chain-training.cc:162) Numerator objf: 1.16529
LOG (nnet3-chain-train[5.5.1035~1-3dd90]:ComputeChainObjfAndDerivE2e():chain-training.cc:162) Numerator objf: 1.13675
LOG (nnet3-chain-train[5.5.1035~1-3dd90]:ComputeChainObjfAndDerivE2e():chain-training.cc:162) Numerator objf: 1.11513
LOG (nnet3-chain-train[5.5.1035~1-3dd90]:ComputeChainObjfAndDerivE2e():chain-training.cc:162) Numerator objf: 1.14283
LOG (nnet3-chain-train[5.5.1035~1-3dd90]:ComputeChainObjfAndDerivE2e():chain-training.cc:162) Numerator objf: 1.15523
LOG (nnet3-chain-train[5.5.1035~1-3dd90]:PrintStatsForThisPhase():nnet-training.cc:278) Average objective function for 'output-xent' for minibatches 450-459 is -2.08875 over 28288 frames.
LOG (nnet3-chain-train[5.5.1035~1-3dd90]:PrintStatsForThisPhase():nnet-training.cc:278) Average objective function for 'output' for minibatches 450-459 is -0.189635 over 28288 frames.
LOG (nnet3-chain-train[5.5.1035~1-3dd90]:ComputeChainObjfAndDerivE2e():chain-training.cc:162) Numerator objf: 1.13655
LOG (nnet3-chain-train[5.5.1035~1-3dd90]:ComputeChainObjfAndDerivE2e():chain-training.cc:162) Numerator objf: 1.09977
LOG (nnet3-chain-train[5.5.1035~1-3dd90]:ComputeChainObjfAndDerivE2e():chain-training.cc:162) Numerator objf: 1.03175
LOG (nnet3-chain-train[5.5.1035~1-3dd90]:ComputeChainObjfAndDerivE2e():chain-training.cc:162) Numerator objf: 1.08697
LOG (nnet3-chain-train[5.5.1035~1-3dd90]:ComputeChainObjfAndDerivE2e():chain-training.cc:162) Numerator objf: 1.07334
LOG (nnet3-chain-train[5.5.1035~1-3dd90]:ComputeChainObjfAndDerivE2e():chain-training.cc:162) Numerator objf: 1.11538
LOG (nnet3-chain-train[5.5.1035~1-3dd90]:ComputeChainObjfAndDerivE2e():chain-training.cc:162) Numerator objf: 1.11473
LOG (nnet3-chain-train[5.5.1035~1-3dd90]:ComputeChainObjfAndDerivE2e():chain-training.cc:162) Numerator objf: 1.16588
LOG (nnet3-chain-train[5.5.1035~1-3dd90]:ComputeChainObjfAndDerivE2e():chain-training.cc:162) Numerator objf: 1.21358
LOG (nnet3-chain-train[5.5.1035~1-3dd90]:ComputeChainObjfAndDerivE2e():chain-training.cc:162) Numerator objf: 1.21999
LOG (nnet3-chain-train[5.5.1035~1-3dd90]:PrintStatsForThisPhase():nnet-training.cc:278) Average objective function for 'output-xent' for minibatches 460-469 is -2.13418 over 28096 frames.
LOG (nnet3-chain-train[5.5.1035~1-3dd90]:PrintStatsForThisPhase():nnet-training.cc:278) Average objective function for 'output' for minibatches 460-469 is -0.193045 over 28096 frames.
LOG (nnet3-chain-train[5.5.1035~1-3dd90]:ComputeChainObjfAndDerivE2e():chain-training.cc:162) Numerator objf: 1.15402
LOG (nnet3-chain-train[5.5.1035~1-3dd90]:ComputeChainObjfAndDerivE2e():chain-training.cc:162) Numerator objf: 1.14185
LOG (nnet3-chain-train[5.5.1035~1-3dd90]:ComputeChainObjfAndDerivE2e():chain-training.cc:162) Numerator objf: 1.15019
LOG (nnet3-chain-train[5.5.1035~1-3dd90]:ComputeChainObjfAndDerivE2e():chain-training.cc:162) Numerator objf: 1.11977
LOG (nnet3-chain-train[5.5.1035~1-3dd90]:ComputeChainObjfAndDerivE2e():chain-training.cc:162) Numerator objf: 1.13812
LOG (nnet3-chain-train[5.5.1035~1-3dd90]:ComputeChainObjfAndDerivE2e():chain-training.cc:162) Numerator objf: 1.18767
LOG (nnet3-chain-train[5.5.1035~1-3dd90]:ComputeChainObjfAndDerivE2e():chain-training.cc:162) Numerator objf: 1.15482
LOG (nnet3-chain-train[5.5.1035~1-3dd90]:ComputeChainObjfAndDerivE2e():chain-training.cc:162) Numerator objf: 1.179
LOG (nnet3-chain-train[5.5.1035~1-3dd90]:ComputeChainObjfAndDerivE2e():chain-training.cc:162) Numerator objf: 1.10586
LOG (nnet3-chain-train[5.5.1035~1-3dd90]:ComputeChainObjfAndDerivE2e():chain-training.cc:162) Numerator objf: 1.22759
LOG (nnet3-chain-train[5.5.1035~1-3dd90]:PrintStatsForThisPhase():nnet-training.cc:278) Average objective function for 'output-xent' for minibatches 470-479 is -2.12639 over 27264 frames.
LOG (nnet3-chain-train[5.5.1035~1-3dd90]:PrintStatsForThisPhase():nnet-training.cc:278) Average objective function for 'output' for minibatches 470-479 is -0.186875 over 27264 frames.
LOG (nnet3-chain-train[5.5.1035~1-3dd90]:ComputeChainObjfAndDerivE2e():chain-training.cc:162) Numerator objf: 1.21927
LOG (nnet3-chain-train[5.5.1035~1-3dd90]:ComputeChainObjfAndDerivE2e():chain-training.cc:162) Numerator objf: 1.15882
LOG (nnet3-chain-train[5.5.1035~1-3dd90]:ComputeChainObjfAndDerivE2e():chain-training.cc:162) Numerator objf: 1.11232
LOG (nnet3-chain-train[5.5.1035~1-3dd90]:ComputeChainObjfAndDerivE2e():chain-training.cc:162) Numerator objf: 1.09251
LOG (nnet3-chain-train[5.5.1035~1-3dd90]:ComputeChainObjfAndDerivE2e():chain-training.cc:162) Numerator objf: 1.21569
LOG (nnet3-chain-train[5.5.1035~1-3dd90]:ComputeChainObjfAndDerivE2e():chain-training.cc:162) Numerator objf: 1.20715
LOG (nnet3-chain-train[5.5.1035~1-3dd90]:ComputeChainObjfAndDerivE2e():chain-training.cc:162) Numerator objf: 1.16627
LOG (nnet3-chain-train[5.5.1035~1-3dd90]:ComputeChainObjfAndDerivE2e():chain-training.cc:162) Numerator objf: 1.17196
LOG (nnet3-chain-train[5.5.1035~1-3dd90]:ComputeChainObjfAndDerivE2e():chain-training.cc:162) Numerator objf: 1.11687
LOG (nnet3-chain-train[5.5.1035~1-3dd90]:ComputeChainObjfAndDerivE2e():chain-training.cc:162) Numerator objf: 1.1723
LOG (nnet3-chain-train[5.5.1035~1-3dd90]:PrintStatsForThisPhase():nnet-training.cc:278) Average objective function for 'output-xent' for minibatches 480-489 is -2.11294 over 29120 frames.
LOG (nnet3-chain-train[5.5.1035~1-3dd90]:PrintStatsForThisPhase():nnet-training.cc:278) Average objective function for 'output' for minibatches 480-489 is -0.185876 over 29120 frames.
LOG (nnet3-chain-train[5.5.1035~1-3dd90]:ComputeChainObjfAndDerivE2e():chain-training.cc:162) Numerator objf: 1.1605
LOG (nnet3-chain-train[5.5.1035~1-3dd90]:ComputeChainObjfAndDerivE2e():chain-training.cc:162) Numerator objf: 1.18449
LOG (nnet3-chain-train[5.5.1035~1-3dd90]:ComputeChainObjfAndDerivE2e():chain-training.cc:162) Numerator objf: 1.07312
LOG (nnet3-chain-train[5.5.1035~1-3dd90]:ComputeChainObjfAndDerivE2e():chain-training.cc:162) Numerator objf: 1.15466
LOG (nnet3-chain-train[5.5.1035~1-3dd90]:ComputeChainObjfAndDerivE2e():chain-training.cc:162) Numerator objf: 1.21934
LOG (nnet3-chain-train[5.5.1035~1-3dd90]:ComputeChainObjfAndDerivE2e():chain-training.cc:162) Numerator objf: 1.23568
LOG (nnet3-chain-train[5.5.1035~1-3dd90]:ComputeChainObjfAndDerivE2e():chain-training.cc:162) Numerator objf: 1.1669
LOG (nnet3-chain-train[5.5.1035~1-3dd90]:ComputeChainObjfAndDerivE2e():chain-training.cc:162) Numerator objf: 1.20239
LOG (nnet3-chain-train[5.5.1035~1-3dd90]:ComputeChainObjfAndDerivE2e():chain-training.cc:162) Numerator objf: 1.14514
LOG (nnet3-chain-train[5.5.1035~1-3dd90]:ComputeChainObjfAndDerivE2e():chain-training.cc:162) Numerator objf: 1.14448
LOG (nnet3-chain-train[5.5.1035~1-3dd90]:PrintStatsForThisPhase():nnet-training.cc:278) Average objective function for 'output-xent' for minibatches 490-499 is -2.09174 over 28096 frames.
LOG (nnet3-chain-train[5.5.1035~1-3dd90]:PrintStatsForThisPhase():nnet-training.cc:278) Average objective function for 'output' for minibatches 490-499 is -0.188576 over 28096 frames.
LOG (nnet3-chain-train[5.5.1035~1-3dd90]:ComputeChainObjfAndDerivE2e():chain-training.cc:162) Numerator objf: 1.14867
LOG (nnet3-chain-train[5.5.1035~1-3dd90]:ComputeChainObjfAndDerivE2e():chain-training.cc:162) Numerator objf: 1.2367
LOG (nnet3-chain-train[5.5.1035~1-3dd90]:ComputeChainObjfAndDerivE2e():chain-training.cc:162) Numerator objf: 1.18926
LOG (nnet3-chain-train[5.5.1035~1-3dd90]:ComputeChainObjfAndDerivE2e():chain-training.cc:162) Numerator objf: 1.1305
LOG (nnet3-chain-train[5.5.1035~1-3dd90]:ComputeChainObjfAndDerivE2e():chain-training.cc:162) Numerator objf: 1.11755
LOG (nnet3-chain-train[5.5.1035~1-3dd90]:ComputeChainObjfAndDerivE2e():chain-training.cc:162) Numerator objf: 1.15216
LOG (nnet3-chain-train[5.5.1035~1-3dd90]:ComputeChainObjfAndDerivE2e():chain-training.cc:162) Numerator objf: 1.13892
LOG (nnet3-chain-train[5.5.1035~1-3dd90]:ComputeChainObjfAndDerivE2e():chain-training.cc:162) Numerator objf: 1.17237
LOG (nnet3-chain-train[5.5.1035~1-3dd90]:ComputeChainObjfAndDerivE2e():chain-training.cc:162) Numerator objf: 1.13268
LOG (nnet3-chain-train[5.5.1035~1-3dd90]:ComputeChainObjfAndDerivE2e():chain-training.cc:162) Numerator objf: 1.2233
LOG (nnet3-chain-train[5.5.1035~1-3dd90]:PrintStatsForThisPhase():nnet-training.cc:278) Average objective function for 'output-xent' for minibatches 500-509 is -2.14231 over 28288 frames.
LOG (nnet3-chain-train[5.5.1035~1-3dd90]:PrintStatsForThisPhase():nnet-training.cc:278) Average objective function for 'output' for minibatches 500-509 is -0.186936 over 28288 frames.
LOG (nnet3-chain-train[5.5.1035~1-3dd90]:ComputeChainObjfAndDerivE2e():chain-training.cc:162) Numerator objf: 1.18151
LOG (nnet3-chain-train[5.5.1035~1-3dd90]:ComputeChainObjfAndDerivE2e():chain-training.cc:162) Numerator objf: 1.10701
LOG (nnet3-chain-train[5.5.1035~1-3dd90]:ComputeChainObjfAndDerivE2e():chain-training.cc:162) Numerator objf: 1.18995
LOG (nnet3-chain-train[5.5.1035~1-3dd90]:ComputeChainObjfAndDerivE2e():chain-training.cc:162) Numerator objf: 1.14207
LOG (nnet3-chain-train[5.5.1035~1-3dd90]:ComputeChainObjfAndDerivE2e():chain-training.cc:162) Numerator objf: 1.24162
LOG (nnet3-chain-train[5.5.1035~1-3dd90]:ComputeChainObjfAndDerivE2e():chain-training.cc:162) Numerator objf: 1.16574
LOG (nnet3-chain-train[5.5.1035~1-3dd90]:ComputeChainObjfAndDerivE2e():chain-training.cc:162) Numerator objf: 1.19844
LOG (nnet3-chain-train[5.5.1035~1-3dd90]:ComputeChainObjfAndDerivE2e():chain-training.cc:162) Numerator objf: 1.13381
LOG (nnet3-chain-train[5.5.1035~1-3dd90]:ComputeChainObjfAndDerivE2e():chain-training.cc:162) Numerator objf: 1.21232
LOG (nnet3-chain-train[5.5.1035~1-3dd90]:ComputeChainObjfAndDerivE2e():chain-training.cc:162) Numerator objf: 1.1657
LOG (nnet3-chain-train[5.5.1035~1-3dd90]:PrintStatsForThisPhase():nnet-training.cc:278) Average objective function for 'output-xent' for minibatches 510-519 is -2.14776 over 28096 frames.
LOG (nnet3-chain-train[5.5.1035~1-3dd90]:PrintStatsForThisPhase():nnet-training.cc:278) Average objective function for 'output' for minibatches 510-519 is -0.188462 over 28096 frames.
LOG (nnet3-chain-train[5.5.1035~1-3dd90]:ComputeChainObjfAndDerivE2e():chain-training.cc:162) Numerator objf: 1.18563
LOG (nnet3-chain-shuffle-egs[5.5.1035~1-3dd90]:main():nnet3-chain-shuffle-egs.cc:104) Shuffled order of 33660 neural-network training examples using a buffer (partial randomization)
LOG (nnet3-chain-merge-egs[5.5.1035~1-3dd90]:PrintSpecificStats():nnet-example-utils.cc:1159) Merged specific eg types as follows [format: <eg-size1>={<mb-size1>-><num-minibatches1>,<mbsize2>-><num-minibatches2>.../d=<num-discarded>},<egs-size2>={...},... (note,egs-size == number of input frames including context).
LOG (nnet3-chain-merge-egs[5.5.1035~1-3dd90]:PrintSpecificStats():nnet-example-utils.cc:1189) 160={64->134,d=54},169={64->78,d=35},208={64->312,d=35}
LOG (nnet3-chain-merge-egs[5.5.1035~1-3dd90]:PrintAggregateStats():nnet-example-utils.cc:1155) Processed 33660 egs of avg. size 189.9 into 524 minibatches, discarding 0.3684% of egs.  Avg minibatch size was 64, #distinct types of egs/minibatches was 3/3
LOG (nnet3-chain-train[5.5.1035~1-3dd90]:ComputeChainObjfAndDerivE2e():chain-training.cc:162) Numerator objf: 1.15329
LOG (nnet3-chain-train[5.5.1035~1-3dd90]:ComputeChainObjfAndDerivE2e():chain-training.cc:162) Numerator objf: 1.09166
LOG (nnet3-chain-train[5.5.1035~1-3dd90]:PrintTotalStats():nnet-training.cc:317) Overall average objective function for 'output' is -0.190051 over 1.47469e+06 frames.
LOG (nnet3-chain-train[5.5.1035~1-3dd90]:PrintTotalStats():nnet-training.cc:324) [this line is to be parsed by a script:] log-prob-per-frame=-0.190051
LOG (nnet3-chain-train[5.5.1035~1-3dd90]:PrintTotalStats():nnet-training.cc:317) Overall average objective function for 'output-xent' is -2.13568 over 1.47469e+06 frames.
LOG (nnet3-chain-train[5.5.1035~1-3dd90]:PrintTotalStats():nnet-training.cc:324) [this line is to be parsed by a script:] log-prob-per-frame=-2.13568
LOG (nnet3-chain-train[5.5.1035~1-3dd90]:~NnetChainTrainer():nnet-chain-training.cc:348) Wrote computation cache to telugu_exp/chain_cleaned_1d/tdnn1d_sp/cache.6
LOG (nnet3-chain-train[5.5.1035~1-3dd90]:~CachingOptimizingCompiler():nnet-optimize.cc:710) 0.0284 seconds taken in nnet3 compilation total (breakdown: 0 compilation, 0 optimization, 0 shortcut expansion, 0 checking, 0 computing indexes, 0.0284 misc.) + 0.437 I/O.
LOG (nnet3-chain-train[5.5.1035~1-3dd90]:main():nnet3-chain-train.cc:101) Wrote raw model to telugu_exp/chain_cleaned_1d/tdnn1d_sp/6.1.raw
# Accounting: time=116 threads=1
# Ended (code 0) at Thu Jul 21 11:36:04 EDT 2022, elapsed time 116 seconds
