# nnet3-chain-train --use-gpu=yes --apply-deriv-weights=False --l2-regularize=0.0 --leaky-hmm-coefficient=0.1 --read-cache=telugu_exp/chain_cleaned_1d/tdnn1d_sp/cache.63 --write-cache=telugu_exp/chain_cleaned_1d/tdnn1d_sp/cache.64 --xent-regularize=0.1 --print-interval=10 --momentum=0.0 --max-param-change=2.0 --backstitch-training-scale=0.0 --backstitch-training-interval=1 --l2-regularize-factor=1.0 --optimization.memory-compression-level=2 --srand=63 "nnet3-am-copy --raw=true --learning-rate=0.00011603972084031949 --scale=1.0 telugu_exp/chain_cleaned_1d/tdnn1d_sp/63.mdl - |nnet3-copy --edits='set-dropout-proportion name=* proportion=0.22222222222222218' - - |" telugu_exp/chain_cleaned_1d/tdnn1d_sp/den.fst "ark,bg:nnet3-chain-copy-egs                          --frame-shift=2                         ark:telugu_exp/chain_cleaned_1d/tdnn1d_sp/egs/cegs.1.ark ark:- |                         nnet3-chain-shuffle-egs --buffer-size=5000                         --srand=63 ark:- ark:- | nnet3-chain-merge-egs                         --minibatch-size=64 ark:- ark:- |" telugu_exp/chain_cleaned_1d/tdnn1d_sp/64.1.raw 
# Started at Wed Jul 20 09:24:36 EDT 2022
#
nnet3-chain-train --use-gpu=yes --apply-deriv-weights=False --l2-regularize=0.0 --leaky-hmm-coefficient=0.1 --read-cache=telugu_exp/chain_cleaned_1d/tdnn1d_sp/cache.63 --write-cache=telugu_exp/chain_cleaned_1d/tdnn1d_sp/cache.64 --xent-regularize=0.1 --print-interval=10 --momentum=0.0 --max-param-change=2.0 --backstitch-training-scale=0.0 --backstitch-training-interval=1 --l2-regularize-factor=1.0 --optimization.memory-compression-level=2 --srand=63 "nnet3-am-copy --raw=true --learning-rate=0.00011603972084031949 --scale=1.0 telugu_exp/chain_cleaned_1d/tdnn1d_sp/63.mdl - |nnet3-copy --edits='set-dropout-proportion name=* proportion=0.22222222222222218' - - |" telugu_exp/chain_cleaned_1d/tdnn1d_sp/den.fst 'ark,bg:nnet3-chain-copy-egs                          --frame-shift=2                         ark:telugu_exp/chain_cleaned_1d/tdnn1d_sp/egs/cegs.1.ark ark:- |                         nnet3-chain-shuffle-egs --buffer-size=5000                         --srand=63 ark:- ark:- | nnet3-chain-merge-egs                         --minibatch-size=64 ark:- ark:- |' telugu_exp/chain_cleaned_1d/tdnn1d_sp/64.1.raw 
WARNING (nnet3-chain-train[5.5.1035~1-3dd90]:SelectGpuId():cu-device.cc:243) Not in compute-exclusive mode.  Suggestion: use 'nvidia-smi -c 3' to set compute exclusive mode
LOG (nnet3-chain-train[5.5.1035~1-3dd90]:SelectGpuIdAuto():cu-device.cc:438) Selecting from 1 GPUs
LOG (nnet3-chain-train[5.5.1035~1-3dd90]:SelectGpuIdAuto():cu-device.cc:453) cudaSetDevice(0): NVIDIA GeForce GTX 980 Ti	free:5985M, used:95M, total:6080M, free/total:0.984347
LOG (nnet3-chain-train[5.5.1035~1-3dd90]:SelectGpuIdAuto():cu-device.cc:501) Device: 0, mem_ratio: 0.984347
LOG (nnet3-chain-train[5.5.1035~1-3dd90]:SelectGpuId():cu-device.cc:382) Trying to select device: 0
LOG (nnet3-chain-train[5.5.1035~1-3dd90]:SelectGpuIdAuto():cu-device.cc:511) Success selecting device 0 free mem ratio: 0.984347
LOG (nnet3-chain-train[5.5.1035~1-3dd90]:FinalizeActiveGpu():cu-device.cc:338) The active GPU is [0]: NVIDIA GeForce GTX 980 Ti	free:5806M, used:274M, total:6080M, free/total:0.95491 version 5.2
nnet3-am-copy --raw=true --learning-rate=0.00011603972084031949 --scale=1.0 telugu_exp/chain_cleaned_1d/tdnn1d_sp/63.mdl - 
nnet3-copy '--edits=set-dropout-proportion name=* proportion=0.22222222222222218' - - 
LOG (nnet3-am-copy[5.5.1035~1-3dd90]:main():nnet3-am-copy.cc:153) Copied neural net from telugu_exp/chain_cleaned_1d/tdnn1d_sp/63.mdl to raw format as -
LOG (nnet3-copy[5.5.1035~1-3dd90]:ReadEditConfig():nnet-utils.cc:1413) Set dropout proportions for 13 components.
LOG (nnet3-copy[5.5.1035~1-3dd90]:main():nnet3-copy.cc:123) Copied raw neural net from - to -
LOG (nnet3-chain-train[5.5.1035~1-3dd90]:NnetChainTrainer():nnet-chain-training.cc:51) Read computation cache from telugu_exp/chain_cleaned_1d/tdnn1d_sp/cache.63
nnet3-chain-shuffle-egs --buffer-size=5000 --srand=63 ark:- ark:- 
nnet3-chain-merge-egs --minibatch-size=64 ark:- ark:- 
nnet3-chain-copy-egs --frame-shift=2 ark:telugu_exp/chain_cleaned_1d/tdnn1d_sp/egs/cegs.1.ark ark:- 
LOG (nnet3-chain-train[5.5.1035~1-3dd90]:ComputeChainObjfAndDerivE2e():chain-training.cc:162) Numerator objf: 1.30828
LOG (nnet3-chain-train[5.5.1035~1-3dd90]:ComputeChainObjfAndDerivE2e():chain-training.cc:162) Numerator objf: 1.39583
LOG (nnet3-chain-train[5.5.1035~1-3dd90]:ComputeChainObjfAndDerivE2e():chain-training.cc:162) Numerator objf: 1.45057
LOG (nnet3-chain-train[5.5.1035~1-3dd90]:ComputeChainObjfAndDerivE2e():chain-training.cc:162) Numerator objf: 1.36151
LOG (nnet3-chain-train[5.5.1035~1-3dd90]:ComputeChainObjfAndDerivE2e():chain-training.cc:162) Numerator objf: 1.39816
LOG (nnet3-chain-train[5.5.1035~1-3dd90]:ComputeChainObjfAndDerivE2e():chain-training.cc:162) Numerator objf: 1.37519
LOG (nnet3-chain-train[5.5.1035~1-3dd90]:ComputeChainObjfAndDerivE2e():chain-training.cc:162) Numerator objf: 1.42005
LOG (nnet3-chain-train[5.5.1035~1-3dd90]:ComputeChainObjfAndDerivE2e():chain-training.cc:162) Numerator objf: 1.30306
LOG (nnet3-chain-train[5.5.1035~1-3dd90]:ComputeChainObjfAndDerivE2e():chain-training.cc:162) Numerator objf: 1.27359
LOG (nnet3-chain-train[5.5.1035~1-3dd90]:ComputeChainObjfAndDerivE2e():chain-training.cc:162) Numerator objf: 1.46976
LOG (nnet3-chain-train[5.5.1035~1-3dd90]:ComputeChainObjfAndDerivE2e():chain-training.cc:162) Numerator objf: 1.37288
LOG (nnet3-chain-train[5.5.1035~1-3dd90]:PrintStatsForThisPhase():nnet-training.cc:278) Average objective function for 'output-xent' for minibatches 0-9 is -1.54681 over 28096 frames.
LOG (nnet3-chain-train[5.5.1035~1-3dd90]:PrintStatsForThisPhase():nnet-training.cc:278) Average objective function for 'output' for minibatches 0-9 is -0.1262 over 28096 frames.
LOG (nnet3-chain-train[5.5.1035~1-3dd90]:ComputeChainObjfAndDerivE2e():chain-training.cc:162) Numerator objf: 1.3446
LOG (nnet3-chain-train[5.5.1035~1-3dd90]:ComputeChainObjfAndDerivE2e():chain-training.cc:162) Numerator objf: 1.35004
LOG (nnet3-chain-train[5.5.1035~1-3dd90]:ComputeChainObjfAndDerivE2e():chain-training.cc:162) Numerator objf: 1.32547
LOG (nnet3-chain-train[5.5.1035~1-3dd90]:ComputeChainObjfAndDerivE2e():chain-training.cc:162) Numerator objf: 1.41214
LOG (nnet3-chain-train[5.5.1035~1-3dd90]:ComputeChainObjfAndDerivE2e():chain-training.cc:162) Numerator objf: 1.38565
LOG (nnet3-chain-train[5.5.1035~1-3dd90]:ComputeChainObjfAndDerivE2e():chain-training.cc:162) Numerator objf: 1.37244
LOG (nnet3-chain-train[5.5.1035~1-3dd90]:ComputeChainObjfAndDerivE2e():chain-training.cc:162) Numerator objf: 1.39024
LOG (nnet3-chain-train[5.5.1035~1-3dd90]:ComputeChainObjfAndDerivE2e():chain-training.cc:162) Numerator objf: 1.37352
LOG (nnet3-chain-train[5.5.1035~1-3dd90]:ComputeChainObjfAndDerivE2e():chain-training.cc:162) Numerator objf: 1.37475
LOG (nnet3-chain-train[5.5.1035~1-3dd90]:ComputeChainObjfAndDerivE2e():chain-training.cc:162) Numerator objf: 1.34242
LOG (nnet3-chain-train[5.5.1035~1-3dd90]:PrintStatsForThisPhase():nnet-training.cc:278) Average objective function for 'output-xent' for minibatches 10-19 is -1.55181 over 28288 frames.
LOG (nnet3-chain-train[5.5.1035~1-3dd90]:PrintStatsForThisPhase():nnet-training.cc:278) Average objective function for 'output' for minibatches 10-19 is -0.119129 over 28288 frames.
LOG (nnet3-chain-train[5.5.1035~1-3dd90]:ComputeChainObjfAndDerivE2e():chain-training.cc:162) Numerator objf: 1.35752
LOG (nnet3-chain-train[5.5.1035~1-3dd90]:ComputeChainObjfAndDerivE2e():chain-training.cc:162) Numerator objf: 1.32236
LOG (nnet3-chain-train[5.5.1035~1-3dd90]:ComputeChainObjfAndDerivE2e():chain-training.cc:162) Numerator objf: 1.35248
LOG (nnet3-chain-train[5.5.1035~1-3dd90]:ComputeChainObjfAndDerivE2e():chain-training.cc:162) Numerator objf: 1.34594
LOG (nnet3-chain-train[5.5.1035~1-3dd90]:ComputeChainObjfAndDerivE2e():chain-training.cc:162) Numerator objf: 1.30511
LOG (nnet3-chain-train[5.5.1035~1-3dd90]:ComputeChainObjfAndDerivE2e():chain-training.cc:162) Numerator objf: 1.38726
LOG (nnet3-chain-train[5.5.1035~1-3dd90]:ComputeChainObjfAndDerivE2e():chain-training.cc:162) Numerator objf: 1.24219
LOG (nnet3-chain-train[5.5.1035~1-3dd90]:ComputeChainObjfAndDerivE2e():chain-training.cc:162) Numerator objf: 1.21229
LOG (nnet3-chain-train[5.5.1035~1-3dd90]:ComputeChainObjfAndDerivE2e():chain-training.cc:162) Numerator objf: 1.3424
LOG (nnet3-chain-train[5.5.1035~1-3dd90]:ComputeChainObjfAndDerivE2e():chain-training.cc:162) Numerator objf: 1.33964
LOG (nnet3-chain-train[5.5.1035~1-3dd90]:PrintStatsForThisPhase():nnet-training.cc:278) Average objective function for 'output-xent' for minibatches 20-29 is -1.69195 over 28096 frames.
LOG (nnet3-chain-train[5.5.1035~1-3dd90]:PrintStatsForThisPhase():nnet-training.cc:278) Average objective function for 'output' for minibatches 20-29 is -0.134556 over 28096 frames.
LOG (nnet3-chain-train[5.5.1035~1-3dd90]:ComputeChainObjfAndDerivE2e():chain-training.cc:162) Numerator objf: 1.24374
LOG (nnet3-chain-train[5.5.1035~1-3dd90]:ComputeChainObjfAndDerivE2e():chain-training.cc:162) Numerator objf: 1.2556
LOG (nnet3-chain-train[5.5.1035~1-3dd90]:ComputeChainObjfAndDerivE2e():chain-training.cc:162) Numerator objf: 1.32174
LOG (nnet3-chain-train[5.5.1035~1-3dd90]:ComputeChainObjfAndDerivE2e():chain-training.cc:162) Numerator objf: 1.38128
LOG (nnet3-chain-train[5.5.1035~1-3dd90]:ComputeChainObjfAndDerivE2e():chain-training.cc:162) Numerator objf: 1.27783
LOG (nnet3-chain-train[5.5.1035~1-3dd90]:ComputeChainObjfAndDerivE2e():chain-training.cc:162) Numerator objf: 1.2468
LOG (nnet3-chain-train[5.5.1035~1-3dd90]:ComputeChainObjfAndDerivE2e():chain-training.cc:162) Numerator objf: 1.30247
LOG (nnet3-chain-train[5.5.1035~1-3dd90]:ComputeChainObjfAndDerivE2e():chain-training.cc:162) Numerator objf: 1.39351
LOG (nnet3-chain-train[5.5.1035~1-3dd90]:ComputeChainObjfAndDerivE2e():chain-training.cc:162) Numerator objf: 1.24027
LOG (nnet3-chain-train[5.5.1035~1-3dd90]:ComputeChainObjfAndDerivE2e():chain-training.cc:162) Numerator objf: 1.29236
LOG (nnet3-chain-train[5.5.1035~1-3dd90]:PrintStatsForThisPhase():nnet-training.cc:278) Average objective function for 'output-xent' for minibatches 30-39 is -1.67272 over 28288 frames.
LOG (nnet3-chain-train[5.5.1035~1-3dd90]:PrintStatsForThisPhase():nnet-training.cc:278) Average objective function for 'output' for minibatches 30-39 is -0.129327 over 28288 frames.
LOG (nnet3-chain-train[5.5.1035~1-3dd90]:ComputeChainObjfAndDerivE2e():chain-training.cc:162) Numerator objf: 1.38778
LOG (nnet3-chain-train[5.5.1035~1-3dd90]:ComputeChainObjfAndDerivE2e():chain-training.cc:162) Numerator objf: 1.26713
LOG (nnet3-chain-train[5.5.1035~1-3dd90]:ComputeChainObjfAndDerivE2e():chain-training.cc:162) Numerator objf: 1.25815
LOG (nnet3-chain-train[5.5.1035~1-3dd90]:ComputeChainObjfAndDerivE2e():chain-training.cc:162) Numerator objf: 1.23551
LOG (nnet3-chain-train[5.5.1035~1-3dd90]:ComputeChainObjfAndDerivE2e():chain-training.cc:162) Numerator objf: 1.3458
LOG (nnet3-chain-train[5.5.1035~1-3dd90]:ComputeChainObjfAndDerivE2e():chain-training.cc:162) Numerator objf: 1.37007
LOG (nnet3-chain-train[5.5.1035~1-3dd90]:ComputeChainObjfAndDerivE2e():chain-training.cc:162) Numerator objf: 1.298
LOG (nnet3-chain-train[5.5.1035~1-3dd90]:ComputeChainObjfAndDerivE2e():chain-training.cc:162) Numerator objf: 1.30117
LOG (nnet3-chain-train[5.5.1035~1-3dd90]:ComputeChainObjfAndDerivE2e():chain-training.cc:162) Numerator objf: 1.30321
LOG (nnet3-chain-train[5.5.1035~1-3dd90]:ComputeChainObjfAndDerivE2e():chain-training.cc:162) Numerator objf: 1.32378
LOG (nnet3-chain-train[5.5.1035~1-3dd90]:PrintStatsForThisPhase():nnet-training.cc:278) Average objective function for 'output-xent' for minibatches 40-49 is -1.67928 over 29120 frames.
LOG (nnet3-chain-train[5.5.1035~1-3dd90]:PrintStatsForThisPhase():nnet-training.cc:278) Average objective function for 'output' for minibatches 40-49 is -0.133305 over 29120 frames.
LOG (nnet3-chain-train[5.5.1035~1-3dd90]:ComputeChainObjfAndDerivE2e():chain-training.cc:162) Numerator objf: 1.28847
LOG (nnet3-chain-train[5.5.1035~1-3dd90]:ComputeChainObjfAndDerivE2e():chain-training.cc:162) Numerator objf: 1.26102
LOG (nnet3-chain-train[5.5.1035~1-3dd90]:ComputeChainObjfAndDerivE2e():chain-training.cc:162) Numerator objf: 1.23929
LOG (nnet3-chain-train[5.5.1035~1-3dd90]:ComputeChainObjfAndDerivE2e():chain-training.cc:162) Numerator objf: 1.42539
LOG (nnet3-chain-train[5.5.1035~1-3dd90]:ComputeChainObjfAndDerivE2e():chain-training.cc:162) Numerator objf: 1.23734
LOG (nnet3-chain-train[5.5.1035~1-3dd90]:ComputeChainObjfAndDerivE2e():chain-training.cc:162) Numerator objf: 1.27144
LOG (nnet3-chain-train[5.5.1035~1-3dd90]:ComputeChainObjfAndDerivE2e():chain-training.cc:162) Numerator objf: 1.37581
LOG (nnet3-chain-train[5.5.1035~1-3dd90]:ComputeChainObjfAndDerivE2e():chain-training.cc:162) Numerator objf: 1.31461
LOG (nnet3-chain-train[5.5.1035~1-3dd90]:ComputeChainObjfAndDerivE2e():chain-training.cc:162) Numerator objf: 1.41004
LOG (nnet3-chain-train[5.5.1035~1-3dd90]:ComputeChainObjfAndDerivE2e():chain-training.cc:162) Numerator objf: 1.2828
LOG (nnet3-chain-train[5.5.1035~1-3dd90]:PrintStatsForThisPhase():nnet-training.cc:278) Average objective function for 'output-xent' for minibatches 50-59 is -1.62982 over 27264 frames.
LOG (nnet3-chain-train[5.5.1035~1-3dd90]:PrintStatsForThisPhase():nnet-training.cc:278) Average objective function for 'output' for minibatches 50-59 is -0.13319 over 27264 frames.
LOG (nnet3-chain-train[5.5.1035~1-3dd90]:ComputeChainObjfAndDerivE2e():chain-training.cc:162) Numerator objf: 1.31784
LOG (nnet3-chain-train[5.5.1035~1-3dd90]:ComputeChainObjfAndDerivE2e():chain-training.cc:162) Numerator objf: 1.32818
LOG (nnet3-chain-train[5.5.1035~1-3dd90]:ComputeChainObjfAndDerivE2e():chain-training.cc:162) Numerator objf: 1.32604
LOG (nnet3-chain-train[5.5.1035~1-3dd90]:ComputeChainObjfAndDerivE2e():chain-training.cc:162) Numerator objf: 1.35347
LOG (nnet3-chain-train[5.5.1035~1-3dd90]:ComputeChainObjfAndDerivE2e():chain-training.cc:162) Numerator objf: 1.28774
LOG (nnet3-chain-train[5.5.1035~1-3dd90]:ComputeChainObjfAndDerivE2e():chain-training.cc:162) Numerator objf: 1.3341
LOG (nnet3-chain-train[5.5.1035~1-3dd90]:ComputeChainObjfAndDerivE2e():chain-training.cc:162) Numerator objf: 1.28307
LOG (nnet3-chain-train[5.5.1035~1-3dd90]:ComputeChainObjfAndDerivE2e():chain-training.cc:162) Numerator objf: 1.34339
LOG (nnet3-chain-train[5.5.1035~1-3dd90]:ComputeChainObjfAndDerivE2e():chain-training.cc:162) Numerator objf: 1.20933
LOG (nnet3-chain-train[5.5.1035~1-3dd90]:ComputeChainObjfAndDerivE2e():chain-training.cc:162) Numerator objf: 1.43277
LOG (nnet3-chain-train[5.5.1035~1-3dd90]:PrintStatsForThisPhase():nnet-training.cc:278) Average objective function for 'output-xent' for minibatches 60-69 is -1.70504 over 29120 frames.
LOG (nnet3-chain-train[5.5.1035~1-3dd90]:PrintStatsForThisPhase():nnet-training.cc:278) Average objective function for 'output' for minibatches 60-69 is -0.135798 over 29120 frames.
LOG (nnet3-chain-train[5.5.1035~1-3dd90]:ComputeChainObjfAndDerivE2e():chain-training.cc:162) Numerator objf: 1.30021
LOG (nnet3-chain-train[5.5.1035~1-3dd90]:ComputeChainObjfAndDerivE2e():chain-training.cc:162) Numerator objf: 1.32764
LOG (nnet3-chain-train[5.5.1035~1-3dd90]:ComputeChainObjfAndDerivE2e():chain-training.cc:162) Numerator objf: 1.25109
LOG (nnet3-chain-train[5.5.1035~1-3dd90]:ComputeChainObjfAndDerivE2e():chain-training.cc:162) Numerator objf: 1.29967
LOG (nnet3-chain-train[5.5.1035~1-3dd90]:ComputeChainObjfAndDerivE2e():chain-training.cc:162) Numerator objf: 1.22479
LOG (nnet3-chain-train[5.5.1035~1-3dd90]:ComputeChainObjfAndDerivE2e():chain-training.cc:162) Numerator objf: 1.29669
LOG (nnet3-chain-train[5.5.1035~1-3dd90]:ComputeChainObjfAndDerivE2e():chain-training.cc:162) Numerator objf: 1.31564
LOG (nnet3-chain-train[5.5.1035~1-3dd90]:ComputeChainObjfAndDerivE2e():chain-training.cc:162) Numerator objf: 1.38745
LOG (nnet3-chain-train[5.5.1035~1-3dd90]:ComputeChainObjfAndDerivE2e():chain-training.cc:162) Numerator objf: 1.23007
LOG (nnet3-chain-train[5.5.1035~1-3dd90]:ComputeChainObjfAndDerivE2e():chain-training.cc:162) Numerator objf: 1.25825
LOG (nnet3-chain-train[5.5.1035~1-3dd90]:PrintStatsForThisPhase():nnet-training.cc:278) Average objective function for 'output-xent' for minibatches 70-79 is -1.61185 over 27264 frames.
LOG (nnet3-chain-train[5.5.1035~1-3dd90]:PrintStatsForThisPhase():nnet-training.cc:278) Average objective function for 'output' for minibatches 70-79 is -0.136435 over 27264 frames.
LOG (nnet3-chain-train[5.5.1035~1-3dd90]:ComputeChainObjfAndDerivE2e():chain-training.cc:162) Numerator objf: 1.21347
LOG (nnet3-chain-train[5.5.1035~1-3dd90]:ComputeChainObjfAndDerivE2e():chain-training.cc:162) Numerator objf: 1.22895
LOG (nnet3-chain-train[5.5.1035~1-3dd90]:ComputeChainObjfAndDerivE2e():chain-training.cc:162) Numerator objf: 1.21478
LOG (nnet3-chain-train[5.5.1035~1-3dd90]:ComputeChainObjfAndDerivE2e():chain-training.cc:162) Numerator objf: 1.349
LOG (nnet3-chain-train[5.5.1035~1-3dd90]:ComputeChainObjfAndDerivE2e():chain-training.cc:162) Numerator objf: 1.18834
LOG (nnet3-chain-train[5.5.1035~1-3dd90]:ComputeChainObjfAndDerivE2e():chain-training.cc:162) Numerator objf: 1.45098
LOG (nnet3-chain-train[5.5.1035~1-3dd90]:ComputeChainObjfAndDerivE2e():chain-training.cc:162) Numerator objf: 1.25239
LOG (nnet3-chain-train[5.5.1035~1-3dd90]:ComputeChainObjfAndDerivE2e():chain-training.cc:162) Numerator objf: 1.25858
LOG (nnet3-chain-train[5.5.1035~1-3dd90]:ComputeChainObjfAndDerivE2e():chain-training.cc:162) Numerator objf: 1.23657
LOG (nnet3-chain-train[5.5.1035~1-3dd90]:ComputeChainObjfAndDerivE2e():chain-training.cc:162) Numerator objf: 1.30118
LOG (nnet3-chain-train[5.5.1035~1-3dd90]:PrintStatsForThisPhase():nnet-training.cc:278) Average objective function for 'output-xent' for minibatches 80-89 is -1.70755 over 29120 frames.
LOG (nnet3-chain-train[5.5.1035~1-3dd90]:PrintStatsForThisPhase():nnet-training.cc:278) Average objective function for 'output' for minibatches 80-89 is -0.141121 over 29120 frames.
LOG (nnet3-chain-train[5.5.1035~1-3dd90]:ComputeChainObjfAndDerivE2e():chain-training.cc:162) Numerator objf: 1.28062
LOG (nnet3-chain-train[5.5.1035~1-3dd90]:ComputeChainObjfAndDerivE2e():chain-training.cc:162) Numerator objf: 1.24146
LOG (nnet3-chain-train[5.5.1035~1-3dd90]:ComputeChainObjfAndDerivE2e():chain-training.cc:162) Numerator objf: 1.23779
LOG (nnet3-chain-train[5.5.1035~1-3dd90]:ComputeChainObjfAndDerivE2e():chain-training.cc:162) Numerator objf: 1.42884
LOG (nnet3-chain-train[5.5.1035~1-3dd90]:ComputeChainObjfAndDerivE2e():chain-training.cc:162) Numerator objf: 1.27385
LOG (nnet3-chain-train[5.5.1035~1-3dd90]:ComputeChainObjfAndDerivE2e():chain-training.cc:162) Numerator objf: 1.28047
LOG (nnet3-chain-train[5.5.1035~1-3dd90]:ComputeChainObjfAndDerivE2e():chain-training.cc:162) Numerator objf: 1.25369
LOG (nnet3-chain-train[5.5.1035~1-3dd90]:ComputeChainObjfAndDerivE2e():chain-training.cc:162) Numerator objf: 1.29866
LOG (nnet3-chain-train[5.5.1035~1-3dd90]:ComputeChainObjfAndDerivE2e():chain-training.cc:162) Numerator objf: 1.26559
LOG (nnet3-chain-train[5.5.1035~1-3dd90]:ComputeChainObjfAndDerivE2e():chain-training.cc:162) Numerator objf: 1.2584
LOG (nnet3-chain-train[5.5.1035~1-3dd90]:PrintStatsForThisPhase():nnet-training.cc:278) Average objective function for 'output-xent' for minibatches 90-99 is -1.70695 over 27264 frames.
LOG (nnet3-chain-train[5.5.1035~1-3dd90]:PrintStatsForThisPhase():nnet-training.cc:278) Average objective function for 'output' for minibatches 90-99 is -0.13907 over 27264 frames.
LOG (nnet3-chain-train[5.5.1035~1-3dd90]:ComputeChainObjfAndDerivE2e():chain-training.cc:162) Numerator objf: 1.36955
LOG (nnet3-chain-train[5.5.1035~1-3dd90]:ComputeChainObjfAndDerivE2e():chain-training.cc:162) Numerator objf: 1.2499
LOG (nnet3-chain-train[5.5.1035~1-3dd90]:ComputeChainObjfAndDerivE2e():chain-training.cc:162) Numerator objf: 1.25451
LOG (nnet3-chain-train[5.5.1035~1-3dd90]:ComputeChainObjfAndDerivE2e():chain-training.cc:162) Numerator objf: 1.36473
LOG (nnet3-chain-train[5.5.1035~1-3dd90]:ComputeChainObjfAndDerivE2e():chain-training.cc:162) Numerator objf: 1.38845
LOG (nnet3-chain-train[5.5.1035~1-3dd90]:ComputeChainObjfAndDerivE2e():chain-training.cc:162) Numerator objf: 1.25821
LOG (nnet3-chain-train[5.5.1035~1-3dd90]:ComputeChainObjfAndDerivE2e():chain-training.cc:162) Numerator objf: 1.27887
LOG (nnet3-chain-train[5.5.1035~1-3dd90]:ComputeChainObjfAndDerivE2e():chain-training.cc:162) Numerator objf: 1.40642
LOG (nnet3-chain-train[5.5.1035~1-3dd90]:ComputeChainObjfAndDerivE2e():chain-training.cc:162) Numerator objf: 1.31106
LOG (nnet3-chain-train[5.5.1035~1-3dd90]:ComputeChainObjfAndDerivE2e():chain-training.cc:162) Numerator objf: 1.30791
LOG (nnet3-chain-train[5.5.1035~1-3dd90]:PrintStatsForThisPhase():nnet-training.cc:278) Average objective function for 'output-xent' for minibatches 100-109 is -1.66006 over 28096 frames.
LOG (nnet3-chain-train[5.5.1035~1-3dd90]:PrintStatsForThisPhase():nnet-training.cc:278) Average objective function for 'output' for minibatches 100-109 is -0.12663 over 28096 frames.
LOG (nnet3-chain-train[5.5.1035~1-3dd90]:ComputeChainObjfAndDerivE2e():chain-training.cc:162) Numerator objf: 1.33029
LOG (nnet3-chain-train[5.5.1035~1-3dd90]:ComputeChainObjfAndDerivE2e():chain-training.cc:162) Numerator objf: 1.34361
LOG (nnet3-chain-train[5.5.1035~1-3dd90]:ComputeChainObjfAndDerivE2e():chain-training.cc:162) Numerator objf: 1.42356
LOG (nnet3-chain-train[5.5.1035~1-3dd90]:ComputeChainObjfAndDerivE2e():chain-training.cc:162) Numerator objf: 1.34769
LOG (nnet3-chain-train[5.5.1035~1-3dd90]:ComputeChainObjfAndDerivE2e():chain-training.cc:162) Numerator objf: 1.32869
LOG (nnet3-chain-train[5.5.1035~1-3dd90]:ComputeChainObjfAndDerivE2e():chain-training.cc:162) Numerator objf: 1.36618
LOG (nnet3-chain-train[5.5.1035~1-3dd90]:ComputeChainObjfAndDerivE2e():chain-training.cc:162) Numerator objf: 1.39308
LOG (nnet3-chain-train[5.5.1035~1-3dd90]:ComputeChainObjfAndDerivE2e():chain-training.cc:162) Numerator objf: 1.32298
LOG (nnet3-chain-train[5.5.1035~1-3dd90]:ComputeChainObjfAndDerivE2e():chain-training.cc:162) Numerator objf: 1.34367
LOG (nnet3-chain-train[5.5.1035~1-3dd90]:ComputeChainObjfAndDerivE2e():chain-training.cc:162) Numerator objf: 1.32006
LOG (nnet3-chain-train[5.5.1035~1-3dd90]:PrintStatsForThisPhase():nnet-training.cc:278) Average objective function for 'output-xent' for minibatches 110-119 is -1.59457 over 28288 frames.
LOG (nnet3-chain-train[5.5.1035~1-3dd90]:PrintStatsForThisPhase():nnet-training.cc:278) Average objective function for 'output' for minibatches 110-119 is -0.121576 over 28288 frames.
LOG (nnet3-chain-train[5.5.1035~1-3dd90]:ComputeChainObjfAndDerivE2e():chain-training.cc:162) Numerator objf: 1.29486
LOG (nnet3-chain-train[5.5.1035~1-3dd90]:ComputeChainObjfAndDerivE2e():chain-training.cc:162) Numerator objf: 1.39056
LOG (nnet3-chain-train[5.5.1035~1-3dd90]:ComputeChainObjfAndDerivE2e():chain-training.cc:162) Numerator objf: 1.37896
LOG (nnet3-chain-train[5.5.1035~1-3dd90]:ComputeChainObjfAndDerivE2e():chain-training.cc:162) Numerator objf: 1.35928
LOG (nnet3-chain-train[5.5.1035~1-3dd90]:ComputeChainObjfAndDerivE2e():chain-training.cc:162) Numerator objf: 1.40101
LOG (nnet3-chain-train[5.5.1035~1-3dd90]:ComputeChainObjfAndDerivE2e():chain-training.cc:162) Numerator objf: 1.3541
LOG (nnet3-chain-train[5.5.1035~1-3dd90]:ComputeChainObjfAndDerivE2e():chain-training.cc:162) Numerator objf: 1.27333
LOG (nnet3-chain-train[5.5.1035~1-3dd90]:ComputeChainObjfAndDerivE2e():chain-training.cc:162) Numerator objf: 1.34385
LOG (nnet3-chain-train[5.5.1035~1-3dd90]:ComputeChainObjfAndDerivE2e():chain-training.cc:162) Numerator objf: 1.32422
LOG (nnet3-chain-train[5.5.1035~1-3dd90]:ComputeChainObjfAndDerivE2e():chain-training.cc:162) Numerator objf: 1.3152
LOG (nnet3-chain-train[5.5.1035~1-3dd90]:PrintStatsForThisPhase():nnet-training.cc:278) Average objective function for 'output-xent' for minibatches 120-129 is -1.58937 over 28096 frames.
LOG (nnet3-chain-train[5.5.1035~1-3dd90]:PrintStatsForThisPhase():nnet-training.cc:278) Average objective function for 'output' for minibatches 120-129 is -0.128692 over 28096 frames.
LOG (nnet3-chain-train[5.5.1035~1-3dd90]:ComputeChainObjfAndDerivE2e():chain-training.cc:162) Numerator objf: 1.41114
LOG (nnet3-chain-train[5.5.1035~1-3dd90]:ComputeChainObjfAndDerivE2e():chain-training.cc:162) Numerator objf: 1.37336
LOG (nnet3-chain-train[5.5.1035~1-3dd90]:ComputeChainObjfAndDerivE2e():chain-training.cc:162) Numerator objf: 1.32778
LOG (nnet3-chain-train[5.5.1035~1-3dd90]:ComputeChainObjfAndDerivE2e():chain-training.cc:162) Numerator objf: 1.28162
LOG (nnet3-chain-train[5.5.1035~1-3dd90]:ComputeChainObjfAndDerivE2e():chain-training.cc:162) Numerator objf: 1.4218
LOG (nnet3-chain-train[5.5.1035~1-3dd90]:ComputeChainObjfAndDerivE2e():chain-training.cc:162) Numerator objf: 1.2889
LOG (nnet3-chain-train[5.5.1035~1-3dd90]:ComputeChainObjfAndDerivE2e():chain-training.cc:162) Numerator objf: 1.3237
LOG (nnet3-chain-train[5.5.1035~1-3dd90]:ComputeChainObjfAndDerivE2e():chain-training.cc:162) Numerator objf: 1.41972
LOG (nnet3-chain-train[5.5.1035~1-3dd90]:ComputeChainObjfAndDerivE2e():chain-training.cc:162) Numerator objf: 1.37121
LOG (nnet3-chain-train[5.5.1035~1-3dd90]:ComputeChainObjfAndDerivE2e():chain-training.cc:162) Numerator objf: 1.34175
LOG (nnet3-chain-train[5.5.1035~1-3dd90]:PrintStatsForThisPhase():nnet-training.cc:278) Average objective function for 'output-xent' for minibatches 130-139 is -1.62965 over 27264 frames.
LOG (nnet3-chain-train[5.5.1035~1-3dd90]:PrintStatsForThisPhase():nnet-training.cc:278) Average objective function for 'output' for minibatches 130-139 is -0.129008 over 27264 frames.
LOG (nnet3-chain-train[5.5.1035~1-3dd90]:ComputeChainObjfAndDerivE2e():chain-training.cc:162) Numerator objf: 1.31596
LOG (nnet3-chain-train[5.5.1035~1-3dd90]:ComputeChainObjfAndDerivE2e():chain-training.cc:162) Numerator objf: 1.38876
LOG (nnet3-chain-train[5.5.1035~1-3dd90]:ComputeChainObjfAndDerivE2e():chain-training.cc:162) Numerator objf: 1.32246
LOG (nnet3-chain-train[5.5.1035~1-3dd90]:ComputeChainObjfAndDerivE2e():chain-training.cc:162) Numerator objf: 1.31064
LOG (nnet3-chain-train[5.5.1035~1-3dd90]:ComputeChainObjfAndDerivE2e():chain-training.cc:162) Numerator objf: 1.42112
LOG (nnet3-chain-train[5.5.1035~1-3dd90]:ComputeChainObjfAndDerivE2e():chain-training.cc:162) Numerator objf: 1.44828
LOG (nnet3-chain-train[5.5.1035~1-3dd90]:ComputeChainObjfAndDerivE2e():chain-training.cc:162) Numerator objf: 1.35249
LOG (nnet3-chain-train[5.5.1035~1-3dd90]:ComputeChainObjfAndDerivE2e():chain-training.cc:162) Numerator objf: 1.31962
LOG (nnet3-chain-train[5.5.1035~1-3dd90]:ComputeChainObjfAndDerivE2e():chain-training.cc:162) Numerator objf: 1.36782
LOG (nnet3-chain-train[5.5.1035~1-3dd90]:ComputeChainObjfAndDerivE2e():chain-training.cc:162) Numerator objf: 1.4084
LOG (nnet3-chain-train[5.5.1035~1-3dd90]:PrintStatsForThisPhase():nnet-training.cc:278) Average objective function for 'output-xent' for minibatches 140-149 is -1.6178 over 29120 frames.
LOG (nnet3-chain-train[5.5.1035~1-3dd90]:PrintStatsForThisPhase():nnet-training.cc:278) Average objective function for 'output' for minibatches 140-149 is -0.120667 over 29120 frames.
LOG (nnet3-chain-train[5.5.1035~1-3dd90]:ComputeChainObjfAndDerivE2e():chain-training.cc:162) Numerator objf: 1.30468
LOG (nnet3-chain-train[5.5.1035~1-3dd90]:ComputeChainObjfAndDerivE2e():chain-training.cc:162) Numerator objf: 1.37079
LOG (nnet3-chain-train[5.5.1035~1-3dd90]:ComputeChainObjfAndDerivE2e():chain-training.cc:162) Numerator objf: 1.27332
LOG (nnet3-chain-train[5.5.1035~1-3dd90]:ComputeChainObjfAndDerivE2e():chain-training.cc:162) Numerator objf: 1.36589
LOG (nnet3-chain-train[5.5.1035~1-3dd90]:ComputeChainObjfAndDerivE2e():chain-training.cc:162) Numerator objf: 1.27331
LOG (nnet3-chain-train[5.5.1035~1-3dd90]:ComputeChainObjfAndDerivE2e():chain-training.cc:162) Numerator objf: 1.34077
LOG (nnet3-chain-train[5.5.1035~1-3dd90]:ComputeChainObjfAndDerivE2e():chain-training.cc:162) Numerator objf: 1.41079
LOG (nnet3-chain-train[5.5.1035~1-3dd90]:ComputeChainObjfAndDerivE2e():chain-training.cc:162) Numerator objf: 1.30172
LOG (nnet3-chain-train[5.5.1035~1-3dd90]:ComputeChainObjfAndDerivE2e():chain-training.cc:162) Numerator objf: 1.36803
LOG (nnet3-chain-train[5.5.1035~1-3dd90]:ComputeChainObjfAndDerivE2e():chain-training.cc:162) Numerator objf: 1.30676
LOG (nnet3-chain-train[5.5.1035~1-3dd90]:PrintStatsForThisPhase():nnet-training.cc:278) Average objective function for 'output-xent' for minibatches 150-159 is -1.63659 over 27264 frames.
LOG (nnet3-chain-train[5.5.1035~1-3dd90]:PrintStatsForThisPhase():nnet-training.cc:278) Average objective function for 'output' for minibatches 150-159 is -0.128646 over 27264 frames.
LOG (nnet3-chain-train[5.5.1035~1-3dd90]:ComputeChainObjfAndDerivE2e():chain-training.cc:162) Numerator objf: 1.32695
LOG (nnet3-chain-train[5.5.1035~1-3dd90]:ComputeChainObjfAndDerivE2e():chain-training.cc:162) Numerator objf: 1.34462
LOG (nnet3-chain-train[5.5.1035~1-3dd90]:ComputeChainObjfAndDerivE2e():chain-training.cc:162) Numerator objf: 1.38552
LOG (nnet3-chain-train[5.5.1035~1-3dd90]:ComputeChainObjfAndDerivE2e():chain-training.cc:162) Numerator objf: 1.35465
LOG (nnet3-chain-train[5.5.1035~1-3dd90]:ComputeChainObjfAndDerivE2e():chain-training.cc:162) Numerator objf: 1.33097
LOG (nnet3-chain-train[5.5.1035~1-3dd90]:ComputeChainObjfAndDerivE2e():chain-training.cc:162) Numerator objf: 1.25982
LOG (nnet3-chain-train[5.5.1035~1-3dd90]:ComputeChainObjfAndDerivE2e():chain-training.cc:162) Numerator objf: 1.35988
LOG (nnet3-chain-train[5.5.1035~1-3dd90]:ComputeChainObjfAndDerivE2e():chain-training.cc:162) Numerator objf: 1.31214
LOG (nnet3-chain-train[5.5.1035~1-3dd90]:ComputeChainObjfAndDerivE2e():chain-training.cc:162) Numerator objf: 1.39001
LOG (nnet3-chain-train[5.5.1035~1-3dd90]:ComputeChainObjfAndDerivE2e():chain-training.cc:162) Numerator objf: 1.32829
LOG (nnet3-chain-train[5.5.1035~1-3dd90]:PrintStatsForThisPhase():nnet-training.cc:278) Average objective function for 'output-xent' for minibatches 160-169 is -1.66151 over 28096 frames.
LOG (nnet3-chain-train[5.5.1035~1-3dd90]:PrintStatsForThisPhase():nnet-training.cc:278) Average objective function for 'output' for minibatches 160-169 is -0.129158 over 28096 frames.
LOG (nnet3-chain-train[5.5.1035~1-3dd90]:ComputeChainObjfAndDerivE2e():chain-training.cc:162) Numerator objf: 1.29583
LOG (nnet3-chain-train[5.5.1035~1-3dd90]:ComputeChainObjfAndDerivE2e():chain-training.cc:162) Numerator objf: 1.28761
LOG (nnet3-chain-train[5.5.1035~1-3dd90]:ComputeChainObjfAndDerivE2e():chain-training.cc:162) Numerator objf: 1.35599
LOG (nnet3-chain-train[5.5.1035~1-3dd90]:ComputeChainObjfAndDerivE2e():chain-training.cc:162) Numerator objf: 1.29777
LOG (nnet3-chain-train[5.5.1035~1-3dd90]:ComputeChainObjfAndDerivE2e():chain-training.cc:162) Numerator objf: 1.29365
LOG (nnet3-chain-train[5.5.1035~1-3dd90]:ComputeChainObjfAndDerivE2e():chain-training.cc:162) Numerator objf: 1.2961
LOG (nnet3-chain-train[5.5.1035~1-3dd90]:ComputeChainObjfAndDerivE2e():chain-training.cc:162) Numerator objf: 1.45708
LOG (nnet3-chain-train[5.5.1035~1-3dd90]:ComputeChainObjfAndDerivE2e():chain-training.cc:162) Numerator objf: 1.32433
LOG (nnet3-chain-train[5.5.1035~1-3dd90]:ComputeChainObjfAndDerivE2e():chain-training.cc:162) Numerator objf: 1.35555
LOG (nnet3-chain-train[5.5.1035~1-3dd90]:ComputeChainObjfAndDerivE2e():chain-training.cc:162) Numerator objf: 1.31174
LOG (nnet3-chain-train[5.5.1035~1-3dd90]:PrintStatsForThisPhase():nnet-training.cc:278) Average objective function for 'output-xent' for minibatches 170-179 is -1.66919 over 28288 frames.
LOG (nnet3-chain-train[5.5.1035~1-3dd90]:PrintStatsForThisPhase():nnet-training.cc:278) Average objective function for 'output' for minibatches 170-179 is -0.135241 over 28288 frames.
LOG (nnet3-chain-train[5.5.1035~1-3dd90]:ComputeChainObjfAndDerivE2e():chain-training.cc:162) Numerator objf: 1.41701
LOG (nnet3-chain-train[5.5.1035~1-3dd90]:ComputeChainObjfAndDerivE2e():chain-training.cc:162) Numerator objf: 1.33144
LOG (nnet3-chain-train[5.5.1035~1-3dd90]:ComputeChainObjfAndDerivE2e():chain-training.cc:162) Numerator objf: 1.33999
LOG (nnet3-chain-train[5.5.1035~1-3dd90]:ComputeChainObjfAndDerivE2e():chain-training.cc:162) Numerator objf: 1.29987
LOG (nnet3-chain-train[5.5.1035~1-3dd90]:ComputeChainObjfAndDerivE2e():chain-training.cc:162) Numerator objf: 1.36745
LOG (nnet3-chain-train[5.5.1035~1-3dd90]:ComputeChainObjfAndDerivE2e():chain-training.cc:162) Numerator objf: 1.44119
LOG (nnet3-chain-train[5.5.1035~1-3dd90]:ComputeChainObjfAndDerivE2e():chain-training.cc:162) Numerator objf: 1.28146
LOG (nnet3-chain-train[5.5.1035~1-3dd90]:ComputeChainObjfAndDerivE2e():chain-training.cc:162) Numerator objf: 1.3339
LOG (nnet3-chain-train[5.5.1035~1-3dd90]:ComputeChainObjfAndDerivE2e():chain-training.cc:162) Numerator objf: 1.44557
LOG (nnet3-chain-train[5.5.1035~1-3dd90]:ComputeChainObjfAndDerivE2e():chain-training.cc:162) Numerator objf: 1.35618
LOG (nnet3-chain-train[5.5.1035~1-3dd90]:PrintStatsForThisPhase():nnet-training.cc:278) Average objective function for 'output-xent' for minibatches 180-189 is -1.62594 over 28096 frames.
LOG (nnet3-chain-train[5.5.1035~1-3dd90]:PrintStatsForThisPhase():nnet-training.cc:278) Average objective function for 'output' for minibatches 180-189 is -0.125624 over 28096 frames.
LOG (nnet3-chain-train[5.5.1035~1-3dd90]:ComputeChainObjfAndDerivE2e():chain-training.cc:162) Numerator objf: 1.34366
LOG (nnet3-chain-train[5.5.1035~1-3dd90]:ComputeChainObjfAndDerivE2e():chain-training.cc:162) Numerator objf: 1.28964
LOG (nnet3-chain-train[5.5.1035~1-3dd90]:ComputeChainObjfAndDerivE2e():chain-training.cc:162) Numerator objf: 1.38744
LOG (nnet3-chain-train[5.5.1035~1-3dd90]:ComputeChainObjfAndDerivE2e():chain-training.cc:162) Numerator objf: 1.26161
LOG (nnet3-chain-train[5.5.1035~1-3dd90]:ComputeChainObjfAndDerivE2e():chain-training.cc:162) Numerator objf: 1.34807
LOG (nnet3-chain-train[5.5.1035~1-3dd90]:ComputeChainObjfAndDerivE2e():chain-training.cc:162) Numerator objf: 1.46103
LOG (nnet3-chain-train[5.5.1035~1-3dd90]:ComputeChainObjfAndDerivE2e():chain-training.cc:162) Numerator objf: 1.31979
LOG (nnet3-chain-train[5.5.1035~1-3dd90]:ComputeChainObjfAndDerivE2e():chain-training.cc:162) Numerator objf: 1.35529
LOG (nnet3-chain-train[5.5.1035~1-3dd90]:ComputeChainObjfAndDerivE2e():chain-training.cc:162) Numerator objf: 1.32562
LOG (nnet3-chain-train[5.5.1035~1-3dd90]:ComputeChainObjfAndDerivE2e():chain-training.cc:162) Numerator objf: 1.38349
LOG (nnet3-chain-train[5.5.1035~1-3dd90]:PrintStatsForThisPhase():nnet-training.cc:278) Average objective function for 'output-xent' for minibatches 190-199 is -1.64057 over 28288 frames.
LOG (nnet3-chain-train[5.5.1035~1-3dd90]:PrintStatsForThisPhase():nnet-training.cc:278) Average objective function for 'output' for minibatches 190-199 is -0.127736 over 28288 frames.
LOG (nnet3-chain-train[5.5.1035~1-3dd90]:ComputeChainObjfAndDerivE2e():chain-training.cc:162) Numerator objf: 1.36883
LOG (nnet3-chain-train[5.5.1035~1-3dd90]:ComputeChainObjfAndDerivE2e():chain-training.cc:162) Numerator objf: 1.39699
LOG (nnet3-chain-train[5.5.1035~1-3dd90]:ComputeChainObjfAndDerivE2e():chain-training.cc:162) Numerator objf: 1.30149
LOG (nnet3-chain-train[5.5.1035~1-3dd90]:ComputeChainObjfAndDerivE2e():chain-training.cc:162) Numerator objf: 1.24259
LOG (nnet3-chain-train[5.5.1035~1-3dd90]:ComputeChainObjfAndDerivE2e():chain-training.cc:162) Numerator objf: 1.42804
LOG (nnet3-chain-train[5.5.1035~1-3dd90]:ComputeChainObjfAndDerivE2e():chain-training.cc:162) Numerator objf: 1.36979
LOG (nnet3-chain-train[5.5.1035~1-3dd90]:ComputeChainObjfAndDerivE2e():chain-training.cc:162) Numerator objf: 1.31329
LOG (nnet3-chain-train[5.5.1035~1-3dd90]:ComputeChainObjfAndDerivE2e():chain-training.cc:162) Numerator objf: 1.32621
LOG (nnet3-chain-train[5.5.1035~1-3dd90]:ComputeChainObjfAndDerivE2e():chain-training.cc:162) Numerator objf: 1.34289
LOG (nnet3-chain-train[5.5.1035~1-3dd90]:ComputeChainObjfAndDerivE2e():chain-training.cc:162) Numerator objf: 1.31399
LOG (nnet3-chain-train[5.5.1035~1-3dd90]:PrintStatsForThisPhase():nnet-training.cc:278) Average objective function for 'output-xent' for minibatches 200-209 is -1.59506 over 28096 frames.
LOG (nnet3-chain-train[5.5.1035~1-3dd90]:PrintStatsForThisPhase():nnet-training.cc:278) Average objective function for 'output' for minibatches 200-209 is -0.124213 over 28096 frames.
LOG (nnet3-chain-train[5.5.1035~1-3dd90]:ComputeChainObjfAndDerivE2e():chain-training.cc:162) Numerator objf: 1.31337
LOG (nnet3-chain-train[5.5.1035~1-3dd90]:ComputeChainObjfAndDerivE2e():chain-training.cc:162) Numerator objf: 1.34468
LOG (nnet3-chain-train[5.5.1035~1-3dd90]:ComputeChainObjfAndDerivE2e():chain-training.cc:162) Numerator objf: 1.40108
LOG (nnet3-chain-train[5.5.1035~1-3dd90]:ComputeChainObjfAndDerivE2e():chain-training.cc:162) Numerator objf: 1.32782
LOG (nnet3-chain-train[5.5.1035~1-3dd90]:ComputeChainObjfAndDerivE2e():chain-training.cc:162) Numerator objf: 1.36386
LOG (nnet3-chain-train[5.5.1035~1-3dd90]:ComputeChainObjfAndDerivE2e():chain-training.cc:162) Numerator objf: 1.32451
LOG (nnet3-chain-train[5.5.1035~1-3dd90]:ComputeChainObjfAndDerivE2e():chain-training.cc:162) Numerator objf: 1.34457
LOG (nnet3-chain-train[5.5.1035~1-3dd90]:ComputeChainObjfAndDerivE2e():chain-training.cc:162) Numerator objf: 1.2652
LOG (nnet3-chain-train[5.5.1035~1-3dd90]:ComputeChainObjfAndDerivE2e():chain-training.cc:162) Numerator objf: 1.30004
LOG (nnet3-chain-train[5.5.1035~1-3dd90]:ComputeChainObjfAndDerivE2e():chain-training.cc:162) Numerator objf: 1.37331
LOG (nnet3-chain-train[5.5.1035~1-3dd90]:PrintStatsForThisPhase():nnet-training.cc:278) Average objective function for 'output-xent' for minibatches 210-219 is -1.67926 over 28288 frames.
LOG (nnet3-chain-train[5.5.1035~1-3dd90]:PrintStatsForThisPhase():nnet-training.cc:278) Average objective function for 'output' for minibatches 210-219 is -0.133475 over 28288 frames.
LOG (nnet3-chain-train[5.5.1035~1-3dd90]:ComputeChainObjfAndDerivE2e():chain-training.cc:162) Numerator objf: 1.33136
LOG (nnet3-chain-train[5.5.1035~1-3dd90]:ComputeChainObjfAndDerivE2e():chain-training.cc:162) Numerator objf: 1.35618
LOG (nnet3-chain-train[5.5.1035~1-3dd90]:ComputeChainObjfAndDerivE2e():chain-training.cc:162) Numerator objf: 1.38096
LOG (nnet3-chain-train[5.5.1035~1-3dd90]:ComputeChainObjfAndDerivE2e():chain-training.cc:162) Numerator objf: 1.28237
LOG (nnet3-chain-train[5.5.1035~1-3dd90]:ComputeChainObjfAndDerivE2e():chain-training.cc:162) Numerator objf: 1.30741
LOG (nnet3-chain-train[5.5.1035~1-3dd90]:ComputeChainObjfAndDerivE2e():chain-training.cc:162) Numerator objf: 1.27902
LOG (nnet3-chain-train[5.5.1035~1-3dd90]:ComputeChainObjfAndDerivE2e():chain-training.cc:162) Numerator objf: 1.26272
LOG (nnet3-chain-train[5.5.1035~1-3dd90]:ComputeChainObjfAndDerivE2e():chain-training.cc:162) Numerator objf: 1.32221
LOG (nnet3-chain-train[5.5.1035~1-3dd90]:ComputeChainObjfAndDerivE2e():chain-training.cc:162) Numerator objf: 1.35389
LOG (nnet3-chain-train[5.5.1035~1-3dd90]:ComputeChainObjfAndDerivE2e():chain-training.cc:162) Numerator objf: 1.41709
LOG (nnet3-chain-train[5.5.1035~1-3dd90]:PrintStatsForThisPhase():nnet-training.cc:278) Average objective function for 'output-xent' for minibatches 220-229 is -1.66467 over 28096 frames.
LOG (nnet3-chain-train[5.5.1035~1-3dd90]:PrintStatsForThisPhase():nnet-training.cc:278) Average objective function for 'output' for minibatches 220-229 is -0.135452 over 28096 frames.
LOG (nnet3-chain-train[5.5.1035~1-3dd90]:ComputeChainObjfAndDerivE2e():chain-training.cc:162) Numerator objf: 1.35826
LOG (nnet3-chain-train[5.5.1035~1-3dd90]:ComputeChainObjfAndDerivE2e():chain-training.cc:162) Numerator objf: 1.34206
LOG (nnet3-chain-train[5.5.1035~1-3dd90]:ComputeChainObjfAndDerivE2e():chain-training.cc:162) Numerator objf: 1.3249
LOG (nnet3-chain-train[5.5.1035~1-3dd90]:ComputeChainObjfAndDerivE2e():chain-training.cc:162) Numerator objf: 1.3302
LOG (nnet3-chain-train[5.5.1035~1-3dd90]:ComputeChainObjfAndDerivE2e():chain-training.cc:162) Numerator objf: 1.28745
LOG (nnet3-chain-train[5.5.1035~1-3dd90]:ComputeChainObjfAndDerivE2e():chain-training.cc:162) Numerator objf: 1.32391
LOG (nnet3-chain-train[5.5.1035~1-3dd90]:ComputeChainObjfAndDerivE2e():chain-training.cc:162) Numerator objf: 1.38811
LOG (nnet3-chain-train[5.5.1035~1-3dd90]:ComputeChainObjfAndDerivE2e():chain-training.cc:162) Numerator objf: 1.25087
LOG (nnet3-chain-train[5.5.1035~1-3dd90]:ComputeChainObjfAndDerivE2e():chain-training.cc:162) Numerator objf: 1.25654
LOG (nnet3-chain-train[5.5.1035~1-3dd90]:ComputeChainObjfAndDerivE2e():chain-training.cc:162) Numerator objf: 1.24406
LOG (nnet3-chain-train[5.5.1035~1-3dd90]:PrintStatsForThisPhase():nnet-training.cc:278) Average objective function for 'output-xent' for minibatches 230-239 is -1.61846 over 28288 frames.
LOG (nnet3-chain-train[5.5.1035~1-3dd90]:PrintStatsForThisPhase():nnet-training.cc:278) Average objective function for 'output' for minibatches 230-239 is -0.123809 over 28288 frames.
LOG (nnet3-chain-train[5.5.1035~1-3dd90]:ComputeChainObjfAndDerivE2e():chain-training.cc:162) Numerator objf: 1.37439
LOG (nnet3-chain-train[5.5.1035~1-3dd90]:ComputeChainObjfAndDerivE2e():chain-training.cc:162) Numerator objf: 1.29406
LOG (nnet3-chain-train[5.5.1035~1-3dd90]:ComputeChainObjfAndDerivE2e():chain-training.cc:162) Numerator objf: 1.29306
LOG (nnet3-chain-train[5.5.1035~1-3dd90]:ComputeChainObjfAndDerivE2e():chain-training.cc:162) Numerator objf: 1.30527
LOG (nnet3-chain-train[5.5.1035~1-3dd90]:ComputeChainObjfAndDerivE2e():chain-training.cc:162) Numerator objf: 1.33617
LOG (nnet3-chain-train[5.5.1035~1-3dd90]:ComputeChainObjfAndDerivE2e():chain-training.cc:162) Numerator objf: 1.26644
LOG (nnet3-chain-train[5.5.1035~1-3dd90]:ComputeChainObjfAndDerivE2e():chain-training.cc:162) Numerator objf: 1.27873
LOG (nnet3-chain-train[5.5.1035~1-3dd90]:ComputeChainObjfAndDerivE2e():chain-training.cc:162) Numerator objf: 1.2748
LOG (nnet3-chain-train[5.5.1035~1-3dd90]:ComputeChainObjfAndDerivE2e():chain-training.cc:162) Numerator objf: 1.36924
LOG (nnet3-chain-train[5.5.1035~1-3dd90]:ComputeChainObjfAndDerivE2e():chain-training.cc:162) Numerator objf: 1.31705
LOG (nnet3-chain-train[5.5.1035~1-3dd90]:PrintStatsForThisPhase():nnet-training.cc:278) Average objective function for 'output-xent' for minibatches 240-249 is -1.64156 over 28096 frames.
LOG (nnet3-chain-train[5.5.1035~1-3dd90]:PrintStatsForThisPhase():nnet-training.cc:278) Average objective function for 'output' for minibatches 240-249 is -0.1335 over 28096 frames.
LOG (nnet3-chain-train[5.5.1035~1-3dd90]:ComputeChainObjfAndDerivE2e():chain-training.cc:162) Numerator objf: 1.39777
LOG (nnet3-chain-train[5.5.1035~1-3dd90]:ComputeChainObjfAndDerivE2e():chain-training.cc:162) Numerator objf: 1.3662
LOG (nnet3-chain-train[5.5.1035~1-3dd90]:ComputeChainObjfAndDerivE2e():chain-training.cc:162) Numerator objf: 1.30228
LOG (nnet3-chain-train[5.5.1035~1-3dd90]:ComputeChainObjfAndDerivE2e():chain-training.cc:162) Numerator objf: 1.24652
LOG (nnet3-chain-train[5.5.1035~1-3dd90]:ComputeChainObjfAndDerivE2e():chain-training.cc:162) Numerator objf: 1.34782
LOG (nnet3-chain-train[5.5.1035~1-3dd90]:ComputeChainObjfAndDerivE2e():chain-training.cc:162) Numerator objf: 1.32788
LOG (nnet3-chain-train[5.5.1035~1-3dd90]:ComputeChainObjfAndDerivE2e():chain-training.cc:162) Numerator objf: 1.31816
LOG (nnet3-chain-train[5.5.1035~1-3dd90]:ComputeChainObjfAndDerivE2e():chain-training.cc:162) Numerator objf: 1.29797
LOG (nnet3-chain-train[5.5.1035~1-3dd90]:ComputeChainObjfAndDerivE2e():chain-training.cc:162) Numerator objf: 1.30103
LOG (nnet3-chain-train[5.5.1035~1-3dd90]:ComputeChainObjfAndDerivE2e():chain-training.cc:162) Numerator objf: 1.3744
LOG (nnet3-chain-train[5.5.1035~1-3dd90]:PrintStatsForThisPhase():nnet-training.cc:278) Average objective function for 'output-xent' for minibatches 250-259 is -1.63786 over 28288 frames.
LOG (nnet3-chain-train[5.5.1035~1-3dd90]:PrintStatsForThisPhase():nnet-training.cc:278) Average objective function for 'output' for minibatches 250-259 is -0.128147 over 28288 frames.
LOG (nnet3-chain-train[5.5.1035~1-3dd90]:ComputeChainObjfAndDerivE2e():chain-training.cc:162) Numerator objf: 1.29418
LOG (nnet3-chain-train[5.5.1035~1-3dd90]:ComputeChainObjfAndDerivE2e():chain-training.cc:162) Numerator objf: 1.424
LOG (nnet3-chain-train[5.5.1035~1-3dd90]:ComputeChainObjfAndDerivE2e():chain-training.cc:162) Numerator objf: 1.32986
LOG (nnet3-chain-train[5.5.1035~1-3dd90]:ComputeChainObjfAndDerivE2e():chain-training.cc:162) Numerator objf: 1.33334
LOG (nnet3-chain-train[5.5.1035~1-3dd90]:ComputeChainObjfAndDerivE2e():chain-training.cc:162) Numerator objf: 1.33767
LOG (nnet3-chain-train[5.5.1035~1-3dd90]:ComputeChainObjfAndDerivE2e():chain-training.cc:162) Numerator objf: 1.30361
LOG (nnet3-chain-train[5.5.1035~1-3dd90]:ComputeChainObjfAndDerivE2e():chain-training.cc:162) Numerator objf: 1.22672
LOG (nnet3-chain-train[5.5.1035~1-3dd90]:ComputeChainObjfAndDerivE2e():chain-training.cc:162) Numerator objf: 1.25842
LOG (nnet3-chain-train[5.5.1035~1-3dd90]:ComputeChainObjfAndDerivE2e():chain-training.cc:162) Numerator objf: 1.26998
LOG (nnet3-chain-train[5.5.1035~1-3dd90]:ComputeChainObjfAndDerivE2e():chain-training.cc:162) Numerator objf: 1.25681
LOG (nnet3-chain-train[5.5.1035~1-3dd90]:PrintStatsForThisPhase():nnet-training.cc:278) Average objective function for 'output-xent' for minibatches 260-269 is -1.6168 over 28096 frames.
LOG (nnet3-chain-train[5.5.1035~1-3dd90]:PrintStatsForThisPhase():nnet-training.cc:278) Average objective function for 'output' for minibatches 260-269 is -0.129142 over 28096 frames.
LOG (nnet3-chain-train[5.5.1035~1-3dd90]:ComputeChainObjfAndDerivE2e():chain-training.cc:162) Numerator objf: 1.25097
LOG (nnet3-chain-train[5.5.1035~1-3dd90]:ComputeChainObjfAndDerivE2e():chain-training.cc:162) Numerator objf: 1.30964
LOG (nnet3-chain-train[5.5.1035~1-3dd90]:ComputeChainObjfAndDerivE2e():chain-training.cc:162) Numerator objf: 1.33945
LOG (nnet3-chain-train[5.5.1035~1-3dd90]:ComputeChainObjfAndDerivE2e():chain-training.cc:162) Numerator objf: 1.28541
LOG (nnet3-chain-train[5.5.1035~1-3dd90]:ComputeChainObjfAndDerivE2e():chain-training.cc:162) Numerator objf: 1.29282
LOG (nnet3-chain-train[5.5.1035~1-3dd90]:ComputeChainObjfAndDerivE2e():chain-training.cc:162) Numerator objf: 1.28499
LOG (nnet3-chain-train[5.5.1035~1-3dd90]:ComputeChainObjfAndDerivE2e():chain-training.cc:162) Numerator objf: 1.29582
LOG (nnet3-chain-train[5.5.1035~1-3dd90]:ComputeChainObjfAndDerivE2e():chain-training.cc:162) Numerator objf: 1.32828
LOG (nnet3-chain-train[5.5.1035~1-3dd90]:ComputeChainObjfAndDerivE2e():chain-training.cc:162) Numerator objf: 1.23961
LOG (nnet3-chain-train[5.5.1035~1-3dd90]:ComputeChainObjfAndDerivE2e():chain-training.cc:162) Numerator objf: 1.28381
LOG (nnet3-chain-train[5.5.1035~1-3dd90]:PrintStatsForThisPhase():nnet-training.cc:278) Average objective function for 'output-xent' for minibatches 270-279 is -1.67182 over 28288 frames.
LOG (nnet3-chain-train[5.5.1035~1-3dd90]:PrintStatsForThisPhase():nnet-training.cc:278) Average objective function for 'output' for minibatches 270-279 is -0.135912 over 28288 frames.
LOG (nnet3-chain-train[5.5.1035~1-3dd90]:ComputeChainObjfAndDerivE2e():chain-training.cc:162) Numerator objf: 1.34125
LOG (nnet3-chain-train[5.5.1035~1-3dd90]:ComputeChainObjfAndDerivE2e():chain-training.cc:162) Numerator objf: 1.27889
LOG (nnet3-chain-train[5.5.1035~1-3dd90]:ComputeChainObjfAndDerivE2e():chain-training.cc:162) Numerator objf: 1.3337
LOG (nnet3-chain-train[5.5.1035~1-3dd90]:ComputeChainObjfAndDerivE2e():chain-training.cc:162) Numerator objf: 1.35052
LOG (nnet3-chain-train[5.5.1035~1-3dd90]:ComputeChainObjfAndDerivE2e():chain-training.cc:162) Numerator objf: 1.38533
LOG (nnet3-chain-train[5.5.1035~1-3dd90]:ComputeChainObjfAndDerivE2e():chain-training.cc:162) Numerator objf: 1.35986
LOG (nnet3-chain-train[5.5.1035~1-3dd90]:ComputeChainObjfAndDerivE2e():chain-training.cc:162) Numerator objf: 1.37437
LOG (nnet3-chain-train[5.5.1035~1-3dd90]:ComputeChainObjfAndDerivE2e():chain-training.cc:162) Numerator objf: 1.34834
LOG (nnet3-chain-train[5.5.1035~1-3dd90]:ComputeChainObjfAndDerivE2e():chain-training.cc:162) Numerator objf: 1.32911
LOG (nnet3-chain-train[5.5.1035~1-3dd90]:ComputeChainObjfAndDerivE2e():chain-training.cc:162) Numerator objf: 1.32641
LOG (nnet3-chain-train[5.5.1035~1-3dd90]:PrintStatsForThisPhase():nnet-training.cc:278) Average objective function for 'output-xent' for minibatches 280-289 is -1.60751 over 28096 frames.
LOG (nnet3-chain-train[5.5.1035~1-3dd90]:PrintStatsForThisPhase():nnet-training.cc:278) Average objective function for 'output' for minibatches 280-289 is -0.122787 over 28096 frames.
LOG (nnet3-chain-train[5.5.1035~1-3dd90]:ComputeChainObjfAndDerivE2e():chain-training.cc:162) Numerator objf: 1.335
LOG (nnet3-chain-train[5.5.1035~1-3dd90]:ComputeChainObjfAndDerivE2e():chain-training.cc:162) Numerator objf: 1.34326
LOG (nnet3-chain-train[5.5.1035~1-3dd90]:ComputeChainObjfAndDerivE2e():chain-training.cc:162) Numerator objf: 1.33232
LOG (nnet3-chain-train[5.5.1035~1-3dd90]:ComputeChainObjfAndDerivE2e():chain-training.cc:162) Numerator objf: 1.31434
LOG (nnet3-chain-train[5.5.1035~1-3dd90]:ComputeChainObjfAndDerivE2e():chain-training.cc:162) Numerator objf: 1.23276
LOG (nnet3-chain-train[5.5.1035~1-3dd90]:ComputeChainObjfAndDerivE2e():chain-training.cc:162) Numerator objf: 1.31982
LOG (nnet3-chain-train[5.5.1035~1-3dd90]:ComputeChainObjfAndDerivE2e():chain-training.cc:162) Numerator objf: 1.32323
LOG (nnet3-chain-train[5.5.1035~1-3dd90]:ComputeChainObjfAndDerivE2e():chain-training.cc:162) Numerator objf: 1.35313
LOG (nnet3-chain-train[5.5.1035~1-3dd90]:ComputeChainObjfAndDerivE2e():chain-training.cc:162) Numerator objf: 1.26255
LOG (nnet3-chain-train[5.5.1035~1-3dd90]:ComputeChainObjfAndDerivE2e():chain-training.cc:162) Numerator objf: 1.27313
LOG (nnet3-chain-train[5.5.1035~1-3dd90]:PrintStatsForThisPhase():nnet-training.cc:278) Average objective function for 'output-xent' for minibatches 290-299 is -1.58183 over 28288 frames.
LOG (nnet3-chain-train[5.5.1035~1-3dd90]:PrintStatsForThisPhase():nnet-training.cc:278) Average objective function for 'output' for minibatches 290-299 is -0.129575 over 28288 frames.
LOG (nnet3-chain-train[5.5.1035~1-3dd90]:ComputeChainObjfAndDerivE2e():chain-training.cc:162) Numerator objf: 1.31646
LOG (nnet3-chain-train[5.5.1035~1-3dd90]:ComputeChainObjfAndDerivE2e():chain-training.cc:162) Numerator objf: 1.40523
LOG (nnet3-chain-train[5.5.1035~1-3dd90]:ComputeChainObjfAndDerivE2e():chain-training.cc:162) Numerator objf: 1.31324
LOG (nnet3-chain-train[5.5.1035~1-3dd90]:ComputeChainObjfAndDerivE2e():chain-training.cc:162) Numerator objf: 1.35285
LOG (nnet3-chain-train[5.5.1035~1-3dd90]:ComputeChainObjfAndDerivE2e():chain-training.cc:162) Numerator objf: 1.37769
LOG (nnet3-chain-train[5.5.1035~1-3dd90]:ComputeChainObjfAndDerivE2e():chain-training.cc:162) Numerator objf: 1.2665
LOG (nnet3-chain-train[5.5.1035~1-3dd90]:ComputeChainObjfAndDerivE2e():chain-training.cc:162) Numerator objf: 1.20772
LOG (nnet3-chain-train[5.5.1035~1-3dd90]:ComputeChainObjfAndDerivE2e():chain-training.cc:162) Numerator objf: 1.21901
LOG (nnet3-chain-train[5.5.1035~1-3dd90]:ComputeChainObjfAndDerivE2e():chain-training.cc:162) Numerator objf: 1.33836
LOG (nnet3-chain-train[5.5.1035~1-3dd90]:ComputeChainObjfAndDerivE2e():chain-training.cc:162) Numerator objf: 1.36221
LOG (nnet3-chain-train[5.5.1035~1-3dd90]:PrintStatsForThisPhase():nnet-training.cc:278) Average objective function for 'output-xent' for minibatches 300-309 is -1.68921 over 27264 frames.
LOG (nnet3-chain-train[5.5.1035~1-3dd90]:PrintStatsForThisPhase():nnet-training.cc:278) Average objective function for 'output' for minibatches 300-309 is -0.136998 over 27264 frames.
LOG (nnet3-chain-train[5.5.1035~1-3dd90]:ComputeChainObjfAndDerivE2e():chain-training.cc:162) Numerator objf: 1.31982
LOG (nnet3-chain-train[5.5.1035~1-3dd90]:ComputeChainObjfAndDerivE2e():chain-training.cc:162) Numerator objf: 1.37509
LOG (nnet3-chain-train[5.5.1035~1-3dd90]:ComputeChainObjfAndDerivE2e():chain-training.cc:162) Numerator objf: 1.29208
LOG (nnet3-chain-train[5.5.1035~1-3dd90]:ComputeChainObjfAndDerivE2e():chain-training.cc:162) Numerator objf: 1.33345
LOG (nnet3-chain-train[5.5.1035~1-3dd90]:ComputeChainObjfAndDerivE2e():chain-training.cc:162) Numerator objf: 1.32882
LOG (nnet3-chain-train[5.5.1035~1-3dd90]:ComputeChainObjfAndDerivE2e():chain-training.cc:162) Numerator objf: 1.40219
LOG (nnet3-chain-train[5.5.1035~1-3dd90]:ComputeChainObjfAndDerivE2e():chain-training.cc:162) Numerator objf: 1.36343
LOG (nnet3-chain-train[5.5.1035~1-3dd90]:ComputeChainObjfAndDerivE2e():chain-training.cc:162) Numerator objf: 1.38648
LOG (nnet3-chain-train[5.5.1035~1-3dd90]:ComputeChainObjfAndDerivE2e():chain-training.cc:162) Numerator objf: 1.42326
LOG (nnet3-chain-train[5.5.1035~1-3dd90]:ComputeChainObjfAndDerivE2e():chain-training.cc:162) Numerator objf: 1.32117
LOG (nnet3-chain-train[5.5.1035~1-3dd90]:PrintStatsForThisPhase():nnet-training.cc:278) Average objective function for 'output-xent' for minibatches 310-319 is -1.59557 over 28096 frames.
LOG (nnet3-chain-train[5.5.1035~1-3dd90]:PrintStatsForThisPhase():nnet-training.cc:278) Average objective function for 'output' for minibatches 310-319 is -0.124994 over 28096 frames.
LOG (nnet3-chain-train[5.5.1035~1-3dd90]:ComputeChainObjfAndDerivE2e():chain-training.cc:162) Numerator objf: 1.35291
LOG (nnet3-chain-train[5.5.1035~1-3dd90]:ComputeChainObjfAndDerivE2e():chain-training.cc:162) Numerator objf: 1.28962
LOG (nnet3-chain-train[5.5.1035~1-3dd90]:ComputeChainObjfAndDerivE2e():chain-training.cc:162) Numerator objf: 1.41086
LOG (nnet3-chain-train[5.5.1035~1-3dd90]:ComputeChainObjfAndDerivE2e():chain-training.cc:162) Numerator objf: 1.28069
LOG (nnet3-chain-train[5.5.1035~1-3dd90]:ComputeChainObjfAndDerivE2e():chain-training.cc:162) Numerator objf: 1.3333
LOG (nnet3-chain-train[5.5.1035~1-3dd90]:ComputeChainObjfAndDerivE2e():chain-training.cc:162) Numerator objf: 1.36667
LOG (nnet3-chain-train[5.5.1035~1-3dd90]:ComputeChainObjfAndDerivE2e():chain-training.cc:162) Numerator objf: 1.32327
LOG (nnet3-chain-train[5.5.1035~1-3dd90]:ComputeChainObjfAndDerivE2e():chain-training.cc:162) Numerator objf: 1.34155
LOG (nnet3-chain-train[5.5.1035~1-3dd90]:ComputeChainObjfAndDerivE2e():chain-training.cc:162) Numerator objf: 1.28851
LOG (nnet3-chain-train[5.5.1035~1-3dd90]:ComputeChainObjfAndDerivE2e():chain-training.cc:162) Numerator objf: 1.30789
LOG (nnet3-chain-train[5.5.1035~1-3dd90]:PrintStatsForThisPhase():nnet-training.cc:278) Average objective function for 'output-xent' for minibatches 320-329 is -1.65987 over 28288 frames.
LOG (nnet3-chain-train[5.5.1035~1-3dd90]:PrintStatsForThisPhase():nnet-training.cc:278) Average objective function for 'output' for minibatches 320-329 is -0.128538 over 28288 frames.
LOG (nnet3-chain-train[5.5.1035~1-3dd90]:ComputeChainObjfAndDerivE2e():chain-training.cc:162) Numerator objf: 1.32674
LOG (nnet3-chain-train[5.5.1035~1-3dd90]:ComputeChainObjfAndDerivE2e():chain-training.cc:162) Numerator objf: 1.34448
LOG (nnet3-chain-train[5.5.1035~1-3dd90]:ComputeChainObjfAndDerivE2e():chain-training.cc:162) Numerator objf: 1.34074
LOG (nnet3-chain-train[5.5.1035~1-3dd90]:ComputeChainObjfAndDerivE2e():chain-training.cc:162) Numerator objf: 1.35189
LOG (nnet3-chain-train[5.5.1035~1-3dd90]:ComputeChainObjfAndDerivE2e():chain-training.cc:162) Numerator objf: 1.23338
LOG (nnet3-chain-train[5.5.1035~1-3dd90]:ComputeChainObjfAndDerivE2e():chain-training.cc:162) Numerator objf: 1.29233
LOG (nnet3-chain-train[5.5.1035~1-3dd90]:ComputeChainObjfAndDerivE2e():chain-training.cc:162) Numerator objf: 1.339
LOG (nnet3-chain-train[5.5.1035~1-3dd90]:ComputeChainObjfAndDerivE2e():chain-training.cc:162) Numerator objf: 1.41618
LOG (nnet3-chain-train[5.5.1035~1-3dd90]:ComputeChainObjfAndDerivE2e():chain-training.cc:162) Numerator objf: 1.33163
LOG (nnet3-chain-train[5.5.1035~1-3dd90]:ComputeChainObjfAndDerivE2e():chain-training.cc:162) Numerator objf: 1.30537
LOG (nnet3-chain-train[5.5.1035~1-3dd90]:PrintStatsForThisPhase():nnet-training.cc:278) Average objective function for 'output-xent' for minibatches 330-339 is -1.64159 over 28096 frames.
LOG (nnet3-chain-train[5.5.1035~1-3dd90]:PrintStatsForThisPhase():nnet-training.cc:278) Average objective function for 'output' for minibatches 330-339 is -0.122908 over 28096 frames.
LOG (nnet3-chain-train[5.5.1035~1-3dd90]:ComputeChainObjfAndDerivE2e():chain-training.cc:162) Numerator objf: 1.26561
LOG (nnet3-chain-train[5.5.1035~1-3dd90]:ComputeChainObjfAndDerivE2e():chain-training.cc:162) Numerator objf: 1.36312
LOG (nnet3-chain-train[5.5.1035~1-3dd90]:ComputeChainObjfAndDerivE2e():chain-training.cc:162) Numerator objf: 1.34601
LOG (nnet3-chain-train[5.5.1035~1-3dd90]:ComputeChainObjfAndDerivE2e():chain-training.cc:162) Numerator objf: 1.24897
LOG (nnet3-chain-train[5.5.1035~1-3dd90]:ComputeChainObjfAndDerivE2e():chain-training.cc:162) Numerator objf: 1.31837
LOG (nnet3-chain-train[5.5.1035~1-3dd90]:ComputeChainObjfAndDerivE2e():chain-training.cc:162) Numerator objf: 1.32962
LOG (nnet3-chain-train[5.5.1035~1-3dd90]:ComputeChainObjfAndDerivE2e():chain-training.cc:162) Numerator objf: 1.27213
LOG (nnet3-chain-train[5.5.1035~1-3dd90]:ComputeChainObjfAndDerivE2e():chain-training.cc:162) Numerator objf: 1.37524
LOG (nnet3-chain-train[5.5.1035~1-3dd90]:ComputeChainObjfAndDerivE2e():chain-training.cc:162) Numerator objf: 1.36213
LOG (nnet3-chain-train[5.5.1035~1-3dd90]:ComputeChainObjfAndDerivE2e():chain-training.cc:162) Numerator objf: 1.38027
LOG (nnet3-chain-train[5.5.1035~1-3dd90]:PrintStatsForThisPhase():nnet-training.cc:278) Average objective function for 'output-xent' for minibatches 340-349 is -1.656 over 28288 frames.
LOG (nnet3-chain-train[5.5.1035~1-3dd90]:PrintStatsForThisPhase():nnet-training.cc:278) Average objective function for 'output' for minibatches 340-349 is -0.127834 over 28288 frames.
LOG (nnet3-chain-train[5.5.1035~1-3dd90]:ComputeChainObjfAndDerivE2e():chain-training.cc:162) Numerator objf: 1.32271
LOG (nnet3-chain-train[5.5.1035~1-3dd90]:ComputeChainObjfAndDerivE2e():chain-training.cc:162) Numerator objf: 1.2734
LOG (nnet3-chain-train[5.5.1035~1-3dd90]:ComputeChainObjfAndDerivE2e():chain-training.cc:162) Numerator objf: 1.28425
LOG (nnet3-chain-train[5.5.1035~1-3dd90]:ComputeChainObjfAndDerivE2e():chain-training.cc:162) Numerator objf: 1.3973
LOG (nnet3-chain-train[5.5.1035~1-3dd90]:ComputeChainObjfAndDerivE2e():chain-training.cc:162) Numerator objf: 1.3483
LOG (nnet3-chain-train[5.5.1035~1-3dd90]:ComputeChainObjfAndDerivE2e():chain-training.cc:162) Numerator objf: 1.28337
LOG (nnet3-chain-train[5.5.1035~1-3dd90]:ComputeChainObjfAndDerivE2e():chain-training.cc:162) Numerator objf: 1.32535
LOG (nnet3-chain-train[5.5.1035~1-3dd90]:ComputeChainObjfAndDerivE2e():chain-training.cc:162) Numerator objf: 1.39618
LOG (nnet3-chain-train[5.5.1035~1-3dd90]:ComputeChainObjfAndDerivE2e():chain-training.cc:162) Numerator objf: 1.29288
LOG (nnet3-chain-train[5.5.1035~1-3dd90]:ComputeChainObjfAndDerivE2e():chain-training.cc:162) Numerator objf: 1.32897
LOG (nnet3-chain-train[5.5.1035~1-3dd90]:PrintStatsForThisPhase():nnet-training.cc:278) Average objective function for 'output-xent' for minibatches 350-359 is -1.6166 over 28096 frames.
LOG (nnet3-chain-train[5.5.1035~1-3dd90]:PrintStatsForThisPhase():nnet-training.cc:278) Average objective function for 'output' for minibatches 350-359 is -0.130223 over 28096 frames.
LOG (nnet3-chain-train[5.5.1035~1-3dd90]:ComputeChainObjfAndDerivE2e():chain-training.cc:162) Numerator objf: 1.28834
LOG (nnet3-chain-train[5.5.1035~1-3dd90]:ComputeChainObjfAndDerivE2e():chain-training.cc:162) Numerator objf: 1.28857
LOG (nnet3-chain-train[5.5.1035~1-3dd90]:ComputeChainObjfAndDerivE2e():chain-training.cc:162) Numerator objf: 1.32333
LOG (nnet3-chain-train[5.5.1035~1-3dd90]:ComputeChainObjfAndDerivE2e():chain-training.cc:162) Numerator objf: 1.36011
LOG (nnet3-chain-train[5.5.1035~1-3dd90]:ComputeChainObjfAndDerivE2e():chain-training.cc:162) Numerator objf: 1.35433
LOG (nnet3-chain-train[5.5.1035~1-3dd90]:ComputeChainObjfAndDerivE2e():chain-training.cc:162) Numerator objf: 1.33529
LOG (nnet3-chain-train[5.5.1035~1-3dd90]:ComputeChainObjfAndDerivE2e():chain-training.cc:162) Numerator objf: 1.33732
LOG (nnet3-chain-train[5.5.1035~1-3dd90]:ComputeChainObjfAndDerivE2e():chain-training.cc:162) Numerator objf: 1.27999
LOG (nnet3-chain-train[5.5.1035~1-3dd90]:ComputeChainObjfAndDerivE2e():chain-training.cc:162) Numerator objf: 1.31278
LOG (nnet3-chain-train[5.5.1035~1-3dd90]:ComputeChainObjfAndDerivE2e():chain-training.cc:162) Numerator objf: 1.46995
LOG (nnet3-chain-train[5.5.1035~1-3dd90]:PrintStatsForThisPhase():nnet-training.cc:278) Average objective function for 'output-xent' for minibatches 360-369 is -1.64773 over 28288 frames.
LOG (nnet3-chain-train[5.5.1035~1-3dd90]:PrintStatsForThisPhase():nnet-training.cc:278) Average objective function for 'output' for minibatches 360-369 is -0.129963 over 28288 frames.
LOG (nnet3-chain-train[5.5.1035~1-3dd90]:ComputeChainObjfAndDerivE2e():chain-training.cc:162) Numerator objf: 1.36567
LOG (nnet3-chain-train[5.5.1035~1-3dd90]:ComputeChainObjfAndDerivE2e():chain-training.cc:162) Numerator objf: 1.3299
LOG (nnet3-chain-train[5.5.1035~1-3dd90]:ComputeChainObjfAndDerivE2e():chain-training.cc:162) Numerator objf: 1.31939
LOG (nnet3-chain-train[5.5.1035~1-3dd90]:ComputeChainObjfAndDerivE2e():chain-training.cc:162) Numerator objf: 1.46394
LOG (nnet3-chain-train[5.5.1035~1-3dd90]:ComputeChainObjfAndDerivE2e():chain-training.cc:162) Numerator objf: 1.29271
LOG (nnet3-chain-train[5.5.1035~1-3dd90]:ComputeChainObjfAndDerivE2e():chain-training.cc:162) Numerator objf: 1.41336
LOG (nnet3-chain-train[5.5.1035~1-3dd90]:ComputeChainObjfAndDerivE2e():chain-training.cc:162) Numerator objf: 1.37043
LOG (nnet3-chain-train[5.5.1035~1-3dd90]:ComputeChainObjfAndDerivE2e():chain-training.cc:162) Numerator objf: 1.34626
LOG (nnet3-chain-train[5.5.1035~1-3dd90]:ComputeChainObjfAndDerivE2e():chain-training.cc:162) Numerator objf: 1.33909
LOG (nnet3-chain-train[5.5.1035~1-3dd90]:ComputeChainObjfAndDerivE2e():chain-training.cc:162) Numerator objf: 1.34918
LOG (nnet3-chain-train[5.5.1035~1-3dd90]:PrintStatsForThisPhase():nnet-training.cc:278) Average objective function for 'output-xent' for minibatches 370-379 is -1.60196 over 28096 frames.
LOG (nnet3-chain-train[5.5.1035~1-3dd90]:PrintStatsForThisPhase():nnet-training.cc:278) Average objective function for 'output' for minibatches 370-379 is -0.125376 over 28096 frames.
LOG (nnet3-chain-train[5.5.1035~1-3dd90]:ComputeChainObjfAndDerivE2e():chain-training.cc:162) Numerator objf: 1.36311
LOG (nnet3-chain-train[5.5.1035~1-3dd90]:ComputeChainObjfAndDerivE2e():chain-training.cc:162) Numerator objf: 1.3985
LOG (nnet3-chain-train[5.5.1035~1-3dd90]:ComputeChainObjfAndDerivE2e():chain-training.cc:162) Numerator objf: 1.37404
LOG (nnet3-chain-train[5.5.1035~1-3dd90]:ComputeChainObjfAndDerivE2e():chain-training.cc:162) Numerator objf: 1.32742
LOG (nnet3-chain-train[5.5.1035~1-3dd90]:ComputeChainObjfAndDerivE2e():chain-training.cc:162) Numerator objf: 1.32615
LOG (nnet3-chain-train[5.5.1035~1-3dd90]:ComputeChainObjfAndDerivE2e():chain-training.cc:162) Numerator objf: 1.32027
LOG (nnet3-chain-train[5.5.1035~1-3dd90]:ComputeChainObjfAndDerivE2e():chain-training.cc:162) Numerator objf: 1.31235
LOG (nnet3-chain-train[5.5.1035~1-3dd90]:ComputeChainObjfAndDerivE2e():chain-training.cc:162) Numerator objf: 1.32646
LOG (nnet3-chain-train[5.5.1035~1-3dd90]:ComputeChainObjfAndDerivE2e():chain-training.cc:162) Numerator objf: 1.37804
LOG (nnet3-chain-train[5.5.1035~1-3dd90]:ComputeChainObjfAndDerivE2e():chain-training.cc:162) Numerator objf: 1.30334
LOG (nnet3-chain-train[5.5.1035~1-3dd90]:PrintStatsForThisPhase():nnet-training.cc:278) Average objective function for 'output-xent' for minibatches 380-389 is -1.61455 over 27264 frames.
LOG (nnet3-chain-train[5.5.1035~1-3dd90]:PrintStatsForThisPhase():nnet-training.cc:278) Average objective function for 'output' for minibatches 380-389 is -0.12908 over 27264 frames.
LOG (nnet3-chain-train[5.5.1035~1-3dd90]:ComputeChainObjfAndDerivE2e():chain-training.cc:162) Numerator objf: 1.30728
LOG (nnet3-chain-train[5.5.1035~1-3dd90]:ComputeChainObjfAndDerivE2e():chain-training.cc:162) Numerator objf: 1.30594
LOG (nnet3-chain-train[5.5.1035~1-3dd90]:ComputeChainObjfAndDerivE2e():chain-training.cc:162) Numerator objf: 1.34215
LOG (nnet3-chain-train[5.5.1035~1-3dd90]:ComputeChainObjfAndDerivE2e():chain-training.cc:162) Numerator objf: 1.29478
LOG (nnet3-chain-train[5.5.1035~1-3dd90]:ComputeChainObjfAndDerivE2e():chain-training.cc:162) Numerator objf: 1.30651
LOG (nnet3-chain-train[5.5.1035~1-3dd90]:ComputeChainObjfAndDerivE2e():chain-training.cc:162) Numerator objf: 1.26892
LOG (nnet3-chain-train[5.5.1035~1-3dd90]:ComputeChainObjfAndDerivE2e():chain-training.cc:162) Numerator objf: 1.30177
LOG (nnet3-chain-train[5.5.1035~1-3dd90]:ComputeChainObjfAndDerivE2e():chain-training.cc:162) Numerator objf: 1.39799
LOG (nnet3-chain-train[5.5.1035~1-3dd90]:ComputeChainObjfAndDerivE2e():chain-training.cc:162) Numerator objf: 1.28421
LOG (nnet3-chain-train[5.5.1035~1-3dd90]:ComputeChainObjfAndDerivE2e():chain-training.cc:162) Numerator objf: 1.32185
LOG (nnet3-chain-train[5.5.1035~1-3dd90]:PrintStatsForThisPhase():nnet-training.cc:278) Average objective function for 'output-xent' for minibatches 390-399 is -1.66803 over 29120 frames.
LOG (nnet3-chain-train[5.5.1035~1-3dd90]:PrintStatsForThisPhase():nnet-training.cc:278) Average objective function for 'output' for minibatches 390-399 is -0.132447 over 29120 frames.
LOG (nnet3-chain-train[5.5.1035~1-3dd90]:ComputeChainObjfAndDerivE2e():chain-training.cc:162) Numerator objf: 1.35492
LOG (nnet3-chain-train[5.5.1035~1-3dd90]:ComputeChainObjfAndDerivE2e():chain-training.cc:162) Numerator objf: 1.33545
LOG (nnet3-chain-train[5.5.1035~1-3dd90]:ComputeChainObjfAndDerivE2e():chain-training.cc:162) Numerator objf: 1.38219
LOG (nnet3-chain-train[5.5.1035~1-3dd90]:ComputeChainObjfAndDerivE2e():chain-training.cc:162) Numerator objf: 1.26489
LOG (nnet3-chain-train[5.5.1035~1-3dd90]:ComputeChainObjfAndDerivE2e():chain-training.cc:162) Numerator objf: 1.35887
LOG (nnet3-chain-train[5.5.1035~1-3dd90]:ComputeChainObjfAndDerivE2e():chain-training.cc:162) Numerator objf: 1.28263
LOG (nnet3-chain-train[5.5.1035~1-3dd90]:ComputeChainObjfAndDerivE2e():chain-training.cc:162) Numerator objf: 1.32213
LOG (nnet3-chain-train[5.5.1035~1-3dd90]:ComputeChainObjfAndDerivE2e():chain-training.cc:162) Numerator objf: 1.28004
LOG (nnet3-chain-train[5.5.1035~1-3dd90]:ComputeChainObjfAndDerivE2e():chain-training.cc:162) Numerator objf: 1.33479
LOG (nnet3-chain-train[5.5.1035~1-3dd90]:ComputeChainObjfAndDerivE2e():chain-training.cc:162) Numerator objf: 1.23463
LOG (nnet3-chain-train[5.5.1035~1-3dd90]:PrintStatsForThisPhase():nnet-training.cc:278) Average objective function for 'output-xent' for minibatches 400-409 is -1.60455 over 28096 frames.
LOG (nnet3-chain-train[5.5.1035~1-3dd90]:PrintStatsForThisPhase():nnet-training.cc:278) Average objective function for 'output' for minibatches 400-409 is -0.126801 over 28096 frames.
LOG (nnet3-chain-train[5.5.1035~1-3dd90]:ComputeChainObjfAndDerivE2e():chain-training.cc:162) Numerator objf: 1.3008
LOG (nnet3-chain-train[5.5.1035~1-3dd90]:ComputeChainObjfAndDerivE2e():chain-training.cc:162) Numerator objf: 1.34268
LOG (nnet3-chain-train[5.5.1035~1-3dd90]:ComputeChainObjfAndDerivE2e():chain-training.cc:162) Numerator objf: 1.25911
LOG (nnet3-chain-train[5.5.1035~1-3dd90]:ComputeChainObjfAndDerivE2e():chain-training.cc:162) Numerator objf: 1.32265
LOG (nnet3-chain-train[5.5.1035~1-3dd90]:ComputeChainObjfAndDerivE2e():chain-training.cc:162) Numerator objf: 1.3215
LOG (nnet3-chain-train[5.5.1035~1-3dd90]:ComputeChainObjfAndDerivE2e():chain-training.cc:162) Numerator objf: 1.33788
LOG (nnet3-chain-train[5.5.1035~1-3dd90]:ComputeChainObjfAndDerivE2e():chain-training.cc:162) Numerator objf: 1.37148
LOG (nnet3-chain-train[5.5.1035~1-3dd90]:ComputeChainObjfAndDerivE2e():chain-training.cc:162) Numerator objf: 1.375
LOG (nnet3-chain-train[5.5.1035~1-3dd90]:ComputeChainObjfAndDerivE2e():chain-training.cc:162) Numerator objf: 1.31322
LOG (nnet3-chain-train[5.5.1035~1-3dd90]:ComputeChainObjfAndDerivE2e():chain-training.cc:162) Numerator objf: 1.31061
LOG (nnet3-chain-train[5.5.1035~1-3dd90]:PrintStatsForThisPhase():nnet-training.cc:278) Average objective function for 'output-xent' for minibatches 410-419 is -1.64413 over 28288 frames.
LOG (nnet3-chain-train[5.5.1035~1-3dd90]:PrintStatsForThisPhase():nnet-training.cc:278) Average objective function for 'output' for minibatches 410-419 is -0.127167 over 28288 frames.
LOG (nnet3-chain-train[5.5.1035~1-3dd90]:ComputeChainObjfAndDerivE2e():chain-training.cc:162) Numerator objf: 1.44386
LOG (nnet3-chain-train[5.5.1035~1-3dd90]:ComputeChainObjfAndDerivE2e():chain-training.cc:162) Numerator objf: 1.36627
LOG (nnet3-chain-train[5.5.1035~1-3dd90]:ComputeChainObjfAndDerivE2e():chain-training.cc:162) Numerator objf: 1.39128
LOG (nnet3-chain-train[5.5.1035~1-3dd90]:ComputeChainObjfAndDerivE2e():chain-training.cc:162) Numerator objf: 1.37871
LOG (nnet3-chain-train[5.5.1035~1-3dd90]:ComputeChainObjfAndDerivE2e():chain-training.cc:162) Numerator objf: 1.31447
LOG (nnet3-chain-train[5.5.1035~1-3dd90]:ComputeChainObjfAndDerivE2e():chain-training.cc:162) Numerator objf: 1.45428
LOG (nnet3-chain-train[5.5.1035~1-3dd90]:ComputeChainObjfAndDerivE2e():chain-training.cc:162) Numerator objf: 1.30322
LOG (nnet3-chain-train[5.5.1035~1-3dd90]:ComputeChainObjfAndDerivE2e():chain-training.cc:162) Numerator objf: 1.36799
LOG (nnet3-chain-train[5.5.1035~1-3dd90]:ComputeChainObjfAndDerivE2e():chain-training.cc:162) Numerator objf: 1.35992
LOG (nnet3-chain-train[5.5.1035~1-3dd90]:ComputeChainObjfAndDerivE2e():chain-training.cc:162) Numerator objf: 1.33726
LOG (nnet3-chain-train[5.5.1035~1-3dd90]:PrintStatsForThisPhase():nnet-training.cc:278) Average objective function for 'output-xent' for minibatches 420-429 is -1.5676 over 28096 frames.
LOG (nnet3-chain-train[5.5.1035~1-3dd90]:PrintStatsForThisPhase():nnet-training.cc:278) Average objective function for 'output' for minibatches 420-429 is -0.119851 over 28096 frames.
LOG (nnet3-chain-train[5.5.1035~1-3dd90]:ComputeChainObjfAndDerivE2e():chain-training.cc:162) Numerator objf: 1.38066
LOG (nnet3-chain-train[5.5.1035~1-3dd90]:ComputeChainObjfAndDerivE2e():chain-training.cc:162) Numerator objf: 1.36132
LOG (nnet3-chain-train[5.5.1035~1-3dd90]:ComputeChainObjfAndDerivE2e():chain-training.cc:162) Numerator objf: 1.43945
LOG (nnet3-chain-train[5.5.1035~1-3dd90]:ComputeChainObjfAndDerivE2e():chain-training.cc:162) Numerator objf: 1.31494
LOG (nnet3-chain-train[5.5.1035~1-3dd90]:ComputeChainObjfAndDerivE2e():chain-training.cc:162) Numerator objf: 1.35086
LOG (nnet3-chain-train[5.5.1035~1-3dd90]:ComputeChainObjfAndDerivE2e():chain-training.cc:162) Numerator objf: 1.3334
LOG (nnet3-chain-train[5.5.1035~1-3dd90]:ComputeChainObjfAndDerivE2e():chain-training.cc:162) Numerator objf: 1.31001
LOG (nnet3-chain-train[5.5.1035~1-3dd90]:ComputeChainObjfAndDerivE2e():chain-training.cc:162) Numerator objf: 1.34864
LOG (nnet3-chain-train[5.5.1035~1-3dd90]:ComputeChainObjfAndDerivE2e():chain-training.cc:162) Numerator objf: 1.28577
LOG (nnet3-chain-train[5.5.1035~1-3dd90]:ComputeChainObjfAndDerivE2e():chain-training.cc:162) Numerator objf: 1.2925
LOG (nnet3-chain-train[5.5.1035~1-3dd90]:PrintStatsForThisPhase():nnet-training.cc:278) Average objective function for 'output-xent' for minibatches 430-439 is -1.61388 over 28288 frames.
LOG (nnet3-chain-train[5.5.1035~1-3dd90]:PrintStatsForThisPhase():nnet-training.cc:278) Average objective function for 'output' for minibatches 430-439 is -0.122516 over 28288 frames.
LOG (nnet3-chain-train[5.5.1035~1-3dd90]:ComputeChainObjfAndDerivE2e():chain-training.cc:162) Numerator objf: 1.40108
LOG (nnet3-chain-train[5.5.1035~1-3dd90]:ComputeChainObjfAndDerivE2e():chain-training.cc:162) Numerator objf: 1.37307
LOG (nnet3-chain-train[5.5.1035~1-3dd90]:ComputeChainObjfAndDerivE2e():chain-training.cc:162) Numerator objf: 1.31451
LOG (nnet3-chain-train[5.5.1035~1-3dd90]:ComputeChainObjfAndDerivE2e():chain-training.cc:162) Numerator objf: 1.28324
LOG (nnet3-chain-train[5.5.1035~1-3dd90]:ComputeChainObjfAndDerivE2e():chain-training.cc:162) Numerator objf: 1.3735
LOG (nnet3-chain-train[5.5.1035~1-3dd90]:ComputeChainObjfAndDerivE2e():chain-training.cc:162) Numerator objf: 1.28171
LOG (nnet3-chain-train[5.5.1035~1-3dd90]:ComputeChainObjfAndDerivE2e():chain-training.cc:162) Numerator objf: 1.30584
LOG (nnet3-chain-train[5.5.1035~1-3dd90]:ComputeChainObjfAndDerivE2e():chain-training.cc:162) Numerator objf: 1.4266
LOG (nnet3-chain-train[5.5.1035~1-3dd90]:ComputeChainObjfAndDerivE2e():chain-training.cc:162) Numerator objf: 1.30556
LOG (nnet3-chain-copy-egs[5.5.1035~1-3dd90]:main():nnet3-chain-copy-egs.cc:395) Read 34002 neural-network training examples, wrote 34002
LOG (nnet3-chain-train[5.5.1035~1-3dd90]:ComputeChainObjfAndDerivE2e():chain-training.cc:162) Numerator objf: 1.40628
LOG (nnet3-chain-train[5.5.1035~1-3dd90]:PrintStatsForThisPhase():nnet-training.cc:278) Average objective function for 'output-xent' for minibatches 440-449 is -1.60297 over 28096 frames.
LOG (nnet3-chain-train[5.5.1035~1-3dd90]:PrintStatsForThisPhase():nnet-training.cc:278) Average objective function for 'output' for minibatches 440-449 is -0.130138 over 28096 frames.
LOG (nnet3-chain-train[5.5.1035~1-3dd90]:ComputeChainObjfAndDerivE2e():chain-training.cc:162) Numerator objf: 1.30189
LOG (nnet3-chain-train[5.5.1035~1-3dd90]:ComputeChainObjfAndDerivE2e():chain-training.cc:162) Numerator objf: 1.30585
LOG (nnet3-chain-train[5.5.1035~1-3dd90]:ComputeChainObjfAndDerivE2e():chain-training.cc:162) Numerator objf: 1.33548
LOG (nnet3-chain-train[5.5.1035~1-3dd90]:ComputeChainObjfAndDerivE2e():chain-training.cc:162) Numerator objf: 1.28496
LOG (nnet3-chain-train[5.5.1035~1-3dd90]:ComputeChainObjfAndDerivE2e():chain-training.cc:162) Numerator objf: 1.26642
LOG (nnet3-chain-train[5.5.1035~1-3dd90]:ComputeChainObjfAndDerivE2e():chain-training.cc:162) Numerator objf: 1.33638
LOG (nnet3-chain-train[5.5.1035~1-3dd90]:ComputeChainObjfAndDerivE2e():chain-training.cc:162) Numerator objf: 1.38721
LOG (nnet3-chain-train[5.5.1035~1-3dd90]:ComputeChainObjfAndDerivE2e():chain-training.cc:162) Numerator objf: 1.33261
LOG (nnet3-chain-train[5.5.1035~1-3dd90]:ComputeChainObjfAndDerivE2e():chain-training.cc:162) Numerator objf: 1.27415
LOG (nnet3-chain-train[5.5.1035~1-3dd90]:ComputeChainObjfAndDerivE2e():chain-training.cc:162) Numerator objf: 1.31416
LOG (nnet3-chain-train[5.5.1035~1-3dd90]:PrintStatsForThisPhase():nnet-training.cc:278) Average objective function for 'output-xent' for minibatches 450-459 is -1.67943 over 28288 frames.
LOG (nnet3-chain-train[5.5.1035~1-3dd90]:PrintStatsForThisPhase():nnet-training.cc:278) Average objective function for 'output' for minibatches 450-459 is -0.132657 over 28288 frames.
LOG (nnet3-chain-train[5.5.1035~1-3dd90]:ComputeChainObjfAndDerivE2e():chain-training.cc:162) Numerator objf: 1.34453
LOG (nnet3-chain-train[5.5.1035~1-3dd90]:ComputeChainObjfAndDerivE2e():chain-training.cc:162) Numerator objf: 1.30721
LOG (nnet3-chain-train[5.5.1035~1-3dd90]:ComputeChainObjfAndDerivE2e():chain-training.cc:162) Numerator objf: 1.38274
LOG (nnet3-chain-train[5.5.1035~1-3dd90]:ComputeChainObjfAndDerivE2e():chain-training.cc:162) Numerator objf: 1.34635
LOG (nnet3-chain-train[5.5.1035~1-3dd90]:ComputeChainObjfAndDerivE2e():chain-training.cc:162) Numerator objf: 1.35095
LOG (nnet3-chain-train[5.5.1035~1-3dd90]:ComputeChainObjfAndDerivE2e():chain-training.cc:162) Numerator objf: 1.35749
LOG (nnet3-chain-train[5.5.1035~1-3dd90]:ComputeChainObjfAndDerivE2e():chain-training.cc:162) Numerator objf: 1.34838
LOG (nnet3-chain-train[5.5.1035~1-3dd90]:ComputeChainObjfAndDerivE2e():chain-training.cc:162) Numerator objf: 1.36723
LOG (nnet3-chain-train[5.5.1035~1-3dd90]:ComputeChainObjfAndDerivE2e():chain-training.cc:162) Numerator objf: 1.30446
LOG (nnet3-chain-train[5.5.1035~1-3dd90]:ComputeChainObjfAndDerivE2e():chain-training.cc:162) Numerator objf: 1.31186
LOG (nnet3-chain-train[5.5.1035~1-3dd90]:PrintStatsForThisPhase():nnet-training.cc:278) Average objective function for 'output-xent' for minibatches 460-469 is -1.59222 over 28096 frames.
LOG (nnet3-chain-train[5.5.1035~1-3dd90]:PrintStatsForThisPhase():nnet-training.cc:278) Average objective function for 'output' for minibatches 460-469 is -0.131948 over 28096 frames.
LOG (nnet3-chain-train[5.5.1035~1-3dd90]:ComputeChainObjfAndDerivE2e():chain-training.cc:162) Numerator objf: 1.31622
LOG (nnet3-chain-train[5.5.1035~1-3dd90]:ComputeChainObjfAndDerivE2e():chain-training.cc:162) Numerator objf: 1.31196
LOG (nnet3-chain-train[5.5.1035~1-3dd90]:ComputeChainObjfAndDerivE2e():chain-training.cc:162) Numerator objf: 1.27338
LOG (nnet3-chain-train[5.5.1035~1-3dd90]:ComputeChainObjfAndDerivE2e():chain-training.cc:162) Numerator objf: 1.37864
LOG (nnet3-chain-train[5.5.1035~1-3dd90]:ComputeChainObjfAndDerivE2e():chain-training.cc:162) Numerator objf: 1.28434
LOG (nnet3-chain-train[5.5.1035~1-3dd90]:ComputeChainObjfAndDerivE2e():chain-training.cc:162) Numerator objf: 1.43824
LOG (nnet3-chain-train[5.5.1035~1-3dd90]:ComputeChainObjfAndDerivE2e():chain-training.cc:162) Numerator objf: 1.32197
LOG (nnet3-chain-train[5.5.1035~1-3dd90]:ComputeChainObjfAndDerivE2e():chain-training.cc:162) Numerator objf: 1.2856
LOG (nnet3-chain-train[5.5.1035~1-3dd90]:ComputeChainObjfAndDerivE2e():chain-training.cc:162) Numerator objf: 1.33275
LOG (nnet3-chain-train[5.5.1035~1-3dd90]:ComputeChainObjfAndDerivE2e():chain-training.cc:162) Numerator objf: 1.35032
LOG (nnet3-chain-train[5.5.1035~1-3dd90]:PrintStatsForThisPhase():nnet-training.cc:278) Average objective function for 'output-xent' for minibatches 470-479 is -1.66797 over 28288 frames.
LOG (nnet3-chain-train[5.5.1035~1-3dd90]:PrintStatsForThisPhase():nnet-training.cc:278) Average objective function for 'output' for minibatches 470-479 is -0.13262 over 28288 frames.
LOG (nnet3-chain-train[5.5.1035~1-3dd90]:ComputeChainObjfAndDerivE2e():chain-training.cc:162) Numerator objf: 1.4275
LOG (nnet3-chain-train[5.5.1035~1-3dd90]:ComputeChainObjfAndDerivE2e():chain-training.cc:162) Numerator objf: 1.29307
LOG (nnet3-chain-train[5.5.1035~1-3dd90]:ComputeChainObjfAndDerivE2e():chain-training.cc:162) Numerator objf: 1.32813
LOG (nnet3-chain-train[5.5.1035~1-3dd90]:ComputeChainObjfAndDerivE2e():chain-training.cc:162) Numerator objf: 1.37815
LOG (nnet3-chain-train[5.5.1035~1-3dd90]:ComputeChainObjfAndDerivE2e():chain-training.cc:162) Numerator objf: 1.42271
LOG (nnet3-chain-train[5.5.1035~1-3dd90]:ComputeChainObjfAndDerivE2e():chain-training.cc:162) Numerator objf: 1.3605
LOG (nnet3-chain-train[5.5.1035~1-3dd90]:ComputeChainObjfAndDerivE2e():chain-training.cc:162) Numerator objf: 1.34603
LOG (nnet3-chain-train[5.5.1035~1-3dd90]:ComputeChainObjfAndDerivE2e():chain-training.cc:162) Numerator objf: 1.38621
LOG (nnet3-chain-train[5.5.1035~1-3dd90]:ComputeChainObjfAndDerivE2e():chain-training.cc:162) Numerator objf: 1.39724
LOG (nnet3-chain-train[5.5.1035~1-3dd90]:ComputeChainObjfAndDerivE2e():chain-training.cc:162) Numerator objf: 1.39832
LOG (nnet3-chain-train[5.5.1035~1-3dd90]:PrintStatsForThisPhase():nnet-training.cc:278) Average objective function for 'output-xent' for minibatches 480-489 is -1.58203 over 28096 frames.
LOG (nnet3-chain-train[5.5.1035~1-3dd90]:PrintStatsForThisPhase():nnet-training.cc:278) Average objective function for 'output' for minibatches 480-489 is -0.124952 over 28096 frames.
LOG (nnet3-chain-train[5.5.1035~1-3dd90]:ComputeChainObjfAndDerivE2e():chain-training.cc:162) Numerator objf: 1.4346
LOG (nnet3-chain-train[5.5.1035~1-3dd90]:ComputeChainObjfAndDerivE2e():chain-training.cc:162) Numerator objf: 1.40113
LOG (nnet3-chain-train[5.5.1035~1-3dd90]:ComputeChainObjfAndDerivE2e():chain-training.cc:162) Numerator objf: 1.31864
LOG (nnet3-chain-train[5.5.1035~1-3dd90]:ComputeChainObjfAndDerivE2e():chain-training.cc:162) Numerator objf: 1.35384
LOG (nnet3-chain-train[5.5.1035~1-3dd90]:ComputeChainObjfAndDerivE2e():chain-training.cc:162) Numerator objf: 1.45129
LOG (nnet3-chain-train[5.5.1035~1-3dd90]:ComputeChainObjfAndDerivE2e():chain-training.cc:162) Numerator objf: 1.38382
LOG (nnet3-chain-train[5.5.1035~1-3dd90]:ComputeChainObjfAndDerivE2e():chain-training.cc:162) Numerator objf: 1.35263
LOG (nnet3-chain-train[5.5.1035~1-3dd90]:ComputeChainObjfAndDerivE2e():chain-training.cc:162) Numerator objf: 1.31151
LOG (nnet3-chain-train[5.5.1035~1-3dd90]:ComputeChainObjfAndDerivE2e():chain-training.cc:162) Numerator objf: 1.42508
LOG (nnet3-chain-train[5.5.1035~1-3dd90]:ComputeChainObjfAndDerivE2e():chain-training.cc:162) Numerator objf: 1.37456
LOG (nnet3-chain-train[5.5.1035~1-3dd90]:PrintStatsForThisPhase():nnet-training.cc:278) Average objective function for 'output-xent' for minibatches 490-499 is -1.63792 over 27264 frames.
LOG (nnet3-chain-train[5.5.1035~1-3dd90]:PrintStatsForThisPhase():nnet-training.cc:278) Average objective function for 'output' for minibatches 490-499 is -0.129139 over 27264 frames.
LOG (nnet3-chain-train[5.5.1035~1-3dd90]:ComputeChainObjfAndDerivE2e():chain-training.cc:162) Numerator objf: 1.27921
LOG (nnet3-chain-train[5.5.1035~1-3dd90]:ComputeChainObjfAndDerivE2e():chain-training.cc:162) Numerator objf: 1.44419
LOG (nnet3-chain-train[5.5.1035~1-3dd90]:ComputeChainObjfAndDerivE2e():chain-training.cc:162) Numerator objf: 1.37892
LOG (nnet3-chain-train[5.5.1035~1-3dd90]:ComputeChainObjfAndDerivE2e():chain-training.cc:162) Numerator objf: 1.37736
LOG (nnet3-chain-train[5.5.1035~1-3dd90]:ComputeChainObjfAndDerivE2e():chain-training.cc:162) Numerator objf: 1.35913
LOG (nnet3-chain-train[5.5.1035~1-3dd90]:ComputeChainObjfAndDerivE2e():chain-training.cc:162) Numerator objf: 1.32193
LOG (nnet3-chain-train[5.5.1035~1-3dd90]:ComputeChainObjfAndDerivE2e():chain-training.cc:162) Numerator objf: 1.42055
LOG (nnet3-chain-train[5.5.1035~1-3dd90]:ComputeChainObjfAndDerivE2e():chain-training.cc:162) Numerator objf: 1.27552
LOG (nnet3-chain-train[5.5.1035~1-3dd90]:ComputeChainObjfAndDerivE2e():chain-training.cc:162) Numerator objf: 1.32669
LOG (nnet3-chain-train[5.5.1035~1-3dd90]:ComputeChainObjfAndDerivE2e():chain-training.cc:162) Numerator objf: 1.35118
LOG (nnet3-chain-train[5.5.1035~1-3dd90]:PrintStatsForThisPhase():nnet-training.cc:278) Average objective function for 'output-xent' for minibatches 500-509 is -1.62521 over 29120 frames.
LOG (nnet3-chain-train[5.5.1035~1-3dd90]:PrintStatsForThisPhase():nnet-training.cc:278) Average objective function for 'output' for minibatches 500-509 is -0.128015 over 29120 frames.
LOG (nnet3-chain-train[5.5.1035~1-3dd90]:ComputeChainObjfAndDerivE2e():chain-training.cc:162) Numerator objf: 1.49954
LOG (nnet3-chain-train[5.5.1035~1-3dd90]:ComputeChainObjfAndDerivE2e():chain-training.cc:162) Numerator objf: 1.27289
LOG (nnet3-chain-train[5.5.1035~1-3dd90]:ComputeChainObjfAndDerivE2e():chain-training.cc:162) Numerator objf: 1.38012
LOG (nnet3-chain-train[5.5.1035~1-3dd90]:ComputeChainObjfAndDerivE2e():chain-training.cc:162) Numerator objf: 1.35037
LOG (nnet3-chain-train[5.5.1035~1-3dd90]:ComputeChainObjfAndDerivE2e():chain-training.cc:162) Numerator objf: 1.34394
LOG (nnet3-chain-train[5.5.1035~1-3dd90]:ComputeChainObjfAndDerivE2e():chain-training.cc:162) Numerator objf: 1.31403
LOG (nnet3-chain-train[5.5.1035~1-3dd90]:ComputeChainObjfAndDerivE2e():chain-training.cc:162) Numerator objf: 1.4064
LOG (nnet3-chain-train[5.5.1035~1-3dd90]:ComputeChainObjfAndDerivE2e():chain-training.cc:162) Numerator objf: 1.35052
LOG (nnet3-chain-train[5.5.1035~1-3dd90]:ComputeChainObjfAndDerivE2e():chain-training.cc:162) Numerator objf: 1.29061
LOG (nnet3-chain-train[5.5.1035~1-3dd90]:ComputeChainObjfAndDerivE2e():chain-training.cc:162) Numerator objf: 1.31425
LOG (nnet3-chain-train[5.5.1035~1-3dd90]:PrintStatsForThisPhase():nnet-training.cc:278) Average objective function for 'output-xent' for minibatches 510-519 is -1.64581 over 27264 frames.
LOG (nnet3-chain-train[5.5.1035~1-3dd90]:PrintStatsForThisPhase():nnet-training.cc:278) Average objective function for 'output' for minibatches 510-519 is -0.135178 over 27264 frames.
LOG (nnet3-chain-train[5.5.1035~1-3dd90]:ComputeChainObjfAndDerivE2e():chain-training.cc:162) Numerator objf: 1.31517
LOG (nnet3-chain-train[5.5.1035~1-3dd90]:ComputeChainObjfAndDerivE2e():chain-training.cc:162) Numerator objf: 1.38732
LOG (nnet3-chain-train[5.5.1035~1-3dd90]:ComputeChainObjfAndDerivE2e():chain-training.cc:162) Numerator objf: 1.35615
LOG (nnet3-chain-train[5.5.1035~1-3dd90]:ComputeChainObjfAndDerivE2e():chain-training.cc:162) Numerator objf: 1.28566
LOG (nnet3-chain-train[5.5.1035~1-3dd90]:ComputeChainObjfAndDerivE2e():chain-training.cc:162) Numerator objf: 1.30671
LOG (nnet3-chain-train[5.5.1035~1-3dd90]:ComputeChainObjfAndDerivE2e():chain-training.cc:162) Numerator objf: 1.38749
LOG (nnet3-chain-train[5.5.1035~1-3dd90]:ComputeChainObjfAndDerivE2e():chain-training.cc:162) Numerator objf: 1.31363
LOG (nnet3-chain-shuffle-egs[5.5.1035~1-3dd90]:main():nnet3-chain-shuffle-egs.cc:104) Shuffled order of 34002 neural-network training examples using a buffer (partial randomization)
LOG (nnet3-chain-train[5.5.1035~1-3dd90]:ComputeChainObjfAndDerivE2e():chain-training.cc:162) Numerator objf: 1.30815
LOG (nnet3-chain-merge-egs[5.5.1035~1-3dd90]:PrintSpecificStats():nnet-example-utils.cc:1159) Merged specific eg types as follows [format: <eg-size1>={<mb-size1>-><num-minibatches1>,<mbsize2>-><num-minibatches2>.../d=<num-discarded>},<egs-size2>={...},... (note,egs-size == number of input frames including context).
LOG (nnet3-chain-merge-egs[5.5.1035~1-3dd90]:PrintSpecificStats():nnet-example-utils.cc:1189) 160={64->136,d=2},169={64->80,d=8},208={64->315,d=8}
LOG (nnet3-chain-merge-egs[5.5.1035~1-3dd90]:PrintAggregateStats():nnet-example-utils.cc:1155) Processed 34002 egs of avg. size 189.8 into 531 minibatches, discarding 0.05294% of egs.  Avg minibatch size was 64, #distinct types of egs/minibatches was 3/3
LOG (nnet3-chain-train[5.5.1035~1-3dd90]:ComputeChainObjfAndDerivE2e():chain-training.cc:162) Numerator objf: 1.30002
LOG (nnet3-chain-train[5.5.1035~1-3dd90]:ComputeChainObjfAndDerivE2e():chain-training.cc:162) Numerator objf: 1.39123
LOG (nnet3-chain-train[5.5.1035~1-3dd90]:PrintStatsForThisPhase():nnet-training.cc:278) Average objective function for 'output-xent' for minibatches 520-529 is -1.64803 over 28288 frames.
LOG (nnet3-chain-train[5.5.1035~1-3dd90]:PrintStatsForThisPhase():nnet-training.cc:278) Average objective function for 'output' for minibatches 520-529 is -0.131708 over 28288 frames.
LOG (nnet3-chain-train[5.5.1035~1-3dd90]:PrintTotalStats():nnet-training.cc:317) Overall average objective function for 'output' is -0.129361 over 1.49338e+06 frames.
LOG (nnet3-chain-train[5.5.1035~1-3dd90]:PrintTotalStats():nnet-training.cc:324) [this line is to be parsed by a script:] log-prob-per-frame=-0.129361
LOG (nnet3-chain-train[5.5.1035~1-3dd90]:PrintTotalStats():nnet-training.cc:317) Overall average objective function for 'output-xent' is -1.63463 over 1.49338e+06 frames.
LOG (nnet3-chain-train[5.5.1035~1-3dd90]:PrintTotalStats():nnet-training.cc:324) [this line is to be parsed by a script:] log-prob-per-frame=-1.63463
LOG (nnet3-chain-train[5.5.1035~1-3dd90]:~NnetChainTrainer():nnet-chain-training.cc:348) Wrote computation cache to telugu_exp/chain_cleaned_1d/tdnn1d_sp/cache.64
LOG (nnet3-chain-train[5.5.1035~1-3dd90]:~CachingOptimizingCompiler():nnet-optimize.cc:710) 0.0312 seconds taken in nnet3 compilation total (breakdown: 0 compilation, 0 optimization, 0 shortcut expansion, 0 checking, 0 computing indexes, 0.0312 misc.) + 0.439 I/O.
LOG (nnet3-chain-train[5.5.1035~1-3dd90]:main():nnet3-chain-train.cc:101) Wrote raw model to telugu_exp/chain_cleaned_1d/tdnn1d_sp/64.1.raw
# Accounting: time=122 threads=1
# Ended (code 0) at Wed Jul 20 09:26:38 EDT 2022, elapsed time 122 seconds
