# nnet3-chain-train --use-gpu=yes --apply-deriv-weights=False --l2-regularize=0.0 --leaky-hmm-coefficient=0.1 --read-cache=telugu_exp/chain_cleaned_1d/tdnn1d_sp/cache.112 --write-cache=telugu_exp/chain_cleaned_1d/tdnn1d_sp/cache.113 --xent-regularize=0.1 --print-interval=10 --momentum=0.0 --max-param-change=2.0 --backstitch-training-scale=0.0 --backstitch-training-interval=1 --l2-regularize-factor=1.0 --optimization.memory-compression-level=2 --srand=112 "nnet3-am-copy --raw=true --learning-rate=6.387742725881269e-05 --scale=1.0 telugu_exp/chain_cleaned_1d/tdnn1d_sp/112.mdl - |nnet3-copy --edits='set-dropout-proportion name=* proportion=0.40740740740740744' - - |" telugu_exp/chain_cleaned_1d/tdnn1d_sp/den.fst "ark,bg:nnet3-chain-copy-egs                          --frame-shift=2                         ark:telugu_exp/chain_cleaned_1d/tdnn1d_sp/egs/cegs.5.ark ark:- |                         nnet3-chain-shuffle-egs --buffer-size=5000                         --srand=112 ark:- ark:- | nnet3-chain-merge-egs                         --minibatch-size=64 ark:- ark:- |" telugu_exp/chain_cleaned_1d/tdnn1d_sp/113.1.raw 
# Started at Wed Jul 20 11:28:51 EDT 2022
#
nnet3-chain-train --use-gpu=yes --apply-deriv-weights=False --l2-regularize=0.0 --leaky-hmm-coefficient=0.1 --read-cache=telugu_exp/chain_cleaned_1d/tdnn1d_sp/cache.112 --write-cache=telugu_exp/chain_cleaned_1d/tdnn1d_sp/cache.113 --xent-regularize=0.1 --print-interval=10 --momentum=0.0 --max-param-change=2.0 --backstitch-training-scale=0.0 --backstitch-training-interval=1 --l2-regularize-factor=1.0 --optimization.memory-compression-level=2 --srand=112 "nnet3-am-copy --raw=true --learning-rate=6.387742725881269e-05 --scale=1.0 telugu_exp/chain_cleaned_1d/tdnn1d_sp/112.mdl - |nnet3-copy --edits='set-dropout-proportion name=* proportion=0.40740740740740744' - - |" telugu_exp/chain_cleaned_1d/tdnn1d_sp/den.fst 'ark,bg:nnet3-chain-copy-egs                          --frame-shift=2                         ark:telugu_exp/chain_cleaned_1d/tdnn1d_sp/egs/cegs.5.ark ark:- |                         nnet3-chain-shuffle-egs --buffer-size=5000                         --srand=112 ark:- ark:- | nnet3-chain-merge-egs                         --minibatch-size=64 ark:- ark:- |' telugu_exp/chain_cleaned_1d/tdnn1d_sp/113.1.raw 
LOG (nnet3-chain-train[5.5.1035~1-3dd90]:SelectGpuId():cu-device.cc:238) CUDA setup operating under Compute Exclusive Mode.
LOG (nnet3-chain-train[5.5.1035~1-3dd90]:FinalizeActiveGpu():cu-device.cc:338) The active GPU is [0]: NVIDIA GeForce GTX 980 Ti	free:5806M, used:274M, total:6080M, free/total:0.95491 version 5.2
nnet3-am-copy --raw=true --learning-rate=6.387742725881269e-05 --scale=1.0 telugu_exp/chain_cleaned_1d/tdnn1d_sp/112.mdl - 
nnet3-copy '--edits=set-dropout-proportion name=* proportion=0.40740740740740744' - - 
LOG (nnet3-am-copy[5.5.1035~1-3dd90]:main():nnet3-am-copy.cc:153) Copied neural net from telugu_exp/chain_cleaned_1d/tdnn1d_sp/112.mdl to raw format as -
LOG (nnet3-copy[5.5.1035~1-3dd90]:ReadEditConfig():nnet-utils.cc:1413) Set dropout proportions for 13 components.
LOG (nnet3-copy[5.5.1035~1-3dd90]:main():nnet3-copy.cc:123) Copied raw neural net from - to -
LOG (nnet3-chain-train[5.5.1035~1-3dd90]:NnetChainTrainer():nnet-chain-training.cc:51) Read computation cache from telugu_exp/chain_cleaned_1d/tdnn1d_sp/cache.112
nnet3-chain-shuffle-egs --buffer-size=5000 --srand=112 ark:- ark:- 
nnet3-chain-merge-egs --minibatch-size=64 ark:- ark:- 
nnet3-chain-copy-egs --frame-shift=2 ark:telugu_exp/chain_cleaned_1d/tdnn1d_sp/egs/cegs.5.ark ark:- 
LOG (nnet3-chain-train[5.5.1035~1-3dd90]:ComputeChainObjfAndDerivE2e():chain-training.cc:162) Numerator objf: 1.31234
LOG (nnet3-chain-train[5.5.1035~1-3dd90]:ComputeChainObjfAndDerivE2e():chain-training.cc:162) Numerator objf: 1.39587
LOG (nnet3-chain-train[5.5.1035~1-3dd90]:ComputeChainObjfAndDerivE2e():chain-training.cc:162) Numerator objf: 1.30893
LOG (nnet3-chain-train[5.5.1035~1-3dd90]:ComputeChainObjfAndDerivE2e():chain-training.cc:162) Numerator objf: 1.24427
LOG (nnet3-chain-train[5.5.1035~1-3dd90]:ComputeChainObjfAndDerivE2e():chain-training.cc:162) Numerator objf: 1.30751
LOG (nnet3-chain-train[5.5.1035~1-3dd90]:ComputeChainObjfAndDerivE2e():chain-training.cc:162) Numerator objf: 1.26802
LOG (nnet3-chain-train[5.5.1035~1-3dd90]:ComputeChainObjfAndDerivE2e():chain-training.cc:162) Numerator objf: 1.39755
LOG (nnet3-chain-train[5.5.1035~1-3dd90]:ComputeChainObjfAndDerivE2e():chain-training.cc:162) Numerator objf: 1.34743
LOG (nnet3-chain-train[5.5.1035~1-3dd90]:ComputeChainObjfAndDerivE2e():chain-training.cc:162) Numerator objf: 1.40893
LOG (nnet3-chain-train[5.5.1035~1-3dd90]:ComputeChainObjfAndDerivE2e():chain-training.cc:162) Numerator objf: 1.42773
LOG (nnet3-chain-train[5.5.1035~1-3dd90]:ComputeChainObjfAndDerivE2e():chain-training.cc:162) Numerator objf: 1.30808
LOG (nnet3-chain-train[5.5.1035~1-3dd90]:PrintStatsForThisPhase():nnet-training.cc:278) Average objective function for 'output-xent' for minibatches 0-9 is -1.61706 over 28096 frames.
LOG (nnet3-chain-train[5.5.1035~1-3dd90]:PrintStatsForThisPhase():nnet-training.cc:278) Average objective function for 'output' for minibatches 0-9 is -0.127146 over 28096 frames.
LOG (nnet3-chain-train[5.5.1035~1-3dd90]:ComputeChainObjfAndDerivE2e():chain-training.cc:162) Numerator objf: 1.26357
LOG (nnet3-chain-train[5.5.1035~1-3dd90]:ComputeChainObjfAndDerivE2e():chain-training.cc:162) Numerator objf: 1.29003
LOG (nnet3-chain-train[5.5.1035~1-3dd90]:ComputeChainObjfAndDerivE2e():chain-training.cc:162) Numerator objf: 1.34234
LOG (nnet3-chain-train[5.5.1035~1-3dd90]:ComputeChainObjfAndDerivE2e():chain-training.cc:162) Numerator objf: 1.31622
LOG (nnet3-chain-train[5.5.1035~1-3dd90]:ComputeChainObjfAndDerivE2e():chain-training.cc:162) Numerator objf: 1.35537
LOG (nnet3-chain-train[5.5.1035~1-3dd90]:ComputeChainObjfAndDerivE2e():chain-training.cc:162) Numerator objf: 1.32896
LOG (nnet3-chain-train[5.5.1035~1-3dd90]:ComputeChainObjfAndDerivE2e():chain-training.cc:162) Numerator objf: 1.30342
LOG (nnet3-chain-train[5.5.1035~1-3dd90]:ComputeChainObjfAndDerivE2e():chain-training.cc:162) Numerator objf: 1.4011
LOG (nnet3-chain-train[5.5.1035~1-3dd90]:ComputeChainObjfAndDerivE2e():chain-training.cc:162) Numerator objf: 1.28011
LOG (nnet3-chain-train[5.5.1035~1-3dd90]:ComputeChainObjfAndDerivE2e():chain-training.cc:162) Numerator objf: 1.3598
LOG (nnet3-chain-train[5.5.1035~1-3dd90]:PrintStatsForThisPhase():nnet-training.cc:278) Average objective function for 'output-xent' for minibatches 10-19 is -1.67331 over 29120 frames.
LOG (nnet3-chain-train[5.5.1035~1-3dd90]:PrintStatsForThisPhase():nnet-training.cc:278) Average objective function for 'output' for minibatches 10-19 is -0.130942 over 29120 frames.
LOG (nnet3-chain-train[5.5.1035~1-3dd90]:ComputeChainObjfAndDerivE2e():chain-training.cc:162) Numerator objf: 1.36578
LOG (nnet3-chain-train[5.5.1035~1-3dd90]:ComputeChainObjfAndDerivE2e():chain-training.cc:162) Numerator objf: 1.30594
LOG (nnet3-chain-train[5.5.1035~1-3dd90]:ComputeChainObjfAndDerivE2e():chain-training.cc:162) Numerator objf: 1.2419
LOG (nnet3-chain-train[5.5.1035~1-3dd90]:ComputeChainObjfAndDerivE2e():chain-training.cc:162) Numerator objf: 1.27431
LOG (nnet3-chain-train[5.5.1035~1-3dd90]:ComputeChainObjfAndDerivE2e():chain-training.cc:162) Numerator objf: 1.34598
LOG (nnet3-chain-train[5.5.1035~1-3dd90]:ComputeChainObjfAndDerivE2e():chain-training.cc:162) Numerator objf: 1.21511
LOG (nnet3-chain-train[5.5.1035~1-3dd90]:ComputeChainObjfAndDerivE2e():chain-training.cc:162) Numerator objf: 1.3719
LOG (nnet3-chain-train[5.5.1035~1-3dd90]:ComputeChainObjfAndDerivE2e():chain-training.cc:162) Numerator objf: 1.29759
LOG (nnet3-chain-train[5.5.1035~1-3dd90]:ComputeChainObjfAndDerivE2e():chain-training.cc:162) Numerator objf: 1.31131
LOG (nnet3-chain-train[5.5.1035~1-3dd90]:ComputeChainObjfAndDerivE2e():chain-training.cc:162) Numerator objf: 1.43547
LOG (nnet3-chain-train[5.5.1035~1-3dd90]:PrintStatsForThisPhase():nnet-training.cc:278) Average objective function for 'output-xent' for minibatches 20-29 is -1.69017 over 28288 frames.
LOG (nnet3-chain-train[5.5.1035~1-3dd90]:PrintStatsForThisPhase():nnet-training.cc:278) Average objective function for 'output' for minibatches 20-29 is -0.132863 over 28288 frames.
LOG (nnet3-chain-train[5.5.1035~1-3dd90]:ComputeChainObjfAndDerivE2e():chain-training.cc:162) Numerator objf: 1.2364
LOG (nnet3-chain-train[5.5.1035~1-3dd90]:ComputeChainObjfAndDerivE2e():chain-training.cc:162) Numerator objf: 1.21298
LOG (nnet3-chain-train[5.5.1035~1-3dd90]:ComputeChainObjfAndDerivE2e():chain-training.cc:162) Numerator objf: 1.3504
LOG (nnet3-chain-train[5.5.1035~1-3dd90]:ComputeChainObjfAndDerivE2e():chain-training.cc:162) Numerator objf: 1.28891
LOG (nnet3-chain-train[5.5.1035~1-3dd90]:ComputeChainObjfAndDerivE2e():chain-training.cc:162) Numerator objf: 1.29741
LOG (nnet3-chain-train[5.5.1035~1-3dd90]:ComputeChainObjfAndDerivE2e():chain-training.cc:162) Numerator objf: 1.24117
LOG (nnet3-chain-train[5.5.1035~1-3dd90]:ComputeChainObjfAndDerivE2e():chain-training.cc:162) Numerator objf: 1.32133
LOG (nnet3-chain-train[5.5.1035~1-3dd90]:ComputeChainObjfAndDerivE2e():chain-training.cc:162) Numerator objf: 1.26372
LOG (nnet3-chain-train[5.5.1035~1-3dd90]:ComputeChainObjfAndDerivE2e():chain-training.cc:162) Numerator objf: 1.3134
LOG (nnet3-chain-train[5.5.1035~1-3dd90]:ComputeChainObjfAndDerivE2e():chain-training.cc:162) Numerator objf: 1.26992
LOG (nnet3-chain-train[5.5.1035~1-3dd90]:PrintStatsForThisPhase():nnet-training.cc:278) Average objective function for 'output-xent' for minibatches 30-39 is -1.67843 over 27264 frames.
LOG (nnet3-chain-train[5.5.1035~1-3dd90]:PrintStatsForThisPhase():nnet-training.cc:278) Average objective function for 'output' for minibatches 30-39 is -0.131504 over 27264 frames.
LOG (nnet3-chain-train[5.5.1035~1-3dd90]:ComputeChainObjfAndDerivE2e():chain-training.cc:162) Numerator objf: 1.35512
LOG (nnet3-chain-train[5.5.1035~1-3dd90]:ComputeChainObjfAndDerivE2e():chain-training.cc:162) Numerator objf: 1.29728
LOG (nnet3-chain-train[5.5.1035~1-3dd90]:ComputeChainObjfAndDerivE2e():chain-training.cc:162) Numerator objf: 1.2317
LOG (nnet3-chain-train[5.5.1035~1-3dd90]:ComputeChainObjfAndDerivE2e():chain-training.cc:162) Numerator objf: 1.30274
LOG (nnet3-chain-train[5.5.1035~1-3dd90]:ComputeChainObjfAndDerivE2e():chain-training.cc:162) Numerator objf: 1.3067
LOG (nnet3-chain-train[5.5.1035~1-3dd90]:ComputeChainObjfAndDerivE2e():chain-training.cc:162) Numerator objf: 1.37592
LOG (nnet3-chain-train[5.5.1035~1-3dd90]:ComputeChainObjfAndDerivE2e():chain-training.cc:162) Numerator objf: 1.26438
LOG (nnet3-chain-train[5.5.1035~1-3dd90]:ComputeChainObjfAndDerivE2e():chain-training.cc:162) Numerator objf: 1.24439
LOG (nnet3-chain-train[5.5.1035~1-3dd90]:ComputeChainObjfAndDerivE2e():chain-training.cc:162) Numerator objf: 1.37263
LOG (nnet3-chain-train[5.5.1035~1-3dd90]:ComputeChainObjfAndDerivE2e():chain-training.cc:162) Numerator objf: 1.29131
LOG (nnet3-chain-train[5.5.1035~1-3dd90]:PrintStatsForThisPhase():nnet-training.cc:278) Average objective function for 'output-xent' for minibatches 40-49 is -1.6331 over 28096 frames.
LOG (nnet3-chain-train[5.5.1035~1-3dd90]:PrintStatsForThisPhase():nnet-training.cc:278) Average objective function for 'output' for minibatches 40-49 is -0.122162 over 28096 frames.
LOG (nnet3-chain-train[5.5.1035~1-3dd90]:ComputeChainObjfAndDerivE2e():chain-training.cc:162) Numerator objf: 1.23494
LOG (nnet3-chain-train[5.5.1035~1-3dd90]:ComputeChainObjfAndDerivE2e():chain-training.cc:162) Numerator objf: 1.34721
LOG (nnet3-chain-train[5.5.1035~1-3dd90]:ComputeChainObjfAndDerivE2e():chain-training.cc:162) Numerator objf: 1.32203
LOG (nnet3-chain-train[5.5.1035~1-3dd90]:ComputeChainObjfAndDerivE2e():chain-training.cc:162) Numerator objf: 1.34776
LOG (nnet3-chain-train[5.5.1035~1-3dd90]:ComputeChainObjfAndDerivE2e():chain-training.cc:162) Numerator objf: 1.22915
LOG (nnet3-chain-train[5.5.1035~1-3dd90]:ComputeChainObjfAndDerivE2e():chain-training.cc:162) Numerator objf: 1.23188
LOG (nnet3-chain-train[5.5.1035~1-3dd90]:ComputeChainObjfAndDerivE2e():chain-training.cc:162) Numerator objf: 1.37085
LOG (nnet3-chain-train[5.5.1035~1-3dd90]:ComputeChainObjfAndDerivE2e():chain-training.cc:162) Numerator objf: 1.22818
LOG (nnet3-chain-train[5.5.1035~1-3dd90]:ComputeChainObjfAndDerivE2e():chain-training.cc:162) Numerator objf: 1.27241
LOG (nnet3-chain-train[5.5.1035~1-3dd90]:ComputeChainObjfAndDerivE2e():chain-training.cc:162) Numerator objf: 1.27936
LOG (nnet3-chain-train[5.5.1035~1-3dd90]:PrintStatsForThisPhase():nnet-training.cc:278) Average objective function for 'output-xent' for minibatches 50-59 is -1.65446 over 29120 frames.
LOG (nnet3-chain-train[5.5.1035~1-3dd90]:PrintStatsForThisPhase():nnet-training.cc:278) Average objective function for 'output' for minibatches 50-59 is -0.125362 over 29120 frames.
LOG (nnet3-chain-train[5.5.1035~1-3dd90]:ComputeChainObjfAndDerivE2e():chain-training.cc:162) Numerator objf: 1.33818
LOG (nnet3-chain-train[5.5.1035~1-3dd90]:ComputeChainObjfAndDerivE2e():chain-training.cc:162) Numerator objf: 1.33417
LOG (nnet3-chain-train[5.5.1035~1-3dd90]:ComputeChainObjfAndDerivE2e():chain-training.cc:162) Numerator objf: 1.28136
LOG (nnet3-chain-train[5.5.1035~1-3dd90]:ComputeChainObjfAndDerivE2e():chain-training.cc:162) Numerator objf: 1.23264
LOG (nnet3-chain-train[5.5.1035~1-3dd90]:ComputeChainObjfAndDerivE2e():chain-training.cc:162) Numerator objf: 1.36145
LOG (nnet3-chain-train[5.5.1035~1-3dd90]:ComputeChainObjfAndDerivE2e():chain-training.cc:162) Numerator objf: 1.3221
LOG (nnet3-chain-train[5.5.1035~1-3dd90]:ComputeChainObjfAndDerivE2e():chain-training.cc:162) Numerator objf: 1.29045
LOG (nnet3-chain-train[5.5.1035~1-3dd90]:ComputeChainObjfAndDerivE2e():chain-training.cc:162) Numerator objf: 1.40888
LOG (nnet3-chain-train[5.5.1035~1-3dd90]:ComputeChainObjfAndDerivE2e():chain-training.cc:162) Numerator objf: 1.35321
LOG (nnet3-chain-train[5.5.1035~1-3dd90]:ComputeChainObjfAndDerivE2e():chain-training.cc:162) Numerator objf: 1.32195
LOG (nnet3-chain-train[5.5.1035~1-3dd90]:PrintStatsForThisPhase():nnet-training.cc:278) Average objective function for 'output-xent' for minibatches 60-69 is -1.63113 over 27264 frames.
LOG (nnet3-chain-train[5.5.1035~1-3dd90]:PrintStatsForThisPhase():nnet-training.cc:278) Average objective function for 'output' for minibatches 60-69 is -0.123188 over 27264 frames.
LOG (nnet3-chain-train[5.5.1035~1-3dd90]:ComputeChainObjfAndDerivE2e():chain-training.cc:162) Numerator objf: 1.29723
LOG (nnet3-chain-train[5.5.1035~1-3dd90]:ComputeChainObjfAndDerivE2e():chain-training.cc:162) Numerator objf: 1.32445
LOG (nnet3-chain-train[5.5.1035~1-3dd90]:ComputeChainObjfAndDerivE2e():chain-training.cc:162) Numerator objf: 1.35428
LOG (nnet3-chain-train[5.5.1035~1-3dd90]:ComputeChainObjfAndDerivE2e():chain-training.cc:162) Numerator objf: 1.34262
LOG (nnet3-chain-train[5.5.1035~1-3dd90]:ComputeChainObjfAndDerivE2e():chain-training.cc:162) Numerator objf: 1.32854
LOG (nnet3-chain-train[5.5.1035~1-3dd90]:ComputeChainObjfAndDerivE2e():chain-training.cc:162) Numerator objf: 1.40365
LOG (nnet3-chain-train[5.5.1035~1-3dd90]:ComputeChainObjfAndDerivE2e():chain-training.cc:162) Numerator objf: 1.34038
LOG (nnet3-chain-train[5.5.1035~1-3dd90]:ComputeChainObjfAndDerivE2e():chain-training.cc:162) Numerator objf: 1.31836
LOG (nnet3-chain-train[5.5.1035~1-3dd90]:ComputeChainObjfAndDerivE2e():chain-training.cc:162) Numerator objf: 1.36291
LOG (nnet3-chain-train[5.5.1035~1-3dd90]:ComputeChainObjfAndDerivE2e():chain-training.cc:162) Numerator objf: 1.34184
LOG (nnet3-chain-train[5.5.1035~1-3dd90]:PrintStatsForThisPhase():nnet-training.cc:278) Average objective function for 'output-xent' for minibatches 70-79 is -1.59332 over 28096 frames.
LOG (nnet3-chain-train[5.5.1035~1-3dd90]:PrintStatsForThisPhase():nnet-training.cc:278) Average objective function for 'output' for minibatches 70-79 is -0.119017 over 28096 frames.
LOG (nnet3-chain-train[5.5.1035~1-3dd90]:ComputeChainObjfAndDerivE2e():chain-training.cc:162) Numerator objf: 1.27468
LOG (nnet3-chain-train[5.5.1035~1-3dd90]:ComputeChainObjfAndDerivE2e():chain-training.cc:162) Numerator objf: 1.29359
LOG (nnet3-chain-train[5.5.1035~1-3dd90]:ComputeChainObjfAndDerivE2e():chain-training.cc:162) Numerator objf: 1.329
LOG (nnet3-chain-train[5.5.1035~1-3dd90]:ComputeChainObjfAndDerivE2e():chain-training.cc:162) Numerator objf: 1.28735
LOG (nnet3-chain-train[5.5.1035~1-3dd90]:ComputeChainObjfAndDerivE2e():chain-training.cc:162) Numerator objf: 1.33709
LOG (nnet3-chain-train[5.5.1035~1-3dd90]:ComputeChainObjfAndDerivE2e():chain-training.cc:162) Numerator objf: 1.34772
LOG (nnet3-chain-train[5.5.1035~1-3dd90]:ComputeChainObjfAndDerivE2e():chain-training.cc:162) Numerator objf: 1.30189
LOG (nnet3-chain-train[5.5.1035~1-3dd90]:ComputeChainObjfAndDerivE2e():chain-training.cc:162) Numerator objf: 1.43525
LOG (nnet3-chain-train[5.5.1035~1-3dd90]:ComputeChainObjfAndDerivE2e():chain-training.cc:162) Numerator objf: 1.2756
LOG (nnet3-chain-train[5.5.1035~1-3dd90]:ComputeChainObjfAndDerivE2e():chain-training.cc:162) Numerator objf: 1.31462
LOG (nnet3-chain-train[5.5.1035~1-3dd90]:PrintStatsForThisPhase():nnet-training.cc:278) Average objective function for 'output-xent' for minibatches 80-89 is -1.63921 over 28288 frames.
LOG (nnet3-chain-train[5.5.1035~1-3dd90]:PrintStatsForThisPhase():nnet-training.cc:278) Average objective function for 'output' for minibatches 80-89 is -0.121415 over 28288 frames.
LOG (nnet3-chain-train[5.5.1035~1-3dd90]:ComputeChainObjfAndDerivE2e():chain-training.cc:162) Numerator objf: 1.29548
LOG (nnet3-chain-train[5.5.1035~1-3dd90]:ComputeChainObjfAndDerivE2e():chain-training.cc:162) Numerator objf: 1.42828
LOG (nnet3-chain-train[5.5.1035~1-3dd90]:ComputeChainObjfAndDerivE2e():chain-training.cc:162) Numerator objf: 1.33577
LOG (nnet3-chain-train[5.5.1035~1-3dd90]:ComputeChainObjfAndDerivE2e():chain-training.cc:162) Numerator objf: 1.31134
LOG (nnet3-chain-train[5.5.1035~1-3dd90]:ComputeChainObjfAndDerivE2e():chain-training.cc:162) Numerator objf: 1.29926
LOG (nnet3-chain-train[5.5.1035~1-3dd90]:ComputeChainObjfAndDerivE2e():chain-training.cc:162) Numerator objf: 1.36003
LOG (nnet3-chain-train[5.5.1035~1-3dd90]:ComputeChainObjfAndDerivE2e():chain-training.cc:162) Numerator objf: 1.3597
LOG (nnet3-chain-train[5.5.1035~1-3dd90]:ComputeChainObjfAndDerivE2e():chain-training.cc:162) Numerator objf: 1.41824
LOG (nnet3-chain-train[5.5.1035~1-3dd90]:ComputeChainObjfAndDerivE2e():chain-training.cc:162) Numerator objf: 1.32516
LOG (nnet3-chain-train[5.5.1035~1-3dd90]:ComputeChainObjfAndDerivE2e():chain-training.cc:162) Numerator objf: 1.30188
LOG (nnet3-chain-train[5.5.1035~1-3dd90]:PrintStatsForThisPhase():nnet-training.cc:278) Average objective function for 'output-xent' for minibatches 90-99 is -1.58336 over 28096 frames.
LOG (nnet3-chain-train[5.5.1035~1-3dd90]:PrintStatsForThisPhase():nnet-training.cc:278) Average objective function for 'output' for minibatches 90-99 is -0.121032 over 28096 frames.
LOG (nnet3-chain-train[5.5.1035~1-3dd90]:ComputeChainObjfAndDerivE2e():chain-training.cc:162) Numerator objf: 1.32096
LOG (nnet3-chain-train[5.5.1035~1-3dd90]:ComputeChainObjfAndDerivE2e():chain-training.cc:162) Numerator objf: 1.32706
LOG (nnet3-chain-train[5.5.1035~1-3dd90]:ComputeChainObjfAndDerivE2e():chain-training.cc:162) Numerator objf: 1.3972
LOG (nnet3-chain-train[5.5.1035~1-3dd90]:ComputeChainObjfAndDerivE2e():chain-training.cc:162) Numerator objf: 1.30109
LOG (nnet3-chain-train[5.5.1035~1-3dd90]:ComputeChainObjfAndDerivE2e():chain-training.cc:162) Numerator objf: 1.28986
LOG (nnet3-chain-train[5.5.1035~1-3dd90]:ComputeChainObjfAndDerivE2e():chain-training.cc:162) Numerator objf: 1.26274
LOG (nnet3-chain-train[5.5.1035~1-3dd90]:ComputeChainObjfAndDerivE2e():chain-training.cc:162) Numerator objf: 1.40312
LOG (nnet3-chain-train[5.5.1035~1-3dd90]:ComputeChainObjfAndDerivE2e():chain-training.cc:162) Numerator objf: 1.34176
LOG (nnet3-chain-train[5.5.1035~1-3dd90]:ComputeChainObjfAndDerivE2e():chain-training.cc:162) Numerator objf: 1.33575
LOG (nnet3-chain-train[5.5.1035~1-3dd90]:ComputeChainObjfAndDerivE2e():chain-training.cc:162) Numerator objf: 1.29261
LOG (nnet3-chain-train[5.5.1035~1-3dd90]:PrintStatsForThisPhase():nnet-training.cc:278) Average objective function for 'output-xent' for minibatches 100-109 is -1.63894 over 28288 frames.
LOG (nnet3-chain-train[5.5.1035~1-3dd90]:PrintStatsForThisPhase():nnet-training.cc:278) Average objective function for 'output' for minibatches 100-109 is -0.126564 over 28288 frames.
LOG (nnet3-chain-train[5.5.1035~1-3dd90]:ComputeChainObjfAndDerivE2e():chain-training.cc:162) Numerator objf: 1.33074
LOG (nnet3-chain-train[5.5.1035~1-3dd90]:ComputeChainObjfAndDerivE2e():chain-training.cc:162) Numerator objf: 1.27505
LOG (nnet3-chain-train[5.5.1035~1-3dd90]:ComputeChainObjfAndDerivE2e():chain-training.cc:162) Numerator objf: 1.26327
LOG (nnet3-chain-train[5.5.1035~1-3dd90]:ComputeChainObjfAndDerivE2e():chain-training.cc:162) Numerator objf: 1.36971
LOG (nnet3-chain-train[5.5.1035~1-3dd90]:ComputeChainObjfAndDerivE2e():chain-training.cc:162) Numerator objf: 1.29262
LOG (nnet3-chain-train[5.5.1035~1-3dd90]:ComputeChainObjfAndDerivE2e():chain-training.cc:162) Numerator objf: 1.40312
LOG (nnet3-chain-train[5.5.1035~1-3dd90]:ComputeChainObjfAndDerivE2e():chain-training.cc:162) Numerator objf: 1.27783
LOG (nnet3-chain-train[5.5.1035~1-3dd90]:ComputeChainObjfAndDerivE2e():chain-training.cc:162) Numerator objf: 1.29905
LOG (nnet3-chain-train[5.5.1035~1-3dd90]:ComputeChainObjfAndDerivE2e():chain-training.cc:162) Numerator objf: 1.30562
LOG (nnet3-chain-train[5.5.1035~1-3dd90]:ComputeChainObjfAndDerivE2e():chain-training.cc:162) Numerator objf: 1.37227
LOG (nnet3-chain-train[5.5.1035~1-3dd90]:PrintStatsForThisPhase():nnet-training.cc:278) Average objective function for 'output-xent' for minibatches 110-119 is -1.6621 over 28288 frames.
LOG (nnet3-chain-train[5.5.1035~1-3dd90]:PrintStatsForThisPhase():nnet-training.cc:278) Average objective function for 'output' for minibatches 110-119 is -0.123445 over 28288 frames.
LOG (nnet3-chain-train[5.5.1035~1-3dd90]:ComputeChainObjfAndDerivE2e():chain-training.cc:162) Numerator objf: 1.3209
LOG (nnet3-chain-train[5.5.1035~1-3dd90]:ComputeChainObjfAndDerivE2e():chain-training.cc:162) Numerator objf: 1.31689
LOG (nnet3-chain-train[5.5.1035~1-3dd90]:ComputeChainObjfAndDerivE2e():chain-training.cc:162) Numerator objf: 1.35502
LOG (nnet3-chain-train[5.5.1035~1-3dd90]:ComputeChainObjfAndDerivE2e():chain-training.cc:162) Numerator objf: 1.31388
LOG (nnet3-chain-train[5.5.1035~1-3dd90]:ComputeChainObjfAndDerivE2e():chain-training.cc:162) Numerator objf: 1.29009
LOG (nnet3-chain-train[5.5.1035~1-3dd90]:ComputeChainObjfAndDerivE2e():chain-training.cc:162) Numerator objf: 1.34837
LOG (nnet3-chain-train[5.5.1035~1-3dd90]:ComputeChainObjfAndDerivE2e():chain-training.cc:162) Numerator objf: 1.35548
LOG (nnet3-chain-train[5.5.1035~1-3dd90]:ComputeChainObjfAndDerivE2e():chain-training.cc:162) Numerator objf: 1.45374
LOG (nnet3-chain-train[5.5.1035~1-3dd90]:ComputeChainObjfAndDerivE2e():chain-training.cc:162) Numerator objf: 1.3204
LOG (nnet3-chain-train[5.5.1035~1-3dd90]:ComputeChainObjfAndDerivE2e():chain-training.cc:162) Numerator objf: 1.35394
LOG (nnet3-chain-train[5.5.1035~1-3dd90]:PrintStatsForThisPhase():nnet-training.cc:278) Average objective function for 'output-xent' for minibatches 120-129 is -1.60977 over 28096 frames.
LOG (nnet3-chain-train[5.5.1035~1-3dd90]:PrintStatsForThisPhase():nnet-training.cc:278) Average objective function for 'output' for minibatches 120-129 is -0.123028 over 28096 frames.
LOG (nnet3-chain-train[5.5.1035~1-3dd90]:ComputeChainObjfAndDerivE2e():chain-training.cc:162) Numerator objf: 1.32766
LOG (nnet3-chain-train[5.5.1035~1-3dd90]:ComputeChainObjfAndDerivE2e():chain-training.cc:162) Numerator objf: 1.3395
LOG (nnet3-chain-train[5.5.1035~1-3dd90]:ComputeChainObjfAndDerivE2e():chain-training.cc:162) Numerator objf: 1.39181
LOG (nnet3-chain-train[5.5.1035~1-3dd90]:ComputeChainObjfAndDerivE2e():chain-training.cc:162) Numerator objf: 1.32045
LOG (nnet3-chain-train[5.5.1035~1-3dd90]:ComputeChainObjfAndDerivE2e():chain-training.cc:162) Numerator objf: 1.32596
LOG (nnet3-chain-train[5.5.1035~1-3dd90]:ComputeChainObjfAndDerivE2e():chain-training.cc:162) Numerator objf: 1.38891
LOG (nnet3-chain-train[5.5.1035~1-3dd90]:ComputeChainObjfAndDerivE2e():chain-training.cc:162) Numerator objf: 1.37773
LOG (nnet3-chain-train[5.5.1035~1-3dd90]:ComputeChainObjfAndDerivE2e():chain-training.cc:162) Numerator objf: 1.35982
LOG (nnet3-chain-train[5.5.1035~1-3dd90]:ComputeChainObjfAndDerivE2e():chain-training.cc:162) Numerator objf: 1.40298
LOG (nnet3-chain-train[5.5.1035~1-3dd90]:ComputeChainObjfAndDerivE2e():chain-training.cc:162) Numerator objf: 1.31479
LOG (nnet3-chain-train[5.5.1035~1-3dd90]:PrintStatsForThisPhase():nnet-training.cc:278) Average objective function for 'output-xent' for minibatches 130-139 is -1.56925 over 27264 frames.
LOG (nnet3-chain-train[5.5.1035~1-3dd90]:PrintStatsForThisPhase():nnet-training.cc:278) Average objective function for 'output' for minibatches 130-139 is -0.121514 over 27264 frames.
LOG (nnet3-chain-train[5.5.1035~1-3dd90]:ComputeChainObjfAndDerivE2e():chain-training.cc:162) Numerator objf: 1.37719
LOG (nnet3-chain-train[5.5.1035~1-3dd90]:ComputeChainObjfAndDerivE2e():chain-training.cc:162) Numerator objf: 1.37053
LOG (nnet3-chain-train[5.5.1035~1-3dd90]:ComputeChainObjfAndDerivE2e():chain-training.cc:162) Numerator objf: 1.33899
LOG (nnet3-chain-train[5.5.1035~1-3dd90]:ComputeChainObjfAndDerivE2e():chain-training.cc:162) Numerator objf: 1.28854
LOG (nnet3-chain-train[5.5.1035~1-3dd90]:ComputeChainObjfAndDerivE2e():chain-training.cc:162) Numerator objf: 1.30216
LOG (nnet3-chain-train[5.5.1035~1-3dd90]:ComputeChainObjfAndDerivE2e():chain-training.cc:162) Numerator objf: 1.33418
LOG (nnet3-chain-train[5.5.1035~1-3dd90]:ComputeChainObjfAndDerivE2e():chain-training.cc:162) Numerator objf: 1.35881
LOG (nnet3-chain-train[5.5.1035~1-3dd90]:ComputeChainObjfAndDerivE2e():chain-training.cc:162) Numerator objf: 1.27833
LOG (nnet3-chain-train[5.5.1035~1-3dd90]:ComputeChainObjfAndDerivE2e():chain-training.cc:162) Numerator objf: 1.26571
LOG (nnet3-chain-train[5.5.1035~1-3dd90]:ComputeChainObjfAndDerivE2e():chain-training.cc:162) Numerator objf: 1.30796
LOG (nnet3-chain-train[5.5.1035~1-3dd90]:PrintStatsForThisPhase():nnet-training.cc:278) Average objective function for 'output-xent' for minibatches 140-149 is -1.6896 over 29120 frames.
LOG (nnet3-chain-train[5.5.1035~1-3dd90]:PrintStatsForThisPhase():nnet-training.cc:278) Average objective function for 'output' for minibatches 140-149 is -0.128669 over 29120 frames.
LOG (nnet3-chain-train[5.5.1035~1-3dd90]:ComputeChainObjfAndDerivE2e():chain-training.cc:162) Numerator objf: 1.25725
LOG (nnet3-chain-train[5.5.1035~1-3dd90]:ComputeChainObjfAndDerivE2e():chain-training.cc:162) Numerator objf: 1.22323
LOG (nnet3-chain-train[5.5.1035~1-3dd90]:ComputeChainObjfAndDerivE2e():chain-training.cc:162) Numerator objf: 1.33867
LOG (nnet3-chain-train[5.5.1035~1-3dd90]:ComputeChainObjfAndDerivE2e():chain-training.cc:162) Numerator objf: 1.36453
LOG (nnet3-chain-train[5.5.1035~1-3dd90]:ComputeChainObjfAndDerivE2e():chain-training.cc:162) Numerator objf: 1.31701
LOG (nnet3-chain-train[5.5.1035~1-3dd90]:ComputeChainObjfAndDerivE2e():chain-training.cc:162) Numerator objf: 1.3482
LOG (nnet3-chain-train[5.5.1035~1-3dd90]:ComputeChainObjfAndDerivE2e():chain-training.cc:162) Numerator objf: 1.28439
LOG (nnet3-chain-train[5.5.1035~1-3dd90]:ComputeChainObjfAndDerivE2e():chain-training.cc:162) Numerator objf: 1.33463
LOG (nnet3-chain-train[5.5.1035~1-3dd90]:ComputeChainObjfAndDerivE2e():chain-training.cc:162) Numerator objf: 1.33689
LOG (nnet3-chain-train[5.5.1035~1-3dd90]:ComputeChainObjfAndDerivE2e():chain-training.cc:162) Numerator objf: 1.3295
LOG (nnet3-chain-train[5.5.1035~1-3dd90]:PrintStatsForThisPhase():nnet-training.cc:278) Average objective function for 'output-xent' for minibatches 150-159 is -1.59594 over 27264 frames.
LOG (nnet3-chain-train[5.5.1035~1-3dd90]:PrintStatsForThisPhase():nnet-training.cc:278) Average objective function for 'output' for minibatches 150-159 is -0.122166 over 27264 frames.
LOG (nnet3-chain-train[5.5.1035~1-3dd90]:ComputeChainObjfAndDerivE2e():chain-training.cc:162) Numerator objf: 1.30223
LOG (nnet3-chain-train[5.5.1035~1-3dd90]:ComputeChainObjfAndDerivE2e():chain-training.cc:162) Numerator objf: 1.39464
LOG (nnet3-chain-train[5.5.1035~1-3dd90]:ComputeChainObjfAndDerivE2e():chain-training.cc:162) Numerator objf: 1.29469
LOG (nnet3-chain-train[5.5.1035~1-3dd90]:ComputeChainObjfAndDerivE2e():chain-training.cc:162) Numerator objf: 1.28675
LOG (nnet3-chain-train[5.5.1035~1-3dd90]:ComputeChainObjfAndDerivE2e():chain-training.cc:162) Numerator objf: 1.35105
LOG (nnet3-chain-train[5.5.1035~1-3dd90]:ComputeChainObjfAndDerivE2e():chain-training.cc:162) Numerator objf: 1.35517
LOG (nnet3-chain-train[5.5.1035~1-3dd90]:ComputeChainObjfAndDerivE2e():chain-training.cc:162) Numerator objf: 1.33241
LOG (nnet3-chain-train[5.5.1035~1-3dd90]:ComputeChainObjfAndDerivE2e():chain-training.cc:162) Numerator objf: 1.29282
LOG (nnet3-chain-train[5.5.1035~1-3dd90]:ComputeChainObjfAndDerivE2e():chain-training.cc:162) Numerator objf: 1.27334
LOG (nnet3-chain-train[5.5.1035~1-3dd90]:ComputeChainObjfAndDerivE2e():chain-training.cc:162) Numerator objf: 1.37096
LOG (nnet3-chain-train[5.5.1035~1-3dd90]:PrintStatsForThisPhase():nnet-training.cc:278) Average objective function for 'output-xent' for minibatches 160-169 is -1.6478 over 29120 frames.
LOG (nnet3-chain-train[5.5.1035~1-3dd90]:PrintStatsForThisPhase():nnet-training.cc:278) Average objective function for 'output' for minibatches 160-169 is -0.129495 over 29120 frames.
LOG (nnet3-chain-train[5.5.1035~1-3dd90]:ComputeChainObjfAndDerivE2e():chain-training.cc:162) Numerator objf: 1.32505
LOG (nnet3-chain-train[5.5.1035~1-3dd90]:ComputeChainObjfAndDerivE2e():chain-training.cc:162) Numerator objf: 1.38403
LOG (nnet3-chain-train[5.5.1035~1-3dd90]:ComputeChainObjfAndDerivE2e():chain-training.cc:162) Numerator objf: 1.31901
LOG (nnet3-chain-train[5.5.1035~1-3dd90]:ComputeChainObjfAndDerivE2e():chain-training.cc:162) Numerator objf: 1.40829
LOG (nnet3-chain-train[5.5.1035~1-3dd90]:ComputeChainObjfAndDerivE2e():chain-training.cc:162) Numerator objf: 1.29755
LOG (nnet3-chain-train[5.5.1035~1-3dd90]:ComputeChainObjfAndDerivE2e():chain-training.cc:162) Numerator objf: 1.29252
LOG (nnet3-chain-train[5.5.1035~1-3dd90]:ComputeChainObjfAndDerivE2e():chain-training.cc:162) Numerator objf: 1.43128
LOG (nnet3-chain-train[5.5.1035~1-3dd90]:ComputeChainObjfAndDerivE2e():chain-training.cc:162) Numerator objf: 1.37284
LOG (nnet3-chain-train[5.5.1035~1-3dd90]:ComputeChainObjfAndDerivE2e():chain-training.cc:162) Numerator objf: 1.33643
LOG (nnet3-chain-train[5.5.1035~1-3dd90]:ComputeChainObjfAndDerivE2e():chain-training.cc:162) Numerator objf: 1.26401
LOG (nnet3-chain-train[5.5.1035~1-3dd90]:PrintStatsForThisPhase():nnet-training.cc:278) Average objective function for 'output-xent' for minibatches 170-179 is -1.5584 over 27264 frames.
LOG (nnet3-chain-train[5.5.1035~1-3dd90]:PrintStatsForThisPhase():nnet-training.cc:278) Average objective function for 'output' for minibatches 170-179 is -0.116118 over 27264 frames.
LOG (nnet3-chain-train[5.5.1035~1-3dd90]:ComputeChainObjfAndDerivE2e():chain-training.cc:162) Numerator objf: 1.33145
LOG (nnet3-chain-train[5.5.1035~1-3dd90]:ComputeChainObjfAndDerivE2e():chain-training.cc:162) Numerator objf: 1.36553
LOG (nnet3-chain-train[5.5.1035~1-3dd90]:ComputeChainObjfAndDerivE2e():chain-training.cc:162) Numerator objf: 1.27433
LOG (nnet3-chain-train[5.5.1035~1-3dd90]:ComputeChainObjfAndDerivE2e():chain-training.cc:162) Numerator objf: 1.32098
LOG (nnet3-chain-train[5.5.1035~1-3dd90]:ComputeChainObjfAndDerivE2e():chain-training.cc:162) Numerator objf: 1.28604
LOG (nnet3-chain-train[5.5.1035~1-3dd90]:ComputeChainObjfAndDerivE2e():chain-training.cc:162) Numerator objf: 1.37589
LOG (nnet3-chain-train[5.5.1035~1-3dd90]:ComputeChainObjfAndDerivE2e():chain-training.cc:162) Numerator objf: 1.3131
LOG (nnet3-chain-train[5.5.1035~1-3dd90]:ComputeChainObjfAndDerivE2e():chain-training.cc:162) Numerator objf: 1.29649
LOG (nnet3-chain-train[5.5.1035~1-3dd90]:ComputeChainObjfAndDerivE2e():chain-training.cc:162) Numerator objf: 1.3911
LOG (nnet3-chain-train[5.5.1035~1-3dd90]:ComputeChainObjfAndDerivE2e():chain-training.cc:162) Numerator objf: 1.2697
LOG (nnet3-chain-train[5.5.1035~1-3dd90]:PrintStatsForThisPhase():nnet-training.cc:278) Average objective function for 'output-xent' for minibatches 180-189 is -1.61046 over 28096 frames.
LOG (nnet3-chain-train[5.5.1035~1-3dd90]:PrintStatsForThisPhase():nnet-training.cc:278) Average objective function for 'output' for minibatches 180-189 is -0.125386 over 28096 frames.
LOG (nnet3-chain-train[5.5.1035~1-3dd90]:ComputeChainObjfAndDerivE2e():chain-training.cc:162) Numerator objf: 1.31441
LOG (nnet3-chain-train[5.5.1035~1-3dd90]:ComputeChainObjfAndDerivE2e():chain-training.cc:162) Numerator objf: 1.31145
LOG (nnet3-chain-train[5.5.1035~1-3dd90]:ComputeChainObjfAndDerivE2e():chain-training.cc:162) Numerator objf: 1.27447
LOG (nnet3-chain-train[5.5.1035~1-3dd90]:ComputeChainObjfAndDerivE2e():chain-training.cc:162) Numerator objf: 1.35689
LOG (nnet3-chain-train[5.5.1035~1-3dd90]:ComputeChainObjfAndDerivE2e():chain-training.cc:162) Numerator objf: 1.23608
LOG (nnet3-chain-train[5.5.1035~1-3dd90]:ComputeChainObjfAndDerivE2e():chain-training.cc:162) Numerator objf: 1.2591
LOG (nnet3-chain-train[5.5.1035~1-3dd90]:ComputeChainObjfAndDerivE2e():chain-training.cc:162) Numerator objf: 1.18919
LOG (nnet3-chain-train[5.5.1035~1-3dd90]:ComputeChainObjfAndDerivE2e():chain-training.cc:162) Numerator objf: 1.30756
LOG (nnet3-chain-train[5.5.1035~1-3dd90]:ComputeChainObjfAndDerivE2e():chain-training.cc:162) Numerator objf: 1.37102
LOG (nnet3-chain-train[5.5.1035~1-3dd90]:ComputeChainObjfAndDerivE2e():chain-training.cc:162) Numerator objf: 1.27466
LOG (nnet3-chain-train[5.5.1035~1-3dd90]:PrintStatsForThisPhase():nnet-training.cc:278) Average objective function for 'output-xent' for minibatches 190-199 is -1.6786 over 28288 frames.
LOG (nnet3-chain-train[5.5.1035~1-3dd90]:PrintStatsForThisPhase():nnet-training.cc:278) Average objective function for 'output' for minibatches 190-199 is -0.132364 over 28288 frames.
LOG (nnet3-chain-train[5.5.1035~1-3dd90]:ComputeChainObjfAndDerivE2e():chain-training.cc:162) Numerator objf: 1.25871
LOG (nnet3-chain-train[5.5.1035~1-3dd90]:ComputeChainObjfAndDerivE2e():chain-training.cc:162) Numerator objf: 1.38812
LOG (nnet3-chain-train[5.5.1035~1-3dd90]:ComputeChainObjfAndDerivE2e():chain-training.cc:162) Numerator objf: 1.26035
LOG (nnet3-chain-train[5.5.1035~1-3dd90]:ComputeChainObjfAndDerivE2e():chain-training.cc:162) Numerator objf: 1.31578
LOG (nnet3-chain-train[5.5.1035~1-3dd90]:ComputeChainObjfAndDerivE2e():chain-training.cc:162) Numerator objf: 1.3334
LOG (nnet3-chain-train[5.5.1035~1-3dd90]:ComputeChainObjfAndDerivE2e():chain-training.cc:162) Numerator objf: 1.31998
LOG (nnet3-chain-train[5.5.1035~1-3dd90]:ComputeChainObjfAndDerivE2e():chain-training.cc:162) Numerator objf: 1.30922
LOG (nnet3-chain-train[5.5.1035~1-3dd90]:ComputeChainObjfAndDerivE2e():chain-training.cc:162) Numerator objf: 1.3304
LOG (nnet3-chain-train[5.5.1035~1-3dd90]:ComputeChainObjfAndDerivE2e():chain-training.cc:162) Numerator objf: 1.27462
LOG (nnet3-chain-train[5.5.1035~1-3dd90]:ComputeChainObjfAndDerivE2e():chain-training.cc:162) Numerator objf: 1.29636
LOG (nnet3-chain-train[5.5.1035~1-3dd90]:PrintStatsForThisPhase():nnet-training.cc:278) Average objective function for 'output-xent' for minibatches 200-209 is -1.62378 over 29120 frames.
LOG (nnet3-chain-train[5.5.1035~1-3dd90]:PrintStatsForThisPhase():nnet-training.cc:278) Average objective function for 'output' for minibatches 200-209 is -0.127658 over 29120 frames.
LOG (nnet3-chain-train[5.5.1035~1-3dd90]:ComputeChainObjfAndDerivE2e():chain-training.cc:162) Numerator objf: 1.32771
LOG (nnet3-chain-train[5.5.1035~1-3dd90]:ComputeChainObjfAndDerivE2e():chain-training.cc:162) Numerator objf: 1.25042
LOG (nnet3-chain-train[5.5.1035~1-3dd90]:ComputeChainObjfAndDerivE2e():chain-training.cc:162) Numerator objf: 1.28706
LOG (nnet3-chain-train[5.5.1035~1-3dd90]:ComputeChainObjfAndDerivE2e():chain-training.cc:162) Numerator objf: 1.34195
LOG (nnet3-chain-train[5.5.1035~1-3dd90]:ComputeChainObjfAndDerivE2e():chain-training.cc:162) Numerator objf: 1.27296
LOG (nnet3-chain-train[5.5.1035~1-3dd90]:ComputeChainObjfAndDerivE2e():chain-training.cc:162) Numerator objf: 1.32972
LOG (nnet3-chain-train[5.5.1035~1-3dd90]:ComputeChainObjfAndDerivE2e():chain-training.cc:162) Numerator objf: 1.4299
LOG (nnet3-chain-train[5.5.1035~1-3dd90]:ComputeChainObjfAndDerivE2e():chain-training.cc:162) Numerator objf: 1.31305
LOG (nnet3-chain-train[5.5.1035~1-3dd90]:ComputeChainObjfAndDerivE2e():chain-training.cc:162) Numerator objf: 1.30307
LOG (nnet3-chain-train[5.5.1035~1-3dd90]:ComputeChainObjfAndDerivE2e():chain-training.cc:162) Numerator objf: 1.31813
LOG (nnet3-chain-train[5.5.1035~1-3dd90]:PrintStatsForThisPhase():nnet-training.cc:278) Average objective function for 'output-xent' for minibatches 210-219 is -1.60672 over 27264 frames.
LOG (nnet3-chain-train[5.5.1035~1-3dd90]:PrintStatsForThisPhase():nnet-training.cc:278) Average objective function for 'output' for minibatches 210-219 is -0.129646 over 27264 frames.
LOG (nnet3-chain-train[5.5.1035~1-3dd90]:ComputeChainObjfAndDerivE2e():chain-training.cc:162) Numerator objf: 1.25586
LOG (nnet3-chain-train[5.5.1035~1-3dd90]:ComputeChainObjfAndDerivE2e():chain-training.cc:162) Numerator objf: 1.29949
LOG (nnet3-chain-train[5.5.1035~1-3dd90]:ComputeChainObjfAndDerivE2e():chain-training.cc:162) Numerator objf: 1.30813
LOG (nnet3-chain-train[5.5.1035~1-3dd90]:ComputeChainObjfAndDerivE2e():chain-training.cc:162) Numerator objf: 1.3856
LOG (nnet3-chain-train[5.5.1035~1-3dd90]:ComputeChainObjfAndDerivE2e():chain-training.cc:162) Numerator objf: 1.34259
LOG (nnet3-chain-train[5.5.1035~1-3dd90]:ComputeChainObjfAndDerivE2e():chain-training.cc:162) Numerator objf: 1.34449
LOG (nnet3-chain-train[5.5.1035~1-3dd90]:ComputeChainObjfAndDerivE2e():chain-training.cc:162) Numerator objf: 1.33849
LOG (nnet3-chain-train[5.5.1035~1-3dd90]:ComputeChainObjfAndDerivE2e():chain-training.cc:162) Numerator objf: 1.32071
LOG (nnet3-chain-train[5.5.1035~1-3dd90]:ComputeChainObjfAndDerivE2e():chain-training.cc:162) Numerator objf: 1.31388
LOG (nnet3-chain-train[5.5.1035~1-3dd90]:ComputeChainObjfAndDerivE2e():chain-training.cc:162) Numerator objf: 1.31162
LOG (nnet3-chain-train[5.5.1035~1-3dd90]:PrintStatsForThisPhase():nnet-training.cc:278) Average objective function for 'output-xent' for minibatches 220-229 is -1.62174 over 29120 frames.
LOG (nnet3-chain-train[5.5.1035~1-3dd90]:PrintStatsForThisPhase():nnet-training.cc:278) Average objective function for 'output' for minibatches 220-229 is -0.119693 over 29120 frames.
LOG (nnet3-chain-train[5.5.1035~1-3dd90]:ComputeChainObjfAndDerivE2e():chain-training.cc:162) Numerator objf: 1.28385
LOG (nnet3-chain-train[5.5.1035~1-3dd90]:ComputeChainObjfAndDerivE2e():chain-training.cc:162) Numerator objf: 1.26029
LOG (nnet3-chain-train[5.5.1035~1-3dd90]:ComputeChainObjfAndDerivE2e():chain-training.cc:162) Numerator objf: 1.27195
LOG (nnet3-chain-train[5.5.1035~1-3dd90]:ComputeChainObjfAndDerivE2e():chain-training.cc:162) Numerator objf: 1.364
LOG (nnet3-chain-train[5.5.1035~1-3dd90]:ComputeChainObjfAndDerivE2e():chain-training.cc:162) Numerator objf: 1.29322
LOG (nnet3-chain-train[5.5.1035~1-3dd90]:ComputeChainObjfAndDerivE2e():chain-training.cc:162) Numerator objf: 1.37033
LOG (nnet3-chain-train[5.5.1035~1-3dd90]:ComputeChainObjfAndDerivE2e():chain-training.cc:162) Numerator objf: 1.26347
LOG (nnet3-chain-train[5.5.1035~1-3dd90]:ComputeChainObjfAndDerivE2e():chain-training.cc:162) Numerator objf: 1.40915
LOG (nnet3-chain-train[5.5.1035~1-3dd90]:ComputeChainObjfAndDerivE2e():chain-training.cc:162) Numerator objf: 1.27352
LOG (nnet3-chain-train[5.5.1035~1-3dd90]:ComputeChainObjfAndDerivE2e():chain-training.cc:162) Numerator objf: 1.35611
LOG (nnet3-chain-train[5.5.1035~1-3dd90]:PrintStatsForThisPhase():nnet-training.cc:278) Average objective function for 'output-xent' for minibatches 230-239 is -1.65103 over 27264 frames.
LOG (nnet3-chain-train[5.5.1035~1-3dd90]:PrintStatsForThisPhase():nnet-training.cc:278) Average objective function for 'output' for minibatches 230-239 is -0.129332 over 27264 frames.
LOG (nnet3-chain-train[5.5.1035~1-3dd90]:ComputeChainObjfAndDerivE2e():chain-training.cc:162) Numerator objf: 1.19062
LOG (nnet3-chain-train[5.5.1035~1-3dd90]:ComputeChainObjfAndDerivE2e():chain-training.cc:162) Numerator objf: 1.25185
LOG (nnet3-chain-train[5.5.1035~1-3dd90]:ComputeChainObjfAndDerivE2e():chain-training.cc:162) Numerator objf: 1.26271
LOG (nnet3-chain-train[5.5.1035~1-3dd90]:ComputeChainObjfAndDerivE2e():chain-training.cc:162) Numerator objf: 1.26444
LOG (nnet3-chain-train[5.5.1035~1-3dd90]:ComputeChainObjfAndDerivE2e():chain-training.cc:162) Numerator objf: 1.24403
LOG (nnet3-chain-train[5.5.1035~1-3dd90]:ComputeChainObjfAndDerivE2e():chain-training.cc:162) Numerator objf: 1.25576
LOG (nnet3-chain-train[5.5.1035~1-3dd90]:ComputeChainObjfAndDerivE2e():chain-training.cc:162) Numerator objf: 1.30102
LOG (nnet3-chain-train[5.5.1035~1-3dd90]:ComputeChainObjfAndDerivE2e():chain-training.cc:162) Numerator objf: 1.32987
LOG (nnet3-chain-train[5.5.1035~1-3dd90]:ComputeChainObjfAndDerivE2e():chain-training.cc:162) Numerator objf: 1.22113
LOG (nnet3-chain-train[5.5.1035~1-3dd90]:ComputeChainObjfAndDerivE2e():chain-training.cc:162) Numerator objf: 1.259
LOG (nnet3-chain-train[5.5.1035~1-3dd90]:PrintStatsForThisPhase():nnet-training.cc:278) Average objective function for 'output-xent' for minibatches 240-249 is -1.67997 over 27264 frames.
LOG (nnet3-chain-train[5.5.1035~1-3dd90]:PrintStatsForThisPhase():nnet-training.cc:278) Average objective function for 'output' for minibatches 240-249 is -0.133761 over 27264 frames.
LOG (nnet3-chain-train[5.5.1035~1-3dd90]:ComputeChainObjfAndDerivE2e():chain-training.cc:162) Numerator objf: 1.29067
LOG (nnet3-chain-train[5.5.1035~1-3dd90]:ComputeChainObjfAndDerivE2e():chain-training.cc:162) Numerator objf: 1.32971
LOG (nnet3-chain-train[5.5.1035~1-3dd90]:ComputeChainObjfAndDerivE2e():chain-training.cc:162) Numerator objf: 1.34266
LOG (nnet3-chain-train[5.5.1035~1-3dd90]:ComputeChainObjfAndDerivE2e():chain-training.cc:162) Numerator objf: 1.27539
LOG (nnet3-chain-train[5.5.1035~1-3dd90]:ComputeChainObjfAndDerivE2e():chain-training.cc:162) Numerator objf: 1.31426
LOG (nnet3-chain-train[5.5.1035~1-3dd90]:ComputeChainObjfAndDerivE2e():chain-training.cc:162) Numerator objf: 1.23149
LOG (nnet3-chain-train[5.5.1035~1-3dd90]:ComputeChainObjfAndDerivE2e():chain-training.cc:162) Numerator objf: 1.40121
LOG (nnet3-chain-train[5.5.1035~1-3dd90]:ComputeChainObjfAndDerivE2e():chain-training.cc:162) Numerator objf: 1.24133
LOG (nnet3-chain-train[5.5.1035~1-3dd90]:ComputeChainObjfAndDerivE2e():chain-training.cc:162) Numerator objf: 1.29744
LOG (nnet3-chain-train[5.5.1035~1-3dd90]:ComputeChainObjfAndDerivE2e():chain-training.cc:162) Numerator objf: 1.28524
LOG (nnet3-chain-train[5.5.1035~1-3dd90]:PrintStatsForThisPhase():nnet-training.cc:278) Average objective function for 'output-xent' for minibatches 250-259 is -1.64951 over 29120 frames.
LOG (nnet3-chain-train[5.5.1035~1-3dd90]:PrintStatsForThisPhase():nnet-training.cc:278) Average objective function for 'output' for minibatches 250-259 is -0.126907 over 29120 frames.
LOG (nnet3-chain-train[5.5.1035~1-3dd90]:ComputeChainObjfAndDerivE2e():chain-training.cc:162) Numerator objf: 1.37341
LOG (nnet3-chain-train[5.5.1035~1-3dd90]:ComputeChainObjfAndDerivE2e():chain-training.cc:162) Numerator objf: 1.31239
LOG (nnet3-chain-train[5.5.1035~1-3dd90]:ComputeChainObjfAndDerivE2e():chain-training.cc:162) Numerator objf: 1.33622
LOG (nnet3-chain-train[5.5.1035~1-3dd90]:ComputeChainObjfAndDerivE2e():chain-training.cc:162) Numerator objf: 1.24866
LOG (nnet3-chain-train[5.5.1035~1-3dd90]:ComputeChainObjfAndDerivE2e():chain-training.cc:162) Numerator objf: 1.3573
LOG (nnet3-chain-train[5.5.1035~1-3dd90]:ComputeChainObjfAndDerivE2e():chain-training.cc:162) Numerator objf: 1.31439
LOG (nnet3-chain-train[5.5.1035~1-3dd90]:ComputeChainObjfAndDerivE2e():chain-training.cc:162) Numerator objf: 1.25546
LOG (nnet3-chain-train[5.5.1035~1-3dd90]:ComputeChainObjfAndDerivE2e():chain-training.cc:162) Numerator objf: 1.27944
LOG (nnet3-chain-train[5.5.1035~1-3dd90]:ComputeChainObjfAndDerivE2e():chain-training.cc:162) Numerator objf: 1.30201
LOG (nnet3-chain-train[5.5.1035~1-3dd90]:ComputeChainObjfAndDerivE2e():chain-training.cc:162) Numerator objf: 1.34295
LOG (nnet3-chain-train[5.5.1035~1-3dd90]:PrintStatsForThisPhase():nnet-training.cc:278) Average objective function for 'output-xent' for minibatches 260-269 is -1.62732 over 28288 frames.
LOG (nnet3-chain-train[5.5.1035~1-3dd90]:PrintStatsForThisPhase():nnet-training.cc:278) Average objective function for 'output' for minibatches 260-269 is -0.120077 over 28288 frames.
LOG (nnet3-chain-train[5.5.1035~1-3dd90]:ComputeChainObjfAndDerivE2e():chain-training.cc:162) Numerator objf: 1.25837
LOG (nnet3-chain-train[5.5.1035~1-3dd90]:ComputeChainObjfAndDerivE2e():chain-training.cc:162) Numerator objf: 1.36003
LOG (nnet3-chain-train[5.5.1035~1-3dd90]:ComputeChainObjfAndDerivE2e():chain-training.cc:162) Numerator objf: 1.35567
LOG (nnet3-chain-train[5.5.1035~1-3dd90]:ComputeChainObjfAndDerivE2e():chain-training.cc:162) Numerator objf: 1.26608
LOG (nnet3-chain-train[5.5.1035~1-3dd90]:ComputeChainObjfAndDerivE2e():chain-training.cc:162) Numerator objf: 1.32012
LOG (nnet3-chain-train[5.5.1035~1-3dd90]:ComputeChainObjfAndDerivE2e():chain-training.cc:162) Numerator objf: 1.2694
LOG (nnet3-chain-train[5.5.1035~1-3dd90]:ComputeChainObjfAndDerivE2e():chain-training.cc:162) Numerator objf: 1.31427
LOG (nnet3-chain-train[5.5.1035~1-3dd90]:ComputeChainObjfAndDerivE2e():chain-training.cc:162) Numerator objf: 1.27824
LOG (nnet3-chain-train[5.5.1035~1-3dd90]:ComputeChainObjfAndDerivE2e():chain-training.cc:162) Numerator objf: 1.28028
LOG (nnet3-chain-train[5.5.1035~1-3dd90]:ComputeChainObjfAndDerivE2e():chain-training.cc:162) Numerator objf: 1.27384
LOG (nnet3-chain-train[5.5.1035~1-3dd90]:PrintStatsForThisPhase():nnet-training.cc:278) Average objective function for 'output-xent' for minibatches 270-279 is -1.64047 over 28096 frames.
LOG (nnet3-chain-train[5.5.1035~1-3dd90]:PrintStatsForThisPhase():nnet-training.cc:278) Average objective function for 'output' for minibatches 270-279 is -0.127359 over 28096 frames.
LOG (nnet3-chain-train[5.5.1035~1-3dd90]:ComputeChainObjfAndDerivE2e():chain-training.cc:162) Numerator objf: 1.396
LOG (nnet3-chain-train[5.5.1035~1-3dd90]:ComputeChainObjfAndDerivE2e():chain-training.cc:162) Numerator objf: 1.24752
LOG (nnet3-chain-train[5.5.1035~1-3dd90]:ComputeChainObjfAndDerivE2e():chain-training.cc:162) Numerator objf: 1.28501
LOG (nnet3-chain-train[5.5.1035~1-3dd90]:ComputeChainObjfAndDerivE2e():chain-training.cc:162) Numerator objf: 1.3061
LOG (nnet3-chain-train[5.5.1035~1-3dd90]:ComputeChainObjfAndDerivE2e():chain-training.cc:162) Numerator objf: 1.24482
LOG (nnet3-chain-train[5.5.1035~1-3dd90]:ComputeChainObjfAndDerivE2e():chain-training.cc:162) Numerator objf: 1.4233
LOG (nnet3-chain-train[5.5.1035~1-3dd90]:ComputeChainObjfAndDerivE2e():chain-training.cc:162) Numerator objf: 1.26185
LOG (nnet3-chain-train[5.5.1035~1-3dd90]:ComputeChainObjfAndDerivE2e():chain-training.cc:162) Numerator objf: 1.25506
LOG (nnet3-chain-train[5.5.1035~1-3dd90]:ComputeChainObjfAndDerivE2e():chain-training.cc:162) Numerator objf: 1.26093
LOG (nnet3-chain-train[5.5.1035~1-3dd90]:ComputeChainObjfAndDerivE2e():chain-training.cc:162) Numerator objf: 1.20351
LOG (nnet3-chain-train[5.5.1035~1-3dd90]:PrintStatsForThisPhase():nnet-training.cc:278) Average objective function for 'output-xent' for minibatches 280-289 is -1.6686 over 27264 frames.
LOG (nnet3-chain-train[5.5.1035~1-3dd90]:PrintStatsForThisPhase():nnet-training.cc:278) Average objective function for 'output' for minibatches 280-289 is -0.132163 over 27264 frames.
LOG (nnet3-chain-train[5.5.1035~1-3dd90]:ComputeChainObjfAndDerivE2e():chain-training.cc:162) Numerator objf: 1.24658
LOG (nnet3-chain-train[5.5.1035~1-3dd90]:ComputeChainObjfAndDerivE2e():chain-training.cc:162) Numerator objf: 1.28209
LOG (nnet3-chain-train[5.5.1035~1-3dd90]:ComputeChainObjfAndDerivE2e():chain-training.cc:162) Numerator objf: 1.31095
LOG (nnet3-chain-train[5.5.1035~1-3dd90]:ComputeChainObjfAndDerivE2e():chain-training.cc:162) Numerator objf: 1.2789
LOG (nnet3-chain-train[5.5.1035~1-3dd90]:ComputeChainObjfAndDerivE2e():chain-training.cc:162) Numerator objf: 1.35272
LOG (nnet3-chain-train[5.5.1035~1-3dd90]:ComputeChainObjfAndDerivE2e():chain-training.cc:162) Numerator objf: 1.28454
LOG (nnet3-chain-train[5.5.1035~1-3dd90]:ComputeChainObjfAndDerivE2e():chain-training.cc:162) Numerator objf: 1.33304
LOG (nnet3-chain-train[5.5.1035~1-3dd90]:ComputeChainObjfAndDerivE2e():chain-training.cc:162) Numerator objf: 1.28627
LOG (nnet3-chain-train[5.5.1035~1-3dd90]:ComputeChainObjfAndDerivE2e():chain-training.cc:162) Numerator objf: 1.31061
LOG (nnet3-chain-train[5.5.1035~1-3dd90]:ComputeChainObjfAndDerivE2e():chain-training.cc:162) Numerator objf: 1.37804
LOG (nnet3-chain-train[5.5.1035~1-3dd90]:PrintStatsForThisPhase():nnet-training.cc:278) Average objective function for 'output-xent' for minibatches 290-299 is -1.60807 over 29120 frames.
LOG (nnet3-chain-train[5.5.1035~1-3dd90]:PrintStatsForThisPhase():nnet-training.cc:278) Average objective function for 'output' for minibatches 290-299 is -0.12325 over 29120 frames.
LOG (nnet3-chain-train[5.5.1035~1-3dd90]:ComputeChainObjfAndDerivE2e():chain-training.cc:162) Numerator objf: 1.28325
LOG (nnet3-chain-train[5.5.1035~1-3dd90]:ComputeChainObjfAndDerivE2e():chain-training.cc:162) Numerator objf: 1.31115
LOG (nnet3-chain-train[5.5.1035~1-3dd90]:ComputeChainObjfAndDerivE2e():chain-training.cc:162) Numerator objf: 1.29203
LOG (nnet3-chain-train[5.5.1035~1-3dd90]:ComputeChainObjfAndDerivE2e():chain-training.cc:162) Numerator objf: 1.28383
LOG (nnet3-chain-train[5.5.1035~1-3dd90]:ComputeChainObjfAndDerivE2e():chain-training.cc:162) Numerator objf: 1.28885
LOG (nnet3-chain-train[5.5.1035~1-3dd90]:ComputeChainObjfAndDerivE2e():chain-training.cc:162) Numerator objf: 1.31455
LOG (nnet3-chain-train[5.5.1035~1-3dd90]:ComputeChainObjfAndDerivE2e():chain-training.cc:162) Numerator objf: 1.31057
LOG (nnet3-chain-train[5.5.1035~1-3dd90]:ComputeChainObjfAndDerivE2e():chain-training.cc:162) Numerator objf: 1.2558
LOG (nnet3-chain-train[5.5.1035~1-3dd90]:ComputeChainObjfAndDerivE2e():chain-training.cc:162) Numerator objf: 1.21601
LOG (nnet3-chain-train[5.5.1035~1-3dd90]:ComputeChainObjfAndDerivE2e():chain-training.cc:162) Numerator objf: 1.28426
LOG (nnet3-chain-train[5.5.1035~1-3dd90]:PrintStatsForThisPhase():nnet-training.cc:278) Average objective function for 'output-xent' for minibatches 300-309 is -1.64191 over 27264 frames.
LOG (nnet3-chain-train[5.5.1035~1-3dd90]:PrintStatsForThisPhase():nnet-training.cc:278) Average objective function for 'output' for minibatches 300-309 is -0.124366 over 27264 frames.
LOG (nnet3-chain-train[5.5.1035~1-3dd90]:ComputeChainObjfAndDerivE2e():chain-training.cc:162) Numerator objf: 1.24652
LOG (nnet3-chain-train[5.5.1035~1-3dd90]:ComputeChainObjfAndDerivE2e():chain-training.cc:162) Numerator objf: 1.35141
LOG (nnet3-chain-train[5.5.1035~1-3dd90]:ComputeChainObjfAndDerivE2e():chain-training.cc:162) Numerator objf: 1.29963
LOG (nnet3-chain-train[5.5.1035~1-3dd90]:ComputeChainObjfAndDerivE2e():chain-training.cc:162) Numerator objf: 1.22055
LOG (nnet3-chain-train[5.5.1035~1-3dd90]:ComputeChainObjfAndDerivE2e():chain-training.cc:162) Numerator objf: 1.26501
LOG (nnet3-chain-train[5.5.1035~1-3dd90]:ComputeChainObjfAndDerivE2e():chain-training.cc:162) Numerator objf: 1.24301
LOG (nnet3-chain-train[5.5.1035~1-3dd90]:ComputeChainObjfAndDerivE2e():chain-training.cc:162) Numerator objf: 1.34133
LOG (nnet3-chain-train[5.5.1035~1-3dd90]:ComputeChainObjfAndDerivE2e():chain-training.cc:162) Numerator objf: 1.22991
LOG (nnet3-chain-train[5.5.1035~1-3dd90]:ComputeChainObjfAndDerivE2e():chain-training.cc:162) Numerator objf: 1.28772
LOG (nnet3-chain-train[5.5.1035~1-3dd90]:ComputeChainObjfAndDerivE2e():chain-training.cc:162) Numerator objf: 1.42379
LOG (nnet3-chain-train[5.5.1035~1-3dd90]:PrintStatsForThisPhase():nnet-training.cc:278) Average objective function for 'output-xent' for minibatches 310-319 is -1.64524 over 29120 frames.
LOG (nnet3-chain-train[5.5.1035~1-3dd90]:PrintStatsForThisPhase():nnet-training.cc:278) Average objective function for 'output' for minibatches 310-319 is -0.126395 over 29120 frames.
LOG (nnet3-chain-train[5.5.1035~1-3dd90]:ComputeChainObjfAndDerivE2e():chain-training.cc:162) Numerator objf: 1.24768
LOG (nnet3-chain-train[5.5.1035~1-3dd90]:ComputeChainObjfAndDerivE2e():chain-training.cc:162) Numerator objf: 1.36962
LOG (nnet3-chain-train[5.5.1035~1-3dd90]:ComputeChainObjfAndDerivE2e():chain-training.cc:162) Numerator objf: 1.37582
LOG (nnet3-chain-train[5.5.1035~1-3dd90]:ComputeChainObjfAndDerivE2e():chain-training.cc:162) Numerator objf: 1.23074
LOG (nnet3-chain-train[5.5.1035~1-3dd90]:ComputeChainObjfAndDerivE2e():chain-training.cc:162) Numerator objf: 1.33835
LOG (nnet3-chain-train[5.5.1035~1-3dd90]:ComputeChainObjfAndDerivE2e():chain-training.cc:162) Numerator objf: 1.29867
LOG (nnet3-chain-train[5.5.1035~1-3dd90]:ComputeChainObjfAndDerivE2e():chain-training.cc:162) Numerator objf: 1.3558
LOG (nnet3-chain-train[5.5.1035~1-3dd90]:ComputeChainObjfAndDerivE2e():chain-training.cc:162) Numerator objf: 1.34727
LOG (nnet3-chain-train[5.5.1035~1-3dd90]:ComputeChainObjfAndDerivE2e():chain-training.cc:162) Numerator objf: 1.27169
LOG (nnet3-chain-train[5.5.1035~1-3dd90]:ComputeChainObjfAndDerivE2e():chain-training.cc:162) Numerator objf: 1.26231
LOG (nnet3-chain-train[5.5.1035~1-3dd90]:PrintStatsForThisPhase():nnet-training.cc:278) Average objective function for 'output-xent' for minibatches 320-329 is -1.56932 over 27264 frames.
LOG (nnet3-chain-train[5.5.1035~1-3dd90]:PrintStatsForThisPhase():nnet-training.cc:278) Average objective function for 'output' for minibatches 320-329 is -0.119558 over 27264 frames.
LOG (nnet3-chain-train[5.5.1035~1-3dd90]:ComputeChainObjfAndDerivE2e():chain-training.cc:162) Numerator objf: 1.23252
LOG (nnet3-chain-train[5.5.1035~1-3dd90]:ComputeChainObjfAndDerivE2e():chain-training.cc:162) Numerator objf: 1.33626
LOG (nnet3-chain-train[5.5.1035~1-3dd90]:ComputeChainObjfAndDerivE2e():chain-training.cc:162) Numerator objf: 1.35363
LOG (nnet3-chain-train[5.5.1035~1-3dd90]:ComputeChainObjfAndDerivE2e():chain-training.cc:162) Numerator objf: 1.28409
LOG (nnet3-chain-train[5.5.1035~1-3dd90]:ComputeChainObjfAndDerivE2e():chain-training.cc:162) Numerator objf: 1.38314
LOG (nnet3-chain-train[5.5.1035~1-3dd90]:ComputeChainObjfAndDerivE2e():chain-training.cc:162) Numerator objf: 1.31457
LOG (nnet3-chain-train[5.5.1035~1-3dd90]:ComputeChainObjfAndDerivE2e():chain-training.cc:162) Numerator objf: 1.30851
LOG (nnet3-chain-train[5.5.1035~1-3dd90]:ComputeChainObjfAndDerivE2e():chain-training.cc:162) Numerator objf: 1.23433
LOG (nnet3-chain-train[5.5.1035~1-3dd90]:ComputeChainObjfAndDerivE2e():chain-training.cc:162) Numerator objf: 1.32922
LOG (nnet3-chain-train[5.5.1035~1-3dd90]:ComputeChainObjfAndDerivE2e():chain-training.cc:162) Numerator objf: 1.25014
LOG (nnet3-chain-train[5.5.1035~1-3dd90]:PrintStatsForThisPhase():nnet-training.cc:278) Average objective function for 'output-xent' for minibatches 330-339 is -1.68113 over 28096 frames.
LOG (nnet3-chain-train[5.5.1035~1-3dd90]:PrintStatsForThisPhase():nnet-training.cc:278) Average objective function for 'output' for minibatches 330-339 is -0.129393 over 28096 frames.
LOG (nnet3-chain-train[5.5.1035~1-3dd90]:ComputeChainObjfAndDerivE2e():chain-training.cc:162) Numerator objf: 1.28448
LOG (nnet3-chain-train[5.5.1035~1-3dd90]:ComputeChainObjfAndDerivE2e():chain-training.cc:162) Numerator objf: 1.28252
LOG (nnet3-chain-train[5.5.1035~1-3dd90]:ComputeChainObjfAndDerivE2e():chain-training.cc:162) Numerator objf: 1.28731
LOG (nnet3-chain-train[5.5.1035~1-3dd90]:ComputeChainObjfAndDerivE2e():chain-training.cc:162) Numerator objf: 1.23441
LOG (nnet3-chain-train[5.5.1035~1-3dd90]:ComputeChainObjfAndDerivE2e():chain-training.cc:162) Numerator objf: 1.23116
LOG (nnet3-chain-train[5.5.1035~1-3dd90]:ComputeChainObjfAndDerivE2e():chain-training.cc:162) Numerator objf: 1.37737
LOG (nnet3-chain-train[5.5.1035~1-3dd90]:ComputeChainObjfAndDerivE2e():chain-training.cc:162) Numerator objf: 1.25111
LOG (nnet3-chain-train[5.5.1035~1-3dd90]:ComputeChainObjfAndDerivE2e():chain-training.cc:162) Numerator objf: 1.23523
LOG (nnet3-chain-train[5.5.1035~1-3dd90]:ComputeChainObjfAndDerivE2e():chain-training.cc:162) Numerator objf: 1.31351
LOG (nnet3-chain-train[5.5.1035~1-3dd90]:ComputeChainObjfAndDerivE2e():chain-training.cc:162) Numerator objf: 1.35469
LOG (nnet3-chain-train[5.5.1035~1-3dd90]:PrintStatsForThisPhase():nnet-training.cc:278) Average objective function for 'output-xent' for minibatches 340-349 is -1.65475 over 28288 frames.
LOG (nnet3-chain-train[5.5.1035~1-3dd90]:PrintStatsForThisPhase():nnet-training.cc:278) Average objective function for 'output' for minibatches 340-349 is -0.12758 over 28288 frames.
LOG (nnet3-chain-train[5.5.1035~1-3dd90]:ComputeChainObjfAndDerivE2e():chain-training.cc:162) Numerator objf: 1.35087
LOG (nnet3-chain-train[5.5.1035~1-3dd90]:ComputeChainObjfAndDerivE2e():chain-training.cc:162) Numerator objf: 1.26952
LOG (nnet3-chain-train[5.5.1035~1-3dd90]:ComputeChainObjfAndDerivE2e():chain-training.cc:162) Numerator objf: 1.26178
LOG (nnet3-chain-train[5.5.1035~1-3dd90]:ComputeChainObjfAndDerivE2e():chain-training.cc:162) Numerator objf: 1.31249
LOG (nnet3-chain-train[5.5.1035~1-3dd90]:ComputeChainObjfAndDerivE2e():chain-training.cc:162) Numerator objf: 1.21258
LOG (nnet3-chain-train[5.5.1035~1-3dd90]:ComputeChainObjfAndDerivE2e():chain-training.cc:162) Numerator objf: 1.37708
LOG (nnet3-chain-train[5.5.1035~1-3dd90]:ComputeChainObjfAndDerivE2e():chain-training.cc:162) Numerator objf: 1.25238
LOG (nnet3-chain-train[5.5.1035~1-3dd90]:ComputeChainObjfAndDerivE2e():chain-training.cc:162) Numerator objf: 1.26956
LOG (nnet3-chain-train[5.5.1035~1-3dd90]:ComputeChainObjfAndDerivE2e():chain-training.cc:162) Numerator objf: 1.40365
LOG (nnet3-chain-train[5.5.1035~1-3dd90]:ComputeChainObjfAndDerivE2e():chain-training.cc:162) Numerator objf: 1.29836
LOG (nnet3-chain-train[5.5.1035~1-3dd90]:PrintStatsForThisPhase():nnet-training.cc:278) Average objective function for 'output-xent' for minibatches 350-359 is -1.62717 over 28096 frames.
LOG (nnet3-chain-train[5.5.1035~1-3dd90]:PrintStatsForThisPhase():nnet-training.cc:278) Average objective function for 'output' for minibatches 350-359 is -0.125933 over 28096 frames.
LOG (nnet3-chain-train[5.5.1035~1-3dd90]:ComputeChainObjfAndDerivE2e():chain-training.cc:162) Numerator objf: 1.26903
LOG (nnet3-chain-train[5.5.1035~1-3dd90]:ComputeChainObjfAndDerivE2e():chain-training.cc:162) Numerator objf: 1.39293
LOG (nnet3-chain-train[5.5.1035~1-3dd90]:ComputeChainObjfAndDerivE2e():chain-training.cc:162) Numerator objf: 1.32012
LOG (nnet3-chain-train[5.5.1035~1-3dd90]:ComputeChainObjfAndDerivE2e():chain-training.cc:162) Numerator objf: 1.28434
LOG (nnet3-chain-train[5.5.1035~1-3dd90]:ComputeChainObjfAndDerivE2e():chain-training.cc:162) Numerator objf: 1.25195
LOG (nnet3-chain-train[5.5.1035~1-3dd90]:ComputeChainObjfAndDerivE2e():chain-training.cc:162) Numerator objf: 1.31058
LOG (nnet3-chain-train[5.5.1035~1-3dd90]:ComputeChainObjfAndDerivE2e():chain-training.cc:162) Numerator objf: 1.25558
LOG (nnet3-chain-train[5.5.1035~1-3dd90]:ComputeChainObjfAndDerivE2e():chain-training.cc:162) Numerator objf: 1.29469
LOG (nnet3-chain-train[5.5.1035~1-3dd90]:ComputeChainObjfAndDerivE2e():chain-training.cc:162) Numerator objf: 1.30078
LOG (nnet3-chain-train[5.5.1035~1-3dd90]:ComputeChainObjfAndDerivE2e():chain-training.cc:162) Numerator objf: 1.31027
LOG (nnet3-chain-train[5.5.1035~1-3dd90]:PrintStatsForThisPhase():nnet-training.cc:278) Average objective function for 'output-xent' for minibatches 360-369 is -1.62531 over 28288 frames.
LOG (nnet3-chain-train[5.5.1035~1-3dd90]:PrintStatsForThisPhase():nnet-training.cc:278) Average objective function for 'output' for minibatches 360-369 is -0.12523 over 28288 frames.
LOG (nnet3-chain-train[5.5.1035~1-3dd90]:ComputeChainObjfAndDerivE2e():chain-training.cc:162) Numerator objf: 1.25395
LOG (nnet3-chain-train[5.5.1035~1-3dd90]:ComputeChainObjfAndDerivE2e():chain-training.cc:162) Numerator objf: 1.22068
LOG (nnet3-chain-train[5.5.1035~1-3dd90]:ComputeChainObjfAndDerivE2e():chain-training.cc:162) Numerator objf: 1.30409
LOG (nnet3-chain-train[5.5.1035~1-3dd90]:ComputeChainObjfAndDerivE2e():chain-training.cc:162) Numerator objf: 1.36887
LOG (nnet3-chain-train[5.5.1035~1-3dd90]:ComputeChainObjfAndDerivE2e():chain-training.cc:162) Numerator objf: 1.34477
LOG (nnet3-chain-train[5.5.1035~1-3dd90]:ComputeChainObjfAndDerivE2e():chain-training.cc:162) Numerator objf: 1.24184
LOG (nnet3-chain-train[5.5.1035~1-3dd90]:ComputeChainObjfAndDerivE2e():chain-training.cc:162) Numerator objf: 1.24686
LOG (nnet3-chain-train[5.5.1035~1-3dd90]:ComputeChainObjfAndDerivE2e():chain-training.cc:162) Numerator objf: 1.38856
LOG (nnet3-chain-train[5.5.1035~1-3dd90]:ComputeChainObjfAndDerivE2e():chain-training.cc:162) Numerator objf: 1.31808
LOG (nnet3-chain-train[5.5.1035~1-3dd90]:ComputeChainObjfAndDerivE2e():chain-training.cc:162) Numerator objf: 1.26882
LOG (nnet3-chain-train[5.5.1035~1-3dd90]:PrintStatsForThisPhase():nnet-training.cc:278) Average objective function for 'output-xent' for minibatches 370-379 is -1.647 over 28096 frames.
LOG (nnet3-chain-train[5.5.1035~1-3dd90]:PrintStatsForThisPhase():nnet-training.cc:278) Average objective function for 'output' for minibatches 370-379 is -0.124702 over 28096 frames.
LOG (nnet3-chain-train[5.5.1035~1-3dd90]:ComputeChainObjfAndDerivE2e():chain-training.cc:162) Numerator objf: 1.20026
LOG (nnet3-chain-train[5.5.1035~1-3dd90]:ComputeChainObjfAndDerivE2e():chain-training.cc:162) Numerator objf: 1.40611
LOG (nnet3-chain-train[5.5.1035~1-3dd90]:ComputeChainObjfAndDerivE2e():chain-training.cc:162) Numerator objf: 1.23245
LOG (nnet3-chain-train[5.5.1035~1-3dd90]:ComputeChainObjfAndDerivE2e():chain-training.cc:162) Numerator objf: 1.22056
LOG (nnet3-chain-train[5.5.1035~1-3dd90]:ComputeChainObjfAndDerivE2e():chain-training.cc:162) Numerator objf: 1.31428
LOG (nnet3-chain-train[5.5.1035~1-3dd90]:ComputeChainObjfAndDerivE2e():chain-training.cc:162) Numerator objf: 1.29462
LOG (nnet3-chain-train[5.5.1035~1-3dd90]:ComputeChainObjfAndDerivE2e():chain-training.cc:162) Numerator objf: 1.43057
LOG (nnet3-chain-train[5.5.1035~1-3dd90]:ComputeChainObjfAndDerivE2e():chain-training.cc:162) Numerator objf: 1.29306
LOG (nnet3-chain-train[5.5.1035~1-3dd90]:ComputeChainObjfAndDerivE2e():chain-training.cc:162) Numerator objf: 1.24898
LOG (nnet3-chain-train[5.5.1035~1-3dd90]:ComputeChainObjfAndDerivE2e():chain-training.cc:162) Numerator objf: 1.36977
LOG (nnet3-chain-train[5.5.1035~1-3dd90]:PrintStatsForThisPhase():nnet-training.cc:278) Average objective function for 'output-xent' for minibatches 380-389 is -1.68764 over 28288 frames.
LOG (nnet3-chain-train[5.5.1035~1-3dd90]:PrintStatsForThisPhase():nnet-training.cc:278) Average objective function for 'output' for minibatches 380-389 is -0.133244 over 28288 frames.
LOG (nnet3-chain-train[5.5.1035~1-3dd90]:ComputeChainObjfAndDerivE2e():chain-training.cc:162) Numerator objf: 1.30874
LOG (nnet3-chain-train[5.5.1035~1-3dd90]:ComputeChainObjfAndDerivE2e():chain-training.cc:162) Numerator objf: 1.33535
LOG (nnet3-chain-train[5.5.1035~1-3dd90]:ComputeChainObjfAndDerivE2e():chain-training.cc:162) Numerator objf: 1.29889
LOG (nnet3-chain-train[5.5.1035~1-3dd90]:ComputeChainObjfAndDerivE2e():chain-training.cc:162) Numerator objf: 1.33321
LOG (nnet3-chain-train[5.5.1035~1-3dd90]:ComputeChainObjfAndDerivE2e():chain-training.cc:162) Numerator objf: 1.36753
LOG (nnet3-chain-train[5.5.1035~1-3dd90]:ComputeChainObjfAndDerivE2e():chain-training.cc:162) Numerator objf: 1.26683
LOG (nnet3-chain-train[5.5.1035~1-3dd90]:ComputeChainObjfAndDerivE2e():chain-training.cc:162) Numerator objf: 1.25361
LOG (nnet3-chain-train[5.5.1035~1-3dd90]:ComputeChainObjfAndDerivE2e():chain-training.cc:162) Numerator objf: 1.3501
LOG (nnet3-chain-train[5.5.1035~1-3dd90]:ComputeChainObjfAndDerivE2e():chain-training.cc:162) Numerator objf: 1.28937
LOG (nnet3-chain-train[5.5.1035~1-3dd90]:ComputeChainObjfAndDerivE2e():chain-training.cc:162) Numerator objf: 1.27222
LOG (nnet3-chain-train[5.5.1035~1-3dd90]:PrintStatsForThisPhase():nnet-training.cc:278) Average objective function for 'output-xent' for minibatches 390-399 is -1.67656 over 28096 frames.
LOG (nnet3-chain-train[5.5.1035~1-3dd90]:PrintStatsForThisPhase():nnet-training.cc:278) Average objective function for 'output' for minibatches 390-399 is -0.12995 over 28096 frames.
LOG (nnet3-chain-train[5.5.1035~1-3dd90]:ComputeChainObjfAndDerivE2e():chain-training.cc:162) Numerator objf: 1.2847
LOG (nnet3-chain-train[5.5.1035~1-3dd90]:ComputeChainObjfAndDerivE2e():chain-training.cc:162) Numerator objf: 1.28352
LOG (nnet3-chain-train[5.5.1035~1-3dd90]:ComputeChainObjfAndDerivE2e():chain-training.cc:162) Numerator objf: 1.27143
LOG (nnet3-chain-train[5.5.1035~1-3dd90]:ComputeChainObjfAndDerivE2e():chain-training.cc:162) Numerator objf: 1.24994
LOG (nnet3-chain-train[5.5.1035~1-3dd90]:ComputeChainObjfAndDerivE2e():chain-training.cc:162) Numerator objf: 1.24498
LOG (nnet3-chain-train[5.5.1035~1-3dd90]:ComputeChainObjfAndDerivE2e():chain-training.cc:162) Numerator objf: 1.39094
LOG (nnet3-chain-train[5.5.1035~1-3dd90]:ComputeChainObjfAndDerivE2e():chain-training.cc:162) Numerator objf: 1.31857
LOG (nnet3-chain-train[5.5.1035~1-3dd90]:ComputeChainObjfAndDerivE2e():chain-training.cc:162) Numerator objf: 1.26859
LOG (nnet3-chain-train[5.5.1035~1-3dd90]:ComputeChainObjfAndDerivE2e():chain-training.cc:162) Numerator objf: 1.28504
LOG (nnet3-chain-train[5.5.1035~1-3dd90]:ComputeChainObjfAndDerivE2e():chain-training.cc:162) Numerator objf: 1.40747
LOG (nnet3-chain-train[5.5.1035~1-3dd90]:PrintStatsForThisPhase():nnet-training.cc:278) Average objective function for 'output-xent' for minibatches 400-409 is -1.63549 over 28288 frames.
LOG (nnet3-chain-train[5.5.1035~1-3dd90]:PrintStatsForThisPhase():nnet-training.cc:278) Average objective function for 'output' for minibatches 400-409 is -0.132156 over 28288 frames.
LOG (nnet3-chain-train[5.5.1035~1-3dd90]:ComputeChainObjfAndDerivE2e():chain-training.cc:162) Numerator objf: 1.23394
LOG (nnet3-chain-train[5.5.1035~1-3dd90]:ComputeChainObjfAndDerivE2e():chain-training.cc:162) Numerator objf: 1.28904
LOG (nnet3-chain-train[5.5.1035~1-3dd90]:ComputeChainObjfAndDerivE2e():chain-training.cc:162) Numerator objf: 1.29377
LOG (nnet3-chain-train[5.5.1035~1-3dd90]:ComputeChainObjfAndDerivE2e():chain-training.cc:162) Numerator objf: 1.41464
LOG (nnet3-chain-train[5.5.1035~1-3dd90]:ComputeChainObjfAndDerivE2e():chain-training.cc:162) Numerator objf: 1.302
LOG (nnet3-chain-train[5.5.1035~1-3dd90]:ComputeChainObjfAndDerivE2e():chain-training.cc:162) Numerator objf: 1.2577
LOG (nnet3-chain-train[5.5.1035~1-3dd90]:ComputeChainObjfAndDerivE2e():chain-training.cc:162) Numerator objf: 1.37227
LOG (nnet3-chain-train[5.5.1035~1-3dd90]:ComputeChainObjfAndDerivE2e():chain-training.cc:162) Numerator objf: 1.43296
LOG (nnet3-chain-train[5.5.1035~1-3dd90]:ComputeChainObjfAndDerivE2e():chain-training.cc:162) Numerator objf: 1.27673
LOG (nnet3-chain-train[5.5.1035~1-3dd90]:ComputeChainObjfAndDerivE2e():chain-training.cc:162) Numerator objf: 1.26257
LOG (nnet3-chain-train[5.5.1035~1-3dd90]:PrintStatsForThisPhase():nnet-training.cc:278) Average objective function for 'output-xent' for minibatches 410-419 is -1.58324 over 28096 frames.
LOG (nnet3-chain-train[5.5.1035~1-3dd90]:PrintStatsForThisPhase():nnet-training.cc:278) Average objective function for 'output' for minibatches 410-419 is -0.121554 over 28096 frames.
LOG (nnet3-chain-train[5.5.1035~1-3dd90]:ComputeChainObjfAndDerivE2e():chain-training.cc:162) Numerator objf: 1.29882
LOG (nnet3-chain-train[5.5.1035~1-3dd90]:ComputeChainObjfAndDerivE2e():chain-training.cc:162) Numerator objf: 1.33783
LOG (nnet3-chain-train[5.5.1035~1-3dd90]:ComputeChainObjfAndDerivE2e():chain-training.cc:162) Numerator objf: 1.30155
LOG (nnet3-chain-train[5.5.1035~1-3dd90]:ComputeChainObjfAndDerivE2e():chain-training.cc:162) Numerator objf: 1.2636
LOG (nnet3-chain-train[5.5.1035~1-3dd90]:ComputeChainObjfAndDerivE2e():chain-training.cc:162) Numerator objf: 1.28914
LOG (nnet3-chain-train[5.5.1035~1-3dd90]:ComputeChainObjfAndDerivE2e():chain-training.cc:162) Numerator objf: 1.26666
LOG (nnet3-chain-train[5.5.1035~1-3dd90]:ComputeChainObjfAndDerivE2e():chain-training.cc:162) Numerator objf: 1.33011
LOG (nnet3-chain-train[5.5.1035~1-3dd90]:ComputeChainObjfAndDerivE2e():chain-training.cc:162) Numerator objf: 1.30109
LOG (nnet3-chain-train[5.5.1035~1-3dd90]:ComputeChainObjfAndDerivE2e():chain-training.cc:162) Numerator objf: 1.22403
LOG (nnet3-chain-train[5.5.1035~1-3dd90]:ComputeChainObjfAndDerivE2e():chain-training.cc:162) Numerator objf: 1.34534
LOG (nnet3-chain-train[5.5.1035~1-3dd90]:PrintStatsForThisPhase():nnet-training.cc:278) Average objective function for 'output-xent' for minibatches 420-429 is -1.64471 over 28288 frames.
LOG (nnet3-chain-train[5.5.1035~1-3dd90]:PrintStatsForThisPhase():nnet-training.cc:278) Average objective function for 'output' for minibatches 420-429 is -0.127028 over 28288 frames.
LOG (nnet3-chain-train[5.5.1035~1-3dd90]:ComputeChainObjfAndDerivE2e():chain-training.cc:162) Numerator objf: 1.19474
LOG (nnet3-chain-train[5.5.1035~1-3dd90]:ComputeChainObjfAndDerivE2e():chain-training.cc:162) Numerator objf: 1.22048
LOG (nnet3-chain-train[5.5.1035~1-3dd90]:ComputeChainObjfAndDerivE2e():chain-training.cc:162) Numerator objf: 1.30248
LOG (nnet3-chain-train[5.5.1035~1-3dd90]:ComputeChainObjfAndDerivE2e():chain-training.cc:162) Numerator objf: 1.32332
LOG (nnet3-chain-train[5.5.1035~1-3dd90]:ComputeChainObjfAndDerivE2e():chain-training.cc:162) Numerator objf: 1.28508
LOG (nnet3-chain-train[5.5.1035~1-3dd90]:ComputeChainObjfAndDerivE2e():chain-training.cc:162) Numerator objf: 1.24771
LOG (nnet3-chain-train[5.5.1035~1-3dd90]:ComputeChainObjfAndDerivE2e():chain-training.cc:162) Numerator objf: 1.37246
LOG (nnet3-chain-train[5.5.1035~1-3dd90]:ComputeChainObjfAndDerivE2e():chain-training.cc:162) Numerator objf: 1.29383
LOG (nnet3-chain-train[5.5.1035~1-3dd90]:ComputeChainObjfAndDerivE2e():chain-training.cc:162) Numerator objf: 1.29741
LOG (nnet3-chain-train[5.5.1035~1-3dd90]:ComputeChainObjfAndDerivE2e():chain-training.cc:162) Numerator objf: 1.34325
LOG (nnet3-chain-train[5.5.1035~1-3dd90]:PrintStatsForThisPhase():nnet-training.cc:278) Average objective function for 'output-xent' for minibatches 430-439 is -1.66876 over 28096 frames.
LOG (nnet3-chain-train[5.5.1035~1-3dd90]:PrintStatsForThisPhase():nnet-training.cc:278) Average objective function for 'output' for minibatches 430-439 is -0.133544 over 28096 frames.
LOG (nnet3-chain-train[5.5.1035~1-3dd90]:ComputeChainObjfAndDerivE2e():chain-training.cc:162) Numerator objf: 1.28764
LOG (nnet3-chain-copy-egs[5.5.1035~1-3dd90]:main():nnet3-chain-copy-egs.cc:395) Read 33553 neural-network training examples, wrote 33553
LOG (nnet3-chain-train[5.5.1035~1-3dd90]:ComputeChainObjfAndDerivE2e():chain-training.cc:162) Numerator objf: 1.35355
LOG (nnet3-chain-train[5.5.1035~1-3dd90]:ComputeChainObjfAndDerivE2e():chain-training.cc:162) Numerator objf: 1.31315
LOG (nnet3-chain-train[5.5.1035~1-3dd90]:ComputeChainObjfAndDerivE2e():chain-training.cc:162) Numerator objf: 1.32055
LOG (nnet3-chain-train[5.5.1035~1-3dd90]:ComputeChainObjfAndDerivE2e():chain-training.cc:162) Numerator objf: 1.41649
LOG (nnet3-chain-train[5.5.1035~1-3dd90]:ComputeChainObjfAndDerivE2e():chain-training.cc:162) Numerator objf: 1.35526
LOG (nnet3-chain-train[5.5.1035~1-3dd90]:ComputeChainObjfAndDerivE2e():chain-training.cc:162) Numerator objf: 1.24989
LOG (nnet3-chain-train[5.5.1035~1-3dd90]:ComputeChainObjfAndDerivE2e():chain-training.cc:162) Numerator objf: 1.27754
LOG (nnet3-chain-train[5.5.1035~1-3dd90]:ComputeChainObjfAndDerivE2e():chain-training.cc:162) Numerator objf: 1.35708
LOG (nnet3-chain-train[5.5.1035~1-3dd90]:ComputeChainObjfAndDerivE2e():chain-training.cc:162) Numerator objf: 1.28938
LOG (nnet3-chain-train[5.5.1035~1-3dd90]:PrintStatsForThisPhase():nnet-training.cc:278) Average objective function for 'output-xent' for minibatches 440-449 is -1.61271 over 27264 frames.
LOG (nnet3-chain-train[5.5.1035~1-3dd90]:PrintStatsForThisPhase():nnet-training.cc:278) Average objective function for 'output' for minibatches 440-449 is -0.123227 over 27264 frames.
LOG (nnet3-chain-train[5.5.1035~1-3dd90]:ComputeChainObjfAndDerivE2e():chain-training.cc:162) Numerator objf: 1.2881
LOG (nnet3-chain-train[5.5.1035~1-3dd90]:ComputeChainObjfAndDerivE2e():chain-training.cc:162) Numerator objf: 1.30743
LOG (nnet3-chain-train[5.5.1035~1-3dd90]:ComputeChainObjfAndDerivE2e():chain-training.cc:162) Numerator objf: 1.3696
LOG (nnet3-chain-train[5.5.1035~1-3dd90]:ComputeChainObjfAndDerivE2e():chain-training.cc:162) Numerator objf: 1.31901
LOG (nnet3-chain-train[5.5.1035~1-3dd90]:ComputeChainObjfAndDerivE2e():chain-training.cc:162) Numerator objf: 1.25627
LOG (nnet3-chain-train[5.5.1035~1-3dd90]:ComputeChainObjfAndDerivE2e():chain-training.cc:162) Numerator objf: 1.41206
LOG (nnet3-chain-train[5.5.1035~1-3dd90]:ComputeChainObjfAndDerivE2e():chain-training.cc:162) Numerator objf: 1.33338
LOG (nnet3-chain-train[5.5.1035~1-3dd90]:ComputeChainObjfAndDerivE2e():chain-training.cc:162) Numerator objf: 1.34207
LOG (nnet3-chain-train[5.5.1035~1-3dd90]:ComputeChainObjfAndDerivE2e():chain-training.cc:162) Numerator objf: 1.29689
LOG (nnet3-chain-train[5.5.1035~1-3dd90]:ComputeChainObjfAndDerivE2e():chain-training.cc:162) Numerator objf: 1.43481
LOG (nnet3-chain-train[5.5.1035~1-3dd90]:PrintStatsForThisPhase():nnet-training.cc:278) Average objective function for 'output-xent' for minibatches 450-459 is -1.62374 over 28288 frames.
LOG (nnet3-chain-train[5.5.1035~1-3dd90]:PrintStatsForThisPhase():nnet-training.cc:278) Average objective function for 'output' for minibatches 450-459 is -0.119241 over 28288 frames.
LOG (nnet3-chain-train[5.5.1035~1-3dd90]:ComputeChainObjfAndDerivE2e():chain-training.cc:162) Numerator objf: 1.35339
LOG (nnet3-chain-train[5.5.1035~1-3dd90]:ComputeChainObjfAndDerivE2e():chain-training.cc:162) Numerator objf: 1.30583
LOG (nnet3-chain-train[5.5.1035~1-3dd90]:ComputeChainObjfAndDerivE2e():chain-training.cc:162) Numerator objf: 1.39139
LOG (nnet3-chain-train[5.5.1035~1-3dd90]:ComputeChainObjfAndDerivE2e():chain-training.cc:162) Numerator objf: 1.34149
LOG (nnet3-chain-train[5.5.1035~1-3dd90]:ComputeChainObjfAndDerivE2e():chain-training.cc:162) Numerator objf: 1.39632
LOG (nnet3-chain-train[5.5.1035~1-3dd90]:ComputeChainObjfAndDerivE2e():chain-training.cc:162) Numerator objf: 1.35121
LOG (nnet3-chain-train[5.5.1035~1-3dd90]:ComputeChainObjfAndDerivE2e():chain-training.cc:162) Numerator objf: 1.27697
LOG (nnet3-chain-train[5.5.1035~1-3dd90]:ComputeChainObjfAndDerivE2e():chain-training.cc:162) Numerator objf: 1.35246
LOG (nnet3-chain-train[5.5.1035~1-3dd90]:ComputeChainObjfAndDerivE2e():chain-training.cc:162) Numerator objf: 1.3501
LOG (nnet3-chain-train[5.5.1035~1-3dd90]:ComputeChainObjfAndDerivE2e():chain-training.cc:162) Numerator objf: 1.28285
LOG (nnet3-chain-train[5.5.1035~1-3dd90]:PrintStatsForThisPhase():nnet-training.cc:278) Average objective function for 'output-xent' for minibatches 460-469 is -1.5753 over 28096 frames.
LOG (nnet3-chain-train[5.5.1035~1-3dd90]:PrintStatsForThisPhase():nnet-training.cc:278) Average objective function for 'output' for minibatches 460-469 is -0.121237 over 28096 frames.
LOG (nnet3-chain-train[5.5.1035~1-3dd90]:ComputeChainObjfAndDerivE2e():chain-training.cc:162) Numerator objf: 1.44245
LOG (nnet3-chain-train[5.5.1035~1-3dd90]:ComputeChainObjfAndDerivE2e():chain-training.cc:162) Numerator objf: 1.34093
LOG (nnet3-chain-train[5.5.1035~1-3dd90]:ComputeChainObjfAndDerivE2e():chain-training.cc:162) Numerator objf: 1.32786
LOG (nnet3-chain-train[5.5.1035~1-3dd90]:ComputeChainObjfAndDerivE2e():chain-training.cc:162) Numerator objf: 1.3279
LOG (nnet3-chain-train[5.5.1035~1-3dd90]:ComputeChainObjfAndDerivE2e():chain-training.cc:162) Numerator objf: 1.30712
LOG (nnet3-chain-train[5.5.1035~1-3dd90]:ComputeChainObjfAndDerivE2e():chain-training.cc:162) Numerator objf: 1.3232
LOG (nnet3-chain-train[5.5.1035~1-3dd90]:ComputeChainObjfAndDerivE2e():chain-training.cc:162) Numerator objf: 1.27474
LOG (nnet3-chain-train[5.5.1035~1-3dd90]:ComputeChainObjfAndDerivE2e():chain-training.cc:162) Numerator objf: 1.33821
LOG (nnet3-chain-train[5.5.1035~1-3dd90]:ComputeChainObjfAndDerivE2e():chain-training.cc:162) Numerator objf: 1.33936
LOG (nnet3-chain-train[5.5.1035~1-3dd90]:ComputeChainObjfAndDerivE2e():chain-training.cc:162) Numerator objf: 1.39265
LOG (nnet3-chain-train[5.5.1035~1-3dd90]:PrintStatsForThisPhase():nnet-training.cc:278) Average objective function for 'output-xent' for minibatches 470-479 is -1.64152 over 28288 frames.
LOG (nnet3-chain-train[5.5.1035~1-3dd90]:PrintStatsForThisPhase():nnet-training.cc:278) Average objective function for 'output' for minibatches 470-479 is -0.122374 over 28288 frames.
LOG (nnet3-chain-train[5.5.1035~1-3dd90]:ComputeChainObjfAndDerivE2e():chain-training.cc:162) Numerator objf: 1.31814
LOG (nnet3-chain-train[5.5.1035~1-3dd90]:ComputeChainObjfAndDerivE2e():chain-training.cc:162) Numerator objf: 1.29226
LOG (nnet3-chain-train[5.5.1035~1-3dd90]:ComputeChainObjfAndDerivE2e():chain-training.cc:162) Numerator objf: 1.38151
LOG (nnet3-chain-train[5.5.1035~1-3dd90]:ComputeChainObjfAndDerivE2e():chain-training.cc:162) Numerator objf: 1.32195
LOG (nnet3-chain-train[5.5.1035~1-3dd90]:ComputeChainObjfAndDerivE2e():chain-training.cc:162) Numerator objf: 1.24814
LOG (nnet3-chain-train[5.5.1035~1-3dd90]:ComputeChainObjfAndDerivE2e():chain-training.cc:162) Numerator objf: 1.26862
LOG (nnet3-chain-train[5.5.1035~1-3dd90]:ComputeChainObjfAndDerivE2e():chain-training.cc:162) Numerator objf: 1.36202
LOG (nnet3-chain-train[5.5.1035~1-3dd90]:ComputeChainObjfAndDerivE2e():chain-training.cc:162) Numerator objf: 1.28247
LOG (nnet3-chain-train[5.5.1035~1-3dd90]:ComputeChainObjfAndDerivE2e():chain-training.cc:162) Numerator objf: 1.32763
LOG (nnet3-chain-train[5.5.1035~1-3dd90]:ComputeChainObjfAndDerivE2e():chain-training.cc:162) Numerator objf: 1.28047
LOG (nnet3-chain-train[5.5.1035~1-3dd90]:PrintStatsForThisPhase():nnet-training.cc:278) Average objective function for 'output-xent' for minibatches 480-489 is -1.60333 over 27264 frames.
LOG (nnet3-chain-train[5.5.1035~1-3dd90]:PrintStatsForThisPhase():nnet-training.cc:278) Average objective function for 'output' for minibatches 480-489 is -0.125294 over 27264 frames.
LOG (nnet3-chain-train[5.5.1035~1-3dd90]:ComputeChainObjfAndDerivE2e():chain-training.cc:162) Numerator objf: 1.35012
LOG (nnet3-chain-train[5.5.1035~1-3dd90]:ComputeChainObjfAndDerivE2e():chain-training.cc:162) Numerator objf: 1.28032
LOG (nnet3-chain-train[5.5.1035~1-3dd90]:ComputeChainObjfAndDerivE2e():chain-training.cc:162) Numerator objf: 1.23027
LOG (nnet3-chain-train[5.5.1035~1-3dd90]:ComputeChainObjfAndDerivE2e():chain-training.cc:162) Numerator objf: 1.37071
LOG (nnet3-chain-train[5.5.1035~1-3dd90]:ComputeChainObjfAndDerivE2e():chain-training.cc:162) Numerator objf: 1.29043
LOG (nnet3-chain-train[5.5.1035~1-3dd90]:ComputeChainObjfAndDerivE2e():chain-training.cc:162) Numerator objf: 1.35574
LOG (nnet3-chain-train[5.5.1035~1-3dd90]:ComputeChainObjfAndDerivE2e():chain-training.cc:162) Numerator objf: 1.3404
LOG (nnet3-chain-train[5.5.1035~1-3dd90]:ComputeChainObjfAndDerivE2e():chain-training.cc:162) Numerator objf: 1.36628
LOG (nnet3-chain-train[5.5.1035~1-3dd90]:ComputeChainObjfAndDerivE2e():chain-training.cc:162) Numerator objf: 1.27088
LOG (nnet3-chain-train[5.5.1035~1-3dd90]:ComputeChainObjfAndDerivE2e():chain-training.cc:162) Numerator objf: 1.26542
LOG (nnet3-chain-train[5.5.1035~1-3dd90]:PrintStatsForThisPhase():nnet-training.cc:278) Average objective function for 'output-xent' for minibatches 490-499 is -1.58624 over 28096 frames.
LOG (nnet3-chain-train[5.5.1035~1-3dd90]:PrintStatsForThisPhase():nnet-training.cc:278) Average objective function for 'output' for minibatches 490-499 is -0.123537 over 28096 frames.
LOG (nnet3-chain-train[5.5.1035~1-3dd90]:ComputeChainObjfAndDerivE2e():chain-training.cc:162) Numerator objf: 1.26571
LOG (nnet3-chain-train[5.5.1035~1-3dd90]:ComputeChainObjfAndDerivE2e():chain-training.cc:162) Numerator objf: 1.36418
LOG (nnet3-chain-train[5.5.1035~1-3dd90]:ComputeChainObjfAndDerivE2e():chain-training.cc:162) Numerator objf: 1.43394
LOG (nnet3-chain-train[5.5.1035~1-3dd90]:ComputeChainObjfAndDerivE2e():chain-training.cc:162) Numerator objf: 1.31758
LOG (nnet3-chain-train[5.5.1035~1-3dd90]:ComputeChainObjfAndDerivE2e():chain-training.cc:162) Numerator objf: 1.31744
LOG (nnet3-chain-train[5.5.1035~1-3dd90]:ComputeChainObjfAndDerivE2e():chain-training.cc:162) Numerator objf: 1.28524
LOG (nnet3-chain-train[5.5.1035~1-3dd90]:ComputeChainObjfAndDerivE2e():chain-training.cc:162) Numerator objf: 1.33663
LOG (nnet3-chain-train[5.5.1035~1-3dd90]:ComputeChainObjfAndDerivE2e():chain-training.cc:162) Numerator objf: 1.30894
LOG (nnet3-chain-train[5.5.1035~1-3dd90]:ComputeChainObjfAndDerivE2e():chain-training.cc:162) Numerator objf: 1.3956
LOG (nnet3-chain-train[5.5.1035~1-3dd90]:ComputeChainObjfAndDerivE2e():chain-training.cc:162) Numerator objf: 1.30377
LOG (nnet3-chain-train[5.5.1035~1-3dd90]:PrintStatsForThisPhase():nnet-training.cc:278) Average objective function for 'output-xent' for minibatches 500-509 is -1.61352 over 28096 frames.
LOG (nnet3-chain-train[5.5.1035~1-3dd90]:PrintStatsForThisPhase():nnet-training.cc:278) Average objective function for 'output' for minibatches 500-509 is -0.121788 over 28096 frames.
LOG (nnet3-chain-train[5.5.1035~1-3dd90]:ComputeChainObjfAndDerivE2e():chain-training.cc:162) Numerator objf: 1.2868
LOG (nnet3-chain-train[5.5.1035~1-3dd90]:ComputeChainObjfAndDerivE2e():chain-training.cc:162) Numerator objf: 1.26294
LOG (nnet3-chain-train[5.5.1035~1-3dd90]:ComputeChainObjfAndDerivE2e():chain-training.cc:162) Numerator objf: 1.32374
LOG (nnet3-chain-train[5.5.1035~1-3dd90]:ComputeChainObjfAndDerivE2e():chain-training.cc:162) Numerator objf: 1.37344
LOG (nnet3-chain-train[5.5.1035~1-3dd90]:ComputeChainObjfAndDerivE2e():chain-training.cc:162) Numerator objf: 1.32087
LOG (nnet3-chain-train[5.5.1035~1-3dd90]:ComputeChainObjfAndDerivE2e():chain-training.cc:162) Numerator objf: 1.31488
LOG (nnet3-chain-train[5.5.1035~1-3dd90]:ComputeChainObjfAndDerivE2e():chain-training.cc:162) Numerator objf: 1.2822
LOG (nnet3-chain-train[5.5.1035~1-3dd90]:ComputeChainObjfAndDerivE2e():chain-training.cc:162) Numerator objf: 1.30539
LOG (nnet3-chain-train[5.5.1035~1-3dd90]:ComputeChainObjfAndDerivE2e():chain-training.cc:162) Numerator objf: 1.28856
LOG (nnet3-chain-train[5.5.1035~1-3dd90]:ComputeChainObjfAndDerivE2e():chain-training.cc:162) Numerator objf: 1.23239
LOG (nnet3-chain-train[5.5.1035~1-3dd90]:PrintStatsForThisPhase():nnet-training.cc:278) Average objective function for 'output-xent' for minibatches 510-519 is -1.61191 over 28288 frames.
LOG (nnet3-chain-train[5.5.1035~1-3dd90]:PrintStatsForThisPhase():nnet-training.cc:278) Average objective function for 'output' for minibatches 510-519 is -0.118456 over 28288 frames.
LOG (nnet3-chain-shuffle-egs[5.5.1035~1-3dd90]:main():nnet3-chain-shuffle-egs.cc:104) Shuffled order of 33553 neural-network training examples using a buffer (partial randomization)
LOG (nnet3-chain-merge-egs[5.5.1035~1-3dd90]:PrintSpecificStats():nnet-example-utils.cc:1159) Merged specific eg types as follows [format: <eg-size1>={<mb-size1>-><num-minibatches1>,<mbsize2>-><num-minibatches2>.../d=<num-discarded>},<egs-size2>={...},... (note,egs-size == number of input frames including context).
LOG (nnet3-chain-merge-egs[5.5.1035~1-3dd90]:PrintSpecificStats():nnet-example-utils.cc:1189) 160={64->134,d=5},169={64->79,d=60},208={64->310,d=16}
LOG (nnet3-chain-merge-egs[5.5.1035~1-3dd90]:PrintAggregateStats():nnet-example-utils.cc:1155) Processed 33553 egs of avg. size 189.8 into 523 minibatches, discarding 0.2414% of egs.  Avg minibatch size was 64, #distinct types of egs/minibatches was 3/3
LOG (nnet3-chain-train[5.5.1035~1-3dd90]:ComputeChainObjfAndDerivE2e():chain-training.cc:162) Numerator objf: 1.2128
LOG (nnet3-chain-train[5.5.1035~1-3dd90]:ComputeChainObjfAndDerivE2e():chain-training.cc:162) Numerator objf: 1.35541
LOG (nnet3-chain-train[5.5.1035~1-3dd90]:PrintTotalStats():nnet-training.cc:317) Overall average objective function for 'output' is -0.12562 over 1.47066e+06 frames.
LOG (nnet3-chain-train[5.5.1035~1-3dd90]:PrintTotalStats():nnet-training.cc:324) [this line is to be parsed by a script:] log-prob-per-frame=-0.12562
LOG (nnet3-chain-train[5.5.1035~1-3dd90]:PrintTotalStats():nnet-training.cc:317) Overall average objective function for 'output-xent' is -1.63292 over 1.47066e+06 frames.
LOG (nnet3-chain-train[5.5.1035~1-3dd90]:PrintTotalStats():nnet-training.cc:324) [this line is to be parsed by a script:] log-prob-per-frame=-1.63292
LOG (nnet3-chain-train[5.5.1035~1-3dd90]:~NnetChainTrainer():nnet-chain-training.cc:348) Wrote computation cache to telugu_exp/chain_cleaned_1d/tdnn1d_sp/cache.113
LOG (nnet3-chain-train[5.5.1035~1-3dd90]:~CachingOptimizingCompiler():nnet-optimize.cc:710) 0.0298 seconds taken in nnet3 compilation total (breakdown: 0 compilation, 0 optimization, 0 shortcut expansion, 0 checking, 0 computing indexes, 0.0298 misc.) + 0.443 I/O.
LOG (nnet3-chain-train[5.5.1035~1-3dd90]:main():nnet3-chain-train.cc:101) Wrote raw model to telugu_exp/chain_cleaned_1d/tdnn1d_sp/113.1.raw
# Accounting: time=119 threads=1
# Ended (code 0) at Wed Jul 20 11:30:50 EDT 2022, elapsed time 119 seconds
