----------------------- Stage 3 begin: prepare lang ---------------------------
utils/prepare_lang.sh data/local/dict_nosp <unk> data/local/lang_nosp data/lang_nosp
Checking data/local/dict_nosp/silence_phones.txt ...
--> reading data/local/dict_nosp/silence_phones.txt
--> text seems to be UTF-8 or ASCII, checking whitespaces
--> text contains only allowed whitespaces
--> data/local/dict_nosp/silence_phones.txt is OK

Checking data/local/dict_nosp/optional_silence.txt ...
--> reading data/local/dict_nosp/optional_silence.txt
--> text seems to be UTF-8 or ASCII, checking whitespaces
--> text contains only allowed whitespaces
--> data/local/dict_nosp/optional_silence.txt is OK

Checking data/local/dict_nosp/nonsilence_phones.txt ...
--> reading data/local/dict_nosp/nonsilence_phones.txt
--> text seems to be UTF-8 or ASCII, checking whitespaces
--> text contains only allowed whitespaces
--> data/local/dict_nosp/nonsilence_phones.txt is OK

Checking disjoint: silence_phones.txt, nonsilence_phones.txt
--> disjoint property is OK.

Checking data/local/dict_nosp/lexicon.txt
--> reading data/local/dict_nosp/lexicon.txt
--> text seems to be UTF-8 or ASCII, checking whitespaces
--> text contains only allowed whitespaces
--> data/local/dict_nosp/lexicon.txt is OK

Checking data/local/dict_nosp/extra_questions.txt ...
--> data/local/dict_nosp/extra_questions.txt is empty (this is OK)
--> SUCCESS [validating dictionary directory data/local/dict_nosp]

**Creating data/local/dict_nosp/lexiconp.txt from data/local/dict_nosp/lexicon.txt
prepare_lang.sh: validating output directory
utils/validate_lang.pl data/lang_nosp
Checking existence of separator file
separator file data/lang_nosp/subword_separator.txt is empty or does not exist, deal in word case.
Checking data/lang_nosp/phones.txt ...
--> text seems to be UTF-8 or ASCII, checking whitespaces
--> text contains only allowed whitespaces
--> data/lang_nosp/phones.txt is OK

Checking words.txt: #0 ...
--> text seems to be UTF-8 or ASCII, checking whitespaces
--> text contains only allowed whitespaces
--> data/lang_nosp/words.txt is OK

Checking disjoint: silence.txt, nonsilence.txt, disambig.txt ...
--> silence.txt and nonsilence.txt are disjoint
--> silence.txt and disambig.txt are disjoint
--> disambig.txt and nonsilence.txt are disjoint
--> disjoint property is OK

Checking sumation: silence.txt, nonsilence.txt, disambig.txt ...
--> found no unexplainable phones in phones.txt

Checking data/lang_nosp/phones/context_indep.{txt, int, csl} ...
--> text seems to be UTF-8 or ASCII, checking whitespaces
--> text contains only allowed whitespaces
--> 10 entry/entries in data/lang_nosp/phones/context_indep.txt
--> data/lang_nosp/phones/context_indep.int corresponds to data/lang_nosp/phones/context_indep.txt
--> data/lang_nosp/phones/context_indep.csl corresponds to data/lang_nosp/phones/context_indep.txt
--> data/lang_nosp/phones/context_indep.{txt, int, csl} are OK

Checking data/lang_nosp/phones/nonsilence.{txt, int, csl} ...
--> text seems to be UTF-8 or ASCII, checking whitespaces
--> text contains only allowed whitespaces
--> 1848 entry/entries in data/lang_nosp/phones/nonsilence.txt
--> data/lang_nosp/phones/nonsilence.int corresponds to data/lang_nosp/phones/nonsilence.txt
--> data/lang_nosp/phones/nonsilence.csl corresponds to data/lang_nosp/phones/nonsilence.txt
--> data/lang_nosp/phones/nonsilence.{txt, int, csl} are OK

Checking data/lang_nosp/phones/silence.{txt, int, csl} ...
--> text seems to be UTF-8 or ASCII, checking whitespaces
--> text contains only allowed whitespaces
--> 10 entry/entries in data/lang_nosp/phones/silence.txt
--> data/lang_nosp/phones/silence.int corresponds to data/lang_nosp/phones/silence.txt
--> data/lang_nosp/phones/silence.csl corresponds to data/lang_nosp/phones/silence.txt
--> data/lang_nosp/phones/silence.{txt, int, csl} are OK

Checking data/lang_nosp/phones/optional_silence.{txt, int, csl} ...
--> text seems to be UTF-8 or ASCII, checking whitespaces
--> text contains only allowed whitespaces
--> 1 entry/entries in data/lang_nosp/phones/optional_silence.txt
--> data/lang_nosp/phones/optional_silence.int corresponds to data/lang_nosp/phones/optional_silence.txt
--> data/lang_nosp/phones/optional_silence.csl corresponds to data/lang_nosp/phones/optional_silence.txt
--> data/lang_nosp/phones/optional_silence.{txt, int, csl} are OK

Checking data/lang_nosp/phones/disambig.{txt, int, csl} ...
--> text seems to be UTF-8 or ASCII, checking whitespaces
--> text contains only allowed whitespaces
--> 2 entry/entries in data/lang_nosp/phones/disambig.txt
--> data/lang_nosp/phones/disambig.int corresponds to data/lang_nosp/phones/disambig.txt
--> data/lang_nosp/phones/disambig.csl corresponds to data/lang_nosp/phones/disambig.txt
--> data/lang_nosp/phones/disambig.{txt, int, csl} are OK

Checking data/lang_nosp/phones/roots.{txt, int} ...
--> text seems to be UTF-8 or ASCII, checking whitespaces
--> text contains only allowed whitespaces
--> 464 entry/entries in data/lang_nosp/phones/roots.txt
--> data/lang_nosp/phones/roots.int corresponds to data/lang_nosp/phones/roots.txt
--> data/lang_nosp/phones/roots.{txt, int} are OK

Checking data/lang_nosp/phones/sets.{txt, int} ...
--> text seems to be UTF-8 or ASCII, checking whitespaces
--> text contains only allowed whitespaces
--> 464 entry/entries in data/lang_nosp/phones/sets.txt
--> data/lang_nosp/phones/sets.int corresponds to data/lang_nosp/phones/sets.txt
--> data/lang_nosp/phones/sets.{txt, int} are OK

Checking data/lang_nosp/phones/extra_questions.{txt, int} ...
--> text seems to be UTF-8 or ASCII, checking whitespaces
--> text contains only allowed whitespaces
--> 9 entry/entries in data/lang_nosp/phones/extra_questions.txt
--> data/lang_nosp/phones/extra_questions.int corresponds to data/lang_nosp/phones/extra_questions.txt
--> data/lang_nosp/phones/extra_questions.{txt, int} are OK

Checking data/lang_nosp/phones/word_boundary.{txt, int} ...
--> text seems to be UTF-8 or ASCII, checking whitespaces
--> text contains only allowed whitespaces
--> 1858 entry/entries in data/lang_nosp/phones/word_boundary.txt
--> data/lang_nosp/phones/word_boundary.int corresponds to data/lang_nosp/phones/word_boundary.txt
--> data/lang_nosp/phones/word_boundary.{txt, int} are OK

Checking optional_silence.txt ...
--> reading data/lang_nosp/phones/optional_silence.txt
--> data/lang_nosp/phones/optional_silence.txt is OK

Checking disambiguation symbols: #0 and #1
--> data/lang_nosp/phones/disambig.txt has "#0" and "#1"
--> data/lang_nosp/phones/disambig.txt is OK

Checking topo ...

Checking word_boundary.txt: silence.txt, nonsilence.txt, disambig.txt ...
--> data/lang_nosp/phones/word_boundary.txt doesn't include disambiguation symbols
--> data/lang_nosp/phones/word_boundary.txt is the union of nonsilence.txt and silence.txt
--> data/lang_nosp/phones/word_boundary.txt is OK

Checking word-level disambiguation symbols...
--> data/lang_nosp/phones/wdisambig.txt exists (newer prepare_lang.sh)
Checking word_boundary.int and disambig.int
--> generating a 52 word/subword sequence
--> resulting phone sequence from L.fst corresponds to the word sequence
--> L.fst is OK
--> generating a 23 word/subword sequence
--> resulting phone sequence from L_disambig.fst corresponds to the word sequence
--> L_disambig.fst is OK

Checking data/lang_nosp/oov.{txt, int} ...
--> text seems to be UTF-8 or ASCII, checking whitespaces
--> text contains only allowed whitespaces
--> 1 entry/entries in data/lang_nosp/oov.txt
--> data/lang_nosp/oov.int corresponds to data/lang_nosp/oov.txt
--> data/lang_nosp/oov.{txt, int} are OK

--> data/lang_nosp/L.fst is olabel sorted
--> data/lang_nosp/L_disambig.fst is olabel sorted
--> SUCCESS [validating lang directory data/lang_nosp]
----------------------- Stage 3 end: prepare lang ---------------------------
