# nnet3-am-info telugu_exp/chain_cleaned_1d/tdnn1d_sp/11.mdl && nnet3-show-progress --use-gpu=no telugu_exp/chain_cleaned_1d/tdnn1d_sp/10.mdl telugu_exp/chain_cleaned_1d/tdnn1d_sp/11.mdl 
# Started at Thu Jul 21 12:45:53 EDT 2022
#
nnet3-am-info telugu_exp/chain_cleaned_1d/tdnn1d_sp/11.mdl 
input-dim: 40
ivector-dim: 100
num-pdfs: 2824
prior-dimension: 0
# Nnet info follows.
left-context: 28
right-context: 28
num-parameters: 9032208
modulus: 1
input-node name=ivector dim=100
input-node name=input dim=40
component-node name=lda component=lda input=Append(Offset(input, -1), input, Offset(input, 1), ReplaceIndex(ivector, t, 0)) input-dim=220 output-dim=220
component-node name=tdnn1.affine component=tdnn1.affine input=lda input-dim=220 output-dim=1024
component-node name=tdnn1.relu component=tdnn1.relu input=tdnn1.affine input-dim=1024 output-dim=1024
component-node name=tdnn1.batchnorm component=tdnn1.batchnorm input=tdnn1.relu input-dim=1024 output-dim=1024
component-node name=tdnn1.dropout component=tdnn1.dropout input=tdnn1.batchnorm input-dim=1024 output-dim=1024
component-node name=tdnnf2.linear component=tdnnf2.linear input=tdnn1.dropout input-dim=1024 output-dim=128
component-node name=tdnnf2.affine component=tdnnf2.affine input=tdnnf2.linear input-dim=128 output-dim=1024
component-node name=tdnnf2.relu component=tdnnf2.relu input=tdnnf2.affine input-dim=1024 output-dim=1024
component-node name=tdnnf2.batchnorm component=tdnnf2.batchnorm input=tdnnf2.relu input-dim=1024 output-dim=1024
component-node name=tdnnf2.dropout component=tdnnf2.dropout input=tdnnf2.batchnorm input-dim=1024 output-dim=1024
component-node name=tdnnf2.noop component=tdnnf2.noop input=Sum(Scale(0.66, tdnn1.dropout), tdnnf2.dropout) input-dim=1024 output-dim=1024
component-node name=tdnnf3.linear component=tdnnf3.linear input=tdnnf2.noop input-dim=1024 output-dim=128
component-node name=tdnnf3.affine component=tdnnf3.affine input=tdnnf3.linear input-dim=128 output-dim=1024
component-node name=tdnnf3.relu component=tdnnf3.relu input=tdnnf3.affine input-dim=1024 output-dim=1024
component-node name=tdnnf3.batchnorm component=tdnnf3.batchnorm input=tdnnf3.relu input-dim=1024 output-dim=1024
component-node name=tdnnf3.dropout component=tdnnf3.dropout input=tdnnf3.batchnorm input-dim=1024 output-dim=1024
component-node name=tdnnf3.noop component=tdnnf3.noop input=Sum(Scale(0.66, tdnnf2.noop), tdnnf3.dropout) input-dim=1024 output-dim=1024
component-node name=tdnnf4.linear component=tdnnf4.linear input=tdnnf3.noop input-dim=1024 output-dim=128
component-node name=tdnnf4.affine component=tdnnf4.affine input=tdnnf4.linear input-dim=128 output-dim=1024
component-node name=tdnnf4.relu component=tdnnf4.relu input=tdnnf4.affine input-dim=1024 output-dim=1024
component-node name=tdnnf4.batchnorm component=tdnnf4.batchnorm input=tdnnf4.relu input-dim=1024 output-dim=1024
component-node name=tdnnf4.dropout component=tdnnf4.dropout input=tdnnf4.batchnorm input-dim=1024 output-dim=1024
component-node name=tdnnf4.noop component=tdnnf4.noop input=Sum(Scale(0.66, tdnnf3.noop), tdnnf4.dropout) input-dim=1024 output-dim=1024
component-node name=tdnnf5.linear component=tdnnf5.linear input=tdnnf4.noop input-dim=1024 output-dim=128
component-node name=tdnnf5.affine component=tdnnf5.affine input=tdnnf5.linear input-dim=128 output-dim=1024
component-node name=tdnnf5.relu component=tdnnf5.relu input=tdnnf5.affine input-dim=1024 output-dim=1024
component-node name=tdnnf5.batchnorm component=tdnnf5.batchnorm input=tdnnf5.relu input-dim=1024 output-dim=1024
component-node name=tdnnf5.dropout component=tdnnf5.dropout input=tdnnf5.batchnorm input-dim=1024 output-dim=1024
component-node name=tdnnf5.noop component=tdnnf5.noop input=Sum(Scale(0.66, tdnnf4.noop), tdnnf5.dropout) input-dim=1024 output-dim=1024
component-node name=tdnnf6.linear component=tdnnf6.linear input=tdnnf5.noop input-dim=1024 output-dim=128
component-node name=tdnnf6.affine component=tdnnf6.affine input=tdnnf6.linear input-dim=128 output-dim=1024
component-node name=tdnnf6.relu component=tdnnf6.relu input=tdnnf6.affine input-dim=1024 output-dim=1024
component-node name=tdnnf6.batchnorm component=tdnnf6.batchnorm input=tdnnf6.relu input-dim=1024 output-dim=1024
component-node name=tdnnf6.dropout component=tdnnf6.dropout input=tdnnf6.batchnorm input-dim=1024 output-dim=1024
component-node name=tdnnf6.noop component=tdnnf6.noop input=Sum(Scale(0.66, tdnnf5.noop), tdnnf6.dropout) input-dim=1024 output-dim=1024
component-node name=tdnnf7.linear component=tdnnf7.linear input=tdnnf6.noop input-dim=1024 output-dim=128
component-node name=tdnnf7.affine component=tdnnf7.affine input=tdnnf7.linear input-dim=128 output-dim=1024
component-node name=tdnnf7.relu component=tdnnf7.relu input=tdnnf7.affine input-dim=1024 output-dim=1024
component-node name=tdnnf7.batchnorm component=tdnnf7.batchnorm input=tdnnf7.relu input-dim=1024 output-dim=1024
component-node name=tdnnf7.dropout component=tdnnf7.dropout input=tdnnf7.batchnorm input-dim=1024 output-dim=1024
component-node name=tdnnf7.noop component=tdnnf7.noop input=Sum(Scale(0.66, tdnnf6.noop), tdnnf7.dropout) input-dim=1024 output-dim=1024
component-node name=tdnnf8.linear component=tdnnf8.linear input=tdnnf7.noop input-dim=1024 output-dim=128
component-node name=tdnnf8.affine component=tdnnf8.affine input=tdnnf8.linear input-dim=128 output-dim=1024
component-node name=tdnnf8.relu component=tdnnf8.relu input=tdnnf8.affine input-dim=1024 output-dim=1024
component-node name=tdnnf8.batchnorm component=tdnnf8.batchnorm input=tdnnf8.relu input-dim=1024 output-dim=1024
component-node name=tdnnf8.dropout component=tdnnf8.dropout input=tdnnf8.batchnorm input-dim=1024 output-dim=1024
component-node name=tdnnf8.noop component=tdnnf8.noop input=Sum(Scale(0.66, tdnnf7.noop), tdnnf8.dropout) input-dim=1024 output-dim=1024
component-node name=tdnnf9.linear component=tdnnf9.linear input=tdnnf8.noop input-dim=1024 output-dim=128
component-node name=tdnnf9.affine component=tdnnf9.affine input=tdnnf9.linear input-dim=128 output-dim=1024
component-node name=tdnnf9.relu component=tdnnf9.relu input=tdnnf9.affine input-dim=1024 output-dim=1024
component-node name=tdnnf9.batchnorm component=tdnnf9.batchnorm input=tdnnf9.relu input-dim=1024 output-dim=1024
component-node name=tdnnf9.dropout component=tdnnf9.dropout input=tdnnf9.batchnorm input-dim=1024 output-dim=1024
component-node name=tdnnf9.noop component=tdnnf9.noop input=Sum(Scale(0.66, tdnnf8.noop), tdnnf9.dropout) input-dim=1024 output-dim=1024
component-node name=tdnnf10.linear component=tdnnf10.linear input=tdnnf9.noop input-dim=1024 output-dim=128
component-node name=tdnnf10.affine component=tdnnf10.affine input=tdnnf10.linear input-dim=128 output-dim=1024
component-node name=tdnnf10.relu component=tdnnf10.relu input=tdnnf10.affine input-dim=1024 output-dim=1024
component-node name=tdnnf10.batchnorm component=tdnnf10.batchnorm input=tdnnf10.relu input-dim=1024 output-dim=1024
component-node name=tdnnf10.dropout component=tdnnf10.dropout input=tdnnf10.batchnorm input-dim=1024 output-dim=1024
component-node name=tdnnf10.noop component=tdnnf10.noop input=Sum(Scale(0.66, tdnnf9.noop), tdnnf10.dropout) input-dim=1024 output-dim=1024
component-node name=tdnnf11.linear component=tdnnf11.linear input=tdnnf10.noop input-dim=1024 output-dim=128
component-node name=tdnnf11.affine component=tdnnf11.affine input=tdnnf11.linear input-dim=128 output-dim=1024
component-node name=tdnnf11.relu component=tdnnf11.relu input=tdnnf11.affine input-dim=1024 output-dim=1024
component-node name=tdnnf11.batchnorm component=tdnnf11.batchnorm input=tdnnf11.relu input-dim=1024 output-dim=1024
component-node name=tdnnf11.dropout component=tdnnf11.dropout input=tdnnf11.batchnorm input-dim=1024 output-dim=1024
component-node name=tdnnf11.noop component=tdnnf11.noop input=Sum(Scale(0.66, tdnnf10.noop), tdnnf11.dropout) input-dim=1024 output-dim=1024
component-node name=tdnnf12.linear component=tdnnf12.linear input=tdnnf11.noop input-dim=1024 output-dim=128
component-node name=tdnnf12.affine component=tdnnf12.affine input=tdnnf12.linear input-dim=128 output-dim=1024
component-node name=tdnnf12.relu component=tdnnf12.relu input=tdnnf12.affine input-dim=1024 output-dim=1024
component-node name=tdnnf12.batchnorm component=tdnnf12.batchnorm input=tdnnf12.relu input-dim=1024 output-dim=1024
component-node name=tdnnf12.dropout component=tdnnf12.dropout input=tdnnf12.batchnorm input-dim=1024 output-dim=1024
component-node name=tdnnf12.noop component=tdnnf12.noop input=Sum(Scale(0.66, tdnnf11.noop), tdnnf12.dropout) input-dim=1024 output-dim=1024
component-node name=tdnnf13.linear component=tdnnf13.linear input=tdnnf12.noop input-dim=1024 output-dim=128
component-node name=tdnnf13.affine component=tdnnf13.affine input=tdnnf13.linear input-dim=128 output-dim=1024
component-node name=tdnnf13.relu component=tdnnf13.relu input=tdnnf13.affine input-dim=1024 output-dim=1024
component-node name=tdnnf13.batchnorm component=tdnnf13.batchnorm input=tdnnf13.relu input-dim=1024 output-dim=1024
component-node name=tdnnf13.dropout component=tdnnf13.dropout input=tdnnf13.batchnorm input-dim=1024 output-dim=1024
component-node name=tdnnf13.noop component=tdnnf13.noop input=Sum(Scale(0.66, tdnnf12.noop), tdnnf13.dropout) input-dim=1024 output-dim=1024
component-node name=prefinal-l component=prefinal-l input=tdnnf13.noop input-dim=1024 output-dim=256
component-node name=prefinal-chain.affine component=prefinal-chain.affine input=prefinal-l input-dim=256 output-dim=1024
component-node name=prefinal-chain.relu component=prefinal-chain.relu input=prefinal-chain.affine input-dim=1024 output-dim=1024
component-node name=prefinal-chain.batchnorm1 component=prefinal-chain.batchnorm1 input=prefinal-chain.relu input-dim=1024 output-dim=1024
component-node name=prefinal-chain.linear component=prefinal-chain.linear input=prefinal-chain.batchnorm1 input-dim=1024 output-dim=256
component-node name=prefinal-chain.batchnorm2 component=prefinal-chain.batchnorm2 input=prefinal-chain.linear input-dim=256 output-dim=256
component-node name=output.affine component=output.affine input=prefinal-chain.batchnorm2 input-dim=256 output-dim=2824
output-node name=output input=output.affine dim=2824 objective=linear
component-node name=prefinal-xent.affine component=prefinal-xent.affine input=prefinal-l input-dim=256 output-dim=1024
component-node name=prefinal-xent.relu component=prefinal-xent.relu input=prefinal-xent.affine input-dim=1024 output-dim=1024
component-node name=prefinal-xent.batchnorm1 component=prefinal-xent.batchnorm1 input=prefinal-xent.relu input-dim=1024 output-dim=1024
component-node name=prefinal-xent.linear component=prefinal-xent.linear input=prefinal-xent.batchnorm1 input-dim=1024 output-dim=256
component-node name=prefinal-xent.batchnorm2 component=prefinal-xent.batchnorm2 input=prefinal-xent.linear input-dim=256 output-dim=256
component-node name=output-xent.affine component=output-xent.affine input=prefinal-xent.batchnorm2 input-dim=256 output-dim=2824
component-node name=output-xent.log-softmax component=output-xent.log-softmax input=output-xent.affine input-dim=2824 output-dim=2824
output-node name=output-xent input=output-xent.log-softmax dim=2824 objective=linear
component name=lda type=FixedAffineComponent, input-dim=220, output-dim=220, linear-params-rms=0.005747, bias-{mean,stddev}=-0.001007,0.01284
component name=tdnn1.affine type=NaturalGradientAffineComponent, input-dim=220, output-dim=1024, learning-rate=0.000632393, l2-regularize=0.008, max-change=0.75, linear-params-rms=0.02615, linear-params-row-norms=[percentiles(0,1,2,5 10,20,50,80,90 95,98,99,100)=(0.03,0.05,0.06,0.08 0.10,0.14,0.33,0.46,0.58 0.70,0.84,0.91,1.3), mean=0.334, stddev=0.198], linear-params-col-norms=[percentiles(0,1,2,5 10,20,50,80,90 95,98,99,100)=(0.48,0.48,0.50,0.52 0.55,0.60,0.75,0.97,1.1 1.3,1.4,1.4,1.6), mean=0.803, stddev=0.235], bias-{mean,stddev}=0.001011,0.03518, rank-in=20, rank-out=80, num-samples-history=2000, update-period=4, alpha=4
component name=tdnn1.relu type=RectifiedLinearComponent, dim=1024, self-repair-scale=1e-05, count=3e+06, self-repaired-proportion=0.0785944, value-avg=[percentiles(0,1,2,5 10,20,50,80,90 95,98,99,100)=(3e-05,0.0001,0.0002,0.0003 0.0005,0.001,0.03,0.04,0.05 0.06,0.06,0.07,0.09), mean=0.0241, stddev=0.0211], deriv-avg=[percentiles(0,1,2,5 10,20,50,80,90 95,98,99,100)=(0.02,0.04,0.05,0.05 0.07,0.09,0.45,0.74,0.85 0.89,0.93,0.94,0.97), mean=0.435, stddev=0.306], oderiv-rms=[percentiles(0,1,2,5 10,20,50,80,90 95,98,99,100)=(0.03,0.03,0.04,0.04 0.05,0.05,0.08,0.12,0.15 0.18,0.21,0.23,0.34), mean=0.0921, stddev=0.0442], oderiv-count=4.62547e+06
component name=tdnn1.batchnorm type=BatchNormComponent, dim=1024, block-dim=1024, epsilon=0.001, target-rms=1, count=45727.4, test-mode=false, data-mean=[percentiles(0,1,2,5 10,20,50,80,90 95,98,99,100)=(2e-07,1e-05,3e-05,0.0001 0.0003,0.0009,0.03,0.04,0.05 0.06,0.06,0.07,0.08), mean=0.0237, stddev=0.0209], data-stddev=[percentiles(0,1,2,5 10,20,50,80,90 95,98,99,100)=(2e-05,0.0002,0.0004,0.0009 0.002,0.004,0.03,0.05,0.05 0.06,0.06,0.06,0.11), mean=0.027, stddev=0.0197]
component name=tdnn1.dropout type=GeneralDropoutComponent, dim=1024, block-dim=1024, dropout-proportion=0, continuous=true
component name=tdnnf2.linear type=TdnnComponent, input-dim=1024, output-dim=128, learning-rate=0.000632393, l2-regularize=0.008, max-change=0.75, orthonormal-constraint=-1, time-offsets=-1,0, linear-params-rms=0.01793, linear-params-row-norms=[percentiles(0,1,2,5 10,20,50,80,90 95,98,99,100)=(0.81,0.81,0.81,0.81 0.81,0.81,0.81,0.81,0.81 0.81,0.81,0.81,0.81), mean=0.811, stddev=-nan], linear-params-col-norms=[percentiles(0,1,2,5 10,20,50,80,90 95,98,99,100)=(0.11,0.12,0.12,0.13 0.14,0.15,0.19,0.23,0.27 0.30,0.33,0.34,0.40), mean=0.196, stddev=0.0517], has-bias=false, rank-in=20, rank-out=64, num-samples-history=2000, update-period=4, alpha-in=4, alpha-out=4
component name=tdnnf2.affine type=TdnnComponent, input-dim=128, output-dim=1024, learning-rate=0.000632393, l2-regularize=0.008, max-change=0.75, time-offsets=0,1, linear-params-rms=0.01488, linear-params-row-norms=[percentiles(0,1,2,5 10,20,50,80,90 95,98,99,100)=(0.10,0.12,0.13,0.14 0.16,0.17,0.22,0.28,0.32 0.36,0.39,0.42,0.47), mean=0.229, stddev=0.0665], linear-params-col-norms=[percentiles(0,1,2,5 10,20,50,80,90 95,98,99,100)=(0.40,0.41,0.42,0.43 0.43,0.45,0.47,0.50,0.52 0.53,0.56,0.57,0.59), mean=0.475, stddev=0.0339], bias-{mean,stddev}=-0.0357,0.06523, rank-in=20, rank-out=80, num-samples-history=2000, update-period=4, alpha-in=4, alpha-out=4
component name=tdnnf2.relu type=RectifiedLinearComponent, dim=1024, self-repair-scale=1e-05, count=3e+06, self-repaired-proportion=0, value-avg=[percentiles(0,1,2,5 10,20,50,80,90 95,98,99,100)=(0.02,0.04,0.05,0.07 0.08,0.09,0.11,0.12,0.13 0.14,0.15,0.16,0.20), mean=0.105, stddev=0.0229], deriv-avg=[percentiles(0,1,2,5 10,20,50,80,90 95,98,99,100)=(0.12,0.22,0.26,0.31 0.34,0.38,0.45,0.52,0.58 0.61,0.66,0.68,0.84), mean=0.453, stddev=0.0945], oderiv-rms=[percentiles(0,1,2,5 10,20,50,80,90 95,98,99,100)=(0.006,0.007,0.008,0.008 0.009,0.01,0.01,0.01,0.02 0.02,0.02,0.02,0.03), mean=0.0122, stddev=0.00344], oderiv-count=4.69171e+06
component name=tdnnf2.batchnorm type=BatchNormComponent, dim=1024, block-dim=1024, epsilon=0.001, target-rms=1, count=45215.4, test-mode=false, data-mean=[percentiles(0,1,2,5 10,20,50,80,90 95,98,99,100)=(0.02,0.04,0.05,0.06 0.07,0.09,0.10,0.12,0.13 0.14,0.15,0.15,0.20), mean=0.102, stddev=0.0227], data-stddev=[percentiles(0,1,2,5 10,20,50,80,90 95,98,99,100)=(0.05,0.11,0.11,0.12 0.13,0.14,0.17,0.20,0.21 0.22,0.24,0.26,0.33), mean=0.171, stddev=0.0328]
component name=tdnnf2.dropout type=GeneralDropoutComponent, dim=1024, block-dim=1024, dropout-proportion=0, continuous=true
component name=tdnnf2.noop type=NoOpComponent, dim=1024
component name=tdnnf3.linear type=TdnnComponent, input-dim=1024, output-dim=128, learning-rate=0.000632393, l2-regularize=0.008, max-change=0.75, orthonormal-constraint=-1, time-offsets=-1,0, linear-params-rms=0.01402, linear-params-row-norms=[percentiles(0,1,2,5 10,20,50,80,90 95,98,99,100)=(0.63,0.63,0.63,0.63 0.63,0.63,0.63,0.64,0.64 0.64,0.64,0.64,0.64), mean=0.634, stddev=0.00104], linear-params-col-norms=[percentiles(0,1,2,5 10,20,50,80,90 95,98,99,100)=(0.09,0.11,0.11,0.12 0.12,0.13,0.15,0.18,0.19 0.20,0.22,0.22,0.26), mean=0.157, stddev=0.0255], has-bias=false, rank-in=20, rank-out=64, num-samples-history=2000, update-period=4, alpha-in=4, alpha-out=4
component name=tdnnf3.affine type=TdnnComponent, input-dim=128, output-dim=1024, learning-rate=0.000632393, l2-regularize=0.008, max-change=0.75, time-offsets=0,1, linear-params-rms=0.01218, linear-params-row-norms=[percentiles(0,1,2,5 10,20,50,80,90 95,98,99,100)=(0.11,0.12,0.13,0.14 0.15,0.16,0.19,0.22,0.24 0.26,0.28,0.29,0.34), mean=0.191, stddev=0.0373], linear-params-col-norms=[percentiles(0,1,2,5 10,20,50,80,90 95,98,99,100)=(0.31,0.33,0.34,0.35 0.36,0.37,0.39,0.41,0.42 0.43,0.44,0.44,0.46), mean=0.389, stddev=0.0246], bias-{mean,stddev}=-0.01752,0.0402, rank-in=20, rank-out=80, num-samples-history=2000, update-period=4, alpha-in=4, alpha-out=4
component name=tdnnf3.relu type=RectifiedLinearComponent, dim=1024, self-repair-scale=1e-05, count=2.97e+06, self-repaired-proportion=0, value-avg=[percentiles(0,1,2,5 10,20,50,80,90 95,98,99,100)=(0.06,0.08,0.09,0.10 0.10,0.11,0.13,0.15,0.16 0.17,0.18,0.18,0.24), mean=0.13, stddev=0.0217], deriv-avg=[percentiles(0,1,2,5 10,20,50,80,90 95,98,99,100)=(0.25,0.34,0.35,0.37 0.39,0.42,0.47,0.52,0.54 0.56,0.59,0.61,0.66), mean=0.468, stddev=0.0607], oderiv-rms=[percentiles(0,1,2,5 10,20,50,80,90 95,98,99,100)=(0.004,0.005,0.005,0.005 0.006,0.006,0.007,0.008,0.009 0.01,0.01,0.01,0.02), mean=0.00716, stddev=0.00147], oderiv-count=4.51334e+06
component name=tdnnf3.batchnorm type=BatchNormComponent, dim=1024, block-dim=1024, epsilon=0.001, target-rms=1, count=44703.4, test-mode=false, data-mean=[percentiles(0,1,2,5 10,20,50,80,90 95,98,99,100)=(0.07,0.08,0.09,0.09 0.10,0.11,0.13,0.14,0.16 0.16,0.18,0.18,0.24), mean=0.128, stddev=0.022], data-stddev=[percentiles(0,1,2,5 10,20,50,80,90 95,98,99,100)=(0.13,0.14,0.15,0.16 0.17,0.19,0.21,0.24,0.25 0.27,0.29,0.31,0.38), mean=0.212, stddev=0.0328]
component name=tdnnf3.dropout type=GeneralDropoutComponent, dim=1024, block-dim=1024, dropout-proportion=0, continuous=true
component name=tdnnf3.noop type=NoOpComponent, dim=1024
component name=tdnnf4.linear type=TdnnComponent, input-dim=1024, output-dim=128, learning-rate=0.000632393, l2-regularize=0.008, max-change=0.75, orthonormal-constraint=-1, time-offsets=-1,0, linear-params-rms=0.01246, linear-params-row-norms=[percentiles(0,1,2,5 10,20,50,80,90 95,98,99,100)=(0.56,0.56,0.56,0.56 0.56,0.56,0.56,0.56,0.56 0.56,0.56,0.56,0.56), mean=0.564, stddev=-nan], linear-params-col-norms=[percentiles(0,1,2,5 10,20,50,80,90 95,98,99,100)=(0.10,0.10,0.11,0.11 0.12,0.12,0.14,0.15,0.16 0.17,0.18,0.19,0.22), mean=0.14, stddev=0.0182], has-bias=false, rank-in=20, rank-out=64, num-samples-history=2000, update-period=4, alpha-in=4, alpha-out=4
component name=tdnnf4.affine type=TdnnComponent, input-dim=128, output-dim=1024, learning-rate=0.000632393, l2-regularize=0.008, max-change=0.75, time-offsets=0,1, linear-params-rms=0.01132, linear-params-row-norms=[percentiles(0,1,2,5 10,20,50,80,90 95,98,99,100)=(0.10,0.12,0.13,0.14 0.15,0.15,0.18,0.20,0.22 0.23,0.25,0.25,0.32), mean=0.179, stddev=0.0289], linear-params-col-norms=[percentiles(0,1,2,5 10,20,50,80,90 95,98,99,100)=(0.29,0.30,0.32,0.32 0.33,0.34,0.36,0.38,0.39 0.40,0.41,0.41,0.42), mean=0.361, stddev=0.0233], bias-{mean,stddev}=-0.01038,0.03358, rank-in=20, rank-out=80, num-samples-history=2000, update-period=4, alpha-in=4, alpha-out=4
component name=tdnnf4.relu type=RectifiedLinearComponent, dim=1024, self-repair-scale=1e-05, count=1.07e+06, self-repaired-proportion=0, value-avg=[percentiles(0,1,2,5 10,20,50,80,90 95,98,99,100)=(0.07,0.09,0.10,0.10 0.11,0.11,0.13,0.15,0.15 0.16,0.17,0.18,0.20), mean=0.13, stddev=0.0184], deriv-avg=[percentiles(0,1,2,5 10,20,50,80,90 95,98,99,100)=(0.29,0.34,0.35,0.37 0.39,0.42,0.47,0.51,0.53 0.56,0.58,0.59,0.65), mean=0.464, stddev=0.0551], oderiv-rms=[percentiles(0,1,2,5 10,20,50,80,90 95,98,99,100)=(0.007,0.008,0.008,0.009 0.009,0.01,0.01,0.01,0.01 0.01,0.02,0.02,0.02), mean=0.0112, stddev=0.00181], oderiv-count=1.55859e+06
component name=tdnnf4.batchnorm type=BatchNormComponent, dim=1024, block-dim=1024, epsilon=0.001, target-rms=1, count=14901.1, test-mode=false, data-mean=[percentiles(0,1,2,5 10,20,50,80,90 95,98,99,100)=(0.07,0.09,0.09,0.10 0.11,0.11,0.13,0.14,0.15 0.16,0.17,0.18,0.21), mean=0.129, stddev=0.0186], data-stddev=[percentiles(0,1,2,5 10,20,50,80,90 95,98,99,100)=(0.14,0.16,0.16,0.17 0.18,0.19,0.22,0.24,0.25 0.26,0.28,0.30,0.35), mean=0.217, stddev=0.0288]
component name=tdnnf4.dropout type=GeneralDropoutComponent, dim=1024, block-dim=1024, dropout-proportion=0, continuous=true
component name=tdnnf4.noop type=NoOpComponent, dim=1024
component name=tdnnf5.linear type=TdnnComponent, input-dim=1024, output-dim=128, learning-rate=0.000632393, l2-regularize=0.008, max-change=0.75, orthonormal-constraint=-1, time-offsets=0, linear-params-rms=0.01289, linear-params-row-norms=[percentiles(0,1,2,5 10,20,50,80,90 95,98,99,100)=(0.41,0.41,0.41,0.41 0.41,0.41,0.41,0.41,0.41 0.42,0.42,0.42,0.42), mean=0.412, stddev=0.00174], linear-params-col-norms=[percentiles(0,1,2,5 10,20,50,80,90 95,98,99,100)=(0.11,0.11,0.12,0.12 0.13,0.13,0.14,0.16,0.16 0.17,0.17,0.18,0.21), mean=0.145, stddev=0.0141], has-bias=false, rank-in=20, rank-out=64, num-samples-history=2000, update-period=4, alpha-in=4, alpha-out=4
component name=tdnnf5.affine type=TdnnComponent, input-dim=128, output-dim=1024, learning-rate=0.000632393, l2-regularize=0.008, max-change=0.75, time-offsets=0, linear-params-rms=0.01241, linear-params-row-norms=[percentiles(0,1,2,5 10,20,50,80,90 95,98,99,100)=(0.07,0.09,0.09,0.10 0.11,0.11,0.14,0.16,0.17 0.18,0.20,0.21,0.23), mean=0.138, stddev=0.0268], linear-params-col-norms=[percentiles(0,1,2,5 10,20,50,80,90 95,98,99,100)=(0.34,0.34,0.35,0.35 0.36,0.37,0.40,0.42,0.43 0.43,0.44,0.44,0.46), mean=0.396, stddev=0.0247], bias-{mean,stddev}=-0.01077,0.0427, rank-in=20, rank-out=80, num-samples-history=2000, update-period=4, alpha-in=4, alpha-out=4
component name=tdnnf5.relu type=RectifiedLinearComponent, dim=1024, self-repair-scale=1e-05, count=1.1e+06, self-repaired-proportion=0, value-avg=[percentiles(0,1,2,5 10,20,50,80,90 95,98,99,100)=(0.02,0.03,0.04,0.05 0.05,0.06,0.08,0.09,0.10 0.11,0.11,0.12,0.14), mean=0.0784, stddev=0.019], deriv-avg=[percentiles(0,1,2,5 10,20,50,80,90 95,98,99,100)=(0.13,0.21,0.23,0.27 0.31,0.35,0.43,0.53,0.57 0.60,0.64,0.66,0.79), mean=0.438, stddev=0.102], oderiv-rms=[percentiles(0,1,2,5 10,20,50,80,90 95,98,99,100)=(0.01,0.01,0.01,0.01 0.01,0.02,0.02,0.02,0.02 0.02,0.03,0.03,0.04), mean=0.0183, stddev=0.00336], oderiv-count=1.49299e+06
component name=tdnnf5.batchnorm type=BatchNormComponent, dim=1024, block-dim=1024, epsilon=0.001, target-rms=1, count=14901.1, test-mode=false, data-mean=[percentiles(0,1,2,5 10,20,50,80,90 95,98,99,100)=(0.01,0.03,0.04,0.05 0.05,0.06,0.08,0.09,0.10 0.11,0.11,0.12,0.14), mean=0.0768, stddev=0.0186], data-stddev=[percentiles(0,1,2,5 10,20,50,80,90 95,98,99,100)=(0.04,0.08,0.09,0.10 0.11,0.11,0.13,0.15,0.16 0.17,0.18,0.18,0.22), mean=0.131, stddev=0.0209]
component name=tdnnf5.dropout type=GeneralDropoutComponent, dim=1024, block-dim=1024, dropout-proportion=0, continuous=true
component name=tdnnf5.noop type=NoOpComponent, dim=1024
component name=tdnnf6.linear type=TdnnComponent, input-dim=1024, output-dim=128, learning-rate=0.000632393, l2-regularize=0.008, max-change=0.75, orthonormal-constraint=-1, time-offsets=-3,0, linear-params-rms=0.01173, linear-params-row-norms=[percentiles(0,1,2,5 10,20,50,80,90 95,98,99,100)=(0.53,0.53,0.53,0.53 0.53,0.53,0.53,0.53,0.53 0.53,0.53,0.53,0.53), mean=0.531, stddev=0.000173], linear-params-col-norms=[percentiles(0,1,2,5 10,20,50,80,90 95,98,99,100)=(0.09,0.10,0.10,0.11 0.11,0.12,0.13,0.14,0.15 0.16,0.16,0.17,0.19), mean=0.132, stddev=0.015], has-bias=false, rank-in=20, rank-out=64, num-samples-history=2000, update-period=4, alpha-in=4, alpha-out=4
component name=tdnnf6.affine type=TdnnComponent, input-dim=128, output-dim=1024, learning-rate=0.000632393, l2-regularize=0.008, max-change=0.75, time-offsets=0,3, linear-params-rms=0.01102, linear-params-row-norms=[percentiles(0,1,2,5 10,20,50,80,90 95,98,99,100)=(0.11,0.12,0.13,0.13 0.14,0.15,0.17,0.20,0.21 0.22,0.24,0.24,0.29), mean=0.174, stddev=0.0259], linear-params-col-norms=[percentiles(0,1,2,5 10,20,50,80,90 95,98,99,100)=(0.28,0.29,0.30,0.31 0.32,0.33,0.35,0.37,0.39 0.39,0.41,0.42,0.43), mean=0.352, stddev=0.027], bias-{mean,stddev}=-0.02211,0.03273, rank-in=20, rank-out=80, num-samples-history=2000, update-period=4, alpha-in=4, alpha-out=4
component name=tdnnf6.relu type=RectifiedLinearComponent, dim=1024, self-repair-scale=1e-05, count=9.39e+05, self-repaired-proportion=0, value-avg=[percentiles(0,1,2,5 10,20,50,80,90 95,98,99,100)=(0.06,0.08,0.09,0.09 0.10,0.11,0.12,0.13,0.14 0.15,0.15,0.16,0.21), mean=0.12, stddev=0.0172], deriv-avg=[percentiles(0,1,2,5 10,20,50,80,90 95,98,99,100)=(0.27,0.32,0.34,0.36 0.38,0.40,0.45,0.50,0.52 0.54,0.57,0.59,0.63), mean=0.45, stddev=0.0579], oderiv-rms=[percentiles(0,1,2,5 10,20,50,80,90 95,98,99,100)=(0.007,0.008,0.008,0.009 0.009,0.01,0.01,0.01,0.01 0.01,0.01,0.02,0.02), mean=0.0112, stddev=0.00159], oderiv-count=1.46483e+06
component name=tdnnf6.batchnorm type=BatchNormComponent, dim=1024, block-dim=1024, epsilon=0.001, target-rms=1, count=14389.1, test-mode=false, data-mean=[percentiles(0,1,2,5 10,20,50,80,90 95,98,99,100)=(0.06,0.08,0.08,0.09 0.10,0.10,0.12,0.13,0.14 0.15,0.15,0.16,0.21), mean=0.118, stddev=0.0173], data-stddev=[percentiles(0,1,2,5 10,20,50,80,90 95,98,99,100)=(0.13,0.16,0.16,0.17 0.18,0.19,0.20,0.22,0.23 0.24,0.25,0.26,0.29), mean=0.205, stddev=0.0215]
component name=tdnnf6.dropout type=GeneralDropoutComponent, dim=1024, block-dim=1024, dropout-proportion=0, continuous=true
component name=tdnnf6.noop type=NoOpComponent, dim=1024
component name=tdnnf7.linear type=TdnnComponent, input-dim=1024, output-dim=128, learning-rate=0.000632393, l2-regularize=0.008, max-change=0.75, orthonormal-constraint=-1, time-offsets=-3,0, linear-params-rms=0.01137, linear-params-row-norms=[percentiles(0,1,2,5 10,20,50,80,90 95,98,99,100)=(0.51,0.51,0.51,0.51 0.51,0.51,0.51,0.51,0.51 0.51,0.51,0.51,0.51), mean=0.515, stddev=-nan], linear-params-col-norms=[percentiles(0,1,2,5 10,20,50,80,90 95,98,99,100)=(0.09,0.10,0.10,0.11 0.11,0.12,0.13,0.14,0.15 0.15,0.16,0.17,0.22), mean=0.128, stddev=0.0145], has-bias=false, rank-in=20, rank-out=64, num-samples-history=2000, update-period=4, alpha-in=4, alpha-out=4
component name=tdnnf7.affine type=TdnnComponent, input-dim=128, output-dim=1024, learning-rate=0.000632393, l2-regularize=0.008, max-change=0.75, time-offsets=0,3, linear-params-rms=0.01084, linear-params-row-norms=[percentiles(0,1,2,5 10,20,50,80,90 95,98,99,100)=(0.10,0.12,0.12,0.13 0.14,0.15,0.17,0.19,0.20 0.21,0.22,0.23,0.27), mean=0.172, stddev=0.0239], linear-params-col-norms=[percentiles(0,1,2,5 10,20,50,80,90 95,98,99,100)=(0.28,0.29,0.30,0.31 0.32,0.32,0.35,0.36,0.38 0.38,0.40,0.40,0.42), mean=0.346, stddev=0.0236], bias-{mean,stddev}=-0.02176,0.03449, rank-in=20, rank-out=80, num-samples-history=2000, update-period=4, alpha-in=4, alpha-out=4
component name=tdnnf7.relu type=RectifiedLinearComponent, dim=1024, self-repair-scale=1e-05, count=1.01e+06, self-repaired-proportion=0, value-avg=[percentiles(0,1,2,5 10,20,50,80,90 95,98,99,100)=(0.06,0.07,0.08,0.09 0.09,0.10,0.12,0.13,0.14 0.15,0.16,0.16,0.20), mean=0.118, stddev=0.0188], deriv-avg=[percentiles(0,1,2,5 10,20,50,80,90 95,98,99,100)=(0.27,0.31,0.33,0.35 0.38,0.40,0.45,0.50,0.53 0.56,0.57,0.59,0.64), mean=0.451, stddev=0.0618], oderiv-rms=[percentiles(0,1,2,5 10,20,50,80,90 95,98,99,100)=(0.007,0.008,0.008,0.009 0.009,0.01,0.01,0.01,0.01 0.01,0.02,0.02,0.02), mean=0.0112, stddev=0.00164], oderiv-count=1.39603e+06
component name=tdnnf7.batchnorm type=BatchNormComponent, dim=1024, block-dim=1024, epsilon=0.001, target-rms=1, count=13877.1, test-mode=false, data-mean=[percentiles(0,1,2,5 10,20,50,80,90 95,98,99,100)=(0.05,0.07,0.08,0.09 0.09,0.10,0.12,0.13,0.14 0.15,0.16,0.16,0.19), mean=0.116, stddev=0.0187], data-stddev=[percentiles(0,1,2,5 10,20,50,80,90 95,98,99,100)=(0.13,0.15,0.16,0.17 0.18,0.18,0.20,0.22,0.22 0.23,0.24,0.25,0.29), mean=0.2, stddev=0.0206]
component name=tdnnf7.dropout type=GeneralDropoutComponent, dim=1024, block-dim=1024, dropout-proportion=0, continuous=true
component name=tdnnf7.noop type=NoOpComponent, dim=1024
component name=tdnnf8.linear type=TdnnComponent, input-dim=1024, output-dim=128, learning-rate=0.000632393, l2-regularize=0.008, max-change=0.75, orthonormal-constraint=-1, time-offsets=-3,0, linear-params-rms=0.01132, linear-params-row-norms=[percentiles(0,1,2,5 10,20,50,80,90 95,98,99,100)=(0.51,0.51,0.51,0.51 0.51,0.51,0.51,0.51,0.51 0.51,0.51,0.51,0.51), mean=0.512, stddev=0], linear-params-col-norms=[percentiles(0,1,2,5 10,20,50,80,90 95,98,99,100)=(0.09,0.10,0.10,0.11 0.11,0.12,0.13,0.14,0.15 0.15,0.16,0.17,0.21), mean=0.127, stddev=0.0147], has-bias=false, rank-in=20, rank-out=64, num-samples-history=2000, update-period=4, alpha-in=4, alpha-out=4
component name=tdnnf8.affine type=TdnnComponent, input-dim=128, output-dim=1024, learning-rate=0.000632393, l2-regularize=0.008, max-change=0.75, time-offsets=0,3, linear-params-rms=0.01073, linear-params-row-norms=[percentiles(0,1,2,5 10,20,50,80,90 95,98,99,100)=(0.09,0.12,0.12,0.13 0.14,0.15,0.17,0.19,0.20 0.21,0.22,0.23,0.25), mean=0.17, stddev=0.024], linear-params-col-norms=[percentiles(0,1,2,5 10,20,50,80,90 95,98,99,100)=(0.29,0.30,0.30,0.31 0.31,0.32,0.34,0.36,0.37 0.38,0.39,0.41,0.41), mean=0.343, stddev=0.0226], bias-{mean,stddev}=-0.02421,0.03728, rank-in=20, rank-out=80, num-samples-history=2000, update-period=4, alpha-in=4, alpha-out=4
component name=tdnnf8.relu type=RectifiedLinearComponent, dim=1024, self-repair-scale=1e-05, count=9.5e+05, self-repaired-proportion=0, value-avg=[percentiles(0,1,2,5 10,20,50,80,90 95,98,99,100)=(0.06,0.07,0.07,0.08 0.09,0.10,0.11,0.13,0.14 0.14,0.15,0.16,0.17), mean=0.112, stddev=0.0192], deriv-avg=[percentiles(0,1,2,5 10,20,50,80,90 95,98,99,100)=(0.25,0.29,0.32,0.34 0.37,0.39,0.45,0.50,0.53 0.55,0.57,0.59,0.63), mean=0.446, stddev=0.0643], oderiv-rms=[percentiles(0,1,2,5 10,20,50,80,90 95,98,99,100)=(0.007,0.008,0.009,0.009 0.01,0.01,0.01,0.01,0.01 0.01,0.02,0.02,0.02), mean=0.0115, stddev=0.00173], oderiv-count=1.37139e+06
component name=tdnnf8.batchnorm type=BatchNormComponent, dim=1024, block-dim=1024, epsilon=0.001, target-rms=1, count=13365.1, test-mode=false, data-mean=[percentiles(0,1,2,5 10,20,50,80,90 95,98,99,100)=(0.05,0.06,0.07,0.08 0.09,0.10,0.11,0.13,0.13 0.14,0.15,0.15,0.17), mean=0.11, stddev=0.0187], data-stddev=[percentiles(0,1,2,5 10,20,50,80,90 95,98,99,100)=(0.11,0.14,0.15,0.16 0.17,0.17,0.19,0.21,0.22 0.22,0.23,0.24,0.31), mean=0.19, stddev=0.0202]
component name=tdnnf8.dropout type=GeneralDropoutComponent, dim=1024, block-dim=1024, dropout-proportion=0, continuous=true
component name=tdnnf8.noop type=NoOpComponent, dim=1024
component name=tdnnf9.linear type=TdnnComponent, input-dim=1024, output-dim=128, learning-rate=0.000632393, l2-regularize=0.008, max-change=0.75, orthonormal-constraint=-1, time-offsets=-3,0, linear-params-rms=0.01139, linear-params-row-norms=[percentiles(0,1,2,5 10,20,50,80,90 95,98,99,100)=(0.52,0.52,0.52,0.52 0.52,0.52,0.52,0.52,0.52 0.52,0.52,0.52,0.52), mean=0.515, stddev=0], linear-params-col-norms=[percentiles(0,1,2,5 10,20,50,80,90 95,98,99,100)=(0.09,0.10,0.10,0.11 0.11,0.12,0.13,0.14,0.15 0.15,0.16,0.17,0.18), mean=0.128, stddev=0.0149], has-bias=false, rank-in=20, rank-out=64, num-samples-history=2000, update-period=4, alpha-in=4, alpha-out=4
component name=tdnnf9.affine type=TdnnComponent, input-dim=128, output-dim=1024, learning-rate=0.000632393, l2-regularize=0.008, max-change=0.75, time-offsets=0,3, linear-params-rms=0.01067, linear-params-row-norms=[percentiles(0,1,2,5 10,20,50,80,90 95,98,99,100)=(0.10,0.12,0.12,0.13 0.14,0.15,0.17,0.19,0.20 0.21,0.23,0.23,0.29), mean=0.169, stddev=0.025], linear-params-col-norms=[percentiles(0,1,2,5 10,20,50,80,90 95,98,99,100)=(0.28,0.28,0.29,0.30 0.31,0.32,0.34,0.36,0.37 0.38,0.39,0.40,0.42), mean=0.341, stddev=0.0251], bias-{mean,stddev}=-0.02365,0.03926, rank-in=20, rank-out=80, num-samples-history=2000, update-period=4, alpha-in=4, alpha-out=4
component name=tdnnf9.relu type=RectifiedLinearComponent, dim=1024, self-repair-scale=1e-05, count=8.97e+05, self-repaired-proportion=0, value-avg=[percentiles(0,1,2,5 10,20,50,80,90 95,98,99,100)=(0.04,0.06,0.07,0.08 0.09,0.09,0.11,0.13,0.14 0.14,0.15,0.16,0.18), mean=0.111, stddev=0.0204], deriv-avg=[percentiles(0,1,2,5 10,20,50,80,90 95,98,99,100)=(0.20,0.26,0.30,0.33 0.35,0.39,0.45,0.50,0.53 0.55,0.57,0.59,0.69), mean=0.444, stddev=0.0685], oderiv-rms=[percentiles(0,1,2,5 10,20,50,80,90 95,98,99,100)=(0.007,0.008,0.008,0.009 0.009,0.01,0.01,0.01,0.01 0.01,0.02,0.02,0.02), mean=0.0115, stddev=0.00186], oderiv-count=1.33107e+06
component name=tdnnf9.batchnorm type=BatchNormComponent, dim=1024, block-dim=1024, epsilon=0.001, target-rms=1, count=12853.1, test-mode=false, data-mean=[percentiles(0,1,2,5 10,20,50,80,90 95,98,99,100)=(0.04,0.06,0.06,0.08 0.08,0.09,0.11,0.12,0.13 0.14,0.15,0.15,0.17), mean=0.109, stddev=0.02], data-stddev=[percentiles(0,1,2,5 10,20,50,80,90 95,98,99,100)=(0.12,0.14,0.15,0.15 0.16,0.17,0.19,0.20,0.21 0.22,0.23,0.24,0.35), mean=0.188, stddev=0.0213]
component name=tdnnf9.dropout type=GeneralDropoutComponent, dim=1024, block-dim=1024, dropout-proportion=0, continuous=true
component name=tdnnf9.noop type=NoOpComponent, dim=1024
component name=tdnnf10.linear type=TdnnComponent, input-dim=1024, output-dim=128, learning-rate=0.000632393, l2-regularize=0.008, max-change=0.75, orthonormal-constraint=-1, time-offsets=-3,0, linear-params-rms=0.01149, linear-params-row-norms=[percentiles(0,1,2,5 10,20,50,80,90 95,98,99,100)=(0.52,0.52,0.52,0.52 0.52,0.52,0.52,0.52,0.52 0.52,0.52,0.52,0.52), mean=0.52, stddev=0.000992], linear-params-col-norms=[percentiles(0,1,2,5 10,20,50,80,90 95,98,99,100)=(0.09,0.10,0.10,0.11 0.11,0.12,0.13,0.14,0.15 0.16,0.17,0.18,0.21), mean=0.129, stddev=0.0162], has-bias=false, rank-in=20, rank-out=64, num-samples-history=2000, update-period=4, alpha-in=4, alpha-out=4
component name=tdnnf10.affine type=TdnnComponent, input-dim=128, output-dim=1024, learning-rate=0.000632393, l2-regularize=0.008, max-change=0.75, time-offsets=0,3, linear-params-rms=0.01069, linear-params-row-norms=[percentiles(0,1,2,5 10,20,50,80,90 95,98,99,100)=(0.11,0.12,0.13,0.13 0.14,0.15,0.17,0.19,0.20 0.21,0.22,0.23,0.27), mean=0.169, stddev=0.0242], linear-params-col-norms=[percentiles(0,1,2,5 10,20,50,80,90 95,98,99,100)=(0.28,0.29,0.30,0.30 0.31,0.32,0.34,0.36,0.37 0.38,0.39,0.39,0.43), mean=0.341, stddev=0.0245], bias-{mean,stddev}=-0.01877,0.03903, rank-in=20, rank-out=80, num-samples-history=2000, update-period=4, alpha-in=4, alpha-out=4
component name=tdnnf10.relu type=RectifiedLinearComponent, dim=1024, self-repair-scale=1e-05, count=8.8e+05, self-repaired-proportion=0, value-avg=[percentiles(0,1,2,5 10,20,50,80,90 95,98,99,100)=(0.04,0.06,0.07,0.08 0.09,0.10,0.11,0.13,0.14 0.14,0.15,0.15,0.19), mean=0.112, stddev=0.0205], deriv-avg=[percentiles(0,1,2,5 10,20,50,80,90 95,98,99,100)=(0.19,0.28,0.30,0.33 0.35,0.38,0.45,0.51,0.54 0.55,0.57,0.58,0.63), mean=0.445, stddev=0.0703], oderiv-rms=[percentiles(0,1,2,5 10,20,50,80,90 95,98,99,100)=(0.008,0.008,0.008,0.009 0.009,0.01,0.01,0.01,0.01 0.01,0.02,0.02,0.02), mean=0.0114, stddev=0.00179], oderiv-count=1.25587e+06
component name=tdnnf10.batchnorm type=BatchNormComponent, dim=1024, block-dim=1024, epsilon=0.001, target-rms=1, count=12341.1, test-mode=false, data-mean=[percentiles(0,1,2,5 10,20,50,80,90 95,98,99,100)=(0.04,0.06,0.07,0.08 0.09,0.09,0.11,0.13,0.14 0.14,0.15,0.15,0.19), mean=0.111, stddev=0.0201], data-stddev=[percentiles(0,1,2,5 10,20,50,80,90 95,98,99,100)=(0.13,0.14,0.15,0.16 0.16,0.17,0.19,0.21,0.22 0.22,0.23,0.24,0.34), mean=0.189, stddev=0.0213]
component name=tdnnf10.dropout type=GeneralDropoutComponent, dim=1024, block-dim=1024, dropout-proportion=0, continuous=true
component name=tdnnf10.noop type=NoOpComponent, dim=1024
component name=tdnnf11.linear type=TdnnComponent, input-dim=1024, output-dim=128, learning-rate=0.000632393, l2-regularize=0.008, max-change=0.75, orthonormal-constraint=-1, time-offsets=-3,0, linear-params-rms=0.01182, linear-params-row-norms=[percentiles(0,1,2,5 10,20,50,80,90 95,98,99,100)=(0.53,0.53,0.53,0.53 0.53,0.53,0.53,0.54,0.54 0.54,0.54,0.54,0.54), mean=0.535, stddev=0.0012], linear-params-col-norms=[percentiles(0,1,2,5 10,20,50,80,90 95,98,99,100)=(0.09,0.10,0.10,0.11 0.11,0.12,0.13,0.15,0.15 0.16,0.18,0.18,0.23), mean=0.133, stddev=0.0172], has-bias=false, rank-in=20, rank-out=64, num-samples-history=2000, update-period=4, alpha-in=4, alpha-out=4
component name=tdnnf11.affine type=TdnnComponent, input-dim=128, output-dim=1024, learning-rate=0.000632393, l2-regularize=0.008, max-change=0.75, time-offsets=0,3, linear-params-rms=0.0109, linear-params-row-norms=[percentiles(0,1,2,5 10,20,50,80,90 95,98,99,100)=(0.09,0.12,0.13,0.14 0.14,0.15,0.17,0.19,0.20 0.21,0.22,0.23,0.33), mean=0.173, stddev=0.0237], linear-params-col-norms=[percentiles(0,1,2,5 10,20,50,80,90 95,98,99,100)=(0.29,0.29,0.30,0.31 0.32,0.33,0.35,0.37,0.38 0.39,0.40,0.41,0.43), mean=0.348, stddev=0.0252], bias-{mean,stddev}=-0.01804,0.03796, rank-in=20, rank-out=80, num-samples-history=2000, update-period=4, alpha-in=4, alpha-out=4
component name=tdnnf11.relu type=RectifiedLinearComponent, dim=1024, self-repair-scale=1e-05, count=7.77e+05, self-repaired-proportion=0, value-avg=[percentiles(0,1,2,5 10,20,50,80,90 95,98,99,100)=(0.04,0.07,0.07,0.08 0.09,0.10,0.12,0.13,0.14 0.15,0.16,0.16,0.18), mean=0.116, stddev=0.0209], deriv-avg=[percentiles(0,1,2,5 10,20,50,80,90 95,98,99,100)=(0.21,0.28,0.29,0.32 0.35,0.38,0.44,0.50,0.53 0.55,0.58,0.59,0.63), mean=0.439, stddev=0.0691], oderiv-rms=[percentiles(0,1,2,5 10,20,50,80,90 95,98,99,100)=(0.008,0.008,0.008,0.009 0.009,0.01,0.01,0.01,0.01 0.01,0.01,0.02,0.02), mean=0.0109, stddev=0.00159], oderiv-count=1.19046e+06
component name=tdnnf11.batchnorm type=BatchNormComponent, dim=1024, block-dim=1024, epsilon=0.001, target-rms=1, count=11829.1, test-mode=false, data-mean=[percentiles(0,1,2,5 10,20,50,80,90 95,98,99,100)=(0.04,0.07,0.07,0.08 0.09,0.10,0.12,0.13,0.14 0.15,0.15,0.16,0.18), mean=0.114, stddev=0.0209], data-stddev=[percentiles(0,1,2,5 10,20,50,80,90 95,98,99,100)=(0.13,0.15,0.15,0.16 0.17,0.18,0.19,0.21,0.22 0.23,0.24,0.25,0.37), mean=0.196, stddev=0.0219]
component name=tdnnf11.dropout type=GeneralDropoutComponent, dim=1024, block-dim=1024, dropout-proportion=0, continuous=true
component name=tdnnf11.noop type=NoOpComponent, dim=1024
component name=tdnnf12.linear type=TdnnComponent, input-dim=1024, output-dim=128, learning-rate=0.000632393, l2-regularize=0.008, max-change=0.75, orthonormal-constraint=-1, time-offsets=-3,0, linear-params-rms=0.0121, linear-params-row-norms=[percentiles(0,1,2,5 10,20,50,80,90 95,98,99,100)=(0.55,0.55,0.55,0.55 0.55,0.55,0.55,0.55,0.55 0.55,0.55,0.55,0.55), mean=0.548, stddev=-nan], linear-params-col-norms=[percentiles(0,1,2,5 10,20,50,80,90 95,98,99,100)=(0.09,0.10,0.11,0.11 0.11,0.12,0.13,0.15,0.16 0.17,0.18,0.19,0.29), mean=0.136, stddev=0.0191], has-bias=false, rank-in=20, rank-out=64, num-samples-history=2000, update-period=4, alpha-in=4, alpha-out=4
component name=tdnnf12.affine type=TdnnComponent, input-dim=128, output-dim=1024, learning-rate=0.000632393, l2-regularize=0.008, max-change=0.75, time-offsets=0,3, linear-params-rms=0.01134, linear-params-row-norms=[percentiles(0,1,2,5 10,20,50,80,90 95,98,99,100)=(0.09,0.13,0.13,0.14 0.15,0.16,0.18,0.20,0.21 0.22,0.23,0.24,0.32), mean=0.18, stddev=0.0232], linear-params-col-norms=[percentiles(0,1,2,5 10,20,50,80,90 95,98,99,100)=(0.29,0.29,0.30,0.31 0.33,0.34,0.36,0.38,0.39 0.40,0.42,0.42,0.44), mean=0.362, stddev=0.0272], bias-{mean,stddev}=-0.01491,0.03429, rank-in=20, rank-out=80, num-samples-history=2000, update-period=4, alpha-in=4, alpha-out=4
component name=tdnnf12.relu type=RectifiedLinearComponent, dim=1024, self-repair-scale=1e-05, count=7.34e+05, self-repaired-proportion=0, value-avg=[percentiles(0,1,2,5 10,20,50,80,90 95,98,99,100)=(0.05,0.07,0.08,0.09 0.10,0.11,0.13,0.14,0.15 0.16,0.17,0.17,0.20), mean=0.126, stddev=0.0209], deriv-avg=[percentiles(0,1,2,5 10,20,50,80,90 95,98,99,100)=(0.21,0.28,0.31,0.34 0.36,0.39,0.45,0.50,0.52 0.54,0.56,0.57,0.62), mean=0.443, stddev=0.0629], oderiv-rms=[percentiles(0,1,2,5 10,20,50,80,90 95,98,99,100)=(0.008,0.008,0.008,0.009 0.009,0.009,0.01,0.01,0.01 0.01,0.01,0.02,0.02), mean=0.0105, stddev=0.0014], oderiv-count=1.15411e+06
component name=tdnnf12.batchnorm type=BatchNormComponent, dim=1024, block-dim=1024, epsilon=0.001, target-rms=1, count=11317.1, test-mode=false, data-mean=[percentiles(0,1,2,5 10,20,50,80,90 95,98,99,100)=(0.04,0.07,0.08,0.09 0.10,0.11,0.13,0.14,0.15 0.16,0.17,0.17,0.20), mean=0.125, stddev=0.0211], data-stddev=[percentiles(0,1,2,5 10,20,50,80,90 95,98,99,100)=(0.15,0.16,0.17,0.18 0.19,0.19,0.21,0.23,0.24 0.24,0.26,0.26,0.32), mean=0.211, stddev=0.0209]
component name=tdnnf12.dropout type=GeneralDropoutComponent, dim=1024, block-dim=1024, dropout-proportion=0, continuous=true
component name=tdnnf12.noop type=NoOpComponent, dim=1024
component name=tdnnf13.linear type=TdnnComponent, input-dim=1024, output-dim=128, learning-rate=0.000632393, l2-regularize=0.008, max-change=0.75, orthonormal-constraint=-1, time-offsets=-3,0, linear-params-rms=0.01202, linear-params-row-norms=[percentiles(0,1,2,5 10,20,50,80,90 95,98,99,100)=(0.54,0.54,0.54,0.54 0.54,0.54,0.54,0.54,0.54 0.54,0.54,0.54,0.54), mean=0.544, stddev=0], linear-params-col-norms=[percentiles(0,1,2,5 10,20,50,80,90 95,98,99,100)=(0.09,0.10,0.10,0.11 0.11,0.12,0.13,0.15,0.16 0.17,0.18,0.20,0.30), mean=0.134, stddev=0.02], has-bias=false, rank-in=20, rank-out=64, num-samples-history=2000, update-period=4, alpha-in=4, alpha-out=4
component name=tdnnf13.affine type=TdnnComponent, input-dim=128, output-dim=1024, learning-rate=0.000632393, l2-regularize=0.008, max-change=0.75, time-offsets=0,3, linear-params-rms=0.01196, linear-params-row-norms=[percentiles(0,1,2,5 10,20,50,80,90 95,98,99,100)=(0.10,0.13,0.14,0.15 0.16,0.17,0.19,0.21,0.22 0.23,0.25,0.25,0.28), mean=0.189, stddev=0.0265], linear-params-col-norms=[percentiles(0,1,2,5 10,20,50,80,90 95,98,99,100)=(0.32,0.32,0.33,0.35 0.35,0.36,0.38,0.40,0.41 0.42,0.43,0.45,0.47), mean=0.382, stddev=0.0245], bias-{mean,stddev}=-0.01814,0.03269, rank-in=20, rank-out=80, num-samples-history=2000, update-period=4, alpha-in=4, alpha-out=4
component name=tdnnf13.relu type=RectifiedLinearComponent, dim=1024, self-repair-scale=1e-05, count=7.45e+05, self-repaired-proportion=0, value-avg=[percentiles(0,1,2,5 10,20,50,80,90 95,98,99,100)=(0.06,0.09,0.09,0.11 0.11,0.12,0.14,0.16,0.17 0.18,0.19,0.19,0.22), mean=0.141, stddev=0.0219], deriv-avg=[percentiles(0,1,2,5 10,20,50,80,90 95,98,99,100)=(0.23,0.31,0.33,0.36 0.38,0.40,0.44,0.49,0.51 0.53,0.55,0.56,0.60), mean=0.443, stddev=0.0535], oderiv-rms=[percentiles(0,1,2,5 10,20,50,80,90 95,98,99,100)=(0.008,0.008,0.009,0.009 0.009,0.01,0.01,0.01,0.01 0.01,0.01,0.02,0.02), mean=0.0109, stddev=0.00141], oderiv-count=1.08979e+06
component name=tdnnf13.batchnorm type=BatchNormComponent, dim=1024, block-dim=1024, epsilon=0.001, target-rms=1, count=10805.1, test-mode=false, data-mean=[percentiles(0,1,2,5 10,20,50,80,90 95,98,99,100)=(0.05,0.09,0.09,0.10 0.11,0.12,0.14,0.16,0.17 0.17,0.18,0.19,0.21), mean=0.138, stddev=0.022], data-stddev=[percentiles(0,1,2,5 10,20,50,80,90 95,98,99,100)=(0.16,0.18,0.19,0.20 0.20,0.21,0.23,0.25,0.26 0.27,0.28,0.29,0.34), mean=0.23, stddev=0.0222]
component name=tdnnf13.dropout type=GeneralDropoutComponent, dim=1024, block-dim=1024, dropout-proportion=0, continuous=true
component name=tdnnf13.noop type=NoOpComponent, dim=1024
component name=prefinal-l type=LinearComponent, input-dim=1024, output-dim=256, learning-rate=0.000632393, l2-regularize=0.008, max-change=0.75, params-rms=0.01722, params-row-norms=[percentiles(0,1,2,5 10,20,50,80,90 95,98,99,100)=(0.55,0.55,0.55,0.55 0.55,0.55,0.55,0.55,0.55 0.55,0.55,0.55,0.55), mean=0.551, stddev=0.000772], params-col-norms=[percentiles(0,1,2,5 10,20,50,80,90 95,98,99,100)=(0.22,0.24,0.24,0.25 0.25,0.26,0.27,0.29,0.30 0.31,0.32,0.32,0.37), mean=0.275, stddev=0.0192], orthonormal-constraint=-1, use-natural-gradient=true, rank-in=20, rank-out=80, num-samples-history=2000, update-period=4, alpha=4
component name=prefinal-chain.affine type=NaturalGradientAffineComponent, input-dim=256, output-dim=1024, learning-rate=0.000632393, l2-regularize=0.008, max-change=0.75, linear-params-rms=0.01185, linear-params-row-norms=[percentiles(0,1,2,5 10,20,50,80,90 95,98,99,100)=(0.08,0.12,0.13,0.14 0.15,0.16,0.19,0.21,0.22 0.24,0.26,0.27,0.34), mean=0.187, stddev=0.0308], linear-params-col-norms=[percentiles(0,1,2,5 10,20,50,80,90 95,98,99,100)=(0.32,0.33,0.34,0.35 0.35,0.36,0.38,0.39,0.41 0.41,0.42,0.43,0.44), mean=0.379, stddev=0.021], bias-{mean,stddev}=-0.02153,0.0409, rank-in=20, rank-out=80, num-samples-history=2000, update-period=4, alpha=4
component name=prefinal-chain.relu type=RectifiedLinearComponent, dim=1024, self-repair-scale=1e-05, count=7.54e+05, self-repaired-proportion=0, value-avg=[percentiles(0,1,2,5 10,20,50,80,90 95,98,99,100)=(0.03,0.06,0.07,0.08 0.09,0.10,0.12,0.13,0.14 0.15,0.15,0.16,0.18), mean=0.115, stddev=0.0209], deriv-avg=[percentiles(0,1,2,5 10,20,50,80,90 95,98,99,100)=(0.21,0.26,0.29,0.31 0.34,0.38,0.44,0.50,0.52 0.54,0.57,0.58,0.63), mean=0.435, stddev=0.0709], oderiv-rms=[percentiles(0,1,2,5 10,20,50,80,90 95,98,99,100)=(0.008,0.01,0.01,0.01 0.01,0.01,0.01,0.02,0.02 0.02,0.02,0.02,0.03), mean=0.0138, stddev=0.00205], oderiv-count=1.10842e+06
component name=prefinal-chain.batchnorm1 type=BatchNormComponent, dim=1024, block-dim=1024, epsilon=0.001, target-rms=1, count=10805.1, test-mode=false, data-mean=[percentiles(0,1,2,5 10,20,50,80,90 95,98,99,100)=(0.03,0.05,0.06,0.08 0.09,0.10,0.11,0.13,0.14 0.14,0.15,0.15,0.17), mean=0.112, stddev=0.0206], data-stddev=[percentiles(0,1,2,5 10,20,50,80,90 95,98,99,100)=(0.11,0.13,0.15,0.17 0.17,0.18,0.20,0.21,0.22 0.22,0.23,0.23,0.26), mean=0.195, stddev=0.0185]
component name=prefinal-chain.linear type=LinearComponent, input-dim=1024, output-dim=256, learning-rate=0.000632393, l2-regularize=0.008, max-change=0.75, params-rms=0.01612, params-row-norms=[percentiles(0,1,2,5 10,20,50,80,90 95,98,99,100)=(0.51,0.51,0.51,0.51 0.51,0.51,0.52,0.52,0.52 0.52,0.52,0.52,0.52), mean=0.516, stddev=0.00129], params-col-norms=[percentiles(0,1,2,5 10,20,50,80,90 95,98,99,100)=(0.18,0.20,0.20,0.21 0.22,0.23,0.26,0.28,0.29 0.30,0.31,0.32,0.38), mean=0.257, stddev=0.0267], orthonormal-constraint=-1, use-natural-gradient=true, rank-in=20, rank-out=80, num-samples-history=2000, update-period=4, alpha=4
component name=prefinal-chain.batchnorm2 type=BatchNormComponent, dim=256, block-dim=256, epsilon=0.001, target-rms=1, count=10805.1, test-mode=false, data-mean=[percentiles(0,1,2,5 10,20,50,80,90 95,98,99,100)=(-9e-08,-7e-08,-6e-08,-4e-08 -3e-08,-2e-08,-2e-09,2e-08,3e-08 4e-08,5e-08,6e-08,7e-08), mean=-2.61e-09, stddev=2.61e-08], data-stddev=[percentiles(0,1,2,5 10,20,50,80,90 95,98,99,100)=(0.71,0.71,0.72,0.73 0.74,0.76,0.79,0.83,0.84 0.85,0.86,0.87,0.92), mean=0.794, stddev=0.0381]
component name=output.affine type=NaturalGradientAffineComponent, input-dim=256, output-dim=2824, learning-rate=0.000632393, l2-regularize=0.002, max-change=1.5, linear-params-rms=0.02084, linear-params-row-norms=[percentiles(0,1,2,5 10,20,50,80,90 95,98,99,100)=(0.001,0.02,0.05,0.15 0.22,0.27,0.33,0.39,0.42 0.45,0.49,0.51,1.1), mean=0.321, stddev=0.0905], linear-params-col-norms=[percentiles(0,1,2,5 10,20,50,80,90 95,98,99,100)=(0.89,0.94,0.97,0.99 1.0,1.1,1.1,1.2,1.2 1.2,1.2,1.3,1.3), mean=1.11, stddev=0.07], bias-{mean,stddev}=0.0002345,0.06302, rank-in=20, rank-out=80, num-samples-history=2000, update-period=4, alpha=4
component name=prefinal-xent.affine type=NaturalGradientAffineComponent, input-dim=256, output-dim=1024, learning-rate=0.000632393, l2-regularize=0.008, max-change=0.75, linear-params-rms=0.008314, linear-params-row-norms=[percentiles(0,1,2,5 10,20,50,80,90 95,98,99,100)=(0.008,0.04,0.05,0.06 0.08,0.10,0.13,0.16,0.17 0.18,0.19,0.20,0.23), mean=0.128, stddev=0.0365], linear-params-col-norms=[percentiles(0,1,2,5 10,20,50,80,90 95,98,99,100)=(0.23,0.24,0.24,0.24 0.25,0.25,0.27,0.28,0.28 0.29,0.30,0.30,0.33), mean=0.266, stddev=0.0155], bias-{mean,stddev}=-0.04286,0.06802, rank-in=20, rank-out=80, num-samples-history=2000, update-period=4, alpha=4
component name=prefinal-xent.relu type=RectifiedLinearComponent, dim=1024, self-repair-scale=1e-05, count=6.91e+05, self-repaired-proportion=0.00623498, value-avg=[percentiles(0,1,2,5 10,20,50,80,90 95,98,99,100)=(3e-05,0.009,0.01,0.02 0.02,0.03,0.06,0.09,0.10 0.11,0.12,0.13,0.23), mean=0.0617, stddev=0.03], deriv-avg=[percentiles(0,1,2,5 10,20,50,80,90 95,98,99,100)=(0.007,0.07,0.09,0.12 0.16,0.21,0.38,0.51,0.58 0.66,0.72,0.73,0.78), mean=0.375, stddev=0.163], oderiv-rms=[percentiles(0,1,2,5 10,20,50,80,90 95,98,99,100)=(0.004,0.005,0.005,0.006 0.006,0.007,0.009,0.01,0.01 0.01,0.02,0.02,0.03), mean=0.00932, stddev=0.00284], oderiv-count=1.11418e+06
component name=prefinal-xent.batchnorm1 type=BatchNormComponent, dim=1024, block-dim=1024, epsilon=0.001, target-rms=1, count=10805.1, test-mode=false, data-mean=[percentiles(0,1,2,5 10,20,50,80,90 95,98,99,100)=(6e-06,0.008,0.009,0.02 0.02,0.03,0.06,0.09,0.10 0.11,0.12,0.13,0.21), mean=0.0598, stddev=0.0295], data-stddev=[percentiles(0,1,2,5 10,20,50,80,90 95,98,99,100)=(0.0001,0.04,0.05,0.07 0.08,0.09,0.11,0.12,0.13 0.13,0.14,0.15,0.40), mean=0.105, stddev=0.027]
component name=prefinal-xent.linear type=LinearComponent, input-dim=1024, output-dim=256, learning-rate=0.000632393, l2-regularize=0.008, max-change=0.75, params-rms=0.01062, params-row-norms=[percentiles(0,1,2,5 10,20,50,80,90 95,98,99,100)=(0.34,0.34,0.34,0.34 0.34,0.34,0.34,0.34,0.34 0.34,0.34,0.34,0.34), mean=0.34, stddev=-nan], params-col-norms=[percentiles(0,1,2,5 10,20,50,80,90 95,98,99,100)=(0.11,0.12,0.13,0.13 0.14,0.15,0.16,0.18,0.20 0.22,0.23,0.24,0.31), mean=0.168, stddev=0.0264], orthonormal-constraint=-1, use-natural-gradient=true, rank-in=20, rank-out=80, num-samples-history=2000, update-period=4, alpha=4
component name=prefinal-xent.batchnorm2 type=BatchNormComponent, dim=256, block-dim=256, epsilon=0.001, target-rms=1, count=10805.1, test-mode=false, data-mean=[percentiles(0,1,2,5 10,20,50,80,90 95,98,99,100)=(-5e-08,-4e-08,-3e-08,-3e-08 -2e-08,-2e-08,-1e-09,1e-08,2e-08 2e-08,3e-08,3e-08,5e-08), mean=-7.27e-10, stddev=1.61e-08], data-stddev=[percentiles(0,1,2,5 10,20,50,80,90 95,98,99,100)=(0.34,0.35,0.35,0.36 0.36,0.37,0.38,0.40,0.40 0.41,0.42,0.42,0.43), mean=0.382, stddev=0.0161]
component name=output-xent.affine type=NaturalGradientAffineComponent, input-dim=256, output-dim=2824, learning-rate=0.00316197, l2-regularize=0.002, learning-rate-factor=5, max-change=1.5, linear-params-rms=0.03371, linear-params-row-norms=[percentiles(0,1,2,5 10,20,50,80,90 95,98,99,100)=(0.02,0.02,0.02,0.07 0.14,0.26,0.52,0.69,0.77 0.84,0.89,0.92,1.3), mean=0.488, stddev=0.23], linear-params-col-norms=[percentiles(0,1,2,5 10,20,50,80,90 95,98,99,100)=(1.6,1.6,1.6,1.7 1.7,1.7,1.8,1.9,1.9 1.9,1.9,2.0,2.0), mean=1.79, stddev=0.0758], bias-{mean,stddev}=4.417e-09,0.0714, rank-in=20, rank-out=80, num-samples-history=2000, update-period=4, alpha=4
component name=output-xent.log-softmax type=LogSoftmaxComponent, dim=2824, oderiv-rms=[percentiles(0,1,2,5 10,20,50,80,90 95,98,99,100)=(0,7e-08,6e-05,0.0002 0.0003,0.0004,0.0007,0.001,0.002 0.003,0.004,0.004,0.04), mean=0.00101, stddev=0.00117], oderiv-count=1.13594e+06
nnet3-show-progress --use-gpu=no telugu_exp/chain_cleaned_1d/tdnn1d_sp/10.mdl telugu_exp/chain_cleaned_1d/tdnn1d_sp/11.mdl 
LOG (nnet3-show-progress[5.5.1035~1-3dd90]:SelectGpuId():cu-device.cc:168) Manually selected to compute on CPU.
LOG (nnet3-show-progress[5.5.1035~1-3dd90]:main():nnet3-show-progress.cc:143) Parameter differences per layer are [ tdnn1.affine:7.14316 tdnnf2.linear:4.0344 tdnnf2.affine:4.33805 tdnnf3.linear:3.27887 tdnnf3.affine:3.69594 tdnnf4.linear:3.00221 tdnnf4.affine:3.49041 tdnnf5.linear:2.35537 tdnnf5.affine:2.72003 tdnnf6.linear:2.75542 tdnnf6.affine:3.24706 tdnnf7.linear:2.58368 tdnnf7.affine:3.09378 tdnnf8.linear:2.53013 tdnnf8.affine:3.00237 tdnnf9.linear:2.50438 tdnnf9.affine:2.90921 tdnnf10.linear:2.43476 tdnnf10.affine:2.83189 tdnnf11.linear:2.37936 tdnnf11.affine:2.77297 tdnnf12.linear:2.32823 tdnnf12.affine:2.80673 tdnnf13.linear:2.28284 tdnnf13.affine:2.97103 prefinal-l:2.90261 prefinal-chain.affine:3.33582 prefinal-chain.linear:2.78836 output.affine:4.55593 prefinal-xent.affine:1.80341 prefinal-xent.linear:1.30504 output-xent.affine:3.53933 ]
LOG (nnet3-show-progress[5.5.1035~1-3dd90]:main():nnet3-show-progress.cc:153) Norms of parameter matrices from <new-nnet-in> are [ tdnn1.affine:12.4638 tdnnf2.linear:9.17885 tdnnf2.affine:7.98224 tdnnf3.linear:7.17743 tdnnf3.affine:6.39254 tdnnf4.linear:6.38051 tdnnf4.affine:5.90314 tdnnf5.linear:4.66508 tdnnf5.affine:4.70957 tdnnf6.linear:6.00449 tdnnf6.affine:5.7844 tdnnf7.linear:5.8239 tdnnf7.affine:5.70312 tdnnf8.linear:5.7939 tdnnf8.affine:5.67728 tdnnf9.linear:5.82928 tdnnf9.affine:5.65709 tdnnf10.linear:5.88106 tdnnf10.affine:5.64367 tdnnf11.linear:6.05115 tdnnf11.affine:5.73981 tdnnf12.linear:6.19431 tdnnf12.affine:5.92602 tdnnf13.linear:6.15232 tdnnf13.affine:6.23838 prefinal-l:8.81879 prefinal-chain.affine:6.24354 prefinal-chain.linear:8.25573 output.affine:18.0335 prefinal-xent.affine:4.97404 prefinal-xent.linear:5.43583 output-xent.affine:28.9126 ]
LOG (nnet3-show-progress[5.5.1035~1-3dd90]:main():nnet3-show-progress.cc:157) Relative parameter differences per layer are [ tdnn1.affine:0.575048 tdnnf2.linear:0.437419 tdnnf2.affine:0.537142 tdnnf3.linear:0.453917 tdnnf3.affine:0.57085 tdnnf4.linear:0.468829 tdnnf4.affine:0.581727 tdnnf5.linear:0.495205 tdnnf5.affine:0.564575 tdnnf6.linear:0.459085 tdnnf6.affine:0.556047 tdnnf7.linear:0.443418 tdnnf7.affine:0.53697 tdnnf8.linear:0.435883 tdnnf8.affine:0.521968 tdnnf9.linear:0.427467 tdnnf9.affine:0.508973 tdnnf10.linear:0.413856 tdnnf10.affine:0.497452 tdnnf11.linear:0.392652 tdnnf11.affine:0.478113 tdnnf12.linear:0.375092 tdnnf12.affine:0.469361 tdnnf13.linear:0.368923 tdnnf13.affine:0.473652 prefinal-l:0.32896 prefinal-chain.affine:0.529083 prefinal-chain.linear:0.335442 output.affine:0.254007 prefinal-xent.affine:0.361699 prefinal-xent.linear:0.239443 output-xent.affine:0.122913 ]
# Accounting: time=0 threads=1
# Ended (code 0) at Thu Jul 21 12:45:53 EDT 2022, elapsed time 0 seconds
