# nnet3-am-info telugu_exp/chain_cleaned_1d/tdnn1d_sp/31.mdl && nnet3-show-progress --use-gpu=no telugu_exp/chain_cleaned_1d/tdnn1d_sp/30.mdl telugu_exp/chain_cleaned_1d/tdnn1d_sp/31.mdl 
# Started at Thu Jul 21 13:38:55 EDT 2022
#
nnet3-am-info telugu_exp/chain_cleaned_1d/tdnn1d_sp/31.mdl 
input-dim: 40
ivector-dim: 100
num-pdfs: 2824
prior-dimension: 0
# Nnet info follows.
left-context: 28
right-context: 28
num-parameters: 9032208
modulus: 1
input-node name=ivector dim=100
input-node name=input dim=40
component-node name=lda component=lda input=Append(Offset(input, -1), input, Offset(input, 1), ReplaceIndex(ivector, t, 0)) input-dim=220 output-dim=220
component-node name=tdnn1.affine component=tdnn1.affine input=lda input-dim=220 output-dim=1024
component-node name=tdnn1.relu component=tdnn1.relu input=tdnn1.affine input-dim=1024 output-dim=1024
component-node name=tdnn1.batchnorm component=tdnn1.batchnorm input=tdnn1.relu input-dim=1024 output-dim=1024
component-node name=tdnn1.dropout component=tdnn1.dropout input=tdnn1.batchnorm input-dim=1024 output-dim=1024
component-node name=tdnnf2.linear component=tdnnf2.linear input=tdnn1.dropout input-dim=1024 output-dim=128
component-node name=tdnnf2.affine component=tdnnf2.affine input=tdnnf2.linear input-dim=128 output-dim=1024
component-node name=tdnnf2.relu component=tdnnf2.relu input=tdnnf2.affine input-dim=1024 output-dim=1024
component-node name=tdnnf2.batchnorm component=tdnnf2.batchnorm input=tdnnf2.relu input-dim=1024 output-dim=1024
component-node name=tdnnf2.dropout component=tdnnf2.dropout input=tdnnf2.batchnorm input-dim=1024 output-dim=1024
component-node name=tdnnf2.noop component=tdnnf2.noop input=Sum(Scale(0.66, tdnn1.dropout), tdnnf2.dropout) input-dim=1024 output-dim=1024
component-node name=tdnnf3.linear component=tdnnf3.linear input=tdnnf2.noop input-dim=1024 output-dim=128
component-node name=tdnnf3.affine component=tdnnf3.affine input=tdnnf3.linear input-dim=128 output-dim=1024
component-node name=tdnnf3.relu component=tdnnf3.relu input=tdnnf3.affine input-dim=1024 output-dim=1024
component-node name=tdnnf3.batchnorm component=tdnnf3.batchnorm input=tdnnf3.relu input-dim=1024 output-dim=1024
component-node name=tdnnf3.dropout component=tdnnf3.dropout input=tdnnf3.batchnorm input-dim=1024 output-dim=1024
component-node name=tdnnf3.noop component=tdnnf3.noop input=Sum(Scale(0.66, tdnnf2.noop), tdnnf3.dropout) input-dim=1024 output-dim=1024
component-node name=tdnnf4.linear component=tdnnf4.linear input=tdnnf3.noop input-dim=1024 output-dim=128
component-node name=tdnnf4.affine component=tdnnf4.affine input=tdnnf4.linear input-dim=128 output-dim=1024
component-node name=tdnnf4.relu component=tdnnf4.relu input=tdnnf4.affine input-dim=1024 output-dim=1024
component-node name=tdnnf4.batchnorm component=tdnnf4.batchnorm input=tdnnf4.relu input-dim=1024 output-dim=1024
component-node name=tdnnf4.dropout component=tdnnf4.dropout input=tdnnf4.batchnorm input-dim=1024 output-dim=1024
component-node name=tdnnf4.noop component=tdnnf4.noop input=Sum(Scale(0.66, tdnnf3.noop), tdnnf4.dropout) input-dim=1024 output-dim=1024
component-node name=tdnnf5.linear component=tdnnf5.linear input=tdnnf4.noop input-dim=1024 output-dim=128
component-node name=tdnnf5.affine component=tdnnf5.affine input=tdnnf5.linear input-dim=128 output-dim=1024
component-node name=tdnnf5.relu component=tdnnf5.relu input=tdnnf5.affine input-dim=1024 output-dim=1024
component-node name=tdnnf5.batchnorm component=tdnnf5.batchnorm input=tdnnf5.relu input-dim=1024 output-dim=1024
component-node name=tdnnf5.dropout component=tdnnf5.dropout input=tdnnf5.batchnorm input-dim=1024 output-dim=1024
component-node name=tdnnf5.noop component=tdnnf5.noop input=Sum(Scale(0.66, tdnnf4.noop), tdnnf5.dropout) input-dim=1024 output-dim=1024
component-node name=tdnnf6.linear component=tdnnf6.linear input=tdnnf5.noop input-dim=1024 output-dim=128
component-node name=tdnnf6.affine component=tdnnf6.affine input=tdnnf6.linear input-dim=128 output-dim=1024
component-node name=tdnnf6.relu component=tdnnf6.relu input=tdnnf6.affine input-dim=1024 output-dim=1024
component-node name=tdnnf6.batchnorm component=tdnnf6.batchnorm input=tdnnf6.relu input-dim=1024 output-dim=1024
component-node name=tdnnf6.dropout component=tdnnf6.dropout input=tdnnf6.batchnorm input-dim=1024 output-dim=1024
component-node name=tdnnf6.noop component=tdnnf6.noop input=Sum(Scale(0.66, tdnnf5.noop), tdnnf6.dropout) input-dim=1024 output-dim=1024
component-node name=tdnnf7.linear component=tdnnf7.linear input=tdnnf6.noop input-dim=1024 output-dim=128
component-node name=tdnnf7.affine component=tdnnf7.affine input=tdnnf7.linear input-dim=128 output-dim=1024
component-node name=tdnnf7.relu component=tdnnf7.relu input=tdnnf7.affine input-dim=1024 output-dim=1024
component-node name=tdnnf7.batchnorm component=tdnnf7.batchnorm input=tdnnf7.relu input-dim=1024 output-dim=1024
component-node name=tdnnf7.dropout component=tdnnf7.dropout input=tdnnf7.batchnorm input-dim=1024 output-dim=1024
component-node name=tdnnf7.noop component=tdnnf7.noop input=Sum(Scale(0.66, tdnnf6.noop), tdnnf7.dropout) input-dim=1024 output-dim=1024
component-node name=tdnnf8.linear component=tdnnf8.linear input=tdnnf7.noop input-dim=1024 output-dim=128
component-node name=tdnnf8.affine component=tdnnf8.affine input=tdnnf8.linear input-dim=128 output-dim=1024
component-node name=tdnnf8.relu component=tdnnf8.relu input=tdnnf8.affine input-dim=1024 output-dim=1024
component-node name=tdnnf8.batchnorm component=tdnnf8.batchnorm input=tdnnf8.relu input-dim=1024 output-dim=1024
component-node name=tdnnf8.dropout component=tdnnf8.dropout input=tdnnf8.batchnorm input-dim=1024 output-dim=1024
component-node name=tdnnf8.noop component=tdnnf8.noop input=Sum(Scale(0.66, tdnnf7.noop), tdnnf8.dropout) input-dim=1024 output-dim=1024
component-node name=tdnnf9.linear component=tdnnf9.linear input=tdnnf8.noop input-dim=1024 output-dim=128
component-node name=tdnnf9.affine component=tdnnf9.affine input=tdnnf9.linear input-dim=128 output-dim=1024
component-node name=tdnnf9.relu component=tdnnf9.relu input=tdnnf9.affine input-dim=1024 output-dim=1024
component-node name=tdnnf9.batchnorm component=tdnnf9.batchnorm input=tdnnf9.relu input-dim=1024 output-dim=1024
component-node name=tdnnf9.dropout component=tdnnf9.dropout input=tdnnf9.batchnorm input-dim=1024 output-dim=1024
component-node name=tdnnf9.noop component=tdnnf9.noop input=Sum(Scale(0.66, tdnnf8.noop), tdnnf9.dropout) input-dim=1024 output-dim=1024
component-node name=tdnnf10.linear component=tdnnf10.linear input=tdnnf9.noop input-dim=1024 output-dim=128
component-node name=tdnnf10.affine component=tdnnf10.affine input=tdnnf10.linear input-dim=128 output-dim=1024
component-node name=tdnnf10.relu component=tdnnf10.relu input=tdnnf10.affine input-dim=1024 output-dim=1024
component-node name=tdnnf10.batchnorm component=tdnnf10.batchnorm input=tdnnf10.relu input-dim=1024 output-dim=1024
component-node name=tdnnf10.dropout component=tdnnf10.dropout input=tdnnf10.batchnorm input-dim=1024 output-dim=1024
component-node name=tdnnf10.noop component=tdnnf10.noop input=Sum(Scale(0.66, tdnnf9.noop), tdnnf10.dropout) input-dim=1024 output-dim=1024
component-node name=tdnnf11.linear component=tdnnf11.linear input=tdnnf10.noop input-dim=1024 output-dim=128
component-node name=tdnnf11.affine component=tdnnf11.affine input=tdnnf11.linear input-dim=128 output-dim=1024
component-node name=tdnnf11.relu component=tdnnf11.relu input=tdnnf11.affine input-dim=1024 output-dim=1024
component-node name=tdnnf11.batchnorm component=tdnnf11.batchnorm input=tdnnf11.relu input-dim=1024 output-dim=1024
component-node name=tdnnf11.dropout component=tdnnf11.dropout input=tdnnf11.batchnorm input-dim=1024 output-dim=1024
component-node name=tdnnf11.noop component=tdnnf11.noop input=Sum(Scale(0.66, tdnnf10.noop), tdnnf11.dropout) input-dim=1024 output-dim=1024
component-node name=tdnnf12.linear component=tdnnf12.linear input=tdnnf11.noop input-dim=1024 output-dim=128
component-node name=tdnnf12.affine component=tdnnf12.affine input=tdnnf12.linear input-dim=128 output-dim=1024
component-node name=tdnnf12.relu component=tdnnf12.relu input=tdnnf12.affine input-dim=1024 output-dim=1024
component-node name=tdnnf12.batchnorm component=tdnnf12.batchnorm input=tdnnf12.relu input-dim=1024 output-dim=1024
component-node name=tdnnf12.dropout component=tdnnf12.dropout input=tdnnf12.batchnorm input-dim=1024 output-dim=1024
component-node name=tdnnf12.noop component=tdnnf12.noop input=Sum(Scale(0.66, tdnnf11.noop), tdnnf12.dropout) input-dim=1024 output-dim=1024
component-node name=tdnnf13.linear component=tdnnf13.linear input=tdnnf12.noop input-dim=1024 output-dim=128
component-node name=tdnnf13.affine component=tdnnf13.affine input=tdnnf13.linear input-dim=128 output-dim=1024
component-node name=tdnnf13.relu component=tdnnf13.relu input=tdnnf13.affine input-dim=1024 output-dim=1024
component-node name=tdnnf13.batchnorm component=tdnnf13.batchnorm input=tdnnf13.relu input-dim=1024 output-dim=1024
component-node name=tdnnf13.dropout component=tdnnf13.dropout input=tdnnf13.batchnorm input-dim=1024 output-dim=1024
component-node name=tdnnf13.noop component=tdnnf13.noop input=Sum(Scale(0.66, tdnnf12.noop), tdnnf13.dropout) input-dim=1024 output-dim=1024
component-node name=prefinal-l component=prefinal-l input=tdnnf13.noop input-dim=1024 output-dim=256
component-node name=prefinal-chain.affine component=prefinal-chain.affine input=prefinal-l input-dim=256 output-dim=1024
component-node name=prefinal-chain.relu component=prefinal-chain.relu input=prefinal-chain.affine input-dim=1024 output-dim=1024
component-node name=prefinal-chain.batchnorm1 component=prefinal-chain.batchnorm1 input=prefinal-chain.relu input-dim=1024 output-dim=1024
component-node name=prefinal-chain.linear component=prefinal-chain.linear input=prefinal-chain.batchnorm1 input-dim=1024 output-dim=256
component-node name=prefinal-chain.batchnorm2 component=prefinal-chain.batchnorm2 input=prefinal-chain.linear input-dim=256 output-dim=256
component-node name=output.affine component=output.affine input=prefinal-chain.batchnorm2 input-dim=256 output-dim=2824
output-node name=output input=output.affine dim=2824 objective=linear
component-node name=prefinal-xent.affine component=prefinal-xent.affine input=prefinal-l input-dim=256 output-dim=1024
component-node name=prefinal-xent.relu component=prefinal-xent.relu input=prefinal-xent.affine input-dim=1024 output-dim=1024
component-node name=prefinal-xent.batchnorm1 component=prefinal-xent.batchnorm1 input=prefinal-xent.relu input-dim=1024 output-dim=1024
component-node name=prefinal-xent.linear component=prefinal-xent.linear input=prefinal-xent.batchnorm1 input-dim=1024 output-dim=256
component-node name=prefinal-xent.batchnorm2 component=prefinal-xent.batchnorm2 input=prefinal-xent.linear input-dim=256 output-dim=256
component-node name=output-xent.affine component=output-xent.affine input=prefinal-xent.batchnorm2 input-dim=256 output-dim=2824
component-node name=output-xent.log-softmax component=output-xent.log-softmax input=output-xent.affine input-dim=2824 output-dim=2824
output-node name=output-xent input=output-xent.log-softmax dim=2824 objective=linear
component name=lda type=FixedAffineComponent, input-dim=220, output-dim=220, linear-params-rms=0.005747, bias-{mean,stddev}=-0.001007,0.01284
component name=tdnn1.affine type=NaturalGradientAffineComponent, input-dim=220, output-dim=1024, learning-rate=0.000449613, l2-regularize=0.008, max-change=0.75, linear-params-rms=0.02643, linear-params-row-norms=[percentiles(0,1,2,5 10,20,50,80,90 95,98,99,100)=(0.04,0.07,0.09,0.11 0.14,0.21,0.32,0.44,0.56 0.68,0.86,1.1,1.2), mean=0.348, stddev=0.181], linear-params-col-norms=[percentiles(0,1,2,5 10,20,50,80,90 95,98,99,100)=(0.47,0.49,0.51,0.53 0.56,0.61,0.76,0.98,1.1 1.3,1.4,1.4,1.5), mean=0.814, stddev=0.228], bias-{mean,stddev}=-0.005666,0.0315, rank-in=20, rank-out=80, num-samples-history=2000, update-period=4, alpha=4
component name=tdnn1.relu type=RectifiedLinearComponent, dim=1024, self-repair-scale=1e-05, count=3.21e+06, self-repaired-proportion=0.0433359, value-avg=[percentiles(0,1,2,5 10,20,50,80,90 95,98,99,100)=(8e-05,0.0003,0.0004,0.0007 0.001,0.002,0.02,0.04,0.04 0.04,0.05,0.05,0.06), mean=0.0195, stddev=0.0158], deriv-avg=[percentiles(0,1,2,5 10,20,50,80,90 95,98,99,100)=(0.03,0.05,0.05,0.07 0.08,0.12,0.43,0.68,0.80 0.89,0.93,0.95,0.98), mean=0.42, stddev=0.274], oderiv-rms=[percentiles(0,1,2,5 10,20,50,80,90 95,98,99,100)=(0.03,0.04,0.04,0.05 0.06,0.07,0.10,0.14,0.17 0.20,0.23,0.25,0.33), mean=0.107, stddev=0.0467], oderiv-count=4.47917e+06
component name=tdnn1.batchnorm type=BatchNormComponent, dim=1024, block-dim=1024, epsilon=0.001, target-rms=1, count=46233.3, test-mode=false, data-mean=[percentiles(0,1,2,5 10,20,50,80,90 95,98,99,100)=(1e-05,0.0001,0.0002,0.0005 0.001,0.002,0.02,0.04,0.04 0.04,0.05,0.05,0.06), mean=0.0196, stddev=0.016], data-stddev=[percentiles(0,1,2,5 10,20,50,80,90 95,98,99,100)=(0.0002,0.001,0.001,0.002 0.005,0.008,0.03,0.04,0.04 0.05,0.05,0.06,0.07), mean=0.0251, stddev=0.0154]
component name=tdnn1.dropout type=GeneralDropoutComponent, dim=1024, block-dim=1024, dropout-proportion=0.037037, continuous=true
component name=tdnnf2.linear type=TdnnComponent, input-dim=1024, output-dim=128, learning-rate=0.000449613, l2-regularize=0.008, max-change=0.75, orthonormal-constraint=-1, time-offsets=-1,0, linear-params-rms=0.01704, linear-params-row-norms=[percentiles(0,1,2,5 10,20,50,80,90 95,98,99,100)=(0.77,0.77,0.77,0.77 0.77,0.77,0.77,0.77,0.77 0.77,0.77,0.77,0.78), mean=0.771, stddev=0.00146], linear-params-col-norms=[percentiles(0,1,2,5 10,20,50,80,90 95,98,99,100)=(0.09,0.10,0.11,0.12 0.13,0.14,0.18,0.22,0.25 0.28,0.31,0.33,0.39), mean=0.186, stddev=0.049], has-bias=false, rank-in=20, rank-out=64, num-samples-history=2000, update-period=4, alpha-in=4, alpha-out=4
component name=tdnnf2.affine type=TdnnComponent, input-dim=128, output-dim=1024, learning-rate=0.000449613, l2-regularize=0.008, max-change=0.75, time-offsets=0,1, linear-params-rms=0.01404, linear-params-row-norms=[percentiles(0,1,2,5 10,20,50,80,90 95,98,99,100)=(0.10,0.11,0.12,0.13 0.14,0.16,0.20,0.26,0.31 0.35,0.37,0.38,0.42), mean=0.216, stddev=0.0629], linear-params-col-norms=[percentiles(0,1,2,5 10,20,50,80,90 95,98,99,100)=(0.38,0.38,0.40,0.40 0.41,0.43,0.45,0.47,0.48 0.50,0.52,0.53,0.56), mean=0.448, stddev=0.0283], bias-{mean,stddev}=-0.03785,0.05253, rank-in=20, rank-out=80, num-samples-history=2000, update-period=4, alpha-in=4, alpha-out=4
component name=tdnnf2.relu type=RectifiedLinearComponent, dim=1024, self-repair-scale=1e-05, count=2.92e+06, self-repaired-proportion=3.3546e-05, value-avg=[percentiles(0,1,2,5 10,20,50,80,90 95,98,99,100)=(0.007,0.02,0.03,0.05 0.06,0.07,0.08,0.10,0.10 0.11,0.12,0.13,0.17), mean=0.0808, stddev=0.02], deriv-avg=[percentiles(0,1,2,5 10,20,50,80,90 95,98,99,100)=(0.08,0.17,0.21,0.29 0.33,0.37,0.43,0.50,0.54 0.59,0.63,0.67,0.83), mean=0.433, stddev=0.0926], oderiv-rms=[percentiles(0,1,2,5 10,20,50,80,90 95,98,99,100)=(0.008,0.009,0.009,0.01 0.01,0.01,0.01,0.02,0.02 0.02,0.02,0.03,0.04), mean=0.0143, stddev=0.00391], oderiv-count=4.62682e+06
component name=tdnnf2.batchnorm type=BatchNormComponent, dim=1024, block-dim=1024, epsilon=0.001, target-rms=1, count=45721.3, test-mode=false, data-mean=[percentiles(0,1,2,5 10,20,50,80,90 95,98,99,100)=(0.002,0.02,0.03,0.05 0.06,0.07,0.08,0.10,0.10 0.11,0.12,0.13,0.16), mean=0.0806, stddev=0.0205], data-stddev=[percentiles(0,1,2,5 10,20,50,80,90 95,98,99,100)=(0.01,0.08,0.08,0.09 0.10,0.12,0.14,0.16,0.18 0.19,0.21,0.22,0.27), mean=0.14, stddev=0.0307]
component name=tdnnf2.dropout type=GeneralDropoutComponent, dim=1024, block-dim=1024, dropout-proportion=0.037037, continuous=true
component name=tdnnf2.noop type=NoOpComponent, dim=1024
component name=tdnnf3.linear type=TdnnComponent, input-dim=1024, output-dim=128, learning-rate=0.000449613, l2-regularize=0.008, max-change=0.75, orthonormal-constraint=-1, time-offsets=-1,0, linear-params-rms=0.01274, linear-params-row-norms=[percentiles(0,1,2,5 10,20,50,80,90 95,98,99,100)=(0.57,0.57,0.57,0.57 0.57,0.57,0.58,0.58,0.58 0.58,0.58,0.58,0.58), mean=0.576, stddev=0.00191], linear-params-col-norms=[percentiles(0,1,2,5 10,20,50,80,90 95,98,99,100)=(0.09,0.10,0.10,0.11 0.11,0.12,0.14,0.16,0.18 0.19,0.20,0.20,0.22), mean=0.142, stddev=0.024], has-bias=false, rank-in=20, rank-out=64, num-samples-history=2000, update-period=4, alpha-in=4, alpha-out=4
component name=tdnnf3.affine type=TdnnComponent, input-dim=128, output-dim=1024, learning-rate=0.000449613, l2-regularize=0.008, max-change=0.75, time-offsets=0,1, linear-params-rms=0.01126, linear-params-row-norms=[percentiles(0,1,2,5 10,20,50,80,90 95,98,99,100)=(0.10,0.11,0.12,0.12 0.13,0.15,0.17,0.20,0.22 0.24,0.27,0.28,0.41), mean=0.177, stddev=0.036], linear-params-col-norms=[percentiles(0,1,2,5 10,20,50,80,90 95,98,99,100)=(0.30,0.30,0.32,0.32 0.33,0.34,0.36,0.38,0.39 0.40,0.40,0.41,0.42), mean=0.36, stddev=0.021], bias-{mean,stddev}=-0.0203,0.02577, rank-in=20, rank-out=80, num-samples-history=2000, update-period=4, alpha-in=4, alpha-out=4
component name=tdnnf3.relu type=RectifiedLinearComponent, dim=1024, self-repair-scale=1e-05, count=2.93e+06, self-repaired-proportion=0, value-avg=[percentiles(0,1,2,5 10,20,50,80,90 95,98,99,100)=(0.06,0.07,0.07,0.08 0.08,0.09,0.10,0.12,0.13 0.14,0.15,0.16,0.29), mean=0.106, stddev=0.0194], deriv-avg=[percentiles(0,1,2,5 10,20,50,80,90 95,98,99,100)=(0.29,0.34,0.35,0.38 0.40,0.42,0.46,0.50,0.52 0.53,0.55,0.56,0.63), mean=0.456, stddev=0.0472], oderiv-rms=[percentiles(0,1,2,5 10,20,50,80,90 95,98,99,100)=(0.006,0.006,0.006,0.006 0.007,0.007,0.008,0.009,0.01 0.01,0.01,0.01,0.02), mean=0.00827, stddev=0.00144], oderiv-count=4.24646e+06
component name=tdnnf3.batchnorm type=BatchNormComponent, dim=1024, block-dim=1024, epsilon=0.001, target-rms=1, count=45209.3, test-mode=false, data-mean=[percentiles(0,1,2,5 10,20,50,80,90 95,98,99,100)=(0.06,0.07,0.07,0.08 0.08,0.09,0.10,0.12,0.13 0.14,0.15,0.16,0.28), mean=0.106, stddev=0.0201], data-stddev=[percentiles(0,1,2,5 10,20,50,80,90 95,98,99,100)=(0.10,0.11,0.12,0.14 0.15,0.16,0.18,0.20,0.22 0.23,0.25,0.26,0.41), mean=0.18, stddev=0.0317]
component name=tdnnf3.dropout type=GeneralDropoutComponent, dim=1024, block-dim=1024, dropout-proportion=0.037037, continuous=true
component name=tdnnf3.noop type=NoOpComponent, dim=1024
component name=tdnnf4.linear type=TdnnComponent, input-dim=1024, output-dim=128, learning-rate=0.000449613, l2-regularize=0.008, max-change=0.75, orthonormal-constraint=-1, time-offsets=-1,0, linear-params-rms=0.01152, linear-params-row-norms=[percentiles(0,1,2,5 10,20,50,80,90 95,98,99,100)=(0.52,0.52,0.52,0.52 0.52,0.52,0.52,0.52,0.52 0.52,0.52,0.52,0.52), mean=0.521, stddev=0.00101], linear-params-col-norms=[percentiles(0,1,2,5 10,20,50,80,90 95,98,99,100)=(0.09,0.09,0.10,0.10 0.11,0.11,0.13,0.14,0.15 0.16,0.17,0.18,0.20), mean=0.129, stddev=0.0178], has-bias=false, rank-in=20, rank-out=64, num-samples-history=2000, update-period=4, alpha-in=4, alpha-out=4
component name=tdnnf4.affine type=TdnnComponent, input-dim=128, output-dim=1024, learning-rate=0.000449613, l2-regularize=0.008, max-change=0.75, time-offsets=0,1, linear-params-rms=0.01044, linear-params-row-norms=[percentiles(0,1,2,5 10,20,50,80,90 95,98,99,100)=(0.10,0.11,0.12,0.12 0.13,0.14,0.16,0.19,0.20 0.21,0.23,0.24,0.36), mean=0.165, stddev=0.0281], linear-params-col-norms=[percentiles(0,1,2,5 10,20,50,80,90 95,98,99,100)=(0.28,0.29,0.29,0.30 0.31,0.32,0.33,0.35,0.36 0.37,0.38,0.38,0.40), mean=0.333, stddev=0.0214], bias-{mean,stddev}=-0.01351,0.0198, rank-in=20, rank-out=80, num-samples-history=2000, update-period=4, alpha-in=4, alpha-out=4
component name=tdnnf4.relu type=RectifiedLinearComponent, dim=1024, self-repair-scale=1e-05, count=1e+06, self-repaired-proportion=0, value-avg=[percentiles(0,1,2,5 10,20,50,80,90 95,98,99,100)=(0.07,0.07,0.08,0.08 0.09,0.09,0.10,0.12,0.12 0.13,0.14,0.15,0.28), mean=0.105, stddev=0.0161], deriv-avg=[percentiles(0,1,2,5 10,20,50,80,90 95,98,99,100)=(0.29,0.36,0.37,0.39 0.40,0.42,0.45,0.48,0.50 0.52,0.54,0.55,0.59), mean=0.452, stddev=0.04], oderiv-rms=[percentiles(0,1,2,5 10,20,50,80,90 95,98,99,100)=(0.009,0.01,0.01,0.01 0.01,0.01,0.01,0.01,0.02 0.02,0.02,0.02,0.02), mean=0.0129, stddev=0.00192], oderiv-count=1.48e+06
component name=tdnnf4.batchnorm type=BatchNormComponent, dim=1024, block-dim=1024, epsilon=0.001, target-rms=1, count=15069.8, test-mode=false, data-mean=[percentiles(0,1,2,5 10,20,50,80,90 95,98,99,100)=(0.06,0.07,0.07,0.08 0.09,0.09,0.10,0.12,0.12 0.13,0.14,0.15,0.27), mean=0.105, stddev=0.0165], data-stddev=[percentiles(0,1,2,5 10,20,50,80,90 95,98,99,100)=(0.10,0.12,0.13,0.14 0.15,0.16,0.18,0.20,0.21 0.22,0.24,0.26,0.44), mean=0.181, stddev=0.0269]
component name=tdnnf4.dropout type=GeneralDropoutComponent, dim=1024, block-dim=1024, dropout-proportion=0.037037, continuous=true
component name=tdnnf4.noop type=NoOpComponent, dim=1024
component name=tdnnf5.linear type=TdnnComponent, input-dim=1024, output-dim=128, learning-rate=0.000449613, l2-regularize=0.008, max-change=0.75, orthonormal-constraint=-1, time-offsets=0, linear-params-rms=0.01071, linear-params-row-norms=[percentiles(0,1,2,5 10,20,50,80,90 95,98,99,100)=(0.34,0.34,0.34,0.34 0.34,0.34,0.34,0.34,0.34 0.34,0.34,0.34,0.34), mean=0.343, stddev=0.000762], linear-params-col-norms=[percentiles(0,1,2,5 10,20,50,80,90 95,98,99,100)=(0.09,0.10,0.10,0.10 0.11,0.11,0.12,0.13,0.13 0.14,0.14,0.15,0.17), mean=0.121, stddev=0.0108], has-bias=false, rank-in=20, rank-out=64, num-samples-history=2000, update-period=4, alpha-in=4, alpha-out=4
component name=tdnnf5.affine type=TdnnComponent, input-dim=128, output-dim=1024, learning-rate=0.000449613, l2-regularize=0.008, max-change=0.75, time-offsets=0, linear-params-rms=0.01085, linear-params-row-norms=[percentiles(0,1,2,5 10,20,50,80,90 95,98,99,100)=(0.06,0.08,0.08,0.09 0.09,0.10,0.12,0.14,0.15 0.16,0.18,0.18,0.22), mean=0.121, stddev=0.0223], linear-params-col-norms=[percentiles(0,1,2,5 10,20,50,80,90 95,98,99,100)=(0.27,0.29,0.29,0.30 0.31,0.32,0.35,0.37,0.38 0.39,0.40,0.41,0.42), mean=0.346, stddev=0.0263], bias-{mean,stddev}=-0.009422,0.02744, rank-in=20, rank-out=80, num-samples-history=2000, update-period=4, alpha-in=4, alpha-out=4
component name=tdnnf5.relu type=RectifiedLinearComponent, dim=1024, self-repair-scale=1e-05, count=1.02e+06, self-repaired-proportion=0, value-avg=[percentiles(0,1,2,5 10,20,50,80,90 95,98,99,100)=(0.02,0.02,0.03,0.04 0.04,0.05,0.06,0.07,0.07 0.08,0.09,0.10,0.13), mean=0.0581, stddev=0.0144], deriv-avg=[percentiles(0,1,2,5 10,20,50,80,90 95,98,99,100)=(0.12,0.17,0.21,0.26 0.30,0.34,0.41,0.48,0.52 0.55,0.60,0.61,0.72), mean=0.409, stddev=0.0898], oderiv-rms=[percentiles(0,1,2,5 10,20,50,80,90 95,98,99,100)=(0.02,0.02,0.02,0.02 0.02,0.02,0.02,0.03,0.03 0.03,0.03,0.04,0.06), mean=0.0246, stddev=0.0043], oderiv-count=1.44864e+06
component name=tdnnf5.batchnorm type=BatchNormComponent, dim=1024, block-dim=1024, epsilon=0.001, target-rms=1, count=15069.8, test-mode=false, data-mean=[percentiles(0,1,2,5 10,20,50,80,90 95,98,99,100)=(0.01,0.02,0.03,0.03 0.04,0.05,0.06,0.07,0.08 0.08,0.09,0.10,0.13), mean=0.0575, stddev=0.0146], data-stddev=[percentiles(0,1,2,5 10,20,50,80,90 95,98,99,100)=(0.04,0.06,0.07,0.07 0.08,0.09,0.10,0.12,0.13 0.13,0.14,0.15,0.22), mean=0.104, stddev=0.0192]
component name=tdnnf5.dropout type=GeneralDropoutComponent, dim=1024, block-dim=1024, dropout-proportion=0.037037, continuous=true
component name=tdnnf5.noop type=NoOpComponent, dim=1024
component name=tdnnf6.linear type=TdnnComponent, input-dim=1024, output-dim=128, learning-rate=0.000449613, l2-regularize=0.008, max-change=0.75, orthonormal-constraint=-1, time-offsets=-3,0, linear-params-rms=0.01172, linear-params-row-norms=[percentiles(0,1,2,5 10,20,50,80,90 95,98,99,100)=(0.53,0.53,0.53,0.53 0.53,0.53,0.53,0.53,0.53 0.53,0.53,0.53,0.53), mean=0.53, stddev=0.000863], linear-params-col-norms=[percentiles(0,1,2,5 10,20,50,80,90 95,98,99,100)=(0.08,0.10,0.10,0.11 0.11,0.12,0.13,0.14,0.15 0.16,0.17,0.18,0.22), mean=0.131, stddev=0.0169], has-bias=false, rank-in=20, rank-out=64, num-samples-history=2000, update-period=4, alpha-in=4, alpha-out=4
component name=tdnnf6.affine type=TdnnComponent, input-dim=128, output-dim=1024, learning-rate=0.000449613, l2-regularize=0.008, max-change=0.75, time-offsets=0,3, linear-params-rms=0.01065, linear-params-row-norms=[percentiles(0,1,2,5 10,20,50,80,90 95,98,99,100)=(0.10,0.11,0.12,0.13 0.14,0.15,0.17,0.19,0.20 0.21,0.22,0.24,0.28), mean=0.168, stddev=0.0259], linear-params-col-norms=[percentiles(0,1,2,5 10,20,50,80,90 95,98,99,100)=(0.28,0.29,0.29,0.30 0.31,0.32,0.34,0.36,0.37 0.38,0.39,0.40,0.41), mean=0.34, stddev=0.0242], bias-{mean,stddev}=-0.02615,0.01869, rank-in=20, rank-out=80, num-samples-history=2000, update-period=4, alpha-in=4, alpha-out=4
component name=tdnnf6.relu type=RectifiedLinearComponent, dim=1024, self-repair-scale=1e-05, count=9.27e+05, self-repaired-proportion=0, value-avg=[percentiles(0,1,2,5 10,20,50,80,90 95,98,99,100)=(0.07,0.07,0.08,0.08 0.09,0.09,0.10,0.11,0.12 0.12,0.13,0.14,0.20), mean=0.102, stddev=0.0131], deriv-avg=[percentiles(0,1,2,5 10,20,50,80,90 95,98,99,100)=(0.28,0.35,0.36,0.37 0.38,0.40,0.44,0.47,0.49 0.51,0.52,0.53,0.56), mean=0.437, stddev=0.042], oderiv-rms=[percentiles(0,1,2,5 10,20,50,80,90 95,98,99,100)=(0.009,0.01,0.01,0.01 0.01,0.01,0.01,0.01,0.02 0.02,0.02,0.02,0.02), mean=0.0135, stddev=0.0017], oderiv-count=1.4871e+06
component name=tdnnf6.batchnorm type=BatchNormComponent, dim=1024, block-dim=1024, epsilon=0.001, target-rms=1, count=14557.8, test-mode=false, data-mean=[percentiles(0,1,2,5 10,20,50,80,90 95,98,99,100)=(0.07,0.07,0.08,0.08 0.09,0.09,0.10,0.11,0.12 0.12,0.13,0.14,0.22), mean=0.102, stddev=0.0135], data-stddev=[percentiles(0,1,2,5 10,20,50,80,90 95,98,99,100)=(0.11,0.14,0.14,0.15 0.16,0.16,0.18,0.19,0.20 0.21,0.23,0.24,0.41), mean=0.18, stddev=0.0211]
component name=tdnnf6.dropout type=GeneralDropoutComponent, dim=1024, block-dim=1024, dropout-proportion=0.037037, continuous=true
component name=tdnnf6.noop type=NoOpComponent, dim=1024
component name=tdnnf7.linear type=TdnnComponent, input-dim=1024, output-dim=128, learning-rate=0.000449613, l2-regularize=0.008, max-change=0.75, orthonormal-constraint=-1, time-offsets=-3,0, linear-params-rms=0.01108, linear-params-row-norms=[percentiles(0,1,2,5 10,20,50,80,90 95,98,99,100)=(0.50,0.50,0.50,0.50 0.50,0.50,0.50,0.50,0.50 0.50,0.50,0.50,0.50), mean=0.501, stddev=0.000173], linear-params-col-norms=[percentiles(0,1,2,5 10,20,50,80,90 95,98,99,100)=(0.07,0.09,0.10,0.10 0.11,0.11,0.12,0.14,0.14 0.15,0.16,0.17,0.22), mean=0.124, stddev=0.0161], has-bias=false, rank-in=20, rank-out=64, num-samples-history=2000, update-period=4, alpha-in=4, alpha-out=4
component name=tdnnf7.affine type=TdnnComponent, input-dim=128, output-dim=1024, learning-rate=0.000449613, l2-regularize=0.008, max-change=0.75, time-offsets=0,3, linear-params-rms=0.01051, linear-params-row-norms=[percentiles(0,1,2,5 10,20,50,80,90 95,98,99,100)=(0.09,0.11,0.12,0.13 0.14,0.15,0.17,0.19,0.20 0.21,0.22,0.22,0.29), mean=0.167, stddev=0.0234], linear-params-col-norms=[percentiles(0,1,2,5 10,20,50,80,90 95,98,99,100)=(0.28,0.29,0.29,0.30 0.31,0.32,0.34,0.35,0.36 0.37,0.38,0.40,0.40), mean=0.336, stddev=0.0227], bias-{mean,stddev}=-0.02798,0.01887, rank-in=20, rank-out=80, num-samples-history=2000, update-period=4, alpha-in=4, alpha-out=4
component name=tdnnf7.relu type=RectifiedLinearComponent, dim=1024, self-repair-scale=1e-05, count=9.43e+05, self-repaired-proportion=0, value-avg=[percentiles(0,1,2,5 10,20,50,80,90 95,98,99,100)=(0.05,0.07,0.08,0.08 0.09,0.09,0.10,0.11,0.12 0.12,0.13,0.14,0.19), mean=0.101, stddev=0.0135], deriv-avg=[percentiles(0,1,2,5 10,20,50,80,90 95,98,99,100)=(0.26,0.34,0.35,0.36 0.38,0.40,0.43,0.48,0.49 0.51,0.53,0.54,0.58), mean=0.436, stddev=0.0449], oderiv-rms=[percentiles(0,1,2,5 10,20,50,80,90 95,98,99,100)=(0.008,0.01,0.01,0.01 0.01,0.01,0.01,0.01,0.02 0.02,0.02,0.02,0.02), mean=0.0134, stddev=0.00178], oderiv-count=1.4231e+06
component name=tdnnf7.batchnorm type=BatchNormComponent, dim=1024, block-dim=1024, epsilon=0.001, target-rms=1, count=14045.8, test-mode=false, data-mean=[percentiles(0,1,2,5 10,20,50,80,90 95,98,99,100)=(0.05,0.07,0.08,0.08 0.09,0.09,0.10,0.11,0.12 0.12,0.13,0.14,0.19), mean=0.1, stddev=0.0137], data-stddev=[percentiles(0,1,2,5 10,20,50,80,90 95,98,99,100)=(0.11,0.14,0.14,0.15 0.16,0.16,0.18,0.19,0.20 0.21,0.22,0.23,0.34), mean=0.177, stddev=0.0194]
component name=tdnnf7.dropout type=GeneralDropoutComponent, dim=1024, block-dim=1024, dropout-proportion=0.037037, continuous=true
component name=tdnnf7.noop type=NoOpComponent, dim=1024
component name=tdnnf8.linear type=TdnnComponent, input-dim=1024, output-dim=128, learning-rate=0.000449613, l2-regularize=0.008, max-change=0.75, orthonormal-constraint=-1, time-offsets=-3,0, linear-params-rms=0.01093, linear-params-row-norms=[percentiles(0,1,2,5 10,20,50,80,90 95,98,99,100)=(0.49,0.49,0.49,0.49 0.49,0.49,0.49,0.50,0.50 0.50,0.50,0.50,0.50), mean=0.495, stddev=0.000573], linear-params-col-norms=[percentiles(0,1,2,5 10,20,50,80,90 95,98,99,100)=(0.08,0.09,0.09,0.10 0.10,0.11,0.12,0.13,0.14 0.15,0.16,0.17,0.19), mean=0.123, stddev=0.0154], has-bias=false, rank-in=20, rank-out=64, num-samples-history=2000, update-period=4, alpha-in=4, alpha-out=4
component name=tdnnf8.affine type=TdnnComponent, input-dim=128, output-dim=1024, learning-rate=0.000449613, l2-regularize=0.008, max-change=0.75, time-offsets=0,3, linear-params-rms=0.01042, linear-params-row-norms=[percentiles(0,1,2,5 10,20,50,80,90 95,98,99,100)=(0.09,0.11,0.11,0.12 0.13,0.15,0.17,0.18,0.19 0.20,0.22,0.23,0.34), mean=0.165, stddev=0.025], linear-params-col-norms=[percentiles(0,1,2,5 10,20,50,80,90 95,98,99,100)=(0.26,0.29,0.29,0.30 0.31,0.31,0.33,0.35,0.36 0.37,0.38,0.39,0.40), mean=0.333, stddev=0.0219], bias-{mean,stddev}=-0.02849,0.02083, rank-in=20, rank-out=80, num-samples-history=2000, update-period=4, alpha-in=4, alpha-out=4
component name=tdnnf8.relu type=RectifiedLinearComponent, dim=1024, self-repair-scale=1e-05, count=9.87e+05, self-repaired-proportion=0, value-avg=[percentiles(0,1,2,5 10,20,50,80,90 95,98,99,100)=(0.05,0.06,0.07,0.08 0.08,0.09,0.10,0.11,0.11 0.12,0.12,0.13,0.23), mean=0.0967, stddev=0.0142], deriv-avg=[percentiles(0,1,2,5 10,20,50,80,90 95,98,99,100)=(0.25,0.31,0.32,0.35 0.37,0.39,0.43,0.47,0.49 0.51,0.52,0.54,0.60), mean=0.43, stddev=0.0482], oderiv-rms=[percentiles(0,1,2,5 10,20,50,80,90 95,98,99,100)=(0.009,0.01,0.01,0.01 0.01,0.01,0.01,0.02,0.02 0.02,0.02,0.02,0.02), mean=0.0137, stddev=0.00195], oderiv-count=1.31949e+06
component name=tdnnf8.batchnorm type=BatchNormComponent, dim=1024, block-dim=1024, epsilon=0.001, target-rms=1, count=13533.8, test-mode=false, data-mean=[percentiles(0,1,2,5 10,20,50,80,90 95,98,99,100)=(0.05,0.06,0.07,0.07 0.08,0.08,0.10,0.11,0.11 0.12,0.12,0.13,0.23), mean=0.0959, stddev=0.0145], data-stddev=[percentiles(0,1,2,5 10,20,50,80,90 95,98,99,100)=(0.12,0.13,0.14,0.14 0.15,0.16,0.17,0.18,0.19 0.20,0.22,0.23,0.41), mean=0.172, stddev=0.0212]
component name=tdnnf8.dropout type=GeneralDropoutComponent, dim=1024, block-dim=1024, dropout-proportion=0.037037, continuous=true
component name=tdnnf8.noop type=NoOpComponent, dim=1024
component name=tdnnf9.linear type=TdnnComponent, input-dim=1024, output-dim=128, learning-rate=0.000449613, l2-regularize=0.008, max-change=0.75, orthonormal-constraint=-1, time-offsets=-3,0, linear-params-rms=0.01098, linear-params-row-norms=[percentiles(0,1,2,5 10,20,50,80,90 95,98,99,100)=(0.49,0.50,0.50,0.50 0.50,0.50,0.50,0.50,0.50 0.50,0.50,0.50,0.50), mean=0.497, stddev=0.000782], linear-params-col-norms=[percentiles(0,1,2,5 10,20,50,80,90 95,98,99,100)=(0.08,0.09,0.09,0.10 0.10,0.11,0.12,0.14,0.14 0.15,0.16,0.17,0.22), mean=0.123, stddev=0.0162], has-bias=false, rank-in=20, rank-out=64, num-samples-history=2000, update-period=4, alpha-in=4, alpha-out=4
component name=tdnnf9.affine type=TdnnComponent, input-dim=128, output-dim=1024, learning-rate=0.000449613, l2-regularize=0.008, max-change=0.75, time-offsets=0,3, linear-params-rms=0.0104, linear-params-row-norms=[percentiles(0,1,2,5 10,20,50,80,90 95,98,99,100)=(0.07,0.10,0.11,0.12 0.13,0.14,0.16,0.18,0.20 0.21,0.22,0.23,0.29), mean=0.164, stddev=0.0267], linear-params-col-norms=[percentiles(0,1,2,5 10,20,50,80,90 95,98,99,100)=(0.27,0.28,0.29,0.29 0.30,0.31,0.33,0.35,0.36 0.37,0.39,0.39,0.40), mean=0.332, stddev=0.0238], bias-{mean,stddev}=-0.02845,0.02267, rank-in=20, rank-out=80, num-samples-history=2000, update-period=4, alpha-in=4, alpha-out=4
component name=tdnnf9.relu type=RectifiedLinearComponent, dim=1024, self-repair-scale=1e-05, count=9.14e+05, self-repaired-proportion=0, value-avg=[percentiles(0,1,2,5 10,20,50,80,90 95,98,99,100)=(0.03,0.06,0.06,0.07 0.08,0.08,0.09,0.11,0.11 0.12,0.13,0.14,0.16), mean=0.0946, stddev=0.0156], deriv-avg=[percentiles(0,1,2,5 10,20,50,80,90 95,98,99,100)=(0.19,0.27,0.30,0.34 0.36,0.38,0.42,0.47,0.49 0.50,0.53,0.53,0.58), mean=0.422, stddev=0.0531], oderiv-rms=[percentiles(0,1,2,5 10,20,50,80,90 95,98,99,100)=(0.008,0.01,0.01,0.01 0.01,0.01,0.01,0.02,0.02 0.02,0.02,0.02,0.03), mean=0.0137, stddev=0.00215], oderiv-count=1.37498e+06
component name=tdnnf9.batchnorm type=BatchNormComponent, dim=1024, block-dim=1024, epsilon=0.001, target-rms=1, count=13021.8, test-mode=false, data-mean=[percentiles(0,1,2,5 10,20,50,80,90 95,98,99,100)=(0.03,0.06,0.06,0.07 0.08,0.08,0.09,0.11,0.11 0.12,0.13,0.13,0.16), mean=0.0951, stddev=0.016], data-stddev=[percentiles(0,1,2,5 10,20,50,80,90 95,98,99,100)=(0.11,0.13,0.13,0.14 0.15,0.16,0.17,0.19,0.20 0.21,0.22,0.23,0.36), mean=0.172, stddev=0.0221]
component name=tdnnf9.dropout type=GeneralDropoutComponent, dim=1024, block-dim=1024, dropout-proportion=0.037037, continuous=true
component name=tdnnf9.noop type=NoOpComponent, dim=1024
component name=tdnnf10.linear type=TdnnComponent, input-dim=1024, output-dim=128, learning-rate=0.000449613, l2-regularize=0.008, max-change=0.75, orthonormal-constraint=-1, time-offsets=-3,0, linear-params-rms=0.01108, linear-params-row-norms=[percentiles(0,1,2,5 10,20,50,80,90 95,98,99,100)=(0.50,0.50,0.50,0.50 0.50,0.50,0.50,0.50,0.50 0.50,0.50,0.50,0.51), mean=0.501, stddev=0.00158], linear-params-col-norms=[percentiles(0,1,2,5 10,20,50,80,90 95,98,99,100)=(0.08,0.09,0.09,0.10 0.10,0.11,0.12,0.14,0.15 0.16,0.17,0.18,0.24), mean=0.124, stddev=0.0179], has-bias=false, rank-in=20, rank-out=64, num-samples-history=2000, update-period=4, alpha-in=4, alpha-out=4
component name=tdnnf10.affine type=TdnnComponent, input-dim=128, output-dim=1024, learning-rate=0.000449613, l2-regularize=0.008, max-change=0.75, time-offsets=0,3, linear-params-rms=0.01041, linear-params-row-norms=[percentiles(0,1,2,5 10,20,50,80,90 95,98,99,100)=(0.07,0.09,0.10,0.11 0.13,0.14,0.16,0.19,0.20 0.21,0.22,0.23,0.30), mean=0.164, stddev=0.0279], linear-params-col-norms=[percentiles(0,1,2,5 10,20,50,80,90 95,98,99,100)=(0.27,0.28,0.29,0.30 0.30,0.31,0.33,0.35,0.36 0.37,0.38,0.39,0.42), mean=0.332, stddev=0.0238], bias-{mean,stddev}=-0.02566,0.02247, rank-in=20, rank-out=80, num-samples-history=2000, update-period=4, alpha-in=4, alpha-out=4
component name=tdnnf10.relu type=RectifiedLinearComponent, dim=1024, self-repair-scale=1e-05, count=7.91e+05, self-repaired-proportion=0, value-avg=[percentiles(0,1,2,5 10,20,50,80,90 95,98,99,100)=(0.03,0.05,0.06,0.06 0.07,0.08,0.09,0.11,0.12 0.12,0.13,0.14,0.17), mean=0.0948, stddev=0.0179], deriv-avg=[percentiles(0,1,2,5 10,20,50,80,90 95,98,99,100)=(0.21,0.26,0.27,0.32 0.34,0.37,0.42,0.46,0.49 0.50,0.52,0.54,0.57), mean=0.415, stddev=0.057], oderiv-rms=[percentiles(0,1,2,5 10,20,50,80,90 95,98,99,100)=(0.009,0.01,0.01,0.01 0.01,0.01,0.01,0.01,0.02 0.02,0.02,0.02,0.02), mean=0.0135, stddev=0.00212], oderiv-count=1.23066e+06
component name=tdnnf10.batchnorm type=BatchNormComponent, dim=1024, block-dim=1024, epsilon=0.001, target-rms=1, count=12509.8, test-mode=false, data-mean=[percentiles(0,1,2,5 10,20,50,80,90 95,98,99,100)=(0.03,0.05,0.06,0.06 0.07,0.08,0.09,0.11,0.12 0.12,0.13,0.15,0.17), mean=0.0946, stddev=0.0183], data-stddev=[percentiles(0,1,2,5 10,20,50,80,90 95,98,99,100)=(0.11,0.13,0.13,0.14 0.15,0.16,0.17,0.19,0.20 0.21,0.22,0.23,0.42), mean=0.174, stddev=0.0227]
component name=tdnnf10.dropout type=GeneralDropoutComponent, dim=1024, block-dim=1024, dropout-proportion=0.037037, continuous=true
component name=tdnnf10.noop type=NoOpComponent, dim=1024
component name=tdnnf11.linear type=TdnnComponent, input-dim=1024, output-dim=128, learning-rate=0.000449613, l2-regularize=0.008, max-change=0.75, orthonormal-constraint=-1, time-offsets=-3,0, linear-params-rms=0.01152, linear-params-row-norms=[percentiles(0,1,2,5 10,20,50,80,90 95,98,99,100)=(0.52,0.52,0.52,0.52 0.52,0.52,0.52,0.52,0.52 0.52,0.52,0.52,0.53), mean=0.521, stddev=0.0013], linear-params-col-norms=[percentiles(0,1,2,5 10,20,50,80,90 95,98,99,100)=(0.08,0.09,0.10,0.10 0.11,0.11,0.13,0.14,0.15 0.17,0.18,0.20,0.24), mean=0.129, stddev=0.0203], has-bias=false, rank-in=20, rank-out=64, num-samples-history=2000, update-period=4, alpha-in=4, alpha-out=4
component name=tdnnf11.affine type=TdnnComponent, input-dim=128, output-dim=1024, learning-rate=0.000449613, l2-regularize=0.008, max-change=0.75, time-offsets=0,3, linear-params-rms=0.01068, linear-params-row-norms=[percentiles(0,1,2,5 10,20,50,80,90 95,98,99,100)=(0.07,0.09,0.10,0.11 0.13,0.15,0.17,0.19,0.20 0.21,0.23,0.24,0.39), mean=0.168, stddev=0.0302], linear-params-col-norms=[percentiles(0,1,2,5 10,20,50,80,90 95,98,99,100)=(0.28,0.29,0.29,0.30 0.31,0.32,0.34,0.36,0.37 0.38,0.39,0.40,0.65), mean=0.34, stddev=0.0305], bias-{mean,stddev}=-0.02223,0.0207, rank-in=20, rank-out=80, num-samples-history=2000, update-period=4, alpha-in=4, alpha-out=4
component name=tdnnf11.relu type=RectifiedLinearComponent, dim=1024, self-repair-scale=1e-05, count=8.34e+05, self-repaired-proportion=0, value-avg=[percentiles(0,1,2,5 10,20,50,80,90 95,98,99,100)=(0.04,0.05,0.06,0.07 0.07,0.08,0.10,0.11,0.12 0.13,0.14,0.15,0.24), mean=0.0984, stddev=0.0194], deriv-avg=[percentiles(0,1,2,5 10,20,50,80,90 95,98,99,100)=(0.21,0.26,0.29,0.32 0.34,0.37,0.41,0.45,0.48 0.50,0.52,0.54,0.59), mean=0.411, stddev=0.0549], oderiv-rms=[percentiles(0,1,2,5 10,20,50,80,90 95,98,99,100)=(0.007,0.009,0.01,0.01 0.01,0.01,0.01,0.01,0.02 0.02,0.02,0.02,0.02), mean=0.0129, stddev=0.00194], oderiv-count=1.16141e+06
component name=tdnnf11.batchnorm type=BatchNormComponent, dim=1024, block-dim=1024, epsilon=0.001, target-rms=1, count=11997.8, test-mode=false, data-mean=[percentiles(0,1,2,5 10,20,50,80,90 95,98,99,100)=(0.04,0.05,0.06,0.07 0.07,0.08,0.10,0.11,0.12 0.13,0.14,0.15,0.24), mean=0.0983, stddev=0.0199], data-stddev=[percentiles(0,1,2,5 10,20,50,80,90 95,98,99,100)=(0.12,0.14,0.15,0.15 0.16,0.17,0.18,0.20,0.21 0.22,0.23,0.24,0.37), mean=0.184, stddev=0.0224]
component name=tdnnf11.dropout type=GeneralDropoutComponent, dim=1024, block-dim=1024, dropout-proportion=0.037037, continuous=true
component name=tdnnf11.noop type=NoOpComponent, dim=1024
component name=tdnnf12.linear type=TdnnComponent, input-dim=1024, output-dim=128, learning-rate=0.000449613, l2-regularize=0.008, max-change=0.75, orthonormal-constraint=-1, time-offsets=-3,0, linear-params-rms=0.01176, linear-params-row-norms=[percentiles(0,1,2,5 10,20,50,80,90 95,98,99,100)=(0.53,0.53,0.53,0.53 0.53,0.53,0.53,0.53,0.53 0.53,0.53,0.53,0.53), mean=0.532, stddev=0.000828], linear-params-col-norms=[percentiles(0,1,2,5 10,20,50,80,90 95,98,99,100)=(0.08,0.09,0.10,0.10 0.11,0.11,0.13,0.15,0.16 0.17,0.19,0.20,0.25), mean=0.131, stddev=0.0232], has-bias=false, rank-in=20, rank-out=64, num-samples-history=2000, update-period=4, alpha-in=4, alpha-out=4
component name=tdnnf12.affine type=TdnnComponent, input-dim=128, output-dim=1024, learning-rate=0.000449613, l2-regularize=0.008, max-change=0.75, time-offsets=0,3, linear-params-rms=0.01125, linear-params-row-norms=[percentiles(0,1,2,5 10,20,50,80,90 95,98,99,100)=(0.07,0.11,0.11,0.13 0.14,0.16,0.18,0.20,0.21 0.22,0.23,0.25,0.29), mean=0.178, stddev=0.0276], linear-params-col-norms=[percentiles(0,1,2,5 10,20,50,80,90 95,98,99,100)=(0.29,0.30,0.30,0.32 0.33,0.34,0.36,0.38,0.39 0.40,0.41,0.42,0.44), mean=0.359, stddev=0.0255], bias-{mean,stddev}=-0.02007,0.01898, rank-in=20, rank-out=80, num-samples-history=2000, update-period=4, alpha-in=4, alpha-out=4
component name=tdnnf12.relu type=RectifiedLinearComponent, dim=1024, self-repair-scale=1e-05, count=7.18e+05, self-repaired-proportion=0, value-avg=[percentiles(0,1,2,5 10,20,50,80,90 95,98,99,100)=(0.04,0.06,0.07,0.08 0.09,0.09,0.11,0.12,0.13 0.14,0.15,0.15,0.25), mean=0.109, stddev=0.0189], deriv-avg=[percentiles(0,1,2,5 10,20,50,80,90 95,98,99,100)=(0.22,0.27,0.28,0.33 0.36,0.38,0.42,0.46,0.48 0.50,0.52,0.53,0.56), mean=0.42, stddev=0.0525], oderiv-rms=[percentiles(0,1,2,5 10,20,50,80,90 95,98,99,100)=(0.009,0.01,0.01,0.01 0.01,0.01,0.01,0.01,0.01 0.02,0.02,0.02,0.03), mean=0.0127, stddev=0.00178], oderiv-count=1.1689e+06
component name=tdnnf12.batchnorm type=BatchNormComponent, dim=1024, block-dim=1024, epsilon=0.001, target-rms=1, count=11485.8, test-mode=false, data-mean=[percentiles(0,1,2,5 10,20,50,80,90 95,98,99,100)=(0.03,0.06,0.07,0.08 0.09,0.09,0.11,0.12,0.13 0.14,0.15,0.16,0.22), mean=0.109, stddev=0.0198], data-stddev=[percentiles(0,1,2,5 10,20,50,80,90 95,98,99,100)=(0.13,0.15,0.16,0.17 0.17,0.18,0.20,0.22,0.23 0.23,0.25,0.26,0.39), mean=0.199, stddev=0.022]
component name=tdnnf12.dropout type=GeneralDropoutComponent, dim=1024, block-dim=1024, dropout-proportion=0.037037, continuous=true
component name=tdnnf12.noop type=NoOpComponent, dim=1024
component name=tdnnf13.linear type=TdnnComponent, input-dim=1024, output-dim=128, learning-rate=0.000449613, l2-regularize=0.008, max-change=0.75, orthonormal-constraint=-1, time-offsets=-3,0, linear-params-rms=0.01124, linear-params-row-norms=[percentiles(0,1,2,5 10,20,50,80,90 95,98,99,100)=(0.51,0.51,0.51,0.51 0.51,0.51,0.51,0.51,0.51 0.51,0.51,0.51,0.51), mean=0.508, stddev=0.000546], linear-params-col-norms=[percentiles(0,1,2,5 10,20,50,80,90 95,98,99,100)=(0.08,0.09,0.09,0.10 0.10,0.11,0.12,0.14,0.16 0.17,0.19,0.21,0.27), mean=0.125, stddev=0.0249], has-bias=false, rank-in=20, rank-out=64, num-samples-history=2000, update-period=4, alpha-in=4, alpha-out=4
component name=tdnnf13.affine type=TdnnComponent, input-dim=128, output-dim=1024, learning-rate=0.000449613, l2-regularize=0.008, max-change=0.75, time-offsets=0,3, linear-params-rms=0.01168, linear-params-row-norms=[percentiles(0,1,2,5 10,20,50,80,90 95,98,99,100)=(0.09,0.12,0.13,0.13 0.14,0.16,0.18,0.21,0.22 0.23,0.25,0.26,0.30), mean=0.184, stddev=0.0312], linear-params-col-norms=[percentiles(0,1,2,5 10,20,50,80,90 95,98,99,100)=(0.31,0.33,0.33,0.34 0.34,0.35,0.37,0.39,0.40 0.41,0.42,0.43,0.44), mean=0.373, stddev=0.0223], bias-{mean,stddev}=-0.01978,0.01697, rank-in=20, rank-out=80, num-samples-history=2000, update-period=4, alpha-in=4, alpha-out=4
component name=tdnnf13.relu type=RectifiedLinearComponent, dim=1024, self-repair-scale=1e-05, count=7.61e+05, self-repaired-proportion=0, value-avg=[percentiles(0,1,2,5 10,20,50,80,90 95,98,99,100)=(0.03,0.06,0.07,0.08 0.08,0.09,0.11,0.13,0.14 0.15,0.16,0.16,0.24), mean=0.108, stddev=0.0221], deriv-avg=[percentiles(0,1,2,5 10,20,50,80,90 95,98,99,100)=(0.16,0.28,0.30,0.32 0.34,0.37,0.41,0.45,0.47 0.49,0.51,0.53,0.57), mean=0.406, stddev=0.0513], oderiv-rms=[percentiles(0,1,2,5 10,20,50,80,90 95,98,99,100)=(0.01,0.01,0.01,0.01 0.01,0.01,0.01,0.02,0.02 0.02,0.02,0.02,0.03), mean=0.0149, stddev=0.00214], oderiv-count=1.14899e+06
component name=tdnnf13.batchnorm type=BatchNormComponent, dim=1024, block-dim=1024, epsilon=0.001, target-rms=1, count=10973.8, test-mode=false, data-mean=[percentiles(0,1,2,5 10,20,50,80,90 95,98,99,100)=(0.03,0.06,0.06,0.07 0.08,0.09,0.10,0.12,0.14 0.15,0.16,0.16,0.21), mean=0.106, stddev=0.0232], data-stddev=[percentiles(0,1,2,5 10,20,50,80,90 95,98,99,100)=(0.10,0.15,0.16,0.17 0.18,0.19,0.21,0.23,0.24 0.25,0.27,0.28,0.35), mean=0.207, stddev=0.0257]
component name=tdnnf13.dropout type=GeneralDropoutComponent, dim=1024, block-dim=1024, dropout-proportion=0.037037, continuous=true
component name=tdnnf13.noop type=NoOpComponent, dim=1024
component name=prefinal-l type=LinearComponent, input-dim=1024, output-dim=256, learning-rate=0.000449613, l2-regularize=0.008, max-change=0.75, params-rms=0.01719, params-row-norms=[percentiles(0,1,2,5 10,20,50,80,90 95,98,99,100)=(0.55,0.55,0.55,0.55 0.55,0.55,0.55,0.55,0.55 0.55,0.55,0.55,0.56), mean=0.55, stddev=0.00131], params-col-norms=[percentiles(0,1,2,5 10,20,50,80,90 95,98,99,100)=(0.21,0.23,0.23,0.24 0.25,0.25,0.27,0.29,0.30 0.31,0.33,0.34,0.39), mean=0.274, stddev=0.0238], orthonormal-constraint=-1, use-natural-gradient=true, rank-in=20, rank-out=80, num-samples-history=2000, update-period=4, alpha=4
component name=prefinal-chain.affine type=NaturalGradientAffineComponent, input-dim=256, output-dim=1024, learning-rate=0.000449613, l2-regularize=0.008, max-change=0.75, linear-params-rms=0.01178, linear-params-row-norms=[percentiles(0,1,2,5 10,20,50,80,90 95,98,99,100)=(0.07,0.13,0.14,0.15 0.16,0.17,0.18,0.21,0.22 0.23,0.25,0.26,0.33), mean=0.187, stddev=0.0258], linear-params-col-norms=[percentiles(0,1,2,5 10,20,50,80,90 95,98,99,100)=(0.33,0.34,0.34,0.35 0.35,0.36,0.37,0.39,0.40 0.41,0.41,0.42,0.43), mean=0.376, stddev=0.0191], bias-{mean,stddev}=-0.03125,0.02454, rank-in=20, rank-out=80, num-samples-history=2000, update-period=4, alpha=4
component name=prefinal-chain.relu type=RectifiedLinearComponent, dim=1024, self-repair-scale=1e-05, count=7.03e+05, self-repaired-proportion=0, value-avg=[percentiles(0,1,2,5 10,20,50,80,90 95,98,99,100)=(0.02,0.04,0.04,0.05 0.06,0.06,0.08,0.09,0.09 0.10,0.10,0.11,0.13), mean=0.0751, stddev=0.0145], deriv-avg=[percentiles(0,1,2,5 10,20,50,80,90 95,98,99,100)=(0.12,0.22,0.24,0.27 0.30,0.34,0.40,0.45,0.48 0.50,0.52,0.53,0.56), mean=0.395, stddev=0.0678], oderiv-rms=[percentiles(0,1,2,5 10,20,50,80,90 95,98,99,100)=(0.01,0.02,0.02,0.02 0.02,0.02,0.02,0.02,0.02 0.02,0.03,0.03,0.06), mean=0.0194, stddev=0.00265], oderiv-count=1.08922e+06
component name=prefinal-chain.batchnorm1 type=BatchNormComponent, dim=1024, block-dim=1024, epsilon=0.001, target-rms=1, count=10973.8, test-mode=false, data-mean=[percentiles(0,1,2,5 10,20,50,80,90 95,98,99,100)=(0.02,0.04,0.04,0.05 0.06,0.06,0.08,0.09,0.09 0.10,0.11,0.11,0.13), mean=0.0757, stddev=0.015], data-stddev=[percentiles(0,1,2,5 10,20,50,80,90 95,98,99,100)=(0.08,0.11,0.11,0.12 0.13,0.13,0.14,0.15,0.16 0.16,0.17,0.17,0.19), mean=0.142, stddev=0.0132]
component name=prefinal-chain.linear type=LinearComponent, input-dim=1024, output-dim=256, learning-rate=0.000449613, l2-regularize=0.008, max-change=0.75, params-rms=0.01504, params-row-norms=[percentiles(0,1,2,5 10,20,50,80,90 95,98,99,100)=(0.48,0.48,0.48,0.48 0.48,0.48,0.48,0.48,0.48 0.48,0.48,0.48,0.48), mean=0.481, stddev=0.000828], params-col-norms=[percentiles(0,1,2,5 10,20,50,80,90 95,98,99,100)=(0.17,0.19,0.19,0.20 0.21,0.22,0.24,0.26,0.27 0.28,0.29,0.30,0.38), mean=0.239, stddev=0.0247], orthonormal-constraint=-1, use-natural-gradient=true, rank-in=20, rank-out=80, num-samples-history=2000, update-period=4, alpha=4
component name=prefinal-chain.batchnorm2 type=BatchNormComponent, dim=256, block-dim=256, epsilon=0.001, target-rms=1, count=10973.8, test-mode=false, data-mean=[percentiles(0,1,2,5 10,20,50,80,90 95,98,99,100)=(-7e-08,-6e-08,-5e-08,-4e-08 -3e-08,-2e-08,-7e-10,2e-08,3e-08 4e-08,5e-08,6e-08,7e-08), mean=8.3e-10, stddev=2.43e-08], data-stddev=[percentiles(0,1,2,5 10,20,50,80,90 95,98,99,100)=(0.61,0.63,0.64,0.64 0.66,0.67,0.70,0.73,0.75 0.76,0.77,0.80,0.84), mean=0.703, stddev=0.0363]
component name=output.affine type=NaturalGradientAffineComponent, input-dim=256, output-dim=2824, learning-rate=0.000449613, l2-regularize=0.002, max-change=1.5, linear-params-rms=0.02065, linear-params-row-norms=[percentiles(0,1,2,5 10,20,50,80,90 95,98,99,100)=(0.001,0.02,0.07,0.18 0.23,0.27,0.32,0.38,0.42 0.45,0.49,0.51,0.92), mean=0.319, stddev=0.0857], linear-params-col-norms=[percentiles(0,1,2,5 10,20,50,80,90 95,98,99,100)=(0.92,0.97,0.99,1.0 1.0,1.1,1.1,1.1,1.2 1.2,1.2,1.2,1.3), mean=1.1, stddev=0.0567], bias-{mean,stddev}=0.0002985,0.05941, rank-in=20, rank-out=80, num-samples-history=2000, update-period=4, alpha=4
component name=prefinal-xent.affine type=NaturalGradientAffineComponent, input-dim=256, output-dim=1024, learning-rate=0.000449613, l2-regularize=0.008, max-change=0.75, linear-params-rms=0.008117, linear-params-row-norms=[percentiles(0,1,2,5 10,20,50,80,90 95,98,99,100)=(0.004,0.03,0.03,0.06 0.08,0.10,0.13,0.15,0.16 0.17,0.18,0.18,0.22), mean=0.125, stddev=0.0339], linear-params-col-norms=[percentiles(0,1,2,5 10,20,50,80,90 95,98,99,100)=(0.22,0.23,0.24,0.24 0.24,0.25,0.26,0.27,0.28 0.29,0.30,0.31,0.33), mean=0.259, stddev=0.0162], bias-{mean,stddev}=-0.05363,0.0537, rank-in=20, rank-out=80, num-samples-history=2000, update-period=4, alpha=4
component name=prefinal-xent.relu type=RectifiedLinearComponent, dim=1024, self-repair-scale=1e-05, count=7.44e+05, self-repaired-proportion=0.00933239, value-avg=[percentiles(0,1,2,5 10,20,50,80,90 95,98,99,100)=(2e-05,0.005,0.005,0.007 0.01,0.01,0.03,0.05,0.07 0.09,0.10,0.11,0.16), mean=0.0369, stddev=0.0258], deriv-avg=[percentiles(0,1,2,5 10,20,50,80,90 95,98,99,100)=(0.02,0.05,0.06,0.07 0.10,0.13,0.27,0.43,0.51 0.63,0.73,0.74,0.79), mean=0.292, stddev=0.17], oderiv-rms=[percentiles(0,1,2,5 10,20,50,80,90 95,98,99,100)=(0.004,0.006,0.007,0.008 0.009,0.01,0.01,0.02,0.02 0.02,0.02,0.02,0.03), mean=0.0135, stddev=0.00387], oderiv-count=1.11213e+06
component name=prefinal-xent.batchnorm1 type=BatchNormComponent, dim=1024, block-dim=1024, epsilon=0.001, target-rms=1, count=10973.8, test-mode=false, data-mean=[percentiles(0,1,2,5 10,20,50,80,90 95,98,99,100)=(3e-06,0.004,0.005,0.007 0.01,0.01,0.03,0.05,0.07 0.09,0.10,0.11,0.16), mean=0.0362, stddev=0.0258], data-stddev=[percentiles(0,1,2,5 10,20,50,80,90 95,98,99,100)=(7e-05,0.02,0.03,0.04 0.04,0.05,0.07,0.09,0.10 0.10,0.11,0.12,0.22), mean=0.0711, stddev=0.0218]
component name=prefinal-xent.linear type=LinearComponent, input-dim=1024, output-dim=256, learning-rate=0.000449613, l2-regularize=0.008, max-change=0.75, params-rms=0.009792, params-row-norms=[percentiles(0,1,2,5 10,20,50,80,90 95,98,99,100)=(0.31,0.31,0.31,0.31 0.31,0.31,0.31,0.31,0.31 0.31,0.31,0.31,0.31), mean=0.313, stddev=0.000386], params-col-norms=[percentiles(0,1,2,5 10,20,50,80,90 95,98,99,100)=(0.08,0.10,0.10,0.11 0.11,0.12,0.14,0.17,0.21 0.27,0.28,0.29,0.31), mean=0.15, stddev=0.0437], orthonormal-constraint=-1, use-natural-gradient=true, rank-in=20, rank-out=80, num-samples-history=2000, update-period=4, alpha=4
component name=prefinal-xent.batchnorm2 type=BatchNormComponent, dim=256, block-dim=256, epsilon=0.001, target-rms=1, count=10973.8, test-mode=false, data-mean=[percentiles(0,1,2,5 10,20,50,80,90 95,98,99,100)=(-6e-08,-3e-08,-3e-08,-2e-08 -2e-08,-1e-08,-2e-09,1e-08,2e-08 2e-08,3e-08,3e-08,4e-08), mean=-1.74e-09, stddev=1.38e-08], data-stddev=[percentiles(0,1,2,5 10,20,50,80,90 95,98,99,100)=(0.29,0.30,0.31,0.31 0.32,0.32,0.34,0.35,0.35 0.36,0.37,0.38,0.38), mean=0.335, stddev=0.0158]
component name=output-xent.affine type=NaturalGradientAffineComponent, input-dim=256, output-dim=2824, learning-rate=0.00224807, l2-regularize=0.002, learning-rate-factor=5, max-change=1.5, linear-params-rms=0.03426, linear-params-row-norms=[percentiles(0,1,2,5 10,20,50,80,90 95,98,99,100)=(0.02,0.02,0.03,0.09 0.16,0.30,0.52,0.69,0.78 0.85,0.91,0.93,1.3), mean=0.501, stddev=0.223], linear-params-col-norms=[percentiles(0,1,2,5 10,20,50,80,90 95,98,99,100)=(1.5,1.6,1.6,1.7 1.7,1.8,1.8,1.9,1.9 1.9,1.9,2.0,2.0), mean=1.82, stddev=0.0841], bias-{mean,stddev}=2.646e-09,0.06506, rank-in=20, rank-out=80, num-samples-history=2000, update-period=4, alpha=4
component name=output-xent.log-softmax type=LogSoftmaxComponent, dim=2824, oderiv-rms=[percentiles(0,1,2,5 10,20,50,80,90 95,98,99,100)=(0,6e-09,4e-05,0.0002 0.0003,0.0004,0.0008,0.001,0.002 0.003,0.004,0.004,0.04), mean=0.00103, stddev=0.00116], oderiv-count=1.11213e+06
nnet3-show-progress --use-gpu=no telugu_exp/chain_cleaned_1d/tdnn1d_sp/30.mdl telugu_exp/chain_cleaned_1d/tdnn1d_sp/31.mdl 
LOG (nnet3-show-progress[5.5.1035~1-3dd90]:SelectGpuId():cu-device.cc:168) Manually selected to compute on CPU.
LOG (nnet3-show-progress[5.5.1035~1-3dd90]:main():nnet3-show-progress.cc:143) Parameter differences per layer are [ tdnn1.affine:5.92278 tdnnf2.linear:3.34748 tdnnf2.affine:3.4916 tdnnf3.linear:2.5754 tdnnf3.affine:2.88533 tdnnf4.linear:2.38551 tdnnf4.affine:2.72108 tdnnf5.linear:1.8895 tdnnf5.affine:2.12709 tdnnf6.linear:2.28824 tdnnf6.affine:2.63596 tdnnf7.linear:2.10512 tdnnf7.affine:2.49668 tdnnf8.linear:2.03268 tdnnf8.affine:2.42403 tdnnf9.linear:2.00908 tdnnf9.affine:2.36925 tdnnf10.linear:1.9722 tdnnf10.affine:2.31542 tdnnf11.linear:1.93733 tdnnf11.affine:2.28874 tdnnf12.linear:1.89012 tdnnf12.affine:2.34181 tdnnf13.linear:1.89185 tdnnf13.affine:2.51726 prefinal-l:2.54987 prefinal-chain.affine:2.80239 prefinal-chain.linear:2.22928 output.affine:3.24997 prefinal-xent.affine:1.54535 prefinal-xent.linear:1.02135 output-xent.affine:2.52644 ]
LOG (nnet3-show-progress[5.5.1035~1-3dd90]:main():nnet3-show-progress.cc:153) Norms of parameter matrices from <new-nnet-in> are [ tdnn1.affine:12.5858 tdnnf2.linear:8.7268 tdnnf2.affine:7.47913 tdnnf3.linear:6.52046 tdnnf3.affine:5.86028 tdnnf4.linear:5.89616 tdnnf4.affine:5.40118 tdnnf5.linear:3.87703 tdnnf5.affine:4.03784 tdnnf6.linear:5.99869 tdnnf6.affine:5.54894 tdnnf7.linear:5.67329 tdnnf7.affine:5.48941 tdnnf8.linear:5.59597 tdnnf8.affine:5.45507 tdnnf9.linear:5.62387 tdnnf9.affine:5.45179 tdnnf10.linear:5.67242 tdnnf10.affine:5.44104 tdnnf11.linear:5.89918 tdnnf11.affine:5.55441 tdnnf12.linear:6.02189 tdnnf12.affine:5.82721 tdnnf13.linear:5.7526 tdnnf13.affine:6.03736 prefinal-l:8.80132 prefinal-chain.affine:6.16247 prefinal-chain.linear:7.70103 output.affine:17.8411 prefinal-xent.affine:4.81343 prefinal-xent.linear:5.01356 output-xent.affine:29.3342 ]
LOG (nnet3-show-progress[5.5.1035~1-3dd90]:main():nnet3-show-progress.cc:157) Relative parameter differences per layer are [ tdnn1.affine:0.470897 tdnnf2.linear:0.384257 tdnnf2.affine:0.468011 tdnnf3.linear:0.394162 tdnnf3.affine:0.492644 tdnnf4.linear:0.40472 tdnnf4.affine:0.503057 tdnnf5.linear:0.484985 tdnnf5.affine:0.523495 tdnnf6.linear:0.381265 tdnnf6.affine:0.47465 tdnnf7.linear:0.370498 tdnnf7.affine:0.453914 tdnnf8.linear:0.361519 tdnnf8.affine:0.443397 tdnnf9.linear:0.356589 tdnnf9.affine:0.434164 tdnnf10.linear:0.346769 tdnnf10.affine:0.425367 tdnnf11.linear:0.327038 tdnnf11.affine:0.410509 tdnnf12.linear:0.312884 tdnnf12.affine:0.402324 tdnnf13.linear:0.32813 tdnnf13.affine:0.417076 prefinal-l:0.290207 prefinal-chain.affine:0.454422 prefinal-chain.linear:0.288363 output.affine:0.181952 prefinal-xent.affine:0.320306 prefinal-xent.linear:0.202798 output-xent.affine:0.0861744 ]
# Accounting: time=0 threads=1
# Ended (code 0) at Thu Jul 21 13:38:55 EDT 2022, elapsed time 0 seconds
