# nnet3-chain-compute-prob --l2-regularize=0.0 --leaky-hmm-coefficient=0.1 --xent-regularize=0.1 telugu_exp/chain_cleaned_1d/tdnn1d_sp/76.mdl telugu_exp/chain_cleaned_1d/tdnn1d_sp/den.fst "ark,bg:nnet3-chain-copy-egs  ark:telugu_exp/chain_cleaned_1d/tdnn1d_sp/egs/train_diagnostic.cegs                     ark:- | nnet3-chain-merge-egs --minibatch-size=1:64 ark:- ark:- |" 
# Started at Tue Jul 19 18:09:43 EDT 2022
#
nnet3-chain-compute-prob --l2-regularize=0.0 --leaky-hmm-coefficient=0.1 --xent-regularize=0.1 telugu_exp/chain_cleaned_1d/tdnn1d_sp/76.mdl telugu_exp/chain_cleaned_1d/tdnn1d_sp/den.fst 'ark,bg:nnet3-chain-copy-egs  ark:telugu_exp/chain_cleaned_1d/tdnn1d_sp/egs/train_diagnostic.cegs                     ark:- | nnet3-chain-merge-egs --minibatch-size=1:64 ark:- ark:- |' 
nnet3-chain-copy-egs ark:telugu_exp/chain_cleaned_1d/tdnn1d_sp/egs/train_diagnostic.cegs ark:- 
nnet3-chain-merge-egs --minibatch-size=1:64 ark:- ark:- 
LOG (nnet3-chain-compute-prob[5.5.1035~1-3dd90]:ComputeChainObjfAndDerivE2e():chain-training.cc:162) Numerator objf: 1.35172
LOG (nnet3-chain-compute-prob[5.5.1035~1-3dd90]:ComputeChainObjfAndDerivE2e():chain-training.cc:162) Numerator objf: 1.33986
LOG (nnet3-chain-compute-prob[5.5.1035~1-3dd90]:ComputeChainObjfAndDerivE2e():chain-training.cc:162) Numerator objf: 1.36926
LOG (nnet3-chain-copy-egs[5.5.1035~1-3dd90]:main():nnet3-chain-copy-egs.cc:395) Read 400 neural-network training examples, wrote 400
LOG (nnet3-chain-compute-prob[5.5.1035~1-3dd90]:ComputeChainObjfAndDerivE2e():chain-training.cc:162) Numerator objf: 1.33122
LOG (nnet3-chain-compute-prob[5.5.1035~1-3dd90]:ComputeChainObjfAndDerivE2e():chain-training.cc:162) Numerator objf: 1.40926
LOG (nnet3-chain-compute-prob[5.5.1035~1-3dd90]:ComputeChainObjfAndDerivE2e():chain-training.cc:162) Numerator objf: 1.32818
LOG (nnet3-chain-merge-egs[5.5.1035~1-3dd90]:PrintSpecificStats():nnet-example-utils.cc:1159) Merged specific eg types as follows [format: <eg-size1>={<mb-size1>-><num-minibatches1>,<mbsize2>-><num-minibatches2>.../d=<num-discarded>},<egs-size2>={...},... (note,egs-size == number of input frames including context).
LOG (nnet3-chain-merge-egs[5.5.1035~1-3dd90]:PrintSpecificStats():nnet-example-utils.cc:1189) 160={23->1,64->1,d=0},169={13->1,64->1,d=0},208={44->1,64->3,d=0}
LOG (nnet3-chain-merge-egs[5.5.1035~1-3dd90]:PrintAggregateStats():nnet-example-utils.cc:1155) Processed 400 egs of avg. size 190.1 into 8 minibatches, discarding 0% of egs.  Avg minibatch size was 50, #distinct types of egs/minibatches was 3/6
LOG (nnet3-chain-compute-prob[5.5.1035~1-3dd90]:ComputeChainObjfAndDerivE2e():chain-training.cc:162) Numerator objf: 1.46278
LOG (nnet3-chain-compute-prob[5.5.1035~1-3dd90]:ComputeChainObjfAndDerivE2e():chain-training.cc:162) Numerator objf: 1.36191
LOG (nnet3-chain-compute-prob[5.5.1035~1-3dd90]:PrintTotalStats():nnet-chain-diagnostics.cc:239) Overall log-probability for 'output-xent' is -1.52506 per frame, over 17607 frames.
LOG (nnet3-chain-compute-prob[5.5.1035~1-3dd90]:PrintTotalStats():nnet-chain-diagnostics.cc:239) Overall log-probability for 'output' is -0.110454 per frame, over 17607 frames.
LOG (nnet3-chain-compute-prob[5.5.1035~1-3dd90]:~CachingOptimizingCompiler():nnet-optimize.cc:710) 0.219 seconds taken in nnet3 compilation total (breakdown: 0.142 compilation, 0.0102 optimization, 0.0528 shortcut expansion, 0.00187 checking, 0.000149 computing indexes, 0.0124 misc.) + 0 I/O.
# Accounting: time=38 threads=1
# Ended (code 0) at Tue Jul 19 18:10:21 EDT 2022, elapsed time 38 seconds
