Iteration	ValueMean	ValueStddev	DerivMean	DerivStddev	OderivMean	OderivStddev	Value_5th	Value_50th	Value_95th	Deriv_5th	Deriv_50th	Deriv_95th	Oderiv_5th	Oderiv_50th	Oderiv_95th
1	0.652	0.539	0.494	0.261	0.000941	0.000804	0.11	0.51	1.7	0.13	0.49	0.9	0.0005	0.0007	0.002
2	0.66	0.533	0.492	0.259	0.0025	0.00236	0.12	0.53	1.7	0.14	0.49	0.9	0.001	0.002	0.005
3	0.67	0.525	0.491	0.253	0.0037	0.00394	0.13	0.55	1.7	0.14	0.49	0.9	0.002	0.003	0.007
4	0.67	0.518	0.49	0.249	0.00457	0.00527	0.14	0.55	1.7	0.14	0.49	0.89	0.002	0.004	0.009
5	0.665	0.511	0.49	0.248	0.0053	0.0066	0.14	0.55	1.7	0.15	0.49	0.89	0.003	0.004	0.01
6	0.657	0.504	0.49	0.248	0.00581	0.00764	0.14	0.54	1.7	0.15	0.49	0.89	0.003	0.004	0.01
7	0.649	0.499	0.49	0.248	0.00624	0.00849	0.14	0.54	1.6	0.15	0.49	0.89	0.003	0.005	0.01
8	0.641	0.493	0.49	0.249	0.00659	0.00918	0.14	0.53	1.6	0.15	0.49	0.89	0.003	0.005	0.01
9	0.632	0.488	0.49	0.25	0.0069	0.00973	0.14	0.52	1.6	0.14	0.49	0.89	0.004	0.005	0.01
10	0.623	0.483	0.49	0.25	0.00724	0.0103	0.13	0.52	1.6	0.14	0.49	0.89	0.004	0.005	0.01
11	0.615	0.479	0.49	0.251	0.00748	0.0106	0.13	0.51	1.6	0.14	0.49	0.9	0.004	0.006	0.01
12	0.607	0.475	0.49	0.252	0.00775	0.0109	0.12	0.5	1.5	0.14	0.48	0.9	0.004	0.006	0.01
13	0.6	0.471	0.49	0.253	0.00799	0.0111	0.12	0.49	1.5	0.14	0.48	0.9	0.004	0.006	0.01
14	0.593	0.467	0.49	0.253	0.00824	0.0114	0.12	0.48	1.5	0.14	0.48	0.9	0.004	0.006	0.01
15	0.587	0.463	0.49	0.254	0.00844	0.0115	0.12	0.48	1.5	0.14	0.48	0.9	0.004	0.006	0.02
16	0.582	0.46	0.49	0.254	0.0086	0.0115	0.12	0.47	1.5	0.14	0.48	0.9	0.004	0.007	0.02
17	0.579	0.456	0.491	0.253	0.00864	0.0114	0.12	0.47	1.5	0.14	0.48	0.9	0.004	0.007	0.02
18	0.575	0.453	0.491	0.253	0.00875	0.0113	0.11	0.47	1.5	0.14	0.49	0.9	0.005	0.007	0.02
19	0.571	0.45	0.491	0.253	0.00877	0.0112	0.11	0.47	1.4	0.14	0.49	0.9	0.005	0.007	0.02
20	0.569	0.447	0.491	0.252	0.00877	0.0109	0.11	0.46	1.4	0.15	0.49	0.9	0.005	0.007	0.02
21	0.566	0.444	0.491	0.251	0.0088	0.0108	0.11	0.46	1.4	0.15	0.49	0.89	0.005	0.007	0.02
22	0.565	0.441	0.491	0.25	0.00879	0.0105	0.11	0.46	1.4	0.15	0.49	0.89	0.005	0.007	0.02
23	0.564	0.439	0.491	0.249	0.00878	0.0103	0.12	0.46	1.4	0.15	0.49	0.89	0.005	0.007	0.02
24	0.563	0.437	0.492	0.248	0.00882	0.0102	0.12	0.46	1.4	0.15	0.49	0.89	0.005	0.007	0.02
25	0.563	0.434	0.492	0.247	0.00878	0.00985	0.12	0.46	1.4	0.15	0.49	0.89	0.005	0.007	0.02
26	0.563	0.432	0.492	0.246	0.00874	0.0096	0.12	0.46	1.4	0.15	0.49	0.88	0.005	0.007	0.02
27	0.564	0.429	0.492	0.244	0.00874	0.00945	0.12	0.46	1.4	0.15	0.49	0.88	0.005	0.007	0.02
28	0.565	0.427	0.492	0.243	0.00877	0.00934	0.12	0.46	1.4	0.16	0.49	0.88	0.005	0.007	0.02
29	0.565	0.425	0.492	0.242	0.00803	0.00877	0.12	0.46	1.4	0.16	0.49	0.88	0.004	0.006	0.01
30	0.563	0.423	0.491	0.242	0.00764	0.00843	0.12	0.46	1.4	0.16	0.49	0.88	0.004	0.006	0.01
31	0.56	0.422	0.491	0.242	0.00733	0.0082	0.12	0.46	1.4	0.16	0.49	0.88	0.004	0.006	0.01
32	0.557	0.42	0.491	0.243	0.00712	0.00804	0.12	0.46	1.4	0.16	0.49	0.88	0.004	0.006	0.01
33	0.554	0.419	0.491	0.243	0.00693	0.00788	0.12	0.45	1.4	0.16	0.49	0.88	0.004	0.006	0.01
34	0.551	0.417	0.491	0.243	0.00683	0.00779	0.12	0.45	1.4	0.16	0.49	0.88	0.004	0.005	0.01
35	0.548	0.416	0.491	0.244	0.00669	0.00762	0.12	0.45	1.4	0.16	0.49	0.88	0.004	0.005	0.01
36	0.544	0.415	0.491	0.245	0.00658	0.00753	0.12	0.44	1.4	0.15	0.49	0.88	0.004	0.005	0.01
37	0.541	0.413	0.491	0.245	0.00651	0.00745	0.12	0.44	1.4	0.16	0.49	0.88	0.004	0.005	0.01
38	0.538	0.412	0.491	0.246	0.00644	0.00737	0.11	0.44	1.4	0.16	0.49	0.88	0.003	0.005	0.01
39	0.535	0.411	0.49	0.247	0.00641	0.00735	0.11	0.43	1.3	0.16	0.49	0.88	0.003	0.005	0.01
40	0.532	0.41	0.49	0.247	0.00639	0.00731	0.11	0.43	1.3	0.15	0.49	0.89	0.003	0.005	0.01
41	0.529	0.409	0.49	0.248	0.00635	0.00728	0.11	0.43	1.3	0.15	0.49	0.89	0.003	0.005	0.01
42	0.527	0.408	0.49	0.248	0.00634	0.00724	0.11	0.43	1.3	0.15	0.49	0.89	0.003	0.005	0.01
43	0.524	0.408	0.49	0.249	0.00633	0.00721	0.11	0.42	1.3	0.15	0.49	0.89	0.003	0.005	0.01
44	0.521	0.407	0.49	0.25	0.0063	0.00717	0.11	0.42	1.3	0.15	0.49	0.89	0.003	0.005	0.01
45	0.519	0.406	0.49	0.25	0.00633	0.00719	0.1	0.42	1.3	0.15	0.49	0.89	0.003	0.005	0.01
46	0.517	0.405	0.49	0.251	0.00631	0.00715	0.1	0.42	1.3	0.15	0.49	0.89	0.003	0.005	0.01
47	0.514	0.404	0.49	0.251	0.00634	0.00713	0.1	0.41	1.3	0.15	0.49	0.89	0.003	0.005	0.01
48	0.512	0.404	0.49	0.252	0.00641	0.00718	0.1	0.41	1.3	0.15	0.49	0.89	0.003	0.005	0.01
49	0.51	0.403	0.49	0.252	0.00638	0.00715	0.1	0.41	1.3	0.15	0.49	0.89	0.003	0.005	0.01
50	0.508	0.402	0.49	0.253	0.00649	0.00728	0.1	0.41	1.3	0.15	0.49	0.9	0.003	0.005	0.01
51	0.506	0.402	0.49	0.253	0.00655	0.0073	0.1	0.4	1.3	0.15	0.49	0.9	0.003	0.005	0.01
52	0.504	0.401	0.49	0.254	0.00657	0.00731	0.1	0.4	1.3	0.15	0.49	0.9	0.003	0.005	0.01
53	0.502	0.401	0.49	0.254	0.00664	0.0074	0.1	0.4	1.3	0.15	0.49	0.9	0.003	0.005	0.01